<?xml version="1.0" encoding="UTF-8"?>
<testsuite xmlns:xsi="http://www.w3.org/2001/XMLSchema-instance" xsi:noNamespaceSchemaLocation="https://maven.apache.org/surefire/maven-surefire-plugin/xsd/surefire-test-report-3.0.xsd" version="3.0" name="com.example.ordermanagement.controller.OrderControllerTest" time="7.294" tests="8" errors="3" skipped="0" failures="5">
  <properties>
    <property name="java.specification.version" value="17"/>
    <property name="sun.cpu.isalist" value="amd64"/>
    <property name="sun.jnu.encoding" value="Cp1252"/>
    <property name="java.class.path" value="C:\order-management-system\target\test-classes;C:\order-management-system\target\classes;C:\Users\sripu\.m2\repository\org\springframework\boot\spring-boot-starter-web\3.2.3\spring-boot-starter-web-3.2.3.jar;C:\Users\sripu\.m2\repository\org\springframework\boot\spring-boot-starter\3.2.3\spring-boot-starter-3.2.3.jar;C:\Users\sripu\.m2\repository\org\springframework\boot\spring-boot\3.2.3\spring-boot-3.2.3.jar;C:\Users\sripu\.m2\repository\org\springframework\boot\spring-boot-autoconfigure\3.2.3\spring-boot-autoconfigure-3.2.3.jar;C:\Users\sripu\.m2\repository\org\springframework\boot\spring-boot-starter-logging\3.2.3\spring-boot-starter-logging-3.2.3.jar;C:\Users\sripu\.m2\repository\ch\qos\logback\logback-classic\1.4.14\logback-classic-1.4.14.jar;C:\Users\sripu\.m2\repository\ch\qos\logback\logback-core\1.4.14\logback-core-1.4.14.jar;C:\Users\sripu\.m2\repository\org\apache\logging\log4j\log4j-to-slf4j\2.21.1\log4j-to-slf4j-2.21.1.jar;C:\Users\sripu\.m2\repository\org\apache\logging\log4j\log4j-api\2.21.1\log4j-api-2.21.1.jar;C:\Users\sripu\.m2\repository\org\slf4j\jul-to-slf4j\2.0.12\jul-to-slf4j-2.0.12.jar;C:\Users\sripu\.m2\repository\jakarta\annotation\jakarta.annotation-api\2.1.1\jakarta.annotation-api-2.1.1.jar;C:\Users\sripu\.m2\repository\org\yaml\snakeyaml\2.2\snakeyaml-2.2.jar;C:\Users\sripu\.m2\repository\org\springframework\boot\spring-boot-starter-json\3.2.3\spring-boot-starter-json-3.2.3.jar;C:\Users\sripu\.m2\repository\com\fasterxml\jackson\core\jackson-databind\2.15.4\jackson-databind-2.15.4.jar;C:\Users\sripu\.m2\repository\com\fasterxml\jackson\core\jackson-annotations\2.15.4\jackson-annotations-2.15.4.jar;C:\Users\sripu\.m2\repository\com\fasterxml\jackson\core\jackson-core\2.15.4\jackson-core-2.15.4.jar;C:\Users\sripu\.m2\repository\com\fasterxml\jackson\datatype\jackson-datatype-jdk8\2.15.4\jackson-datatype-jdk8-2.15.4.jar;C:\Users\sripu\.m2\repository\com\fasterxml\jackson\datatype\jackson-datatype-jsr310\2.15.4\jackson-datatype-jsr310-2.15.4.jar;C:\Users\sripu\.m2\repository\com\fasterxml\jackson\module\jackson-module-parameter-names\2.15.4\jackson-module-parameter-names-2.15.4.jar;C:\Users\sripu\.m2\repository\org\springframework\boot\spring-boot-starter-tomcat\3.2.3\spring-boot-starter-tomcat-3.2.3.jar;C:\Users\sripu\.m2\repository\org\apache\tomcat\embed\tomcat-embed-core\10.1.19\tomcat-embed-core-10.1.19.jar;C:\Users\sripu\.m2\repository\org\apache\tomcat\embed\tomcat-embed-websocket\10.1.19\tomcat-embed-websocket-10.1.19.jar;C:\Users\sripu\.m2\repository\org\springframework\spring-web\6.1.4\spring-web-6.1.4.jar;C:\Users\sripu\.m2\repository\org\springframework\spring-beans\6.1.4\spring-beans-6.1.4.jar;C:\Users\sripu\.m2\repository\io\micrometer\micrometer-observation\1.12.3\micrometer-observation-1.12.3.jar;C:\Users\sripu\.m2\repository\io\micrometer\micrometer-commons\1.12.3\micrometer-commons-1.12.3.jar;C:\Users\sripu\.m2\repository\org\springframework\spring-webmvc\6.1.4\spring-webmvc-6.1.4.jar;C:\Users\sripu\.m2\repository\org\springframework\spring-aop\6.1.4\spring-aop-6.1.4.jar;C:\Users\sripu\.m2\repository\org\springframework\spring-context\6.1.4\spring-context-6.1.4.jar;C:\Users\sripu\.m2\repository\org\springframework\spring-expression\6.1.4\spring-expression-6.1.4.jar;C:\Users\sripu\.m2\repository\org\springframework\boot\spring-boot-starter-data-jpa\3.2.3\spring-boot-starter-data-jpa-3.2.3.jar;C:\Users\sripu\.m2\repository\org\springframework\boot\spring-boot-starter-aop\3.2.3\spring-boot-starter-aop-3.2.3.jar;C:\Users\sripu\.m2\repository\org\aspectj\aspectjweaver\1.9.21\aspectjweaver-1.9.21.jar;C:\Users\sripu\.m2\repository\org\springframework\boot\spring-boot-starter-jdbc\3.2.3\spring-boot-starter-jdbc-3.2.3.jar;C:\Users\sripu\.m2\repository\com\zaxxer\HikariCP\5.0.1\HikariCP-5.0.1.jar;C:\Users\sripu\.m2\repository\org\springframework\spring-jdbc\6.1.4\spring-jdbc-6.1.4.jar;C:\Users\sripu\.m2\repository\org\hibernate\orm\hibernate-core\6.4.4.Final\hibernate-core-6.4.4.Final.jar;C:\Users\sripu\.m2\repository\jakarta\persistence\jakarta.persistence-api\3.1.0\jakarta.persistence-api-3.1.0.jar;C:\Users\sripu\.m2\repository\jakarta\transaction\jakarta.transaction-api\2.0.1\jakarta.transaction-api-2.0.1.jar;C:\Users\sripu\.m2\repository\org\jboss\logging\jboss-logging\3.5.3.Final\jboss-logging-3.5.3.Final.jar;C:\Users\sripu\.m2\repository\org\hibernate\common\hibernate-commons-annotations\6.0.6.Final\hibernate-commons-annotations-6.0.6.Final.jar;C:\Users\sripu\.m2\repository\io\smallrye\jandex\3.1.2\jandex-3.1.2.jar;C:\Users\sripu\.m2\repository\com\fasterxml\classmate\1.6.0\classmate-1.6.0.jar;C:\Users\sripu\.m2\repository\net\bytebuddy\byte-buddy\1.14.12\byte-buddy-1.14.12.jar;C:\Users\sripu\.m2\repository\org\glassfish\jaxb\jaxb-runtime\4.0.4\jaxb-runtime-4.0.4.jar;C:\Users\sripu\.m2\repository\org\glassfish\jaxb\jaxb-core\4.0.4\jaxb-core-4.0.4.jar;C:\Users\sripu\.m2\repository\org\eclipse\angus\angus-activation\2.0.1\angus-activation-2.0.1.jar;C:\Users\sripu\.m2\repository\org\glassfish\jaxb\txw2\4.0.4\txw2-4.0.4.jar;C:\Users\sripu\.m2\repository\com\sun\istack\istack-commons-runtime\4.1.2\istack-commons-runtime-4.1.2.jar;C:\Users\sripu\.m2\repository\jakarta\inject\jakarta.inject-api\2.0.1\jakarta.inject-api-2.0.1.jar;C:\Users\sripu\.m2\repository\org\antlr\antlr4-runtime\4.13.0\antlr4-runtime-4.13.0.jar;C:\Users\sripu\.m2\repository\org\springframework\data\spring-data-jpa\3.2.3\spring-data-jpa-3.2.3.jar;C:\Users\sripu\.m2\repository\org\springframework\data\spring-data-commons\3.2.3\spring-data-commons-3.2.3.jar;C:\Users\sripu\.m2\repository\org\springframework\spring-orm\6.1.4\spring-orm-6.1.4.jar;C:\Users\sripu\.m2\repository\org\springframework\spring-tx\6.1.4\spring-tx-6.1.4.jar;C:\Users\sripu\.m2\repository\org\slf4j\slf4j-api\2.0.12\slf4j-api-2.0.12.jar;C:\Users\sripu\.m2\repository\org\springframework\spring-aspects\6.1.4\spring-aspects-6.1.4.jar;C:\Users\sripu\.m2\repository\org\springframework\boot\spring-boot-starter-validation\3.2.3\spring-boot-starter-validation-3.2.3.jar;C:\Users\sripu\.m2\repository\org\apache\tomcat\embed\tomcat-embed-el\10.1.19\tomcat-embed-el-10.1.19.jar;C:\Users\sripu\.m2\repository\org\hibernate\validator\hibernate-validator\8.0.1.Final\hibernate-validator-8.0.1.Final.jar;C:\Users\sripu\.m2\repository\jakarta\validation\jakarta.validation-api\3.0.2\jakarta.validation-api-3.0.2.jar;C:\Users\sripu\.m2\repository\com\h2database\h2\2.2.224\h2-2.2.224.jar;C:\Users\sripu\.m2\repository\org\projectlombok\lombok\1.18.30\lombok-1.18.30.jar;C:\Users\sripu\.m2\repository\org\springframework\boot\spring-boot-starter-test\3.2.3\spring-boot-starter-test-3.2.3.jar;C:\Users\sripu\.m2\repository\org\springframework\boot\spring-boot-test\3.2.3\spring-boot-test-3.2.3.jar;C:\Users\sripu\.m2\repository\org\springframework\boot\spring-boot-test-autoconfigure\3.2.3\spring-boot-test-autoconfigure-3.2.3.jar;C:\Users\sripu\.m2\repository\com\jayway\jsonpath\json-path\2.9.0\json-path-2.9.0.jar;C:\Users\sripu\.m2\repository\jakarta\xml\bind\jakarta.xml.bind-api\4.0.1\jakarta.xml.bind-api-4.0.1.jar;C:\Users\sripu\.m2\repository\jakarta\activation\jakarta.activation-api\2.1.2\jakarta.activation-api-2.1.2.jar;C:\Users\sripu\.m2\repository\net\minidev\json-smart\2.5.0\json-smart-2.5.0.jar;C:\Users\sripu\.m2\repository\net\minidev\accessors-smart\2.5.0\accessors-smart-2.5.0.jar;C:\Users\sripu\.m2\repository\org\ow2\asm\asm\9.3\asm-9.3.jar;C:\Users\sripu\.m2\repository\org\assertj\assertj-core\3.24.2\assertj-core-3.24.2.jar;C:\Users\sripu\.m2\repository\org\awaitility\awaitility\4.2.0\awaitility-4.2.0.jar;C:\Users\sripu\.m2\repository\org\hamcrest\hamcrest\2.2\hamcrest-2.2.jar;C:\Users\sripu\.m2\repository\org\junit\jupiter\junit-jupiter\5.10.2\junit-jupiter-5.10.2.jar;C:\Users\sripu\.m2\repository\org\junit\jupiter\junit-jupiter-api\5.10.2\junit-jupiter-api-5.10.2.jar;C:\Users\sripu\.m2\repository\org\opentest4j\opentest4j\1.3.0\opentest4j-1.3.0.jar;C:\Users\sripu\.m2\repository\org\junit\platform\junit-platform-commons\1.10.2\junit-platform-commons-1.10.2.jar;C:\Users\sripu\.m2\repository\org\apiguardian\apiguardian-api\1.1.2\apiguardian-api-1.1.2.jar;C:\Users\sripu\.m2\repository\org\junit\jupiter\junit-jupiter-params\5.10.2\junit-jupiter-params-5.10.2.jar;C:\Users\sripu\.m2\repository\org\junit\jupiter\junit-jupiter-engine\5.10.2\junit-jupiter-engine-5.10.2.jar;C:\Users\sripu\.m2\repository\org\junit\platform\junit-platform-engine\1.10.2\junit-platform-engine-1.10.2.jar;C:\Users\sripu\.m2\repository\org\mockito\mockito-core\5.7.0\mockito-core-5.7.0.jar;C:\Users\sripu\.m2\repository\net\bytebuddy\byte-buddy-agent\1.14.12\byte-buddy-agent-1.14.12.jar;C:\Users\sripu\.m2\repository\org\objenesis\objenesis\3.3\objenesis-3.3.jar;C:\Users\sripu\.m2\repository\org\mockito\mockito-junit-jupiter\5.7.0\mockito-junit-jupiter-5.7.0.jar;C:\Users\sripu\.m2\repository\org\skyscreamer\jsonassert\1.5.1\jsonassert-1.5.1.jar;C:\Users\sripu\.m2\repository\com\vaadin\external\google\android-json\0.0.20131108.vaadin1\android-json-0.0.20131108.vaadin1.jar;C:\Users\sripu\.m2\repository\org\springframework\spring-core\6.1.4\spring-core-6.1.4.jar;C:\Users\sripu\.m2\repository\org\springframework\spring-jcl\6.1.4\spring-jcl-6.1.4.jar;C:\Users\sripu\.m2\repository\org\springframework\spring-test\6.1.4\spring-test-6.1.4.jar;C:\Users\sripu\.m2\repository\org\xmlunit\xmlunit-core\2.9.1\xmlunit-core-2.9.1.jar;"/>
    <property name="java.vm.vendor" value="Azul Systems, Inc."/>
    <property name="sun.arch.data.model" value="64"/>
    <property name="user.variant" value=""/>
    <property name="java.vendor.url" value="http://www.azul.com/"/>
    <property name="user.timezone" value="Asia/Calcutta"/>
    <property name="org.jboss.logging.provider" value="slf4j"/>
    <property name="os.name" value="Windows 11"/>
    <property name="java.vm.specification.version" value="17"/>
    <property name="sun.java.launcher" value="SUN_STANDARD"/>
    <property name="user.country" value="IN"/>
    <property name="sun.boot.library.path" value="C:\Users\sripu\.jdks\azul-17.0.14\bin"/>
    <property name="sun.java.command" value="C:\Users\sripu\AppData\Local\Temp\surefire13429121666521813480\surefirebooter-20250402115125783_3.jar C:\Users\sripu\AppData\Local\Temp\surefire13429121666521813480 2025-04-02T11-51-25_088-jvmRun1 surefire-20250402115125783_1tmp surefire_0-20250402115125783_2tmp"/>
    <property name="jdk.debug" value="release"/>
    <property name="surefire.test.class.path" value="C:\order-management-system\target\test-classes;C:\order-management-system\target\classes;C:\Users\sripu\.m2\repository\org\springframework\boot\spring-boot-starter-web\3.2.3\spring-boot-starter-web-3.2.3.jar;C:\Users\sripu\.m2\repository\org\springframework\boot\spring-boot-starter\3.2.3\spring-boot-starter-3.2.3.jar;C:\Users\sripu\.m2\repository\org\springframework\boot\spring-boot\3.2.3\spring-boot-3.2.3.jar;C:\Users\sripu\.m2\repository\org\springframework\boot\spring-boot-autoconfigure\3.2.3\spring-boot-autoconfigure-3.2.3.jar;C:\Users\sripu\.m2\repository\org\springframework\boot\spring-boot-starter-logging\3.2.3\spring-boot-starter-logging-3.2.3.jar;C:\Users\sripu\.m2\repository\ch\qos\logback\logback-classic\1.4.14\logback-classic-1.4.14.jar;C:\Users\sripu\.m2\repository\ch\qos\logback\logback-core\1.4.14\logback-core-1.4.14.jar;C:\Users\sripu\.m2\repository\org\apache\logging\log4j\log4j-to-slf4j\2.21.1\log4j-to-slf4j-2.21.1.jar;C:\Users\sripu\.m2\repository\org\apache\logging\log4j\log4j-api\2.21.1\log4j-api-2.21.1.jar;C:\Users\sripu\.m2\repository\org\slf4j\jul-to-slf4j\2.0.12\jul-to-slf4j-2.0.12.jar;C:\Users\sripu\.m2\repository\jakarta\annotation\jakarta.annotation-api\2.1.1\jakarta.annotation-api-2.1.1.jar;C:\Users\sripu\.m2\repository\org\yaml\snakeyaml\2.2\snakeyaml-2.2.jar;C:\Users\sripu\.m2\repository\org\springframework\boot\spring-boot-starter-json\3.2.3\spring-boot-starter-json-3.2.3.jar;C:\Users\sripu\.m2\repository\com\fasterxml\jackson\core\jackson-databind\2.15.4\jackson-databind-2.15.4.jar;C:\Users\sripu\.m2\repository\com\fasterxml\jackson\core\jackson-annotations\2.15.4\jackson-annotations-2.15.4.jar;C:\Users\sripu\.m2\repository\com\fasterxml\jackson\core\jackson-core\2.15.4\jackson-core-2.15.4.jar;C:\Users\sripu\.m2\repository\com\fasterxml\jackson\datatype\jackson-datatype-jdk8\2.15.4\jackson-datatype-jdk8-2.15.4.jar;C:\Users\sripu\.m2\repository\com\fasterxml\jackson\datatype\jackson-datatype-jsr310\2.15.4\jackson-datatype-jsr310-2.15.4.jar;C:\Users\sripu\.m2\repository\com\fasterxml\jackson\module\jackson-module-parameter-names\2.15.4\jackson-module-parameter-names-2.15.4.jar;C:\Users\sripu\.m2\repository\org\springframework\boot\spring-boot-starter-tomcat\3.2.3\spring-boot-starter-tomcat-3.2.3.jar;C:\Users\sripu\.m2\repository\org\apache\tomcat\embed\tomcat-embed-core\10.1.19\tomcat-embed-core-10.1.19.jar;C:\Users\sripu\.m2\repository\org\apache\tomcat\embed\tomcat-embed-websocket\10.1.19\tomcat-embed-websocket-10.1.19.jar;C:\Users\sripu\.m2\repository\org\springframework\spring-web\6.1.4\spring-web-6.1.4.jar;C:\Users\sripu\.m2\repository\org\springframework\spring-beans\6.1.4\spring-beans-6.1.4.jar;C:\Users\sripu\.m2\repository\io\micrometer\micrometer-observation\1.12.3\micrometer-observation-1.12.3.jar;C:\Users\sripu\.m2\repository\io\micrometer\micrometer-commons\1.12.3\micrometer-commons-1.12.3.jar;C:\Users\sripu\.m2\repository\org\springframework\spring-webmvc\6.1.4\spring-webmvc-6.1.4.jar;C:\Users\sripu\.m2\repository\org\springframework\spring-aop\6.1.4\spring-aop-6.1.4.jar;C:\Users\sripu\.m2\repository\org\springframework\spring-context\6.1.4\spring-context-6.1.4.jar;C:\Users\sripu\.m2\repository\org\springframework\spring-expression\6.1.4\spring-expression-6.1.4.jar;C:\Users\sripu\.m2\repository\org\springframework\boot\spring-boot-starter-data-jpa\3.2.3\spring-boot-starter-data-jpa-3.2.3.jar;C:\Users\sripu\.m2\repository\org\springframework\boot\spring-boot-starter-aop\3.2.3\spring-boot-starter-aop-3.2.3.jar;C:\Users\sripu\.m2\repository\org\aspectj\aspectjweaver\1.9.21\aspectjweaver-1.9.21.jar;C:\Users\sripu\.m2\repository\org\springframework\boot\spring-boot-starter-jdbc\3.2.3\spring-boot-starter-jdbc-3.2.3.jar;C:\Users\sripu\.m2\repository\com\zaxxer\HikariCP\5.0.1\HikariCP-5.0.1.jar;C:\Users\sripu\.m2\repository\org\springframework\spring-jdbc\6.1.4\spring-jdbc-6.1.4.jar;C:\Users\sripu\.m2\repository\org\hibernate\orm\hibernate-core\6.4.4.Final\hibernate-core-6.4.4.Final.jar;C:\Users\sripu\.m2\repository\jakarta\persistence\jakarta.persistence-api\3.1.0\jakarta.persistence-api-3.1.0.jar;C:\Users\sripu\.m2\repository\jakarta\transaction\jakarta.transaction-api\2.0.1\jakarta.transaction-api-2.0.1.jar;C:\Users\sripu\.m2\repository\org\jboss\logging\jboss-logging\3.5.3.Final\jboss-logging-3.5.3.Final.jar;C:\Users\sripu\.m2\repository\org\hibernate\common\hibernate-commons-annotations\6.0.6.Final\hibernate-commons-annotations-6.0.6.Final.jar;C:\Users\sripu\.m2\repository\io\smallrye\jandex\3.1.2\jandex-3.1.2.jar;C:\Users\sripu\.m2\repository\com\fasterxml\classmate\1.6.0\classmate-1.6.0.jar;C:\Users\sripu\.m2\repository\net\bytebuddy\byte-buddy\1.14.12\byte-buddy-1.14.12.jar;C:\Users\sripu\.m2\repository\org\glassfish\jaxb\jaxb-runtime\4.0.4\jaxb-runtime-4.0.4.jar;C:\Users\sripu\.m2\repository\org\glassfish\jaxb\jaxb-core\4.0.4\jaxb-core-4.0.4.jar;C:\Users\sripu\.m2\repository\org\eclipse\angus\angus-activation\2.0.1\angus-activation-2.0.1.jar;C:\Users\sripu\.m2\repository\org\glassfish\jaxb\txw2\4.0.4\txw2-4.0.4.jar;C:\Users\sripu\.m2\repository\com\sun\istack\istack-commons-runtime\4.1.2\istack-commons-runtime-4.1.2.jar;C:\Users\sripu\.m2\repository\jakarta\inject\jakarta.inject-api\2.0.1\jakarta.inject-api-2.0.1.jar;C:\Users\sripu\.m2\repository\org\antlr\antlr4-runtime\4.13.0\antlr4-runtime-4.13.0.jar;C:\Users\sripu\.m2\repository\org\springframework\data\spring-data-jpa\3.2.3\spring-data-jpa-3.2.3.jar;C:\Users\sripu\.m2\repository\org\springframework\data\spring-data-commons\3.2.3\spring-data-commons-3.2.3.jar;C:\Users\sripu\.m2\repository\org\springframework\spring-orm\6.1.4\spring-orm-6.1.4.jar;C:\Users\sripu\.m2\repository\org\springframework\spring-tx\6.1.4\spring-tx-6.1.4.jar;C:\Users\sripu\.m2\repository\org\slf4j\slf4j-api\2.0.12\slf4j-api-2.0.12.jar;C:\Users\sripu\.m2\repository\org\springframework\spring-aspects\6.1.4\spring-aspects-6.1.4.jar;C:\Users\sripu\.m2\repository\org\springframework\boot\spring-boot-starter-validation\3.2.3\spring-boot-starter-validation-3.2.3.jar;C:\Users\sripu\.m2\repository\org\apache\tomcat\embed\tomcat-embed-el\10.1.19\tomcat-embed-el-10.1.19.jar;C:\Users\sripu\.m2\repository\org\hibernate\validator\hibernate-validator\8.0.1.Final\hibernate-validator-8.0.1.Final.jar;C:\Users\sripu\.m2\repository\jakarta\validation\jakarta.validation-api\3.0.2\jakarta.validation-api-3.0.2.jar;C:\Users\sripu\.m2\repository\com\h2database\h2\2.2.224\h2-2.2.224.jar;C:\Users\sripu\.m2\repository\org\projectlombok\lombok\1.18.30\lombok-1.18.30.jar;C:\Users\sripu\.m2\repository\org\springframework\boot\spring-boot-starter-test\3.2.3\spring-boot-starter-test-3.2.3.jar;C:\Users\sripu\.m2\repository\org\springframework\boot\spring-boot-test\3.2.3\spring-boot-test-3.2.3.jar;C:\Users\sripu\.m2\repository\org\springframework\boot\spring-boot-test-autoconfigure\3.2.3\spring-boot-test-autoconfigure-3.2.3.jar;C:\Users\sripu\.m2\repository\com\jayway\jsonpath\json-path\2.9.0\json-path-2.9.0.jar;C:\Users\sripu\.m2\repository\jakarta\xml\bind\jakarta.xml.bind-api\4.0.1\jakarta.xml.bind-api-4.0.1.jar;C:\Users\sripu\.m2\repository\jakarta\activation\jakarta.activation-api\2.1.2\jakarta.activation-api-2.1.2.jar;C:\Users\sripu\.m2\repository\net\minidev\json-smart\2.5.0\json-smart-2.5.0.jar;C:\Users\sripu\.m2\repository\net\minidev\accessors-smart\2.5.0\accessors-smart-2.5.0.jar;C:\Users\sripu\.m2\repository\org\ow2\asm\asm\9.3\asm-9.3.jar;C:\Users\sripu\.m2\repository\org\assertj\assertj-core\3.24.2\assertj-core-3.24.2.jar;C:\Users\sripu\.m2\repository\org\awaitility\awaitility\4.2.0\awaitility-4.2.0.jar;C:\Users\sripu\.m2\repository\org\hamcrest\hamcrest\2.2\hamcrest-2.2.jar;C:\Users\sripu\.m2\repository\org\junit\jupiter\junit-jupiter\5.10.2\junit-jupiter-5.10.2.jar;C:\Users\sripu\.m2\repository\org\junit\jupiter\junit-jupiter-api\5.10.2\junit-jupiter-api-5.10.2.jar;C:\Users\sripu\.m2\repository\org\opentest4j\opentest4j\1.3.0\opentest4j-1.3.0.jar;C:\Users\sripu\.m2\repository\org\junit\platform\junit-platform-commons\1.10.2\junit-platform-commons-1.10.2.jar;C:\Users\sripu\.m2\repository\org\apiguardian\apiguardian-api\1.1.2\apiguardian-api-1.1.2.jar;C:\Users\sripu\.m2\repository\org\junit\jupiter\junit-jupiter-params\5.10.2\junit-jupiter-params-5.10.2.jar;C:\Users\sripu\.m2\repository\org\junit\jupiter\junit-jupiter-engine\5.10.2\junit-jupiter-engine-5.10.2.jar;C:\Users\sripu\.m2\repository\org\junit\platform\junit-platform-engine\1.10.2\junit-platform-engine-1.10.2.jar;C:\Users\sripu\.m2\repository\org\mockito\mockito-core\5.7.0\mockito-core-5.7.0.jar;C:\Users\sripu\.m2\repository\net\bytebuddy\byte-buddy-agent\1.14.12\byte-buddy-agent-1.14.12.jar;C:\Users\sripu\.m2\repository\org\objenesis\objenesis\3.3\objenesis-3.3.jar;C:\Users\sripu\.m2\repository\org\mockito\mockito-junit-jupiter\5.7.0\mockito-junit-jupiter-5.7.0.jar;C:\Users\sripu\.m2\repository\org\skyscreamer\jsonassert\1.5.1\jsonassert-1.5.1.jar;C:\Users\sripu\.m2\repository\com\vaadin\external\google\android-json\0.0.20131108.vaadin1\android-json-0.0.20131108.vaadin1.jar;C:\Users\sripu\.m2\repository\org\springframework\spring-core\6.1.4\spring-core-6.1.4.jar;C:\Users\sripu\.m2\repository\org\springframework\spring-jcl\6.1.4\spring-jcl-6.1.4.jar;C:\Users\sripu\.m2\repository\org\springframework\spring-test\6.1.4\spring-test-6.1.4.jar;C:\Users\sripu\.m2\repository\org\xmlunit\xmlunit-core\2.9.1\xmlunit-core-2.9.1.jar;"/>
    <property name="sun.cpu.endian" value="little"/>
    <property name="user.home" value="C:\Users\sripu"/>
    <property name="user.language" value="en"/>
    <property name="java.specification.vendor" value="Oracle Corporation"/>
    <property name="java.version.date" value="2025-01-21"/>
    <property name="java.home" value="C:\Users\sripu\.jdks\azul-17.0.14"/>
    <property name="file.separator" value="\"/>
    <property name="basedir" value="C:\order-management-system"/>
    <property name="java.vm.compressedOopsMode" value="Zero based"/>
    <property name="line.separator" value="&#10;"/>
    <property name="java.vm.specification.vendor" value="Oracle Corporation"/>
    <property name="java.specification.name" value="Java Platform API Specification"/>
    <property name="FILE_LOG_CHARSET" value="windows-1252"/>
    <property name="java.awt.headless" value="true"/>
    <property name="surefire.real.class.path" value="C:\Users\sripu\AppData\Local\Temp\surefire13429121666521813480\surefirebooter-20250402115125783_3.jar"/>
    <property name="user.script" value=""/>
    <property name="sun.management.compiler" value="HotSpot 64-Bit Tiered Compilers"/>
    <property name="java.security.manager" value="allow"/>
    <property name="java.runtime.version" value="17.0.14+7-LTS"/>
    <property name="user.name" value="sripu"/>
    <property name="path.separator" value=";"/>
    <property name="os.version" value="10.0"/>
    <property name="java.runtime.name" value="OpenJDK Runtime Environment"/>
    <property name="file.encoding" value="Cp1252"/>
    <property name="java.vm.name" value="OpenJDK 64-Bit Server VM"/>
    <property name="java.vendor.version" value="Zulu17.56+15-CA"/>
    <property name="localRepository" value="C:\Users\sripu\.m2\repository"/>
    <property name="java.vendor.url.bug" value="http://www.azul.com/support/"/>
    <property name="java.io.tmpdir" value="C:\Users\sripu\AppData\Local\Temp\"/>
    <property name="idea.version" value="2024.3.1.1"/>
    <property name="java.version" value="17.0.14"/>
    <property name="user.dir" value="C:\order-management-system"/>
    <property name="os.arch" value="amd64"/>
    <property name="java.vm.specification.name" value="Java Virtual Machine Specification"/>
    <property name="PID" value="57852"/>
    <property name="sun.os.patch.level" value=""/>
    <property name="CONSOLE_LOG_CHARSET" value="windows-1252"/>
    <property name="native.encoding" value="Cp1252"/>
    <property name="java.library.path" value="C:\Users\sripu\.jdks\azul-17.0.14\bin;C:\WINDOWS\Sun\Java\bin;C:\WINDOWS\system32;C:\WINDOWS;C:\WINDOWS\system32;C:\WINDOWS;C:\WINDOWS\System32\Wbem;C:\WINDOWS\System32\WindowsPowerShell\v1.0\;C:\WINDOWS\System32\OpenSSH\;C:\Program Files\dotnet\;c:\jdk-23.0.1\bin;C:\WINDOWS\system32;C:\WINDOWS;C:\WINDOWS\System32\Wbem;C:\WINDOWS\System32\WindowsPowerShell\v1.0\;C:\WINDOWS\System32\OpenSSH\;C:\Program Files\dotnet\;C:\Users\sripu\AppData\Local\Microsoft\WindowsApps;C:\Users\sripu\AppData\Local\Programs\Microsoft VS Code\bin;;."/>
    <property name="java.vm.info" value="mixed mode, sharing"/>
    <property name="java.vendor" value="Azul Systems, Inc."/>
    <property name="java.vm.version" value="17.0.14+7-LTS"/>
    <property name="java.specification.maintenance.version" value="1"/>
    <property name="sun.io.unicode.encoding" value="UnicodeLittle"/>
    <property name="java.class.version" value="61.0"/>
  </properties>
  <testcase name="cancelOrder_WhenOrderIsPending_ShouldCancelOrder" classname="com.example.ordermanagement.controller.OrderControllerTest" time="1.008">
    <failure message="No value at JSON path &quot;$.id&quot;" type="java.lang.AssertionError"><![CDATA[java.lang.AssertionError: No value at JSON path "$.id"
	at org.springframework.test.util.JsonPathExpectationsHelper.evaluateJsonPath(JsonPathExpectationsHelper.java:302)
	at org.springframework.test.util.JsonPathExpectationsHelper.assertValue(JsonPathExpectationsHelper.java:99)
	at org.springframework.test.web.servlet.result.JsonPathResultMatchers.lambda$value$2(JsonPathResultMatchers.java:111)
	at org.springframework.test.web.servlet.MockMvc$1.andExpect(MockMvc.java:214)
	at com.example.ordermanagement.controller.OrderControllerTest.cancelOrder_WhenOrderIsPending_ShouldCancelOrder(OrderControllerTest.java:128)
	at java.base/java.lang.reflect.Method.invoke(Method.java:569)
	at java.base/java.util.ArrayList.forEach(ArrayList.java:1511)
	at java.base/java.util.ArrayList.forEach(ArrayList.java:1511)
Caused by: com.jayway.jsonpath.InvalidJsonException: net.minidev.json.parser.ParseException: Malicious payload, having non natural depths, parsing stoped on [ at position 27666.
	at com.jayway.jsonpath.spi.json.JsonSmartJsonProvider.parse(JsonSmartJsonProvider.java:64)
	at com.jayway.jsonpath.JsonPath.read(JsonPath.java:393)
	at com.jayway.jsonpath.JsonPath.read(JsonPath.java:377)
	at org.springframework.test.util.JsonPathExpectationsHelper.evaluateJsonPath(JsonPathExpectationsHelper.java:299)
	... 7 more
Caused by: net.minidev.json.parser.ParseException: Malicious payload, having non natural depths, parsing stoped on [ at position 27666.
	at net.minidev.json.parser.JSONParserBase.readArray(JSONParserBase.java:302)
	at net.minidev.json.parser.JSONParserBase.readMain(JSONParserBase.java:470)
	at net.minidev.json.parser.JSONParserBase.readObject(JSONParserBase.java:614)
	at net.minidev.json.parser.JSONParserBase.readMain(JSONParserBase.java:467)
	at net.minidev.json.parser.JSONParserBase.readObject(JSONParserBase.java:614)
	at net.minidev.json.parser.JSONParserBase.readMain(JSONParserBase.java:467)
	at net.minidev.json.parser.JSONParserBase.readArray(JSONParserBase.java:337)
	at net.minidev.json.parser.JSONParserBase.readMain(JSONParserBase.java:470)
	at net.minidev.json.parser.JSONParserBase.readObject(JSONParserBase.java:614)
	at net.minidev.json.parser.JSONParserBase.readMain(JSONParserBase.java:467)
	at net.minidev.json.parser.JSONParserBase.readObject(JSONParserBase.java:614)
	at net.minidev.json.parser.JSONParserBase.readMain(JSONParserBase.java:467)
	at net.minidev.json.parser.JSONParserBase.readArray(JSONParserBase.java:337)
	at net.minidev.json.parser.JSONParserBase.readMain(JSONParserBase.java:470)
	at net.minidev.json.parser.JSONParserBase.readObject(JSONParserBase.java:614)
	at net.minidev.json.parser.JSONParserBase.readMain(JSONParserBase.java:467)
	at net.minidev.json.parser.JSONParserBase.readObject(JSONParserBase.java:614)
	at net.minidev.json.parser.JSONParserBase.readMain(JSONParserBase.java:467)
	at net.minidev.json.parser.JSONParserBase.readArray(JSONParserBase.java:337)
	at net.minidev.json.parser.JSONParserBase.readMain(JSONParserBase.java:470)
	at net.minidev.json.parser.JSONParserBase.readObject(JSONParserBase.java:614)
	at net.minidev.json.parser.JSONParserBase.readMain(JSONParserBase.java:467)
	at net.minidev.json.parser.JSONParserBase.readObject(JSONParserBase.java:614)
	at net.minidev.json.parser.JSONParserBase.readMain(JSONParserBase.java:467)
	at net.minidev.json.parser.JSONParserBase.readArray(JSONParserBase.java:337)
	at net.minidev.json.parser.JSONParserBase.readMain(JSONParserBase.java:470)
	at net.minidev.json.parser.JSONParserBase.readObject(JSONParserBase.java:614)
	at net.minidev.json.parser.JSONParserBase.readMain(JSONParserBase.java:467)
	at net.minidev.json.parser.JSONParserBase.readObject(JSONParserBase.java:614)
	at net.minidev.json.parser.JSONParserBase.readMain(JSONParserBase.java:467)
	at net.minidev.json.parser.JSONParserBase.readArray(JSONParserBase.java:337)
	at net.minidev.json.parser.JSONParserBase.readMain(JSONParserBase.java:470)
	at net.minidev.json.parser.JSONParserBase.readObject(JSONParserBase.java:614)
	at net.minidev.json.parser.JSONParserBase.readMain(JSONParserBase.java:467)
	at net.minidev.json.parser.JSONParserBase.readObject(JSONParserBase.java:614)
	at net.minidev.json.parser.JSONParserBase.readMain(JSONParserBase.java:467)
	at net.minidev.json.parser.JSONParserBase.readArray(JSONParserBase.java:337)
	at net.minidev.json.parser.JSONParserBase.readMain(JSONParserBase.java:470)
	at net.minidev.json.parser.JSONParserBase.readObject(JSONParserBase.java:614)
	at net.minidev.json.parser.JSONParserBase.readMain(JSONParserBase.java:467)
	at net.minidev.json.parser.JSONParserBase.readObject(JSONParserBase.java:614)
	at net.minidev.json.parser.JSONParserBase.readMain(JSONParserBase.java:467)
	at net.minidev.json.parser.JSONParserBase.readArray(JSONParserBase.java:337)
	at net.minidev.json.parser.JSONParserBase.readMain(JSONParserBase.java:470)
	at net.minidev.json.parser.JSONParserBase.readObject(JSONParserBase.java:614)
	at net.minidev.json.parser.JSONParserBase.readMain(JSONParserBase.java:467)
	at net.minidev.json.parser.JSONParserBase.readObject(JSONParserBase.java:614)
	at net.minidev.json.parser.JSONParserBase.readMain(JSONParserBase.java:467)
	at net.minidev.json.parser.JSONParserBase.readArray(JSONParserBase.java:337)
	at net.minidev.json.parser.JSONParserBase.readMain(JSONParserBase.java:470)
	at net.minidev.json.parser.JSONParserBase.readObject(JSONParserBase.java:614)
	at net.minidev.json.parser.JSONParserBase.readMain(JSONParserBase.java:467)
	at net.minidev.json.parser.JSONParserBase.readObject(JSONParserBase.java:614)
	at net.minidev.json.parser.JSONParserBase.readMain(JSONParserBase.java:467)
	at net.minidev.json.parser.JSONParserBase.readArray(JSONParserBase.java:337)
	at net.minidev.json.parser.JSONParserBase.readMain(JSONParserBase.java:470)
	at net.minidev.json.parser.JSONParserBase.readObject(JSONParserBase.java:614)
	at net.minidev.json.parser.JSONParserBase.readMain(JSONParserBase.java:467)
	at net.minidev.json.parser.JSONParserBase.readObject(JSONParserBase.java:614)
	at net.minidev.json.parser.JSONParserBase.readMain(JSONParserBase.java:467)
	at net.minidev.json.parser.JSONParserBase.readArray(JSONParserBase.java:337)
	at net.minidev.json.parser.JSONParserBase.readMain(JSONParserBase.java:470)
	at net.minidev.json.parser.JSONParserBase.readObject(JSONParserBase.java:614)
	at net.minidev.json.parser.JSONParserBase.readMain(JSONParserBase.java:467)
	at net.minidev.json.parser.JSONParserBase.readObject(JSONParserBase.java:614)
	at net.minidev.json.parser.JSONParserBase.readMain(JSONParserBase.java:467)
	at net.minidev.json.parser.JSONParserBase.readArray(JSONParserBase.java:337)
	at net.minidev.json.parser.JSONParserBase.readMain(JSONParserBase.java:470)
	at net.minidev.json.parser.JSONParserBase.readObject(JSONParserBase.java:614)
	at net.minidev.json.parser.JSONParserBase.readMain(JSONParserBase.java:467)
	at net.minidev.json.parser.JSONParserBase.readObject(JSONParserBase.java:614)
	at net.minidev.json.parser.JSONParserBase.readMain(JSONParserBase.java:467)
	at net.minidev.json.parser.JSONParserBase.readArray(JSONParserBase.java:337)
	at net.minidev.json.parser.JSONParserBase.readMain(JSONParserBase.java:470)
	at net.minidev.json.parser.JSONParserBase.readObject(JSONParserBase.java:614)
	at net.minidev.json.parser.JSONParserBase.readMain(JSONParserBase.java:467)
	at net.minidev.json.parser.JSONParserBase.readObject(JSONParserBase.java:614)
	at net.minidev.json.parser.JSONParserBase.readMain(JSONParserBase.java:467)
	at net.minidev.json.parser.JSONParserBase.readArray(JSONParserBase.java:337)
	at net.minidev.json.parser.JSONParserBase.readMain(JSONParserBase.java:470)
	at net.minidev.json.parser.JSONParserBase.readObject(JSONParserBase.java:614)
	at net.minidev.json.parser.JSONParserBase.readMain(JSONParserBase.java:467)
	at net.minidev.json.parser.JSONParserBase.readObject(JSONParserBase.java:614)
	at net.minidev.json.parser.JSONParserBase.readMain(JSONParserBase.java:467)
	at net.minidev.json.parser.JSONParserBase.readArray(JSONParserBase.java:337)
	at net.minidev.json.parser.JSONParserBase.readMain(JSONParserBase.java:470)
	at net.minidev.json.parser.JSONParserBase.readObject(JSONParserBase.java:614)
	at net.minidev.json.parser.JSONParserBase.readMain(JSONParserBase.java:467)
	at net.minidev.json.parser.JSONParserBase.readObject(JSONParserBase.java:614)
	at net.minidev.json.parser.JSONParserBase.readMain(JSONParserBase.java:467)
	at net.minidev.json.parser.JSONParserBase.readArray(JSONParserBase.java:337)
	at net.minidev.json.parser.JSONParserBase.readMain(JSONParserBase.java:470)
	at net.minidev.json.parser.JSONParserBase.readObject(JSONParserBase.java:614)
	at net.minidev.json.parser.JSONParserBase.readMain(JSONParserBase.java:467)
	at net.minidev.json.parser.JSONParserBase.readObject(JSONParserBase.java:614)
	at net.minidev.json.parser.JSONParserBase.readMain(JSONParserBase.java:467)
	at net.minidev.json.parser.JSONParserBase.readArray(JSONParserBase.java:337)
	at net.minidev.json.parser.JSONParserBase.readMain(JSONParserBase.java:470)
	at net.minidev.json.parser.JSONParserBase.readObject(JSONParserBase.java:614)
	at net.minidev.json.parser.JSONParserBase.readMain(JSONParserBase.java:467)
	at net.minidev.json.parser.JSONParserBase.readObject(JSONParserBase.java:614)
	at net.minidev.json.parser.JSONParserBase.readMain(JSONParserBase.java:467)
	at net.minidev.json.parser.JSONParserBase.readArray(JSONParserBase.java:337)
	at net.minidev.json.parser.JSONParserBase.readMain(JSONParserBase.java:470)
	at net.minidev.json.parser.JSONParserBase.readObject(JSONParserBase.java:614)
	at net.minidev.json.parser.JSONParserBase.readMain(JSONParserBase.java:467)
	at net.minidev.json.parser.JSONParserBase.readObject(JSONParserBase.java:614)
	at net.minidev.json.parser.JSONParserBase.readMain(JSONParserBase.java:467)
	at net.minidev.json.parser.JSONParserBase.readArray(JSONParserBase.java:337)
	at net.minidev.json.parser.JSONParserBase.readMain(JSONParserBase.java:470)
	at net.minidev.json.parser.JSONParserBase.readObject(JSONParserBase.java:614)
	at net.minidev.json.parser.JSONParserBase.readMain(JSONParserBase.java:467)
	at net.minidev.json.parser.JSONParserBase.readObject(JSONParserBase.java:614)
	at net.minidev.json.parser.JSONParserBase.readMain(JSONParserBase.java:467)
	at net.minidev.json.parser.JSONParserBase.readArray(JSONParserBase.java:337)
	at net.minidev.json.parser.JSONParserBase.readMain(JSONParserBase.java:470)
	at net.minidev.json.parser.JSONParserBase.readObject(JSONParserBase.java:614)
	at net.minidev.json.parser.JSONParserBase.readMain(JSONParserBase.java:467)
	at net.minidev.json.parser.JSONParserBase.readObject(JSONParserBase.java:614)
	at net.minidev.json.parser.JSONParserBase.readMain(JSONParserBase.java:467)
	at net.minidev.json.parser.JSONParserBase.readArray(JSONParserBase.java:337)
	at net.minidev.json.parser.JSONParserBase.readMain(JSONParserBase.java:470)
	at net.minidev.json.parser.JSONParserBase.readObject(JSONParserBase.java:614)
	at net.minidev.json.parser.JSONParserBase.readMain(JSONParserBase.java:467)
	at net.minidev.json.parser.JSONParserBase.readObject(JSONParserBase.java:614)
	at net.minidev.json.parser.JSONParserBase.readMain(JSONParserBase.java:467)
	at net.minidev.json.parser.JSONParserBase.readArray(JSONParserBase.java:337)
	at net.minidev.json.parser.JSONParserBase.readMain(JSONParserBase.java:470)
	at net.minidev.json.parser.JSONParserBase.readObject(JSONParserBase.java:614)
	at net.minidev.json.parser.JSONParserBase.readMain(JSONParserBase.java:467)
	at net.minidev.json.parser.JSONParserBase.readObject(JSONParserBase.java:614)
	at net.minidev.json.parser.JSONParserBase.readMain(JSONParserBase.java:467)
	at net.minidev.json.parser.JSONParserBase.readArray(JSONParserBase.java:337)
	at net.minidev.json.parser.JSONParserBase.readMain(JSONParserBase.java:470)
	at net.minidev.json.parser.JSONParserBase.readObject(JSONParserBase.java:614)
	at net.minidev.json.parser.JSONParserBase.readMain(JSONParserBase.java:467)
	at net.minidev.json.parser.JSONParserBase.readObject(JSONParserBase.java:614)
	at net.minidev.json.parser.JSONParserBase.readMain(JSONParserBase.java:467)
	at net.minidev.json.parser.JSONParserBase.readArray(JSONParserBase.java:337)
	at net.minidev.json.parser.JSONParserBase.readMain(JSONParserBase.java:470)
	at net.minidev.json.parser.JSONParserBase.readObject(JSONParserBase.java:614)
	at net.minidev.json.parser.JSONParserBase.readMain(JSONParserBase.java:467)
	at net.minidev.json.parser.JSONParserBase.readObject(JSONParserBase.java:614)
	at net.minidev.json.parser.JSONParserBase.readMain(JSONParserBase.java:467)
	at net.minidev.json.parser.JSONParserBase.readArray(JSONParserBase.java:337)
	at net.minidev.json.parser.JSONParserBase.readMain(JSONParserBase.java:470)
	at net.minidev.json.parser.JSONParserBase.readObject(JSONParserBase.java:614)
	at net.minidev.json.parser.JSONParserBase.readMain(JSONParserBase.java:467)
	at net.minidev.json.parser.JSONParserBase.readObject(JSONParserBase.java:614)
	at net.minidev.json.parser.JSONParserBase.readMain(JSONParserBase.java:467)
	at net.minidev.json.parser.JSONParserBase.readArray(JSONParserBase.java:337)
	at net.minidev.json.parser.JSONParserBase.readMain(JSONParserBase.java:470)
	at net.minidev.json.parser.JSONParserBase.readObject(JSONParserBase.java:614)
	at net.minidev.json.parser.JSONParserBase.readMain(JSONParserBase.java:467)
	at net.minidev.json.parser.JSONParserBase.readObject(JSONParserBase.java:614)
	at net.minidev.json.parser.JSONParserBase.readMain(JSONParserBase.java:467)
	at net.minidev.json.parser.JSONParserBase.readArray(JSONParserBase.java:337)
	at net.minidev.json.parser.JSONParserBase.readMain(JSONParserBase.java:470)
	at net.minidev.json.parser.JSONParserBase.readObject(JSONParserBase.java:614)
	at net.minidev.json.parser.JSONParserBase.readMain(JSONParserBase.java:467)
	at net.minidev.json.parser.JSONParserBase.readObject(JSONParserBase.java:614)
	at net.minidev.json.parser.JSONParserBase.readMain(JSONParserBase.java:467)
	at net.minidev.json.parser.JSONParserBase.readArray(JSONParserBase.java:337)
	at net.minidev.json.parser.JSONParserBase.readMain(JSONParserBase.java:470)
	at net.minidev.json.parser.JSONParserBase.readObject(JSONParserBase.java:614)
	at net.minidev.json.parser.JSONParserBase.readMain(JSONParserBase.java:467)
	at net.minidev.json.parser.JSONParserBase.readObject(JSONParserBase.java:614)
	at net.minidev.json.parser.JSONParserBase.readMain(JSONParserBase.java:467)
	at net.minidev.json.parser.JSONParserBase.readArray(JSONParserBase.java:337)
	at net.minidev.json.parser.JSONParserBase.readMain(JSONParserBase.java:470)
	at net.minidev.json.parser.JSONParserBase.readObject(JSONParserBase.java:614)
	at net.minidev.json.parser.JSONParserBase.readMain(JSONParserBase.java:467)
	at net.minidev.json.parser.JSONParserBase.readObject(JSONParserBase.java:614)
	at net.minidev.json.parser.JSONParserBase.readMain(JSONParserBase.java:467)
	at net.minidev.json.parser.JSONParserBase.readArray(JSONParserBase.java:337)
	at net.minidev.json.parser.JSONParserBase.readMain(JSONParserBase.java:470)
	at net.minidev.json.parser.JSONParserBase.readObject(JSONParserBase.java:614)
	at net.minidev.json.parser.JSONParserBase.readMain(JSONParserBase.java:467)
	at net.minidev.json.parser.JSONParserBase.readObject(JSONParserBase.java:614)
	at net.minidev.json.parser.JSONParserBase.readMain(JSONParserBase.java:467)
	at net.minidev.json.parser.JSONParserBase.readArray(JSONParserBase.java:337)
	at net.minidev.json.parser.JSONParserBase.readMain(JSONParserBase.java:470)
	at net.minidev.json.parser.JSONParserBase.readObject(JSONParserBase.java:614)
	at net.minidev.json.parser.JSONParserBase.readMain(JSONParserBase.java:467)
	at net.minidev.json.parser.JSONParserBase.readObject(JSONParserBase.java:614)
	at net.minidev.json.parser.JSONParserBase.readMain(JSONParserBase.java:467)
	at net.minidev.json.parser.JSONParserBase.readArray(JSONParserBase.java:337)
	at net.minidev.json.parser.JSONParserBase.readMain(JSONParserBase.java:470)
	at net.minidev.json.parser.JSONParserBase.readObject(JSONParserBase.java:614)
	at net.minidev.json.parser.JSONParserBase.readMain(JSONParserBase.java:467)
	at net.minidev.json.parser.JSONParserBase.readObject(JSONParserBase.java:614)
	at net.minidev.json.parser.JSONParserBase.readMain(JSONParserBase.java:467)
	at net.minidev.json.parser.JSONParserBase.readArray(JSONParserBase.java:337)
	at net.minidev.json.parser.JSONParserBase.readMain(JSONParserBase.java:470)
	at net.minidev.json.parser.JSONParserBase.readObject(JSONParserBase.java:614)
	at net.minidev.json.parser.JSONParserBase.readMain(JSONParserBase.java:467)
	at net.minidev.json.parser.JSONParserBase.readObject(JSONParserBase.java:614)
	at net.minidev.json.parser.JSONParserBase.readMain(JSONParserBase.java:467)
	at net.minidev.json.parser.JSONParserBase.readArray(JSONParserBase.java:337)
	at net.minidev.json.parser.JSONParserBase.readMain(JSONParserBase.java:470)
	at net.minidev.json.parser.JSONParserBase.readObject(JSONParserBase.java:614)
	at net.minidev.json.parser.JSONParserBase.readMain(JSONParserBase.java:467)
	at net.minidev.json.parser.JSONParserBase.readObject(JSONParserBase.java:614)
	at net.minidev.json.parser.JSONParserBase.readMain(JSONParserBase.java:467)
	at net.minidev.json.parser.JSONParserBase.readArray(JSONParserBase.java:337)
	at net.minidev.json.parser.JSONParserBase.readMain(JSONParserBase.java:470)
	at net.minidev.json.parser.JSONParserBase.readObject(JSONParserBase.java:614)
	at net.minidev.json.parser.JSONParserBase.readMain(JSONParserBase.java:467)
	at net.minidev.json.parser.JSONParserBase.readObject(JSONParserBase.java:614)
	at net.minidev.json.parser.JSONParserBase.readMain(JSONParserBase.java:467)
	at net.minidev.json.parser.JSONParserBase.readArray(JSONParserBase.java:337)
	at net.minidev.json.parser.JSONParserBase.readMain(JSONParserBase.java:470)
	at net.minidev.json.parser.JSONParserBase.readObject(JSONParserBase.java:614)
	at net.minidev.json.parser.JSONParserBase.readMain(JSONParserBase.java:467)
	at net.minidev.json.parser.JSONParserBase.readObject(JSONParserBase.java:614)
	at net.minidev.json.parser.JSONParserBase.readMain(JSONParserBase.java:467)
	at net.minidev.json.parser.JSONParserBase.readArray(JSONParserBase.java:337)
	at net.minidev.json.parser.JSONParserBase.readMain(JSONParserBase.java:470)
	at net.minidev.json.parser.JSONParserBase.readObject(JSONParserBase.java:614)
	at net.minidev.json.parser.JSONParserBase.readMain(JSONParserBase.java:467)
	at net.minidev.json.parser.JSONParserBase.readObject(JSONParserBase.java:614)
	at net.minidev.json.parser.JSONParserBase.readMain(JSONParserBase.java:467)
	at net.minidev.json.parser.JSONParserBase.readArray(JSONParserBase.java:337)
	at net.minidev.json.parser.JSONParserBase.readMain(JSONParserBase.java:470)
	at net.minidev.json.parser.JSONParserBase.readObject(JSONParserBase.java:614)
	at net.minidev.json.parser.JSONParserBase.readMain(JSONParserBase.java:467)
	at net.minidev.json.parser.JSONParserBase.readObject(JSONParserBase.java:614)
	at net.minidev.json.parser.JSONParserBase.readMain(JSONParserBase.java:467)
	at net.minidev.json.parser.JSONParserBase.readArray(JSONParserBase.java:337)
	at net.minidev.json.parser.JSONParserBase.readMain(JSONParserBase.java:470)
	at net.minidev.json.parser.JSONParserBase.readObject(JSONParserBase.java:614)
	at net.minidev.json.parser.JSONParserBase.readMain(JSONParserBase.java:467)
	at net.minidev.json.parser.JSONParserBase.readObject(JSONParserBase.java:614)
	at net.minidev.json.parser.JSONParserBase.readMain(JSONParserBase.java:467)
	at net.minidev.json.parser.JSONParserBase.readArray(JSONParserBase.java:337)
	at net.minidev.json.parser.JSONParserBase.readMain(JSONParserBase.java:470)
	at net.minidev.json.parser.JSONParserBase.readObject(JSONParserBase.java:614)
	at net.minidev.json.parser.JSONParserBase.readMain(JSONParserBase.java:467)
	at net.minidev.json.parser.JSONParserBase.readObject(JSONParserBase.java:614)
	at net.minidev.json.parser.JSONParserBase.readMain(JSONParserBase.java:467)
	at net.minidev.json.parser.JSONParserBase.readArray(JSONParserBase.java:337)
	at net.minidev.json.parser.JSONParserBase.readMain(JSONParserBase.java:470)
	at net.minidev.json.parser.JSONParserBase.readObject(JSONParserBase.java:614)
	at net.minidev.json.parser.JSONParserBase.readMain(JSONParserBase.java:467)
	at net.minidev.json.parser.JSONParserBase.readObject(JSONParserBase.java:614)
	at net.minidev.json.parser.JSONParserBase.readMain(JSONParserBase.java:467)
	at net.minidev.json.parser.JSONParserBase.readArray(JSONParserBase.java:337)
	at net.minidev.json.parser.JSONParserBase.readMain(JSONParserBase.java:470)
	at net.minidev.json.parser.JSONParserBase.readObject(JSONParserBase.java:614)
	at net.minidev.json.parser.JSONParserBase.readMain(JSONParserBase.java:467)
	at net.minidev.json.parser.JSONParserBase.readObject(JSONParserBase.java:614)
	at net.minidev.json.parser.JSONParserBase.readMain(JSONParserBase.java:467)
	at net.minidev.json.parser.JSONParserBase.readArray(JSONParserBase.java:337)
	at net.minidev.json.parser.JSONParserBase.readMain(JSONParserBase.java:470)
	at net.minidev.json.parser.JSONParserBase.readObject(JSONParserBase.java:614)
	at net.minidev.json.parser.JSONParserBase.readMain(JSONParserBase.java:467)
	at net.minidev.json.parser.JSONParserBase.readObject(JSONParserBase.java:614)
	at net.minidev.json.parser.JSONParserBase.readMain(JSONParserBase.java:467)
	at net.minidev.json.parser.JSONParserBase.readArray(JSONParserBase.java:337)
	at net.minidev.json.parser.JSONParserBase.readMain(JSONParserBase.java:470)
	at net.minidev.json.parser.JSONParserBase.readObject(JSONParserBase.java:614)
	at net.minidev.json.parser.JSONParserBase.readMain(JSONParserBase.java:467)
	at net.minidev.json.parser.JSONParserBase.readObject(JSONParserBase.java:614)
	at net.minidev.json.parser.JSONParserBase.readMain(JSONParserBase.java:467)
	at net.minidev.json.parser.JSONParserBase.readArray(JSONParserBase.java:337)
	at net.minidev.json.parser.JSONParserBase.readMain(JSONParserBase.java:470)
	at net.minidev.json.parser.JSONParserBase.readObject(JSONParserBase.java:614)
	at net.minidev.json.parser.JSONParserBase.readMain(JSONParserBase.java:467)
	at net.minidev.json.parser.JSONParserBase.readObject(JSONParserBase.java:614)
	at net.minidev.json.parser.JSONParserBase.readMain(JSONParserBase.java:467)
	at net.minidev.json.parser.JSONParserBase.readArray(JSONParserBase.java:337)
	at net.minidev.json.parser.JSONParserBase.readMain(JSONParserBase.java:470)
	at net.minidev.json.parser.JSONParserBase.readObject(JSONParserBase.java:614)
	at net.minidev.json.parser.JSONParserBase.readMain(JSONParserBase.java:467)
	at net.minidev.json.parser.JSONParserBase.readObject(JSONParserBase.java:614)
	at net.minidev.json.parser.JSONParserBase.readMain(JSONParserBase.java:467)
	at net.minidev.json.parser.JSONParserBase.readArray(JSONParserBase.java:337)
	at net.minidev.json.parser.JSONParserBase.readMain(JSONParserBase.java:470)
	at net.minidev.json.parser.JSONParserBase.readObject(JSONParserBase.java:614)
	at net.minidev.json.parser.JSONParserBase.readMain(JSONParserBase.java:467)
	at net.minidev.json.parser.JSONParserBase.readObject(JSONParserBase.java:614)
	at net.minidev.json.parser.JSONParserBase.readMain(JSONParserBase.java:467)
	at net.minidev.json.parser.JSONParserBase.readArray(JSONParserBase.java:337)
	at net.minidev.json.parser.JSONParserBase.readMain(JSONParserBase.java:470)
	at net.minidev.json.parser.JSONParserBase.readObject(JSONParserBase.java:614)
	at net.minidev.json.parser.JSONParserBase.readMain(JSONParserBase.java:467)
	at net.minidev.json.parser.JSONParserBase.readObject(JSONParserBase.java:614)
	at net.minidev.json.parser.JSONParserBase.readMain(JSONParserBase.java:467)
	at net.minidev.json.parser.JSONParserBase.readArray(JSONParserBase.java:337)
	at net.minidev.json.parser.JSONParserBase.readMain(JSONParserBase.java:470)
	at net.minidev.json.parser.JSONParserBase.readObject(JSONParserBase.java:614)
	at net.minidev.json.parser.JSONParserBase.readMain(JSONParserBase.java:467)
	at net.minidev.json.parser.JSONParserBase.readObject(JSONParserBase.java:614)
	at net.minidev.json.parser.JSONParserBase.readMain(JSONParserBase.java:467)
	at net.minidev.json.parser.JSONParserBase.readArray(JSONParserBase.java:337)
	at net.minidev.json.parser.JSONParserBase.readMain(JSONParserBase.java:470)
	at net.minidev.json.parser.JSONParserBase.readObject(JSONParserBase.java:614)
	at net.minidev.json.parser.JSONParserBase.readMain(JSONParserBase.java:467)
	at net.minidev.json.parser.JSONParserBase.readObject(JSONParserBase.java:614)
	at net.minidev.json.parser.JSONParserBase.readMain(JSONParserBase.java:467)
	at net.minidev.json.parser.JSONParserBase.readArray(JSONParserBase.java:337)
	at net.minidev.json.parser.JSONParserBase.readMain(JSONParserBase.java:470)
	at net.minidev.json.parser.JSONParserBase.readObject(JSONParserBase.java:614)
	at net.minidev.json.parser.JSONParserBase.readMain(JSONParserBase.java:467)
	at net.minidev.json.parser.JSONParserBase.readObject(JSONParserBase.java:614)
	at net.minidev.json.parser.JSONParserBase.readMain(JSONParserBase.java:467)
	at net.minidev.json.parser.JSONParserBase.readArray(JSONParserBase.java:337)
	at net.minidev.json.parser.JSONParserBase.readMain(JSONParserBase.java:470)
	at net.minidev.json.parser.JSONParserBase.readObject(JSONParserBase.java:614)
	at net.minidev.json.parser.JSONParserBase.readMain(JSONParserBase.java:467)
	at net.minidev.json.parser.JSONParserBase.readObject(JSONParserBase.java:614)
	at net.minidev.json.parser.JSONParserBase.readMain(JSONParserBase.java:467)
	at net.minidev.json.parser.JSONParserBase.readArray(JSONParserBase.java:337)
	at net.minidev.json.parser.JSONParserBase.readMain(JSONParserBase.java:470)
	at net.minidev.json.parser.JSONParserBase.readObject(JSONParserBase.java:614)
	at net.minidev.json.parser.JSONParserBase.readMain(JSONParserBase.java:467)
	at net.minidev.json.parser.JSONParserBase.readObject(JSONParserBase.java:614)
	at net.minidev.json.parser.JSONParserBase.readMain(JSONParserBase.java:467)
	at net.minidev.json.parser.JSONParserBase.readArray(JSONParserBase.java:337)
	at net.minidev.json.parser.JSONParserBase.readMain(JSONParserBase.java:470)
	at net.minidev.json.parser.JSONParserBase.readObject(JSONParserBase.java:614)
	at net.minidev.json.parser.JSONParserBase.readMain(JSONParserBase.java:467)
	at net.minidev.json.parser.JSONParserBase.readObject(JSONParserBase.java:614)
	at net.minidev.json.parser.JSONParserBase.readMain(JSONParserBase.java:467)
	at net.minidev.json.parser.JSONParserBase.readArray(JSONParserBase.java:337)
	at net.minidev.json.parser.JSONParserBase.readMain(JSONParserBase.java:470)
	at net.minidev.json.parser.JSONParserBase.readObject(JSONParserBase.java:614)
	at net.minidev.json.parser.JSONParserBase.readMain(JSONParserBase.java:467)
	at net.minidev.json.parser.JSONParserBase.readObject(JSONParserBase.java:614)
	at net.minidev.json.parser.JSONParserBase.readMain(JSONParserBase.java:467)
	at net.minidev.json.parser.JSONParserBase.readArray(JSONParserBase.java:337)
	at net.minidev.json.parser.JSONParserBase.readMain(JSONParserBase.java:470)
	at net.minidev.json.parser.JSONParserBase.readObject(JSONParserBase.java:614)
	at net.minidev.json.parser.JSONParserBase.readMain(JSONParserBase.java:467)
	at net.minidev.json.parser.JSONParserBase.readObject(JSONParserBase.java:614)
	at net.minidev.json.parser.JSONParserBase.readMain(JSONParserBase.java:467)
	at net.minidev.json.parser.JSONParserBase.readArray(JSONParserBase.java:337)
	at net.minidev.json.parser.JSONParserBase.readMain(JSONParserBase.java:470)
	at net.minidev.json.parser.JSONParserBase.readObject(JSONParserBase.java:614)
	at net.minidev.json.parser.JSONParserBase.readMain(JSONParserBase.java:467)
	at net.minidev.json.parser.JSONParserBase.readObject(JSONParserBase.java:614)
	at net.minidev.json.parser.JSONParserBase.readMain(JSONParserBase.java:467)
	at net.minidev.json.parser.JSONParserBase.readArray(JSONParserBase.java:337)
	at net.minidev.json.parser.JSONParserBase.readMain(JSONParserBase.java:470)
	at net.minidev.json.parser.JSONParserBase.readObject(JSONParserBase.java:614)
	at net.minidev.json.parser.JSONParserBase.readMain(JSONParserBase.java:467)
	at net.minidev.json.parser.JSONParserBase.readObject(JSONParserBase.java:614)
	at net.minidev.json.parser.JSONParserBase.readMain(JSONParserBase.java:467)
	at net.minidev.json.parser.JSONParserBase.readArray(JSONParserBase.java:337)
	at net.minidev.json.parser.JSONParserBase.readMain(JSONParserBase.java:470)
	at net.minidev.json.parser.JSONParserBase.readObject(JSONParserBase.java:614)
	at net.minidev.json.parser.JSONParserBase.readMain(JSONParserBase.java:467)
	at net.minidev.json.parser.JSONParserBase.readObject(JSONParserBase.java:614)
	at net.minidev.json.parser.JSONParserBase.readMain(JSONParserBase.java:467)
	at net.minidev.json.parser.JSONParserBase.readArray(JSONParserBase.java:337)
	at net.minidev.json.parser.JSONParserBase.readMain(JSONParserBase.java:470)
	at net.minidev.json.parser.JSONParserBase.readObject(JSONParserBase.java:614)
	at net.minidev.json.parser.JSONParserBase.readMain(JSONParserBase.java:467)
	at net.minidev.json.parser.JSONParserBase.readObject(JSONParserBase.java:614)
	at net.minidev.json.parser.JSONParserBase.readMain(JSONParserBase.java:467)
	at net.minidev.json.parser.JSONParserBase.readArray(JSONParserBase.java:337)
	at net.minidev.json.parser.JSONParserBase.readMain(JSONParserBase.java:470)
	at net.minidev.json.parser.JSONParserBase.readObject(JSONParserBase.java:614)
	at net.minidev.json.parser.JSONParserBase.readMain(JSONParserBase.java:467)
	at net.minidev.json.parser.JSONParserBase.readObject(JSONParserBase.java:614)
	at net.minidev.json.parser.JSONParserBase.readMain(JSONParserBase.java:467)
	at net.minidev.json.parser.JSONParserBase.readArray(JSONParserBase.java:337)
	at net.minidev.json.parser.JSONParserBase.readMain(JSONParserBase.java:470)
	at net.minidev.json.parser.JSONParserBase.readObject(JSONParserBase.java:614)
	at net.minidev.json.parser.JSONParserBase.readMain(JSONParserBase.java:467)
	at net.minidev.json.parser.JSONParserBase.readObject(JSONParserBase.java:614)
	at net.minidev.json.parser.JSONParserBase.readMain(JSONParserBase.java:467)
	at net.minidev.json.parser.JSONParserBase.readArray(JSONParserBase.java:337)
	at net.minidev.json.parser.JSONParserBase.readMain(JSONParserBase.java:470)
	at net.minidev.json.parser.JSONParserBase.readObject(JSONParserBase.java:614)
	at net.minidev.json.parser.JSONParserBase.readMain(JSONParserBase.java:467)
	at net.minidev.json.parser.JSONParserBase.readObject(JSONParserBase.java:614)
	at net.minidev.json.parser.JSONParserBase.readMain(JSONParserBase.java:467)
	at net.minidev.json.parser.JSONParserBase.readArray(JSONParserBase.java:337)
	at net.minidev.json.parser.JSONParserBase.readMain(JSONParserBase.java:470)
	at net.minidev.json.parser.JSONParserBase.readObject(JSONParserBase.java:614)
	at net.minidev.json.parser.JSONParserBase.readMain(JSONParserBase.java:467)
	at net.minidev.json.parser.JSONParserBase.readObject(JSONParserBase.java:614)
	at net.minidev.json.parser.JSONParserBase.readMain(JSONParserBase.java:467)
	at net.minidev.json.parser.JSONParserBase.readArray(JSONParserBase.java:337)
	at net.minidev.json.parser.JSONParserBase.readMain(JSONParserBase.java:470)
	at net.minidev.json.parser.JSONParserBase.readObject(JSONParserBase.java:614)
	at net.minidev.json.parser.JSONParserBase.readMain(JSONParserBase.java:467)
	at net.minidev.json.parser.JSONParserBase.readObject(JSONParserBase.java:614)
	at net.minidev.json.parser.JSONParserBase.readMain(JSONParserBase.java:467)
	at net.minidev.json.parser.JSONParserBase.readArray(JSONParserBase.java:337)
	at net.minidev.json.parser.JSONParserBase.readMain(JSONParserBase.java:470)
	at net.minidev.json.parser.JSONParserBase.readObject(JSONParserBase.java:614)
	at net.minidev.json.parser.JSONParserBase.readMain(JSONParserBase.java:467)
	at net.minidev.json.parser.JSONParserBase.readObject(JSONParserBase.java:614)
	at net.minidev.json.parser.JSONParserBase.readMain(JSONParserBase.java:467)
	at net.minidev.json.parser.JSONParserBase.readArray(JSONParserBase.java:337)
	at net.minidev.json.parser.JSONParserBase.readMain(JSONParserBase.java:470)
	at net.minidev.json.parser.JSONParserBase.readObject(JSONParserBase.java:614)
	at net.minidev.json.parser.JSONParserBase.readMain(JSONParserBase.java:467)
	at net.minidev.json.parser.JSONParserBase.readObject(JSONParserBase.java:614)
	at net.minidev.json.parser.JSONParserBase.readMain(JSONParserBase.java:467)
	at net.minidev.json.parser.JSONParserBase.readArray(JSONParserBase.java:337)
	at net.minidev.json.parser.JSONParserBase.readMain(JSONParserBase.java:470)
	at net.minidev.json.parser.JSONParserBase.readObject(JSONParserBase.java:614)
	at net.minidev.json.parser.JSONParserBase.readMain(JSONParserBase.java:467)
	at net.minidev.json.parser.JSONParserBase.readObject(JSONParserBase.java:614)
	at net.minidev.json.parser.JSONParserBase.readMain(JSONParserBase.java:467)
	at net.minidev.json.parser.JSONParserBase.readArray(JSONParserBase.java:337)
	at net.minidev.json.parser.JSONParserBase.readMain(JSONParserBase.java:470)
	at net.minidev.json.parser.JSONParserBase.readObject(JSONParserBase.java:614)
	at net.minidev.json.parser.JSONParserBase.readMain(JSONParserBase.java:467)
	at net.minidev.json.parser.JSONParserBase.readObject(JSONParserBase.java:614)
	at net.minidev.json.parser.JSONParserBase.readMain(JSONParserBase.java:467)
	at net.minidev.json.parser.JSONParserBase.readArray(JSONParserBase.java:337)
	at net.minidev.json.parser.JSONParserBase.readMain(JSONParserBase.java:470)
	at net.minidev.json.parser.JSONParserBase.readObject(JSONParserBase.java:614)
	at net.minidev.json.parser.JSONParserBase.readMain(JSONParserBase.java:467)
	at net.minidev.json.parser.JSONParserBase.readObject(JSONParserBase.java:614)
	at net.minidev.json.parser.JSONParserBase.readMain(JSONParserBase.java:467)
	at net.minidev.json.parser.JSONParserBase.readArray(JSONParserBase.java:337)
	at net.minidev.json.parser.JSONParserBase.readMain(JSONParserBase.java:470)
	at net.minidev.json.parser.JSONParserBase.readObject(JSONParserBase.java:614)
	at net.minidev.json.parser.JSONParserBase.readMain(JSONParserBase.java:467)
	at net.minidev.json.parser.JSONParserBase.readObject(JSONParserBase.java:614)
	at net.minidev.json.parser.JSONParserBase.readMain(JSONParserBase.java:467)
	at net.minidev.json.parser.JSONParserBase.readArray(JSONParserBase.java:337)
	at net.minidev.json.parser.JSONParserBase.readMain(JSONParserBase.java:470)
	at net.minidev.json.parser.JSONParserBase.readObject(JSONParserBase.java:614)
	at net.minidev.json.parser.JSONParserBase.readMain(JSONParserBase.java:467)
	at net.minidev.json.parser.JSONParserBase.readObject(JSONParserBase.java:614)
	at net.minidev.json.parser.JSONParserBase.readMain(JSONParserBase.java:467)
	at net.minidev.json.parser.JSONParserBase.readArray(JSONParserBase.java:337)
	at net.minidev.json.parser.JSONParserBase.readMain(JSONParserBase.java:470)
	at net.minidev.json.parser.JSONParserBase.readObject(JSONParserBase.java:614)
	at net.minidev.json.parser.JSONParserBase.readMain(JSONParserBase.java:467)
	at net.minidev.json.parser.JSONParserBase.readObject(JSONParserBase.java:614)
	at net.minidev.json.parser.JSONParserBase.readMain(JSONParserBase.java:467)
	at net.minidev.json.parser.JSONParserBase.readArray(JSONParserBase.java:337)
	at net.minidev.json.parser.JSONParserBase.readMain(JSONParserBase.java:470)
	at net.minidev.json.parser.JSONParserBase.readObject(JSONParserBase.java:614)
	at net.minidev.json.parser.JSONParserBase.readMain(JSONParserBase.java:467)
	at net.minidev.json.parser.JSONParserBase.readObject(JSONParserBase.java:614)
	at net.minidev.json.parser.JSONParserBase.readMain(JSONParserBase.java:467)
	at net.minidev.json.parser.JSONParserBase.readArray(JSONParserBase.java:337)
	at net.minidev.json.parser.JSONParserBase.readMain(JSONParserBase.java:470)
	at net.minidev.json.parser.JSONParserBase.readObject(JSONParserBase.java:614)
	at net.minidev.json.parser.JSONParserBase.readMain(JSONParserBase.java:467)
	at net.minidev.json.parser.JSONParserBase.readObject(JSONParserBase.java:614)
	at net.minidev.json.parser.JSONParserBase.readMain(JSONParserBase.java:467)
	at net.minidev.json.parser.JSONParserBase.readArray(JSONParserBase.java:337)
	at net.minidev.json.parser.JSONParserBase.readMain(JSONParserBase.java:470)
	at net.minidev.json.parser.JSONParserBase.readObject(JSONParserBase.java:614)
	at net.minidev.json.parser.JSONParserBase.readMain(JSONParserBase.java:467)
	at net.minidev.json.parser.JSONParserBase.readObject(JSONParserBase.java:614)
	at net.minidev.json.parser.JSONParserBase.readMain(JSONParserBase.java:467)
	at net.minidev.json.parser.JSONParserBase.readArray(JSONParserBase.java:337)
	at net.minidev.json.parser.JSONParserBase.readMain(JSONParserBase.java:470)
	at net.minidev.json.parser.JSONParserBase.readObject(JSONParserBase.java:614)
	at net.minidev.json.parser.JSONParserBase.readMain(JSONParserBase.java:467)
	at net.minidev.json.parser.JSONParserBase.readObject(JSONParserBase.java:614)
	at net.minidev.json.parser.JSONParserBase.readMain(JSONParserBase.java:467)
	at net.minidev.json.parser.JSONParserBase.readArray(JSONParserBase.java:337)
	at net.minidev.json.parser.JSONParserBase.readMain(JSONParserBase.java:470)
	at net.minidev.json.parser.JSONParserBase.readObject(JSONParserBase.java:614)
	at net.minidev.json.parser.JSONParserBase.readMain(JSONParserBase.java:467)
	at net.minidev.json.parser.JSONParserBase.readObject(JSONParserBase.java:614)
	at net.minidev.json.parser.JSONParserBase.readMain(JSONParserBase.java:467)
	at net.minidev.json.parser.JSONParserBase.readArray(JSONParserBase.java:337)
	at net.minidev.json.parser.JSONParserBase.readMain(JSONParserBase.java:470)
	at net.minidev.json.parser.JSONParserBase.readObject(JSONParserBase.java:614)
	at net.minidev.json.parser.JSONParserBase.readMain(JSONParserBase.java:467)
	at net.minidev.json.parser.JSONParserBase.readObject(JSONParserBase.java:614)
	at net.minidev.json.parser.JSONParserBase.readMain(JSONParserBase.java:467)
	at net.minidev.json.parser.JSONParserBase.readArray(JSONParserBase.java:337)
	at net.minidev.json.parser.JSONParserBase.readMain(JSONParserBase.java:470)
	at net.minidev.json.parser.JSONParserBase.readObject(JSONParserBase.java:614)
	at net.minidev.json.parser.JSONParserBase.readMain(JSONParserBase.java:467)
	at net.minidev.json.parser.JSONParserBase.readObject(JSONParserBase.java:614)
	at net.minidev.json.parser.JSONParserBase.readMain(JSONParserBase.java:467)
	at net.minidev.json.parser.JSONParserBase.readArray(JSONParserBase.java:337)
	at net.minidev.json.parser.JSONParserBase.readMain(JSONParserBase.java:470)
	at net.minidev.json.parser.JSONParserBase.readObject(JSONParserBase.java:614)
	at net.minidev.json.parser.JSONParserBase.readMain(JSONParserBase.java:467)
	at net.minidev.json.parser.JSONParserBase.readObject(JSONParserBase.java:614)
	at net.minidev.json.parser.JSONParserBase.readMain(JSONParserBase.java:467)
	at net.minidev.json.parser.JSONParserBase.readArray(JSONParserBase.java:337)
	at net.minidev.json.parser.JSONParserBase.readMain(JSONParserBase.java:470)
	at net.minidev.json.parser.JSONParserBase.readObject(JSONParserBase.java:614)
	at net.minidev.json.parser.JSONParserBase.readMain(JSONParserBase.java:467)
	at net.minidev.json.parser.JSONParserBase.readObject(JSONParserBase.java:614)
	at net.minidev.json.parser.JSONParserBase.readMain(JSONParserBase.java:467)
	at net.minidev.json.parser.JSONParserBase.readArray(JSONParserBase.java:337)
	at net.minidev.json.parser.JSONParserBase.readMain(JSONParserBase.java:470)
	at net.minidev.json.parser.JSONParserBase.readObject(JSONParserBase.java:614)
	at net.minidev.json.parser.JSONParserBase.readMain(JSONParserBase.java:467)
	at net.minidev.json.parser.JSONParserBase.readObject(JSONParserBase.java:614)
	at net.minidev.json.parser.JSONParserBase.readMain(JSONParserBase.java:467)
	at net.minidev.json.parser.JSONParserBase.readArray(JSONParserBase.java:337)
	at net.minidev.json.parser.JSONParserBase.readMain(JSONParserBase.java:470)
	at net.minidev.json.parser.JSONParserBase.readObject(JSONParserBase.java:614)
	at net.minidev.json.parser.JSONParserBase.readMain(JSONParserBase.java:467)
	at net.minidev.json.parser.JSONParserBase.readObject(JSONParserBase.java:614)
	at net.minidev.json.parser.JSONParserBase.readMain(JSONParserBase.java:467)
	at net.minidev.json.parser.JSONParserBase.readArray(JSONParserBase.java:337)
	at net.minidev.json.parser.JSONParserBase.readMain(JSONParserBase.java:470)
	at net.minidev.json.parser.JSONParserBase.readObject(JSONParserBase.java:614)
	at net.minidev.json.parser.JSONParserBase.readMain(JSONParserBase.java:467)
	at net.minidev.json.parser.JSONParserBase.readObject(JSONParserBase.java:614)
	at net.minidev.json.parser.JSONParserBase.readMain(JSONParserBase.java:467)
	at net.minidev.json.parser.JSONParserBase.readArray(JSONParserBase.java:337)
	at net.minidev.json.parser.JSONParserBase.readMain(JSONParserBase.java:470)
	at net.minidev.json.parser.JSONParserBase.readObject(JSONParserBase.java:614)
	at net.minidev.json.parser.JSONParserBase.readMain(JSONParserBase.java:467)
	at net.minidev.json.parser.JSONParserBase.readObject(JSONParserBase.java:614)
	at net.minidev.json.parser.JSONParserBase.readMain(JSONParserBase.java:467)
	at net.minidev.json.parser.JSONParserBase.readArray(JSONParserBase.java:337)
	at net.minidev.json.parser.JSONParserBase.readMain(JSONParserBase.java:470)
	at net.minidev.json.parser.JSONParserBase.readObject(JSONParserBase.java:614)
	at net.minidev.json.parser.JSONParserBase.readMain(JSONParserBase.java:467)
	at net.minidev.json.parser.JSONParserBase.readObject(JSONParserBase.java:614)
	at net.minidev.json.parser.JSONParserBase.readMain(JSONParserBase.java:467)
	at net.minidev.json.parser.JSONParserBase.readArray(JSONParserBase.java:337)
	at net.minidev.json.parser.JSONParserBase.readMain(JSONParserBase.java:470)
	at net.minidev.json.parser.JSONParserBase.readObject(JSONParserBase.java:614)
	at net.minidev.json.parser.JSONParserBase.readMain(JSONParserBase.java:467)
	at net.minidev.json.parser.JSONParserBase.readObject(JSONParserBase.java:614)
	at net.minidev.json.parser.JSONParserBase.readMain(JSONParserBase.java:467)
	at net.minidev.json.parser.JSONParserBase.readArray(JSONParserBase.java:337)
	at net.minidev.json.parser.JSONParserBase.readMain(JSONParserBase.java:470)
	at net.minidev.json.parser.JSONParserBase.readObject(JSONParserBase.java:614)
	at net.minidev.json.parser.JSONParserBase.readMain(JSONParserBase.java:467)
	at net.minidev.json.parser.JSONParserBase.readObject(JSONParserBase.java:614)
	at net.minidev.json.parser.JSONParserBase.readMain(JSONParserBase.java:467)
	at net.minidev.json.parser.JSONParserBase.readArray(JSONParserBase.java:337)
	at net.minidev.json.parser.JSONParserBase.readMain(JSONParserBase.java:470)
	at net.minidev.json.parser.JSONParserBase.readObject(JSONParserBase.java:614)
	at net.minidev.json.parser.JSONParserBase.readMain(JSONParserBase.java:467)
	at net.minidev.json.parser.JSONParserBase.readObject(JSONParserBase.java:614)
	at net.minidev.json.parser.JSONParserBase.readMain(JSONParserBase.java:467)
	at net.minidev.json.parser.JSONParserBase.readArray(JSONParserBase.java:337)
	at net.minidev.json.parser.JSONParserBase.readMain(JSONParserBase.java:470)
	at net.minidev.json.parser.JSONParserBase.readObject(JSONParserBase.java:614)
	at net.minidev.json.parser.JSONParserBase.readMain(JSONParserBase.java:467)
	at net.minidev.json.parser.JSONParserBase.readObject(JSONParserBase.java:614)
	at net.minidev.json.parser.JSONParserBase.readMain(JSONParserBase.java:467)
	at net.minidev.json.parser.JSONParserBase.readArray(JSONParserBase.java:337)
	at net.minidev.json.parser.JSONParserBase.readMain(JSONParserBase.java:470)
	at net.minidev.json.parser.JSONParserBase.readObject(JSONParserBase.java:614)
	at net.minidev.json.parser.JSONParserBase.readMain(JSONParserBase.java:467)
	at net.minidev.json.parser.JSONParserBase.readObject(JSONParserBase.java:614)
	at net.minidev.json.parser.JSONParserBase.readMain(JSONParserBase.java:467)
	at net.minidev.json.parser.JSONParserBase.readArray(JSONParserBase.java:337)
	at net.minidev.json.parser.JSONParserBase.readMain(JSONParserBase.java:470)
	at net.minidev.json.parser.JSONParserBase.readObject(JSONParserBase.java:614)
	at net.minidev.json.parser.JSONParserBase.readMain(JSONParserBase.java:467)
	at net.minidev.json.parser.JSONParserBase.readObject(JSONParserBase.java:614)
	at net.minidev.json.parser.JSONParserBase.readMain(JSONParserBase.java:467)
	at net.minidev.json.parser.JSONParserBase.readArray(JSONParserBase.java:337)
	at net.minidev.json.parser.JSONParserBase.readMain(JSONParserBase.java:470)
	at net.minidev.json.parser.JSONParserBase.readObject(JSONParserBase.java:614)
	at net.minidev.json.parser.JSONParserBase.readMain(JSONParserBase.java:467)
	at net.minidev.json.parser.JSONParserBase.readObject(JSONParserBase.java:614)
	at net.minidev.json.parser.JSONParserBase.readMain(JSONParserBase.java:467)
	at net.minidev.json.parser.JSONParserBase.readArray(JSONParserBase.java:337)
	at net.minidev.json.parser.JSONParserBase.readMain(JSONParserBase.java:470)
	at net.minidev.json.parser.JSONParserBase.readObject(JSONParserBase.java:614)
	at net.minidev.json.parser.JSONParserBase.readMain(JSONParserBase.java:467)
	at net.minidev.json.parser.JSONParserBase.readObject(JSONParserBase.java:614)
	at net.minidev.json.parser.JSONParserBase.readMain(JSONParserBase.java:467)
	at net.minidev.json.parser.JSONParserBase.readArray(JSONParserBase.java:337)
	at net.minidev.json.parser.JSONParserBase.readMain(JSONParserBase.java:470)
	at net.minidev.json.parser.JSONParserBase.readObject(JSONParserBase.java:614)
	at net.minidev.json.parser.JSONParserBase.readMain(JSONParserBase.java:467)
	at net.minidev.json.parser.JSONParserBase.readObject(JSONParserBase.java:614)
	at net.minidev.json.parser.JSONParserBase.readMain(JSONParserBase.java:467)
	at net.minidev.json.parser.JSONParserBase.readArray(JSONParserBase.java:337)
	at net.minidev.json.parser.JSONParserBase.readMain(JSONParserBase.java:470)
	at net.minidev.json.parser.JSONParserBase.readObject(JSONParserBase.java:614)
	at net.minidev.json.parser.JSONParserBase.readMain(JSONParserBase.java:467)
	at net.minidev.json.parser.JSONParserBase.readObject(JSONParserBase.java:614)
	at net.minidev.json.parser.JSONParserBase.readMain(JSONParserBase.java:467)
	at net.minidev.json.parser.JSONParserBase.readArray(JSONParserBase.java:337)
	at net.minidev.json.parser.JSONParserBase.readMain(JSONParserBase.java:470)
	at net.minidev.json.parser.JSONParserBase.readObject(JSONParserBase.java:614)
	at net.minidev.json.parser.JSONParserBase.readMain(JSONParserBase.java:467)
	at net.minidev.json.parser.JSONParserBase.readObject(JSONParserBase.java:614)
	at net.minidev.json.parser.JSONParserBase.readMain(JSONParserBase.java:467)
	at net.minidev.json.parser.JSONParserBase.readArray(JSONParserBase.java:337)
	at net.minidev.json.parser.JSONParserBase.readMain(JSONParserBase.java:470)
	at net.minidev.json.parser.JSONParserBase.readObject(JSONParserBase.java:614)
	at net.minidev.json.parser.JSONParserBase.readMain(JSONParserBase.java:467)
	at net.minidev.json.parser.JSONParserBase.readObject(JSONParserBase.java:614)
	at net.minidev.json.parser.JSONParserBase.readMain(JSONParserBase.java:467)
	at net.minidev.json.parser.JSONParserBase.readArray(JSONParserBase.java:337)
	at net.minidev.json.parser.JSONParserBase.readMain(JSONParserBase.java:470)
	at net.minidev.json.parser.JSONParserBase.readObject(JSONParserBase.java:614)
	at net.minidev.json.parser.JSONParserBase.readMain(JSONParserBase.java:467)
	at net.minidev.json.parser.JSONParserBase.readObject(JSONParserBase.java:614)
	at net.minidev.json.parser.JSONParserBase.readMain(JSONParserBase.java:467)
	at net.minidev.json.parser.JSONParserBase.readArray(JSONParserBase.java:337)
	at net.minidev.json.parser.JSONParserBase.readMain(JSONParserBase.java:470)
	at net.minidev.json.parser.JSONParserBase.readObject(JSONParserBase.java:614)
	at net.minidev.json.parser.JSONParserBase.readMain(JSONParserBase.java:467)
	at net.minidev.json.parser.JSONParserBase.readObject(JSONParserBase.java:614)
	at net.minidev.json.parser.JSONParserBase.readMain(JSONParserBase.java:467)
	at net.minidev.json.parser.JSONParserBase.readArray(JSONParserBase.java:337)
	at net.minidev.json.parser.JSONParserBase.readMain(JSONParserBase.java:470)
	at net.minidev.json.parser.JSONParserBase.readObject(JSONParserBase.java:614)
	at net.minidev.json.parser.JSONParserBase.readMain(JSONParserBase.java:467)
	at net.minidev.json.parser.JSONParserBase.readObject(JSONParserBase.java:614)
	at net.minidev.json.parser.JSONParserBase.readMain(JSONParserBase.java:467)
	at net.minidev.json.parser.JSONParserBase.readArray(JSONParserBase.java:337)
	at net.minidev.json.parser.JSONParserBase.readMain(JSONParserBase.java:470)
	at net.minidev.json.parser.JSONParserBase.readObject(JSONParserBase.java:614)
	at net.minidev.json.parser.JSONParserBase.readMain(JSONParserBase.java:467)
	at net.minidev.json.parser.JSONParserBase.readObject(JSONParserBase.java:614)
	at net.minidev.json.parser.JSONParserBase.readMain(JSONParserBase.java:467)
	at net.minidev.json.parser.JSONParserBase.readArray(JSONParserBase.java:337)
	at net.minidev.json.parser.JSONParserBase.readMain(JSONParserBase.java:470)
	at net.minidev.json.parser.JSONParserBase.readObject(JSONParserBase.java:614)
	at net.minidev.json.parser.JSONParserBase.readMain(JSONParserBase.java:467)
	at net.minidev.json.parser.JSONParserBase.readObject(JSONParserBase.java:614)
	at net.minidev.json.parser.JSONParserBase.readMain(JSONParserBase.java:467)
	at net.minidev.json.parser.JSONParserBase.readArray(JSONParserBase.java:337)
	at net.minidev.json.parser.JSONParserBase.readMain(JSONParserBase.java:470)
	at net.minidev.json.parser.JSONParserBase.readObject(JSONParserBase.java:614)
	at net.minidev.json.parser.JSONParserBase.readMain(JSONParserBase.java:467)
	at net.minidev.json.parser.JSONParserBase.readObject(JSONParserBase.java:614)
	at net.minidev.json.parser.JSONParserBase.readMain(JSONParserBase.java:467)
	at net.minidev.json.parser.JSONParserBase.readArray(JSONParserBase.java:337)
	at net.minidev.json.parser.JSONParserBase.readMain(JSONParserBase.java:470)
	at net.minidev.json.parser.JSONParserBase.readObject(JSONParserBase.java:614)
	at net.minidev.json.parser.JSONParserBase.readMain(JSONParserBase.java:467)
	at net.minidev.json.parser.JSONParserBase.readObject(JSONParserBase.java:614)
	at net.minidev.json.parser.JSONParserBase.readMain(JSONParserBase.java:467)
	at net.minidev.json.parser.JSONParserBase.readArray(JSONParserBase.java:337)
	at net.minidev.json.parser.JSONParserBase.readMain(JSONParserBase.java:470)
	at net.minidev.json.parser.JSONParserBase.readObject(JSONParserBase.java:614)
	at net.minidev.json.parser.JSONParserBase.readMain(JSONParserBase.java:467)
	at net.minidev.json.parser.JSONParserBase.readObject(JSONParserBase.java:614)
	at net.minidev.json.parser.JSONParserBase.readMain(JSONParserBase.java:467)
	at net.minidev.json.parser.JSONParserBase.readArray(JSONParserBase.java:337)
	at net.minidev.json.parser.JSONParserBase.readMain(JSONParserBase.java:470)
	at net.minidev.json.parser.JSONParserBase.readObject(JSONParserBase.java:614)
	at net.minidev.json.parser.JSONParserBase.readMain(JSONParserBase.java:467)
	at net.minidev.json.parser.JSONParserBase.readObject(JSONParserBase.java:614)
	at net.minidev.json.parser.JSONParserBase.readMain(JSONParserBase.java:467)
	at net.minidev.json.parser.JSONParserBase.readArray(JSONParserBase.java:337)
	at net.minidev.json.parser.JSONParserBase.readMain(JSONParserBase.java:470)
	at net.minidev.json.parser.JSONParserBase.readObject(JSONParserBase.java:614)
	at net.minidev.json.parser.JSONParserBase.readMain(JSONParserBase.java:467)
	at net.minidev.json.parser.JSONParserBase.readObject(JSONParserBase.java:614)
	at net.minidev.json.parser.JSONParserBase.readMain(JSONParserBase.java:467)
	at net.minidev.json.parser.JSONParserBase.readArray(JSONParserBase.java:337)
	at net.minidev.json.parser.JSONParserBase.readMain(JSONParserBase.java:470)
	at net.minidev.json.parser.JSONParserBase.readObject(JSONParserBase.java:614)
	at net.minidev.json.parser.JSONParserBase.readMain(JSONParserBase.java:467)
	at net.minidev.json.parser.JSONParserBase.readObject(JSONParserBase.java:614)
	at net.minidev.json.parser.JSONParserBase.readMain(JSONParserBase.java:467)
	at net.minidev.json.parser.JSONParserBase.readArray(JSONParserBase.java:337)
	at net.minidev.json.parser.JSONParserBase.readMain(JSONParserBase.java:470)
	at net.minidev.json.parser.JSONParserBase.readObject(JSONParserBase.java:614)
	at net.minidev.json.parser.JSONParserBase.readMain(JSONParserBase.java:467)
	at net.minidev.json.parser.JSONParserBase.readObject(JSONParserBase.java:614)
	at net.minidev.json.parser.JSONParserBase.readMain(JSONParserBase.java:467)
	at net.minidev.json.parser.JSONParserBase.readArray(JSONParserBase.java:337)
	at net.minidev.json.parser.JSONParserBase.readMain(JSONParserBase.java:470)
	at net.minidev.json.parser.JSONParserBase.readObject(JSONParserBase.java:614)
	at net.minidev.json.parser.JSONParserBase.readMain(JSONParserBase.java:467)
	at net.minidev.json.parser.JSONParserBase.readObject(JSONParserBase.java:614)
	at net.minidev.json.parser.JSONParserBase.readMain(JSONParserBase.java:467)
	at net.minidev.json.parser.JSONParserBase.readArray(JSONParserBase.java:337)
	at net.minidev.json.parser.JSONParserBase.readMain(JSONParserBase.java:470)
	at net.minidev.json.parser.JSONParserBase.readObject(JSONParserBase.java:614)
	at net.minidev.json.parser.JSONParserBase.readMain(JSONParserBase.java:467)
	at net.minidev.json.parser.JSONParserBase.readObject(JSONParserBase.java:614)
	at net.minidev.json.parser.JSONParserBase.readMain(JSONParserBase.java:467)
	at net.minidev.json.parser.JSONParserBase.readArray(JSONParserBase.java:337)
	at net.minidev.json.parser.JSONParserBase.readMain(JSONParserBase.java:470)
	at net.minidev.json.parser.JSONParserBase.readObject(JSONParserBase.java:614)
	at net.minidev.json.parser.JSONParserBase.readMain(JSONParserBase.java:467)
	at net.minidev.json.parser.JSONParserBase.readObject(JSONParserBase.java:614)
	at net.minidev.json.parser.JSONParserBase.readMain(JSONParserBase.java:467)
	at net.minidev.json.parser.JSONParserBase.readArray(JSONParserBase.java:337)
	at net.minidev.json.parser.JSONParserBase.readMain(JSONParserBase.java:470)
	at net.minidev.json.parser.JSONParserBase.readObject(JSONParserBase.java:614)
	at net.minidev.json.parser.JSONParserBase.readMain(JSONParserBase.java:467)
	at net.minidev.json.parser.JSONParserBase.readObject(JSONParserBase.java:614)
	at net.minidev.json.parser.JSONParserBase.readMain(JSONParserBase.java:467)
	at net.minidev.json.parser.JSONParserBase.readArray(JSONParserBase.java:337)
	at net.minidev.json.parser.JSONParserBase.readMain(JSONParserBase.java:470)
	at net.minidev.json.parser.JSONParserBase.readObject(JSONParserBase.java:614)
	at net.minidev.json.parser.JSONParserBase.readMain(JSONParserBase.java:467)
	at net.minidev.json.parser.JSONParserBase.readObject(JSONParserBase.java:614)
	at net.minidev.json.parser.JSONParserBase.readMain(JSONParserBase.java:467)
	at net.minidev.json.parser.JSONParserBase.readArray(JSONParserBase.java:337)
	at net.minidev.json.parser.JSONParserBase.readMain(JSONParserBase.java:470)
	at net.minidev.json.parser.JSONParserBase.readObject(JSONParserBase.java:614)
	at net.minidev.json.parser.JSONParserBase.readMain(JSONParserBase.java:467)
	at net.minidev.json.parser.JSONParserBase.readObject(JSONParserBase.java:614)
	at net.minidev.json.parser.JSONParserBase.readMain(JSONParserBase.java:467)
	at net.minidev.json.parser.JSONParserBase.readArray(JSONParserBase.java:337)
	at net.minidev.json.parser.JSONParserBase.readMain(JSONParserBase.java:470)
	at net.minidev.json.parser.JSONParserBase.readObject(JSONParserBase.java:614)
	at net.minidev.json.parser.JSONParserBase.readMain(JSONParserBase.java:467)
	at net.minidev.json.parser.JSONParserBase.readObject(JSONParserBase.java:614)
	at net.minidev.json.parser.JSONParserBase.readMain(JSONParserBase.java:467)
	at net.minidev.json.parser.JSONParserBase.readArray(JSONParserBase.java:337)
	at net.minidev.json.parser.JSONParserBase.readMain(JSONParserBase.java:470)
	at net.minidev.json.parser.JSONParserBase.readObject(JSONParserBase.java:614)
	at net.minidev.json.parser.JSONParserBase.readMain(JSONParserBase.java:467)
	at net.minidev.json.parser.JSONParserBase.readObject(JSONParserBase.java:614)
	at net.minidev.json.parser.JSONParserBase.readMain(JSONParserBase.java:467)
	at net.minidev.json.parser.JSONParserBase.readArray(JSONParserBase.java:337)
	at net.minidev.json.parser.JSONParserBase.readMain(JSONParserBase.java:470)
	at net.minidev.json.parser.JSONParserBase.readObject(JSONParserBase.java:614)
	at net.minidev.json.parser.JSONParserBase.readMain(JSONParserBase.java:467)
	at net.minidev.json.parser.JSONParserBase.readObject(JSONParserBase.java:614)
	at net.minidev.json.parser.JSONParserBase.readMain(JSONParserBase.java:467)
	at net.minidev.json.parser.JSONParserBase.readArray(JSONParserBase.java:337)
	at net.minidev.json.parser.JSONParserBase.readMain(JSONParserBase.java:470)
	at net.minidev.json.parser.JSONParserBase.readObject(JSONParserBase.java:614)
	at net.minidev.json.parser.JSONParserBase.readMain(JSONParserBase.java:467)
	at net.minidev.json.parser.JSONParserBase.readObject(JSONParserBase.java:614)
	at net.minidev.json.parser.JSONParserBase.readMain(JSONParserBase.java:467)
	at net.minidev.json.parser.JSONParserBase.readArray(JSONParserBase.java:337)
	at net.minidev.json.parser.JSONParserBase.readMain(JSONParserBase.java:470)
	at net.minidev.json.parser.JSONParserBase.readObject(JSONParserBase.java:614)
	at net.minidev.json.parser.JSONParserBase.readMain(JSONParserBase.java:467)
	at net.minidev.json.parser.JSONParserBase.readObject(JSONParserBase.java:614)
	at net.minidev.json.parser.JSONParserBase.readMain(JSONParserBase.java:467)
	at net.minidev.json.parser.JSONParserBase.readArray(JSONParserBase.java:337)
	at net.minidev.json.parser.JSONParserBase.readMain(JSONParserBase.java:470)
	at net.minidev.json.parser.JSONParserBase.readObject(JSONParserBase.java:614)
	at net.minidev.json.parser.JSONParserBase.readMain(JSONParserBase.java:467)
	at net.minidev.json.parser.JSONParserBase.readObject(JSONParserBase.java:614)
	at net.minidev.json.parser.JSONParserBase.readMain(JSONParserBase.java:467)
	at net.minidev.json.parser.JSONParserBase.readArray(JSONParserBase.java:337)
	at net.minidev.json.parser.JSONParserBase.readMain(JSONParserBase.java:470)
	at net.minidev.json.parser.JSONParserBase.readObject(JSONParserBase.java:614)
	at net.minidev.json.parser.JSONParserBase.readMain(JSONParserBase.java:467)
	at net.minidev.json.parser.JSONParserBase.readObject(JSONParserBase.java:614)
	at net.minidev.json.parser.JSONParserBase.readMain(JSONParserBase.java:467)
	at net.minidev.json.parser.JSONParserBase.readArray(JSONParserBase.java:337)
	at net.minidev.json.parser.JSONParserBase.readMain(JSONParserBase.java:470)
	at net.minidev.json.parser.JSONParserBase.readObject(JSONParserBase.java:614)
	at net.minidev.json.parser.JSONParserBase.readMain(JSONParserBase.java:467)
	at net.minidev.json.parser.JSONParserBase.readObject(JSONParserBase.java:614)
	at net.minidev.json.parser.JSONParserBase.readMain(JSONParserBase.java:467)
	at net.minidev.json.parser.JSONParserBase.readArray(JSONParserBase.java:337)
	at net.minidev.json.parser.JSONParserBase.readMain(JSONParserBase.java:470)
	at net.minidev.json.parser.JSONParserBase.readObject(JSONParserBase.java:614)
	at net.minidev.json.parser.JSONParserBase.readMain(JSONParserBase.java:467)
	at net.minidev.json.parser.JSONParserBase.readObject(JSONParserBase.java:614)
	at net.minidev.json.parser.JSONParserBase.readMain(JSONParserBase.java:467)
	at net.minidev.json.parser.JSONParserBase.readArray(JSONParserBase.java:337)
	at net.minidev.json.parser.JSONParserBase.readMain(JSONParserBase.java:470)
	at net.minidev.json.parser.JSONParserBase.readObject(JSONParserBase.java:614)
	at net.minidev.json.parser.JSONParserBase.readMain(JSONParserBase.java:467)
	at net.minidev.json.parser.JSONParserBase.readObject(JSONParserBase.java:614)
	at net.minidev.json.parser.JSONParserBase.readMain(JSONParserBase.java:467)
	at net.minidev.json.parser.JSONParserBase.readArray(JSONParserBase.java:337)
	at net.minidev.json.parser.JSONParserBase.readMain(JSONParserBase.java:470)
	at net.minidev.json.parser.JSONParserBase.readObject(JSONParserBase.java:614)
	at net.minidev.json.parser.JSONParserBase.readMain(JSONParserBase.java:467)
	at net.minidev.json.parser.JSONParserBase.readObject(JSONParserBase.java:614)
	at net.minidev.json.parser.JSONParserBase.readMain(JSONParserBase.java:467)
	at net.minidev.json.parser.JSONParserBase.readArray(JSONParserBase.java:337)
	at net.minidev.json.parser.JSONParserBase.readMain(JSONParserBase.java:470)
	at net.minidev.json.parser.JSONParserBase.readObject(JSONParserBase.java:614)
	at net.minidev.json.parser.JSONParserBase.readMain(JSONParserBase.java:467)
	at net.minidev.json.parser.JSONParserBase.readObject(JSONParserBase.java:614)
	at net.minidev.json.parser.JSONParserBase.readMain(JSONParserBase.java:467)
	at net.minidev.json.parser.JSONParserBase.readArray(JSONParserBase.java:337)
	at net.minidev.json.parser.JSONParserBase.readMain(JSONParserBase.java:470)
	at net.minidev.json.parser.JSONParserBase.readObject(JSONParserBase.java:614)
	at net.minidev.json.parser.JSONParserBase.readMain(JSONParserBase.java:467)
	at net.minidev.json.parser.JSONParserBase.readObject(JSONParserBase.java:614)
	at net.minidev.json.parser.JSONParserBase.readMain(JSONParserBase.java:467)
	at net.minidev.json.parser.JSONParserBase.readArray(JSONParserBase.java:337)
	at net.minidev.json.parser.JSONParserBase.readMain(JSONParserBase.java:470)
	at net.minidev.json.parser.JSONParserBase.readObject(JSONParserBase.java:614)
	at net.minidev.json.parser.JSONParserBase.readMain(JSONParserBase.java:467)
	at net.minidev.json.parser.JSONParserBase.readObject(JSONParserBase.java:614)
	at net.minidev.json.parser.JSONParserBase.readMain(JSONParserBase.java:467)
	at net.minidev.json.parser.JSONParserBase.readArray(JSONParserBase.java:337)
	at net.minidev.json.parser.JSONParserBase.readMain(JSONParserBase.java:470)
	at net.minidev.json.parser.JSONParserBase.readObject(JSONParserBase.java:614)
	at net.minidev.json.parser.JSONParserBase.readMain(JSONParserBase.java:467)
	at net.minidev.json.parser.JSONParserBase.readObject(JSONParserBase.java:614)
	at net.minidev.json.parser.JSONParserBase.readMain(JSONParserBase.java:467)
	at net.minidev.json.parser.JSONParserBase.readArray(JSONParserBase.java:337)
	at net.minidev.json.parser.JSONParserBase.readMain(JSONParserBase.java:470)
	at net.minidev.json.parser.JSONParserBase.readObject(JSONParserBase.java:614)
	at net.minidev.json.parser.JSONParserBase.readMain(JSONParserBase.java:467)
	at net.minidev.json.parser.JSONParserBase.readObject(JSONParserBase.java:614)
	at net.minidev.json.parser.JSONParserBase.readMain(JSONParserBase.java:467)
	at net.minidev.json.parser.JSONParserBase.readArray(JSONParserBase.java:337)
	at net.minidev.json.parser.JSONParserBase.readMain(JSONParserBase.java:470)
	at net.minidev.json.parser.JSONParserBase.readObject(JSONParserBase.java:614)
	at net.minidev.json.parser.JSONParserBase.readFirst(JSONParserBase.java:365)
	at net.minidev.json.parser.JSONParserBase.parse(JSONParserBase.java:218)
	at net.minidev.json.parser.JSONParserString.parse(JSONParserString.java:58)
	at net.minidev.json.parser.JSONParser.parse(JSONParser.java:285)
	at com.jayway.jsonpath.spi.json.JsonSmartJsonProvider.parse(JsonSmartJsonProvider.java:62)
	... 10 more
]]></failure>
    <system-out><![CDATA[11:51:28.928 [main] INFO org.springframework.test.context.support.AnnotationConfigContextLoaderUtils -- Could not detect default configuration classes for test class [com.example.ordermanagement.controller.OrderControllerTest]: OrderControllerTest does not declare any static, non-private, non-final, nested classes annotated with @Configuration.
11:51:29.178 [main] INFO org.springframework.boot.test.context.SpringBootTestContextBootstrapper -- Found @SpringBootConfiguration com.example.ordermanagement.OrderManagementApplication for test class com.example.ordermanagement.controller.OrderControllerTest

  .   ____          _            __ _ _
 /\\ / ___'_ __ _ _(_)_ __  __ _ \ \ \ \
( ( )\___ | '_ | '_| | '_ \/ _` | \ \ \ \
 \\/  ___)| |_)| | | | | || (_| |  ) ) ) )
  '  |____| .__|_| |_|_| |_\__, | / / / /
 =========|_|==============|___/=/_/_/_/
 :: Spring Boot ::                (v3.2.3)

2025-04-02T11:51:30.015+05:30  INFO 57852 --- [           main] c.e.o.controller.OrderControllerTest     : Starting OrderControllerTest using Java 17.0.14 with PID 57852 (started by sripu in C:\order-management-system)
2025-04-02T11:51:30.017+05:30 DEBUG 57852 --- [           main] c.e.o.controller.OrderControllerTest     : Running with Spring Boot v3.2.3, Spring v6.1.4
2025-04-02T11:51:30.018+05:30  INFO 57852 --- [           main] c.e.o.controller.OrderControllerTest     : No active profile set, falling back to 1 default profile: "default"
2025-04-02T11:51:34.238+05:30  INFO 57852 --- [           main] o.s.b.t.m.w.SpringBootMockServletContext : Initializing Spring TestDispatcherServlet ''
2025-04-02T11:51:34.239+05:30  INFO 57852 --- [           main] o.s.t.web.servlet.TestDispatcherServlet  : Initializing Servlet ''
2025-04-02T11:51:34.247+05:30  INFO 57852 --- [           main] o.s.t.web.servlet.TestDispatcherServlet  : Completed initialization in 4 ms
2025-04-02T11:51:34.339+05:30  INFO 57852 --- [           main] c.e.o.controller.OrderControllerTest     : Started OrderControllerTest in 4.963 seconds (process running for 8.144)
2025-04-02T11:51:35.153+05:30  WARN 57852 --- [           main] .w.s.m.s.DefaultHandlerExceptionResolver : Ignoring exception, response committed already: org.springframework.http.converter.HttpMessageNotWritableException: Could not write JSON: Infinite recursion (StackOverflowError)
2025-04-02T11:51:35.158+05:30  WARN 57852 --- [           main] .w.s.m.s.DefaultHandlerExceptionResolver : Resolved [org.springframework.http.converter.HttpMessageNotWritableException: Could not write JSON: Infinite recursion (StackOverflowError)]

MockHttpServletRequest:
      HTTP Method = PUT
      Request URI = /api/orders/1/cancel
       Parameters = {}
          Headers = []
             Body = null
    Session Attrs = {}

Handler:
             Type = com.example.ordermanagement.controller.OrderController
           Method = com.example.ordermanagement.controller.OrderController#cancelOrder(Long)

Async:
    Async started = false
     Async result = null

Resolved Exception:
             Type = org.springframework.http.converter.HttpMessageNotWritableException

ModelAndView:
        View name = null
             View = null
            Model = null

FlashMap:
       Attributes = null

MockHttpServletResponse:
           Status = 200
    Error message = null
          Headers = [Content-Type:"application/json"]
     Content type = application/json
             Body = {"id":1,"customerName":"Test Customer","customerEmail":"test@example.com","status":"PENDING","createdAt":null,"updatedAt":null,"items":[{"id":1,"productName":"Test Product","quantity":2,"price":10.0,"order":{"id":1,"customerName":"Test Customer","customerEmail":"test@example.com","status":"PENDING","createdAt":null,"updatedAt":null,"items":[{"id":1,"productName":"Test Product","quantity":2,"price":10.0,"order":{"id":1,"customerName":"Test Customer","customerEmail":"test@example.com","status":"PENDING","createdAt":null,"updatedAt":null,"items":[{"id":1,"productName":"Test Product","quantity":2,"price":10.0,"order":{"id":1,"customerName":"Test Customer","customerEmail":"test@example.com","status":"PENDING","createdAt":null,"updatedAt":null,"items":[{"id":1,"productName":"Test Product","quantity":2,"price":10.0,"order":{"id":1,"customerName":"Test Customer","customerEmail":"test@example.com","status":"PENDING","createdAt":null,"updatedAt":null,"items":[{"id":1,"productName":"Test Product","quantity":2,"price":10.0,"order":{"id":1,"customerName":"Test Customer","customerEmail":"test@example.com","status":"PENDING","createdAt":null,"updatedAt":null,"items":[{"id":1,"productName":"Test Product","quantity":2,"price":10.0,"order":{"id":1,"customerName":"Test Customer","customerEmail":"test@example.com","status":"PENDING","createdAt":null,"updatedAt":null,"items":[{"id":1,"productName":"Test Product","quantity":2,"price":10.0,"order":{"id":1,"customerName":"Test Customer","customerEmail":"test@example.com","status":"PENDING","createdAt":null,"updatedAt":null,"items":[{"id":1,"productName":"Test Product","quantity":2,"price":10.0,"order":{"id":1,"customerName":"Test Customer","customerEmail":"test@example.com","status":"PENDING","createdAt":null,"updatedAt":null,"items":[{"id":1,"productName":"Test Product","quantity":2,"price":10.0,"order":{"id":1,"customerName":"Test Customer","customerEmail":"test@example.com","status":"PENDING","createdAt":null,"updatedAt":null,"items":[{"id":1,"productName":"Test Product","quantity":2,"price":10.0,"order":{"id":1,"customerName":"Test Customer","customerEmail":"test@example.com","status":"PENDING","createdAt":null,"updatedAt":null,"items":[{"id":1,"productName":"Test Product","quantity":2,"price":10.0,"order":{"id":1,"customerName":"Test Customer","customerEmail":"test@example.com","status":"PENDING","createdAt":null,"updatedAt":null,"items":[{"id":1,"productName":"Test Product","quantity":2,"price":10.0,"order":{"id":1,"customerName":"Test Customer","customerEmail":"test@example.com","status":"PENDING","createdAt":null,"updatedAt":null,"items":[{"id":1,"productName":"Test Product","quantity":2,"price":10.0,"order":{"id":1,"customerName":"Test Customer","customerEmail":"test@example.com","status":"PENDING","createdAt":null,"updatedAt":null,"items":[{"id":1,"productName":"Test Product","quantity":2,"price":10.0,"order":{"id":1,"customerName":"Test Customer","customerEmail":"test@example.com","status":"PENDING","createdAt":null,"updatedAt":null,"items":[{"id":1,"productName":"Test Product","quantity":2,"price":10.0,"order":{"id":1,"customerName":"Test Customer","customerEmail":"test@example.com","status":"PENDING","createdAt":null,"updatedAt":null,"items":[{"id":1,"productName":"Test Product","quantity":2,"price":10.0,"order":{"id":1,"customerName":"Test Customer","customerEmail":"test@example.com","status":"PENDING","createdAt":null,"updatedAt":null,"items":[{"id":1,"productName":"Test Product","quantity":2,"price":10.0,"order":{"id":1,"customerName":"Test Customer","customerEmail":"test@example.com","status":"PENDING","createdAt":null,"updatedAt":null,"items":[{"id":1,"productName":"Test Product","quantity":2,"price":10.0,"order":{"id":1,"customerName":"Test Customer","customerEmail":"test@example.com","status":"PENDING","createdAt":null,"updatedAt":null,"items":[{"id":1,"productName":"Test Product","quantity":2,"price":10.0,"order":{"id":1,"customerName":"Test Customer","customerEmail":"test@example.com","status":"PENDING","createdAt":null,"updatedAt":null,"items":[{"id":1,"productName":"Test Product","quantity":2,"price":10.0,"order":{"id":1,"customerName":"Test Customer","customerEmail":"test@example.com","status":"PENDING","createdAt":null,"updatedAt":null,"items":[{"id":1,"productName":"Test Product","quantity":2,"price":10.0,"order":{"id":1,"customerName":"Test Customer","customerEmail":"test@example.com","status":"PENDING","createdAt":null,"updatedAt":null,"items":[{"id":1,"productName":"Test Product","quantity":2,"price":10.0,"order":{"id":1,"customerName":"Test Customer","customerEmail":"test@example.com","status":"PENDING","createdAt":null,"updatedAt":null,"items":[{"id":1,"productName":"Test Product","quantity":2,"price":10.0,"order":{"id":1,"customerName":"Test Customer","customerEmail":"test@example.com","status":"PENDING","createdAt":null,"updatedAt":null,"items":[{"id":1,"productName":"Test Product","quantity":2,"price":10.0,"order":{"id":1,"customerName":"Test Customer","customerEmail":"test@example.com","status":"PENDING","createdAt":null,"updatedAt":null,"items":[{"id":1,"productName":"Test Product","quantity":2,"price":10.0,"order":{"id":1,"customerName":"Test Customer","customerEmail":"test@example.com","status":"PENDING","createdAt":null,"updatedAt":null,"items":[{"id":1,"productName":"Test Product","quantity":2,"price":10.0,"order":{"id":1,"customerName":"Test Customer","customerEmail":"test@example.com","status":"PENDING","createdAt":null,"updatedAt":null,"items":[{"id":1,"productName":"Test Product","quantity":2,"price":10.0,"order":{"id":1,"customerName":"Test Customer","customerEmail":"test@example.com","status":"PENDING","createdAt":null,"updatedAt":null,"items":[{"id":1,"productName":"Test Product","quantity":2,"price":10.0,"order":{"id":1,"customerName":"Test Customer","customerEmail":"test@example.com","status":"PENDING","createdAt":null,"updatedAt":null,"items":[{"id":1,"productName":"Test Product","quantity":2,"price":10.0,"order":{"id":1,"customerName":"Test Customer","customerEmail":"test@example.com","status":"PENDING","createdAt":null,"updatedAt":null,"items":[{"id":1,"productName":"Test Product","quantity":2,"price":10.0,"order":{"id":1,"customerName":"Test Customer","customerEmail":"test@example.com","status":"PENDING","createdAt":null,"updatedAt":null,"items":[{"id":1,"productName":"Test Product","quantity":2,"price":10.0,"order":{"id":1,"customerName":"Test Customer","customerEmail":"test@example.com","status":"PENDING","createdAt":null,"updatedAt":null,"items":[{"id":1,"productName":"Test Product","quantity":2,"price":10.0,"order":{"id":1,"customerName":"Test Customer","customerEmail":"test@example.com","status":"PENDING","createdAt":null,"updatedAt":null,"items":[{"id":1,"productName":"Test Product","quantity":2,"price":10.0,"order":{"id":1,"customerName":"Test Customer","customerEmail":"test@example.com","status":"PENDING","createdAt":null,"updatedAt":null,"items":[{"id":1,"productName":"Test Product","quantity":2,"price":10.0,"order":{"id":1,"customerName":"Test Customer","customerEmail":"test@example.com","status":"PENDING","createdAt":null,"updatedAt":null,"items":[{"id":1,"productName":"Test Product","quantity":2,"price":10.0,"order":{"id":1,"customerName":"Test Customer","customerEmail":"test@example.com","status":"PENDING","createdAt":null,"updatedAt":null,"items":[{"id":1,"productName":"Test Product","quantity":2,"price":10.0,"order":{"id":1,"customerName":"Test Customer","customerEmail":"test@example.com","status":"PENDING","createdAt":null,"updatedAt":null,"items":[{"id":1,"productName":"Test Product","quantity":2,"price":10.0,"order":{"id":1,"customerName":"Test Customer","customerEmail":"test@example.com","status":"PENDING","createdAt":null,"updatedAt":null,"items":[{"id":1,"productName":"Test Product","quantity":2,"price":10.0,"order":{"id":1,"customerName":"Test Customer","customerEmail":"test@example.com","status":"PENDING","createdAt":null,"updatedAt":null,"items":[{"id":1,"productName":"Test Product","quantity":2,"price":10.0,"order":{"id":1,"customerName":"Test Customer","customerEmail":"test@example.com","status":"PENDING","createdAt":null,"updatedAt":null,"items":[{"id":1,"productName":"Test Product","quantity":2,"price":10.0,"order":{"id":1,"customerName":"Test Customer","customerEmail":"test@example.com","status":"PENDING","createdAt":null,"updatedAt":null,"items":[{"id":1,"productName":"Test Product","quantity":2,"price":10.0,"order":{"id":1,"customerName":"Test Customer","customerEmail":"test@example.com","status":"PENDING","createdAt":null,"updatedAt":null,"items":[{"id":1,"productName":"Test Product","quantity":2,"price":10.0,"order":{"id":1,"customerName":"Test Customer","customerEmail":"test@example.com","status":"PENDING","createdAt":null,"updatedAt":null,"items":[{"id":1,"productName":"Test Product","quantity":2,"price":10.0,"order":{"id":1,"customerName":"Test Customer","customerEmail":"test@example.com","status":"PENDING","createdAt":null,"updatedAt":null,"items":[{"id":1,"productName":"Test Product","quantity":2,"price":10.0,"order":{"id":1,"customerName":"Test Customer","customerEmail":"test@example.com","status":"PENDING","createdAt":null,"updatedAt":null,"items":[{"id":1,"productName":"Test Product","quantity":2,"price":10.0,"order":{"id":1,"customerName":"Test Customer","customerEmail":"test@example.com","status":"PENDING","createdAt":null,"updatedAt":null,"items":[{"id":1,"productName":"Test Product","quantity":2,"price":10.0,"order":{"id":1,"customerName":"Test Customer","customerEmail":"test@example.com","status":"PENDING","createdAt":null,"updatedAt":null,"items":[{"id":1,"productName":"Test Product","quantity":2,"price":10.0,"order":{"id":1,"customerName":"Test Customer","customerEmail":"test@example.com","status":"PENDING","createdAt":null,"updatedAt":null,"items":[{"id":1,"productName":"Test Product","quantity":2,"price":10.0,"order":{"id":1,"customerName":"Test Customer","customerEmail":"test@example.com","status":"PENDING","createdAt":null,"updatedAt":null,"items":[{"id":1,"productName":"Test Product","quantity":2,"price":10.0,"order":{"id":1,"customerName":"Test Customer","customerEmail":"test@example.com","status":"PENDING","createdAt":null,"updatedAt":null,"items":[{"id":1,"productName":"Test Product","quantity":2,"price":10.0,"order":{"id":1,"customerName":"Test Customer","customerEmail":"test@example.com","status":"PENDING","createdAt":null,"updatedAt":null,"items":[{"id":1,"productName":"Test Product","quantity":2,"price":10.0,"order":{"id":1,"customerName":"Test Customer","customerEmail":"test@example.com","status":"PENDING","createdAt":null,"updatedAt":null,"items":[{"id":1,"productName":"Test Product","quantity":2,"price":10.0,"order":{"id":1,"customerName":"Test Customer","customerEmail":"test@example.com","status":"PENDING","createdAt":null,"updatedAt":null,"items":[{"id":1,"productName":"Test Product","quantity":2,"price":10.0,"order":{"id":1,"customerName":"Test Customer","customerEmail":"test@example.com","status":"PENDING","createdAt":null,"updatedAt":null,"items":[{"id":1,"productName":"Test Product","quantity":2,"price":10.0,"order":{"id":1,"customerName":"Test Customer","customerEmail":"test@example.com","status":"PENDING","createdAt":null,"updatedAt":null,"items":[{"id":1,"productName":"Test Product","quantity":2,"price":10.0,"order":{"id":1,"customerName":"Test Customer","customerEmail":"test@example.com","status":"PENDING","createdAt":null,"updatedAt":null,"items":[{"id":1,"productName":"Test Product","quantity":2,"price":10.0,"order":{"id":1,"customerName":"Test Customer","customerEmail":"test@example.com","status":"PENDING","createdAt":null,"updatedAt":null,"items":[{"id":1,"productName":"Test Product","quantity":2,"price":10.0,"order":{"id":1,"customerName":"Test Customer","customerEmail":"test@example.com","status":"PENDING","createdAt":null,"updatedAt":null,"items":[{"id":1,"productName":"Test Product","quantity":2,"price":10.0,"order":{"id":1,"customerName":"Test Customer","customerEmail":"test@example.com","status":"PENDING","createdAt":null,"updatedAt":null,"items":[{"id":1,"productName":"Test Product","quantity":2,"price":10.0,"order":{"id":1,"customerName":"Test Customer","customerEmail":"test@example.com","status":"PENDING","createdAt":null,"updatedAt":null,"items":[{"id":1,"productName":"Test Product","quantity":2,"price":10.0,"order":{"id":1,"customerName":"Test Customer","customerEmail":"test@example.com","status":"PENDING","createdAt":null,"updatedAt":null,"items":[{"id":1,"productName":"Test Product","quantity":2,"price":10.0,"order":{"id":1,"customerName":"Test Customer","customerEmail":"test@example.com","status":"PENDING","createdAt":null,"updatedAt":null,"items":[{"id":1,"productName":"Test Product","quantity":2,"price":10.0,"order":{"id":1,"customerName":"Test Customer","customerEmail":"test@example.com","status":"PENDING","createdAt":null,"updatedAt":null,"items":[{"id":1,"productName":"Test Product","quantity":2,"price":10.0,"order":{"id":1,"customerName":"Test Customer","customerEmail":"test@example.com","status":"PENDING","createdAt":null,"updatedAt":null,"items":[{"id":1,"productName":"Test Product","quantity":2,"price":10.0,"order":{"id":1,"customerName":"Test Customer","customerEmail":"test@example.com","status":"PENDING","createdAt":null,"updatedAt":null,"items":[{"id":1,"productName":"Test Product","quantity":2,"price":10.0,"order":{"id":1,"customerName":"Test Customer","customerEmail":"test@example.com","status":"PENDING","createdAt":null,"updatedAt":null,"items":[{"id":1,"productName":"Test Product","quantity":2,"price":10.0,"order":{"id":1,"customerName":"Test Customer","customerEmail":"test@example.com","status":"PENDING","createdAt":null,"updatedAt":null,"items":[{"id":1,"productName":"Test Product","quantity":2,"price":10.0,"order":{"id":1,"customerName":"Test Customer","customerEmail":"test@example.com","status":"PENDING","createdAt":null,"updatedAt":null,"items":[{"id":1,"productName":"Test Product","quantity":2,"price":10.0,"order":{"id":1,"customerName":"Test Customer","customerEmail":"test@example.com","status":"PENDING","createdAt":null,"updatedAt":null,"items":[{"id":1,"productName":"Test Product","quantity":2,"price":10.0,"order":{"id":1,"customerName":"Test Customer","customerEmail":"test@example.com","status":"PENDING","createdAt":null,"updatedAt":null,"items":[{"id":1,"productName":"Test Product","quantity":2,"price":10.0,"order":{"id":1,"customerName":"Test Customer","customerEmail":"test@example.com","status":"PENDING","createdAt":null,"updatedAt":null,"items":[{"id":1,"productName":"Test Product","quantity":2,"price":10.0,"order":{"id":1,"customerName":"Test Customer","customerEmail":"test@example.com","status":"PENDING","createdAt":null,"updatedAt":null,"items":[{"id":1,"productName":"Test Product","quantity":2,"price":10.0,"order":{"id":1,"customerName":"Test Customer","customerEmail":"test@example.com","status":"PENDING","createdAt":null,"updatedAt":null,"items":[{"id":1,"productName":"Test Product","quantity":2,"price":10.0,"order":{"id":1,"customerName":"Test Customer","customerEmail":"test@example.com","status":"PENDING","createdAt":null,"updatedAt":null,"items":[{"id":1,"productName":"Test Product","quantity":2,"price":10.0,"order":{"id":1,"customerName":"Test Customer","customerEmail":"test@example.com","status":"PENDING","createdAt":null,"updatedAt":null,"items":[{"id":1,"productName":"Test Product","quantity":2,"price":10.0,"order":{"id":1,"customerName":"Test Customer","customerEmail":"test@example.com","status":"PENDING","createdAt":null,"updatedAt":null,"items":[{"id":1,"productName":"Test Product","quantity":2,"price":10.0,"order":{"id":1,"customerName":"Test Customer","customerEmail":"test@example.com","status":"PENDING","createdAt":null,"updatedAt":null,"items":[{"id":1,"productName":"Test Product","quantity":2,"price":10.0,"order":{"id":1,"customerName":"Test Customer","customerEmail":"test@example.com","status":"PENDING","createdAt":null,"updatedAt":null,"items":[{"id":1,"productName":"Test Product","quantity":2,"price":10.0,"order":{"id":1,"customerName":"Test Customer","customerEmail":"test@example.com","status":"PENDING","createdAt":null,"updatedAt":null,"items":[{"id":1,"productName":"Test Product","quantity":2,"price":10.0,"order":{"id":1,"customerName":"Test Customer","customerEmail":"test@example.com","status":"PENDING","createdAt":null,"updatedAt":null,"items":[{"id":1,"productName":"Test Product","quantity":2,"price":10.0,"order":{"id":1,"customerName":"Test Customer","customerEmail":"test@example.com","status":"PENDING","createdAt":null,"updatedAt":null,"items":[{"id":1,"productName":"Test Product","quantity":2,"price":10.0,"order":{"id":1,"customerName":"Test Customer","customerEmail":"test@example.com","status":"PENDING","createdAt":null,"updatedAt":null,"items":[{"id":1,"productName":"Test Product","quantity":2,"price":10.0,"order":{"id":1,"customerName":"Test Customer","customerEmail":"test@example.com","status":"PENDING","createdAt":null,"updatedAt":null,"items":[{"id":1,"productName":"Test Product","quantity":2,"price":10.0,"order":{"id":1,"customerName":"Test Customer","customerEmail":"test@example.com","status":"PENDING","createdAt":null,"updatedAt":null,"items":[{"id":1,"productName":"Test Product","quantity":2,"price":10.0,"order":{"id":1,"customerName":"Test Customer","customerEmail":"test@example.com","status":"PENDING","createdAt":null,"updatedAt":null,"items":[{"id":1,"productName":"Test Product","quantity":2,"price":10.0,"order":{"id":1,"customerName":"Test Customer","customerEmail":"test@example.com","status":"PENDING","createdAt":null,"updatedAt":null,"items":[{"id":1,"productName":"Test Product","quantity":2,"price":10.0,"order":{"id":1,"customerName":"Test Customer","customerEmail":"test@example.com","status":"PENDING","createdAt":null,"updatedAt":null,"items":[{"id":1,"productName":"Test Product","quantity":2,"price":10.0,"order":{"id":1,"customerName":"Test Customer","customerEmail":"test@example.com","status":"PENDING","createdAt":null,"updatedAt":null,"items":[{"id":1,"productName":"Test Product","quantity":2,"price":10.0,"order":{"id":1,"customerName":"Test Customer","customerEmail":"test@example.com","status":"PENDING","createdAt":null,"updatedAt":null,"items":[{"id":1,"productName":"Test Product","quantity":2,"price":10.0,"order":{"id":1,"customerName":"Test Customer","customerEmail":"test@example.com","status":"PENDING","createdAt":null,"updatedAt":null,"items":[{"id":1,"productName":"Test Product","quantity":2,"price":10.0,"order":{"id":1,"customerName":"Test Customer","customerEmail":"test@example.com","status":"PENDING","createdAt":null,"updatedAt":null,"items":[{"id":1,"productName":"Test Product","quantity":2,"price":10.0,"order":{"id":1,"customerName":"Test Customer","customerEmail":"test@example.com","status":"PENDING","createdAt":null,"updatedAt":null,"items":[{"id":1,"productName":"Test Product","quantity":2,"price":10.0,"order":{"id":1,"customerName":"Test Customer","customerEmail":"test@example.com","status":"PENDING","createdAt":null,"updatedAt":null,"items":[{"id":1,"productName":"Test Product","quantity":2,"price":10.0,"order":{"id":1,"customerName":"Test Customer","customerEmail":"test@example.com","status":"PENDING","createdAt":null,"updatedAt":null,"items":[{"id":1,"productName":"Test Product","quantity":2,"price":10.0,"order":{"id":1,"customerName":"Test Customer","customerEmail":"test@example.com","status":"PENDING","createdAt":null,"updatedAt":null,"items":[{"id":1,"productName":"Test Product","quantity":2,"price":10.0,"order":{"id":1,"customerName":"Test Customer","customerEmail":"test@example.com","status":"PENDING","createdAt":null,"updatedAt":null,"items":[{"id":1,"productName":"Test Product","quantity":2,"price":10.0,"order":{"id":1,"customerName":"Test Customer","customerEmail":"test@example.com","status":"PENDING","createdAt":null,"updatedAt":null,"items":[{"id":1,"productName":"Test Product","quantity":2,"price":10.0,"order":{"id":1,"customerName":"Test Customer","customerEmail":"test@example.com","status":"PENDING","createdAt":null,"updatedAt":null,"items":[{"id":1,"productName":"Test Product","quantity":2,"price":10.0,"order":{"id":1,"customerName":"Test Customer","customerEmail":"test@example.com","status":"PENDING","createdAt":null,"updatedAt":null,"items":[{"id":1,"productName":"Test Product","quantity":2,"price":10.0,"order":{"id":1,"customerName":"Test Customer","customerEmail":"test@example.com","status":"PENDING","createdAt":null,"updatedAt":null,"items":[{"id":1,"productName":"Test Product","quantity":2,"price":10.0,"order":{"id":1,"customerName":"Test Customer","customerEmail":"test@example.com","status":"PENDING","createdAt":null,"updatedAt":null,"items":[{"id":1,"productName":"Test Product","quantity":2,"price":10.0,"order":{"id":1,"customerName":"Test Customer","customerEmail":"test@example.com","status":"PENDING","createdAt":null,"updatedAt":null,"items":[{"id":1,"productName":"Test Product","quantity":2,"price":10.0,"order":{"id":1,"customerName":"Test Customer","customerEmail":"test@example.com","status":"PENDING","createdAt":null,"updatedAt":null,"items":[{"id":1,"productName":"Test Product","quantity":2,"price":10.0,"order":{"id":1,"customerName":"Test Customer","customerEmail":"test@example.com","status":"PENDING","createdAt":null,"updatedAt":null,"items":[{"id":1,"productName":"Test Product","quantity":2,"price":10.0,"order":{"id":1,"customerName":"Test Customer","customerEmail":"test@example.com","status":"PENDING","createdAt":null,"updatedAt":null,"items":[{"id":1,"productName":"Test Product","quantity":2,"price":10.0,"order":{"id":1,"customerName":"Test Customer","customerEmail":"test@example.com","status":"PENDING","createdAt":null,"updatedAt":null,"items":[{"id":1,"productName":"Test Product","quantity":2,"price":10.0,"order":{"id":1,"customerName":"Test Customer","customerEmail":"test@example.com","status":"PENDING","createdAt":null,"updatedAt":null,"items":[{"id":1,"productName":"Test Product","quantity":2,"price":10.0,"order":{"id":1,"customerName":"Test Customer","customerEmail":"test@example.com","status":"PENDING","createdAt":null,"updatedAt":null,"items":[{"id":1,"productName":"Test Product","quantity":2,"price":10.0,"order":{"id":1,"customerName":"Test Customer","customerEmail":"test@example.com","status":"PENDING","createdAt":null,"updatedAt":null,"items":[{"id":1,"productName":"Test Product","quantity":2,"price":10.0,"order":{"id":1,"customerName":"Test Customer","customerEmail":"test@example.com","status":"PENDING","createdAt":null,"updatedAt":null,"items":[{"id":1,"productName":"Test Product","quantity":2,"price":10.0,"order":{"id":1,"customerName":"Test Customer","customerEmail":"test@example.com","status":"PENDING","createdAt":null,"updatedAt":null,"items":[{"id":1,"productName":"Test Product","quantity":2,"price":10.0,"order":{"id":1,"customerName":"Test Customer","customerEmail":"test@example.com","status":"PENDING","createdAt":null,"updatedAt":null,"items":[{"id":1,"productName":"Test Product","quantity":2,"price":10.0,"order":{"id":1,"customerName":"Test Customer","customerEmail":"test@example.com","status":"PENDING","createdAt":null,"updatedAt":null,"items":[{"id":1,"productName":"Test Product","quantity":2,"price":10.0,"order":{"id":1,"customerName":"Test Customer","customerEmail":"test@example.com","status":"PENDING","createdAt":null,"updatedAt":null,"items":[{"id":1,"productName":"Test Product","quantity":2,"price":10.0,"order":{"id":1,"customerName":"Test Customer","customerEmail":"test@example.com","status":"PENDING","createdAt":null,"updatedAt":null,"items":[{"id":1,"productName":"Test Product","quantity":2,"price":10.0,"order":{"id":1,"customerName":"Test Customer","customerEmail":"test@example.com","status":"PENDING","createdAt":null,"updatedAt":null,"items":[{"id":1,"productName":"Test Product","quantity":2,"price":10.0,"order":{"id":1,"customerName":"Test Customer","customerEmail":"test@example.com","status":"PENDING","createdAt":null,"updatedAt":null,"items":[{"id":1,"productName":"Test Product","quantity":2,"price":10.0,"order":{"id":1,"customerName":"Test Customer","customerEmail":"test@example.com","status":"PENDING","createdAt":null,"updatedAt":null,"items":[{"id":1,"productName":"Test Product","quantity":2,"price":10.0,"order":{"id":1,"customerName":"Test Customer","customerEmail":"test@example.com","status":"PENDING","createdAt":null,"updatedAt":null,"items":[{"id":1,"productName":"Test Product","quantity":2,"price":10.0,"order":{"id":1,"customerName":"Test Customer","customerEmail":"test@example.com","status":"PENDING","createdAt":null,"updatedAt":null,"items":[{"id":1,"productName":"Test Product","quantity":2,"price":10.0,"order":{"id":1,"customerName":"Test Customer","customerEmail":"test@example.com","status":"PENDING","createdAt":null,"updatedAt":null,"items":[{"id":1,"productName":"Test Product","quantity":2,"price":10.0,"order":{"id":1,"customerName":"Test Customer","customerEmail":"test@example.com","status":"PENDING","createdAt":null,"updatedAt":null,"items":[{"id":1,"productName":"Test Product","quantity":2,"price":10.0,"order":{"id":1,"customerName":"Test Customer","customerEmail":"test@example.com","status":"PENDING","createdAt":null,"updatedAt":null,"items":[{"id":1,"productName":"Test Product","quantity":2,"price":10.0,"order":{"id":1,"customerName":"Test Customer","customerEmail":"test@example.com","status":"PENDING","createdAt":null,"updatedAt":null,"items":[{"id":1,"productName":"Test Product","quantity":2,"price":10.0,"order":{"id":1,"customerName":"Test Customer","customerEmail":"test@example.com","status":"PENDING","createdAt":null,"updatedAt":null,"items":[{"id":1,"productName":"Test Product","quantity":2,"price":10.0,"order":{"id":1,"customerName":"Test Customer","customerEmail":"test@example.com","status":"PENDING","createdAt":null,"updatedAt":null,"items":[{"id":1,"productName":"Test Product","quantity":2,"price":10.0,"order":{"id":1,"customerName":"Test Customer","customerEmail":"test@example.com","status":"PENDING","createdAt":null,"updatedAt":null,"items":[{"id":1,"productName":"Test Product","quantity":2,"price":10.0,"order":{"id":1,"customerName":"Test Customer","customerEmail":"test@example.com","status":"PENDING","createdAt":null,"updatedAt":null,"items":[{"id":1,"productName":"Test Product","quantity":2,"price":10.0,"order":{"id":1,"customerName":"Test Customer","customerEmail":"test@example.com","status":"PENDING","createdAt":null,"updatedAt":null,"items":[{"id":1,"productName":"Test Product","quantity":2,"price":10.0,"order":{"id":1,"customerName":"Test Customer","customerEmail":"test@example.com","status":"PENDING","createdAt":null,"updatedAt":null,"items":[{"id":1,"productName":"Test Product","quantity":2,"price":10.0,"order":{"id":1,"customerName":"Test Customer","customerEmail":"test@example.com","status":"PENDING","createdAt":null,"updatedAt":null,"items":[{"id":1,"productName":"Test Product","quantity":2,"price":10.0,"order":{"id":1,"customerName":"Test Customer","customerEmail":"test@example.com","status":"PENDING","createdAt":null,"updatedAt":null,"items":[{"id":1,"productName":"Test Product","quantity":2,"price":10.0,"order":{"id":1,"customerName":"Test Customer","customerEmail":"test@example.com","status":"PENDING","createdAt":null,"updatedAt":null,"items":[{"id":1,"productName":"Test Product","quantity":2,"price":10.0,"order":{"id":1,"customerName":"Test Customer","customerEmail":"test@example.com","status":"PENDING","createdAt":null,"updatedAt":null,"items":[{"id":1,"productName":"Test Product","quantity":2,"price":10.0,"order":{"id":1,"customerName":"Test Customer","customerEmail":"test@example.com","status":"PENDING","createdAt":null,"updatedAt":null,"items":[{"id":1,"productName":"Test Product","quantity":2,"price":10.0,"order":{"id":1,"customerName":"Test Customer","customerEmail":"test@example.com","status":"PENDING","createdAt":null,"updatedAt":null,"items":[{"id":1,"productName":"Test Product","quantity":2,"price":10.0,"order":{"id":1,"customerName":"Test Customer","customerEmail":"test@example.com","status":"PENDING","createdAt":null,"updatedAt":null,"items":[{"id":1,"productName":"Test Product","quantity":2,"price":10.0,"order":{"id":1,"customerName":"Test Customer","customerEmail":"test@example.com","status":"PENDING","createdAt":null,"updatedAt":null,"items":[{"id":1,"productName":"Test Product","quantity":2,"price":10.0,"order":{"id":1,"customerName":"Test Customer","customerEmail":"test@example.com","status":"PENDING","createdAt":null,"updatedAt":null,"items":[{"id":1,"productName":"Test Product","quantity":2,"price":10.0,"order":{"id":1,"customerName":"Test Customer","customerEmail":"test@example.com","status":"PENDING","createdAt":null,"updatedAt":null,"items":[{"id":1,"productName":"Test Product","quantity":2,"price":10.0,"order":{"id":1,"customerName":"Test Customer","customerEmail":"test@example.com","status":"PENDING","createdAt":null,"updatedAt":null,"items":[{"id":1,"productName":"Test Product","quantity":2,"price":10.0,"order":{"id":1,"customerName":"Test Customer","customerEmail":"test@example.com","status":"PENDING","createdAt":null,"updatedAt":null,"items":[{"id":1,"productName":"Test Product","quantity":2,"price":10.0,"order":{"id":1,"customerName":"Test Customer","customerEmail":"test@example.com","status":"PENDING","createdAt":null,"updatedAt":null,"items":[{"id":1,"productName":"Test Product","quantity":2,"price":10.0,"order":{"id":1,"customerName":"Test Customer","customerEmail":"test@example.com","status":"PENDING","createdAt":null,"updatedAt":null,"items":[{"id":1,"productName":"Test Product","quantity":2,"price":10.0,"order":{"id":1,"customerName":"Test Customer","customerEmail":"test@example.com","status":"PENDING","createdAt":null,"updatedAt":null,"items":[{"id":1,"productName":"Test Product","quantity":2,"price":10.0,"order":{"id":1,"customerName":"Test Customer","customerEmail":"test@example.com","status":"PENDING","createdAt":null,"updatedAt":null,"items":[{"id":1,"productName":"Test Product","quantity":2,"price":10.0,"order":{"id":1,"customerName":"Test Customer","customerEmail":"test@example.com","status":"PENDING","createdAt":null,"updatedAt":null,"items":[{"id":1,"productName":"Test Product","quantity":2,"price":10.0,"order":{"id":1,"customerName":"Test Customer","customerEmail":"test@example.com","status":"PENDING","createdAt":null,"updatedAt":null,"items":[{"id":1,"productName":"Test Product","quantity":2,"price":10.0,"order":{"id":1,"customerName":"Test Customer","customerEmail":"test@example.com","status":"PENDING","createdAt":null,"updatedAt":null,"items":[{"id":1,"productName":"Test Product","quantity":2,"price":10.0,"order":{"id":1,"customerName":"Test Customer","customerEmail":"test@example.com","status":"PENDING","createdAt":null,"updatedAt":null,"items":[{"id":1,"productName":"Test Product","quantity":2,"price":10.0,"order":{"id":1,"customerName":"Test Customer","customerEmail":"test@example.com","status":"PENDING","createdAt":null,"updatedAt":null,"items":[{"id":1,"productName":"Test Product","quantity":2,"price":10.0,"order":{"id":1,"customerName":"Test Customer","customerEmail":"test@example.com","status":"PENDING","createdAt":null,"updatedAt":null,"items":[{"id":1,"productName":"Test Product","quantity":2,"price":10.0,"order":{"id":1,"customerName":"Test Customer","customerEmail":"test@example.com","status":"PENDING","createdAt":null,"updatedAt":null,"items":[{"id":1,"productName":"Test Product","quantity":2,"price":10.0,"order":{"id":1,"customerName":"Test Customer","customerEmail":"test@example.com","status":"PENDING","createdAt":null,"updatedAt":null,"items":[{"id":1,"productName":"Test Product","quantity":2,"price":10.0,"order":{"id":1,"customerName":"Test Customer","customerEmail":"test@example.com","status":"PENDING","createdAt":null,"updatedAt":null,"items":[{"id":1,"productName":"Test Product","quantity":2,"price":10.0,"order":{"id":1,"customerName":"Test Customer","customerEmail":"test@example.com","status":"PENDING","createdAt":null,"updatedAt":null,"items":[{"id":1,"productName":"Test Product","quantity":2,"price":10.0,"order":{"id":1,"customerName":"Test Customer","customerEmail":"test@example.com","status":"PENDING","createdAt":null,"updatedAt":null,"items":[{"id":1,"productName":"Test Product","quantity":2,"price":10.0,"order":{"id":1,"customerName":"Test Customer","customerEmail":"test@example.com","status":"PENDING","createdAt":null,"updatedAt":null,"items":[{"id":1,"productName":"Test Product","quantity":2,"price":10.0,"order":{"id":1,"customerName":"Test Customer","customerEmail":"test@example.com","status":"PENDING","createdAt":null,"updatedAt":null,"items":[{"id":1,"productName":"Test Product","quantity":2,"price":10.0,"order":{"id":1,"customerName":"Test Customer","customerEmail":"test@example.com","status":"PENDING","createdAt":null,"updatedAt":null,"items":[{"id":1,"productName":"Test Product","quantity":2,"price":10.0,"order":{"id":1,"customerName":"Test Customer","customerEmail":"test@example.com","status":"PENDING","createdAt":null,"updatedAt":null,"items":[{"id":1,"productName":"Test Product","quantity":2,"price":10.0,"order":{"id":1,"customerName":"Test Customer","customerEmail":"test@example.com","status":"PENDING","createdAt":null,"updatedAt":null,"items":[{"id":1,"productName":"Test Product","quantity":2,"price":10.0,"order":{"id":1,"customerName":"Test Customer","customerEmail":"test@example.com","status":"PENDING","createdAt":null,"updatedAt":null,"items":[{"id":1,"productName":"Test Product","quantity":2,"price":10.0,"order":{"id":1,"customerName":"Test Customer","customerEmail":"test@example.com","status":"PENDING","createdAt":null,"updatedAt":null,"items":[{"id":1,"productName":"Test Product","quantity":2,"price":10.0,"order":{"id":1,"customerName":"Test Customer","customerEmail":"test@example.com","status":"PENDING","createdAt":null,"updatedAt":null,"items":[{"id":1,"productName":"Test Product","quantity":2,"price":10.0,"order":{"id":1,"customerName":"Test Customer","customerEmail":"test@example.com","status":"PENDING","createdAt":null,"updatedAt":null,"items":[{"id":1,"productName":"Test Product","quantity":2,"price":10.0,"order":{"id":1,"customerName":"Test Customer","customerEmail":"test@example.com","status":"PENDING","createdAt":null,"updatedAt":null,"items":[{"id":1,"productName":"Test Product","quantity":2,"price":10.0,"order":{"id":1,"customerName":"Test Customer","customerEmail":"test@example.com","status":"PENDING","createdAt":null,"updatedAt":null,"items":[{"id":1,"productName":"Test Product","quantity":2,"price":10.0,"order":{"id":1,"customerName":"Test Customer","customerEmail":"test@example.com","status":"PENDING","createdAt":null,"updatedAt":null,"items":[{"id":1,"productName":"Test Product","quantity":2,"price":10.0,"order":{"id":1,"customerName":"Test Customer","customerEmail":"test@example.com","status":"PENDING","createdAt":null,"updatedAt":null,"items":[{"id":1,"productName":"Test Product","quantity":2,"price":10.0,"order":{"id":1,"customerName":"Test Customer","customerEmail":"test@example.com","status":"PENDING","createdAt":null,"updatedAt":null,"items":[{"id":1,"productName":"Test Product","quantity":2,"price":10.0,"order":{"id":1,"customerName":"Test Customer","customerEmail":"test@example.com","status":"PENDING","createdAt":null,"updatedAt":null,"items":[{"id":1,"productName":"Test Product","quantity":2,"price":10.0,"order":{"id":1,"customerName":"Test Customer","customerEmail":"test@example.com","status":"PENDING","createdAt":null,"updatedAt":null,"items":[{"id":1,"productName":"Test Product","quantity":2,"price":10.0,"order":{"id":1,"customerName":"Test Customer","customerEmail":"test@example.com","status":"PENDING","createdAt":null,"updatedAt":null,"items":[{"id":1,"productName":"Test Product","quantity":2,"price":10.0,"order":{"id":1,"customerName":"Test Customer","customerEmail":"test@example.com","status":"PENDING","createdAt":null,"updatedAt":null,"items":[{"id":1,"productName":"Test Product","quantity":2,"price":10.0,"order":{"id":1,"customerName":"Test Customer","customerEmail":"test@example.com","status":"PENDING","createdAt":null,"updatedAt":null,"items":[{"id":1,"productName":"Test Product","quantity":2,"price":10.0,"order":{"id":1,"customerName":"Test Customer","customerEmail":"test@example.com","status":"PENDING","createdAt":null,"updatedAt":null,"items":[{"id":1,"productName":"Test Product","quantity":2,"price":10.0,"order":{"id":1,"customerName":"Test Customer","customerEmail":"test@example.com","status":"PENDING","createdAt":null,"updatedAt":null,"items":[{"id":1,"productName":"Test Product","quantity":2,"price":10.0,"order":{"id":1,"customerName":"Test Customer","customerEmail":"test@example.com","status":"PENDING","createdAt":null,"updatedAt":null,"items":[{"id":1,"productName":"Test Product","quantity":2,"price":10.0,"order":{"id":1,"customerName":"Test Customer","customerEmail":"test@example.com","status":"PENDING","createdAt":null,"updatedAt":null,"items":[{"id":1,"productName":"Test Product","quantity":2,"price":10.0,"order":{"id":1,"customerName":"Test Customer","customerEmail":"test@example.com","status":"PENDING","createdAt":null,"updatedAt":null,"items":[{"id":1,"productName":"Test Product","quantity":2,"price":10.0,"order":{"id":1,"customerName":"Test Customer","customerEmail":"test@example.com","status":"PENDING","createdAt":null,"updatedAt":null,"items":[{"id":1,"productName":"Test Product","quantity":2,"price":10.0,"order":{"id":1,"customerName":"Test Customer","customerEmail":"test@example.com","status":"PENDING","createdAt":null,"updatedAt":null,"items":[{"id":1,"productName":"Test Product","quantity":2,"price":10.0,"order":{"id":1,"customerName":"Test Customer","customerEmail":"test@example.com","status":"PENDING","createdAt":null,"updatedAt":null,"items":[{"id":1,"productName":"Test Product","quantity":2,"price":10.0,"order":{"id":1,"customerName":"Test Customer","customerEmail":"test@example.com","status":"PENDING","createdAt":null,"updatedAt":null,"items":[{"id":1,"productName":"Test Product","quantity":2,"price":10.0,"order":{"id":1,"customerName":"Test Customer","customerEmail":"test@example.com","status":"PENDING","createdAt":null,"updatedAt":null,"items":[{"id":1,"productName":"Test Product","quantity":2,"price":10.0,"order":{"id":1,"customerName":"Test Customer","customerEmail":"test@example.com","status":"PENDING","createdAt":null,"updatedAt":null,"items":[{"id":1,"productName":"Test Product","quantity":2,"price":10.0,"order":{"id":1,"customerName":"Test Customer","customerEmail":"test@example.com","status":"PENDING","createdAt":null,"updatedAt":null,"items":[{"id":1,"productName":"Test Product","quantity":2,"price":10.0,"order":{"id":1,"customerName":"Test Customer","customerEmail":"test@example.com","status":"PENDING","createdAt":null,"updatedAt":null,"items":[{"id":1,"productName":"Test Product","quantity":2,"price":10.0,"order":{"id":1,"customerName":"Test Customer","customerEmail":"test@example.com","status":"PENDING","createdAt":null,"updatedAt":null,"items":[{"id":1,"productName":"Test Product","quantity":2,"price":10.0,"order":{"id":1,"customerName":"Test Customer","customerEmail":"test@example.com","status":"PENDING","createdAt":null,"updatedAt":null,"items":[{"id":1,"productName":"Test Product","quantity":2,"price":10.0,"order":{"id":1,"customerName":"Test Customer","customerEmail":"test@example.com","status":"PENDING","createdAt":null,"updatedAt":null,"items":[{"id":1,"productName":"Test Product","quantity":2,"price":10.0,"order":{"id":1,"customerName":"Test Customer","customerEmail":"test@example.com","status":"PENDING","createdAt":null,"updatedAt":null,"items":[{"id":1,"productName":"Test Product","quantity":2,"price":10.0,"order":{"id":1,"customerName":"Test Customer","customerEmail":"test@example.com","status":"PENDING","createdAt":null,"updatedAt":null,"items":[{"id":1,"productName":"Test Product","quantity":2,"price":10.0,"order":{"id":1,"customerName":"Test Customer","customerEmail":"test@example.com","status":"PENDING","createdAt":null,"updatedAt":null,"items":[{"id":1,"productName":"Test Product","quantity":2,"price":10.0,"order":{"id":1,"customerName":"Test Customer","customerEmail":"test@example.com","status":"PENDING","createdAt":null,"updatedAt":null,"items":[{"id":1,"productName":"Test Product","quantity":2,"price":10.0,"order":{"id":1,"customerName":"Test Customer","customerEmail":"test@example.com","status":"PENDING","createdAt":null,"updatedAt":null,"items":[{"id":1,"productName":"Test Product","quantity":2,"price":10.0,"order":{"id":1,"customerName":"Test Customer","customerEmail":"test@example.com","status":"PENDING","createdAt":null,"updatedAt":null,"items":[{"id":1,"productName":"Test Product","quantity":2,"price":10.0,"order":{"id":1,"customerName":"Test Customer","customerEmail":"test@example.com","status":"PENDING","createdAt":null,"updatedAt":null,"items":[{"id":1,"productName":"Test Product","quantity":2,"price":10.0,"order":{"id":1,"customerName":"Test Customer","customerEmail":"test@example.com","status":"PENDING","createdAt":null,"updatedAt":null,"items":[{"id":1,"productName":"Test Product","quantity":2,"price":10.0,"order":{"id":1,"customerName":"Test Customer","customerEmail":"test@example.com","status":"PENDING","createdAt":null,"updatedAt":null,"items":[{"id":1,"productName":"Test Product","quantity":2,"price":10.0,"order":{"id":1,"customerName":"Test Customer","customerEmail":"test@example.com","status":"PENDING","createdAt":null,"updatedAt":null,"items":[{"id":1,"productName":"Test Product","quantity":2,"price":10.0,"order":{"id":1,"customerName":"Test Customer","customerEmail":"test@example.com","status":"PENDING","createdAt":null,"updatedAt":null,"items":[{"id":1,"productName":"Test Product","quantity":2,"price":10.0,"order":{"id":1,"customerName":"Test Customer","customerEmail":"test@example.com","status":"PENDING","createdAt":null,"updatedAt":null,"items":[{"id":1,"productName":"Test Product","quantity":2,"price":10.0,"order":{"id":1,"customerName":"Test Customer","customerEmail":"test@example.com","status":"PENDING","createdAt":null,"updatedAt":null,"items":[{"id":1,"productName":"Test Product","quantity":2,"price":10.0,"order":{"id":1,"customerName":"Test Customer","customerEmail":"test@example.com","status":"PENDING","createdAt":null,"updatedAt":null,"items":[{"id":1,"productName":"Test Product","quantity":2,"price":10.0,"order":{"id":1,"customerName":"Test Customer","customerEmail":"test@example.com","status":"PENDING","createdAt":null,"updatedAt":null,"items":[{"id":1,"productName":"Test Product","quantity":2,"price":10.0,"order":{"id":1,"customerName":"Test Customer","customerEmail":"test@example.com","status":"PENDING","createdAt":null,"updatedAt":null,"items":[{"id":1,"productName":"Test Product","quantity":2,"price":10.0,"order":{"id":1,"customerName":"Test Customer","customerEmail":"test@example.com","status":"PENDING","createdAt":null,"updatedAt":null,"items":[{"id":1,"productName":"Test Product","quantity":2,"price":10.0,"order":{"id":1,"customerName":"Test Customer","customerEmail":"test@example.com","status":"PENDING","createdAt":null,"updatedAt":null,"items":[{"id":1,"productName":"Test Product","quantity":2,"price":10.0,"order":{"id":1,"customerName":"Test Customer","customerEmail":"test@example.com","status":"PENDING","createdAt":null,"updatedAt":null,"items":[{"id":1,"productName":"Test Product","quantity":2,"price":10.0,"order":{"id":1,"customerName":"Test Customer","customerEmail":"test@example.com","status":"PENDING","createdAt":null,"updatedAt":null,"items":[{"id":1,"productName":"Test Product","quantity":2,"price":10.0,"order":{"id":1,"customerName":"Test Customer","customerEmail":"test@example.com","status":"PENDING","createdAt":null,"updatedAt":null,"items":[{"id":1,"productName":"Test Product","quantity":2,"price":10.0,"order":{"id":1,"customerName":"Test Customer","customerEmail":"test@example.com","status":"PENDING","createdAt":null,"updatedAt":null,"items":[{"id":1,"productName":"Test Product","quantity":2,"price":10.0,"order":{"id":1,"customerName":"Test Customer","customerEmail":"test@example.com","status":"PENDING","createdAt":null,"updatedAt":null,"items":[{"id":1,"productName":"Test Product","quantity":2,"price":10.0,"order":{"id":1,"customerName":"Test Customer","customerEmail":"test@example.com","status":"PENDING","createdAt":null,"updatedAt":null,"items":[{"id":1,"productName":"Test Product","quantity":2,"price":10.0,"order":{"id":1,"customerName":"Test Customer","customerEmail":"test@example.com","status":"PENDING","createdAt":null,"updatedAt":null,"items":[{"id":1,"productName":"Test Product","quantity":2,"price":10.0,"order":{"id":1,"customerName":"Test Customer","customerEmail":"test@example.com","status":"PENDING","createdAt":null,"updatedAt":null,"items":[{"id":1,"productName":"Test Product","quantity":2,"price":10.0,"order":{"id":1,"customerName":"Test Customer","customerEmail":"test@example.com","status":"PENDING","createdAt":null,"updatedAt":null,"items":[{"id":1,"productName":"Test Product","quantity":2,"price":10.0,"order":{"id":1,"customerName":"Test Customer","customerEmail":"test@example.com","status":"PENDING","createdAt":null,"updatedAt":null,"items":[{"id":1,"productName":"Test Product","quantity":2,"price":10.0,"order":{"id":1,"customerName":"Test Customer","customerEmail":"test@example.com","status":"PENDING","createdAt":null,"updatedAt":null,"items":[{"id":1,"productName":"Test Product","quantity":2,"price":10.0,"order":{"id":1,"customerName":"Test Customer","customerEmail":"test@example.com","status":"PENDING","createdAt":null,"updatedAt":null,"items":[{"id":1,"productName":"Test Product","quantity":2,"price":10.0,"order":{"id":1,"customerName":"Test Customer","customerEmail":"test@example.com","status":"PENDING","createdAt":null,"updatedAt":null,"items":[{"id":1,"productName":"Test Product","quantity":2,"price":10.0,"order":{"id":1,"customerName":"Test Customer","customerEmail":"test@example.com","status":"PENDING","createdAt":null,"updatedAt":null,"items":[{"id":1,"productName":"Test Product","quantity":2,"price":10.0,"order":{"id":1,"customerName":"Test Customer","customerEmail":"test@example.com","status":"PENDING","createdAt":null,"updatedAt":null,"items":[{"id":1,"productName":"Test Product","quantity":2,"price":10.0,"order":{"id":1,"customerName":"Test Customer","customerEmail":"test@example.com","status":"PENDING","createdAt":null,"updatedAt":null,"items":[{"id":1,"productName":"Test Product","quantity":2,"price":10.0,"order":{"id":1,"customerName":"Test Customer","customerEmail":"test@example.com","status":"PENDING","createdAt":null,"updatedAt":null,"items":[{"id":1,"productName":"Test Product","quantity":2,"price":10.0,"order":{"id":1,"customerName":"Test Customer","customerEmail":"test@example.com","status":"PENDING","createdAt":null,"updatedAt":null,"items":[{"id":1,"productName":"Test Product","quantity":2,"price":10.0,"order":{"id":1,"customerName":"Test Customer","customerEmail":"test@example.com","status":"PENDING","createdAt":null,"updatedAt":null,"items":[{"id":1,"productName":"Test Product","quantity":2,"price":10.0,"order":{"id":1,"customerName":"Test Customer","customerEmail":"test@example.com","status":"PENDING","createdAt":null,"updatedAt":null,"items":[{"id":1,"productName":"Test Product","quantity":2,"price":10.0,"order":{"id":1,"customerName":"Test Customer","customerEmail":"test@example.com","status":"PENDING","createdAt":null,"updatedAt":null,"items":[{"id":1,"productName":"Test Product","quantity":2,"price":10.0,"order":{"id":1,"customerName":"Test Customer","customerEmail":"test@example.com","status":"PENDING","createdAt":null,"updatedAt":null,"items":[{"id":1,"productName":"Test Product","quantity":2,"price":10.0,"order":{"id":1,"customerName":"Test Customer","customerEmail":"test@example.com","status":"PENDING","createdAt":null,"updatedAt":null,"items":[{"id":1,"productName":"Test Product","quantity":2,"price":10.0,"order":{"id":1,"customerName":"Test Customer","customerEmail":"test@example.com","status":"PENDING","createdAt":null,"updatedAt":null,"items":[{"id":1,"productName":"Test Product","quantity":2,"price":10.0,"order":{"id":1,"customerName":"Test Customer","customerEmail":"test@example.com","status":"PENDING","createdAt":null,"updatedAt":null,"items":[{"id":1,"productName":"Test Product","quantity":2,"price":10.0,"order":{"id":1,"customerName":"Test Customer","customerEmail":"test@example.com","status":"PENDING","createdAt":null,"updatedAt":null,"items":[{"id":1,"productName":"Test Product","quantity":2,"price":10.0,"order":{"id":1,"customerName":"Test Customer","customerEmail":"test@example.com","status":"PENDING","createdAt":null,"updatedAt":null,"items":[{"id":1,"productName":"Test Product","quantity":2,"price":10.0,"order":{"id":1,"customerName":"Test Customer","customerEmail":"test@example.com","status":"PENDING","createdAt":null,"updatedAt":null,"items":[{"id":1,"productName":"Test Product","quantity":2,"price":10.0,"order":{"id":1,"customerName":"Test Customer","customerEmail":"test@example.com","status":"PENDING","createdAt":null,"updatedAt":null,"items":[{"id":1,"productName":"Test Product","quantity":2,"price":10.0,"order":{"id":1,"customerName":"Test Customer","customerEmail":"test@example.com","status":"PENDING","createdAt":null,"updatedAt":null,"items":[{"id":1,"productName":"Test Product","quantity":2,"price":10.0,"order":{"id":1,"customerName":"Test Customer","customerEmail":"test@example.com","status":"PENDING","createdAt":null,"updatedAt":null,"items":[{"id":1,"productName":"Test Product","quantity":2,"price":10.0,"order":{"id":1,"customerName":"Test Customer","customerEmail":"test@example.com","status":"PENDING","createdAt":null,"updatedAt":null,"items":[{"id":1,"productName":"Test Product","quantity":2,"price":10.0,"order":{"id":1,"customerName":"Test Customer","customerEmail":"test@example.com","status":"PENDING","createdAt":null,"updatedAt":null,"items":[{"id":1,"productName":"Test Product","quantity":2,"price":10.0,"order":{"id":1,"customerName":"Test Customer","customerEmail":"test@example.com","status":"PENDING","createdAt":null,"updatedAt":null,"items":[{"id":1,"productName":"Test Product","quantity":2,"price":10.0,"order":{"id":1,"customerName":"Test Customer","customerEmail":"test@example.com","status":"PENDING","createdAt":null,"updatedAt":null,"items":[{"id":1,"productName":"Test Product","quantity":2,"price":10.0,"order":{"id":1,"customerName":"Test Customer","customerEmail":"test@example.com","status":"PENDING","createdAt":null,"updatedAt":null,"items":[{"id":1,"productName":"Test Product","quantity":2,"price":10.0,"order":{"id":1,"customerName":"Test Customer","customerEmail":"test@example.com","status":"PENDING","createdAt":null,"updatedAt":null,"items":[{"id":1,"productName":"Test Product","quantity":2,"price":10.0,"order":{"id":1,"customerName":"Test Customer","customerEmail":"test@example.com","status":"PENDING","createdAt":null,"updatedAt":null,"items":[{"id":1,"productName":"Test Product","quantity":2,"price":10.0,"order":{"id":1,"customerName":"Test Customer","customerEmail":"test@example.com","status":"PENDING","createdAt":null,"updatedAt":null,"items":[{"id":1,"productName":"Test Product","quantity":2,"price":10.0,"order":{"id":1,"customerName":"Test Customer","customerEmail":"test@example.com","status":"PENDING","createdAt":null,"updatedAt":null,"items":[{"id":1,"productName":"Test Product","quantity":2,"price":10.0,"order":{"id":1,"customerName":"Test Customer","customerEmail":"test@example.com","status":"PENDING","createdAt":null,"updatedAt":null,"items":[{"id":1,"productName":"Test Product","quantity":2,"price":10.0,"order":{"id":1,"customerName":"Test Customer","customerEmail":"test@example.com","status":"PENDING","createdAt":null,"updatedAt":null,"items":[{"id":1,"productName":"Test Product","quantity":2,"price":10.0,"order":{"id":1,"customerName":"Test Customer","customerEmail":"test@example.com","status":"PENDING","createdAt":null,"updatedAt":null,"items":[{"id":1,"productName":"Test Product","quantity":2,"price":10.0,"order":{"id":1,"customerName":"Test Customer","customerEmail":"test@example.com","status":"PENDING","createdAt":null,"updatedAt":null,"items":[{"id":1,"productName":"Test Product","quantity":2,"price":10.0,"order":{"id":1,"customerName":"Test Customer","customerEmail":"test@example.com","status":"PENDING","createdAt":null,"updatedAt":null,"items":[{"id":1,"productName":"Test Product","quantity":2,"price":10.0,"order":{"id":1,"customerName":"Test Customer","customerEmail":"test@example.com","status":"PENDING","createdAt":null,"updatedAt":null,"items":[{"id":1,"productName":"Test Product","quantity":2,"price":10.0,"order":{"id":1,"customerName":"Test Customer","customerEmail":"test@example.com","status":"PENDING","createdAt":null,"updatedAt":null,"items":[{"id":1,"productName":"Test Product","quantity":2,"price":10.0,"order":{"id":1,"customerName":"Test Customer","customerEmail":"test@example.com","status":"PENDING","createdAt":null,"updatedAt":null,"items":[{"id":1,"productName":"Test Product","quantity":2,"price":10.0,"order":{"id":1,"customerName":"Test Customer","customerEmail":"test@example.com","status":"PENDING","createdAt":null,"updatedAt":null,"items":[{"id":1,"productName":"Test Product","quantity":2,"price":10.0,"order":{"id":1,"customerName":"Test Customer","customerEmail":"test@example.com","status":"PENDING","createdAt":null,"updatedAt":null,"items":[{"id":1,"productName":"Test Product","quantity":2,"price":10.0,"order":{"id":1,"customerName":"Test Customer","customerEmail":"test@example.com","status":"PENDING","createdAt":null,"updatedAt":null,"items":[{"id":1,"productName":"Test Product","quantity":2,"price":10.0,"order":{"id":1,"customerName":"Test Customer","customerEmail":"test@example.com","status":"PENDING","createdAt":null,"updatedAt":null,"items":[{"id":1,"productName":"Test Product","quantity":2,"price":10.0,"order":{"id":1,"customerName":"Test Customer","customerEmail":"test@example.com","status":"PENDING","createdAt":null,"updatedAt":null,"items":[{"id":1,"productName":"Test Product","quantity":2,"price":10.0,"order":{"id":1,"customerName":"Test Customer","customerEmail":"test@example.com","status":"PENDING","createdAt":null,"updatedAt":null,"items":[{"id":1,"productName":"Test Product","quantity":2,"price":10.0,"order":{"id":1,"customerName":"Test Customer","customerEmail":"test@example.com","status":"PENDING","createdAt":null,"updatedAt":null,"items":[{"id":1,"productName":"Test Product","quantity":2,"price":10.0,"order":{"id":1,"customerName":"Test Customer","customerEmail":"test@example.com","status":"PENDING","createdAt":null,"updatedAt":null,"items":[{"id":1,"productName":"Test Product","quantity":2,"price":10.0,"order":{"id":1,"customerName":"Test Customer","customerEmail":"test@example.com","status":"PENDING","createdAt":null,"updatedAt":null,"items":[{"id":1,"productName":"Test Product","quantity":2,"price":10.0,"order":{"id":1,"customerName":"Test Customer","customerEmail":"test@example.com","status":"PENDING","createdAt":null,"updatedAt":null,"items":[{"id":1,"productName":"Test Product","quantity":2,"price":10.0,"order":{"id":1,"customerName":"Test Customer","customerEmail":"test@example.com","status":"PENDING","createdAt":null,"updatedAt":null,"items":[{"id":1,"productName":"Test Product","quantity":2,"price":10.0,"order":{"id":1,"customerName":"Test Customer","customerEmail":"test@example.com","status":"PENDING","createdAt":null,"updatedAt":null,"items":[{"id":1,"productName":"Test Product","quantity":2,"price":10.0,"order":{"id":1,"customerName":"Test Customer","customerEmail":"test@example.com","status":"PENDING","createdAt":null,"updatedAt":null,"items":[{"id":1,"productName":"Test Product","quantity":2,"price":10.0,"order":{"id":1,"customerName":"Test Customer","customerEmail":"test@example.com","status":"PENDING","createdAt":null,"updatedAt":null,"items":[{"id":1,"productName":"Test Product","quantity":2,"price":10.0,"order":{"id":1,"customerName":"Test Customer","customerEmail":"test@example.com","status":"PENDING","createdAt":null,"updatedAt":null,"items":[{"id":1,"productName":"Test Product","quantity":2,"price":10.0,"order":{"id":1,"customerName":"Test Customer","customerEmail":"test@example.com","status":"PENDING","createdAt":null,"updatedAt":null,"items":[{"id":1,"productName":"Test Product","quantity":2,"price":10.0,"order":{"id":1,"customerName":"Test Customer","customerEmail":"test@example.com","status":"PENDING","createdAt":null,"updatedAt":null,"items":[{"id":1,"productName":"Test Product","quantity":2,"price":10.0,"order":{"id":1,"customerName":"Test Customer","customerEmail":"test@example.com","status":"PENDING","createdAt":null,"updatedAt":null,"items":[{"id":1,"productName":"Test Product","quantity":2,"price":10.0,"order":{"id":1,"customerName":"Test Customer","customerEmail":"test@example.com","status":"PENDING","createdAt":null,"updatedAt":null,"items":[{"id":1,"productName":"Test Product","quantity":2,"price":10.0,"order":{"id":1,"customerName":"Test Customer","customerEmail":"test@example.com","status":"PENDING","createdAt":null,"updatedAt":null,"items":[{"id":1,"productName":"Test Product","quantity":2,"price":10.0,"order":{"id":1,"customerName":"Test Customer","customerEmail":"test@example.com","status":"PENDING","createdAt":null,"updatedAt":null,"items":[{"id":1,"productName":"Test Product","quantity":2,"price":10.0,"order":{"id":1,"customerName":"Test Customer","customerEmail":"test@example.com","status":"PENDING","createdAt":null,"updatedAt":null,"items":[{"id":1,"productName":"Test Product","quantity":2,"price":10.0,"order":{"id":1,"customerName":"Test Customer","customerEmail":"test@example.com","status":"PENDING","createdAt":null,"updatedAt":null,"items":[{"id":1,"productName":"Test Product","quantity":2,"price":10.0,"order":{"id":1,"customerName":"Test Customer","customerEmail":"test@example.com","status":"PENDING","createdAt":null,"updatedAt":null,"items":[{"id":1,"productName":"Test Product","quantity":2,"price":10.0,"order":{"id":1,"customerName":"Test Customer","customerEmail":"test@example.com","status":"PENDING","createdAt":null,"updatedAt":null,"items":[{"id":1,"productName":"Test Product","quantity":2,"price":10.0,"order":{"id":1,"customerName":"Test Customer","customerEmail":"test@example.com","status":"PENDING","createdAt":null,"updatedAt":null,"items":[{"id":1,"productName":"Test Product","quantity":2,"price":10.0,"order":{"id":1,"customerName":"Test Customer","customerEmail":"test@example.com","status":"PENDING","createdAt":null,"updatedAt":null,"items":[{"id":1,"productName":"Test Product","quantity":2,"price":10.0,"order":{"id":1,"customerName":"Test Customer","customerEmail":"test@example.com","status":"PENDING","createdAt":null,"updatedAt":null,"items":[{"id":1,"productName":"Test Product","quantity":2,"price":10.0,"order":{"id":1,"customerName":"Test Customer","customerEmail":"test@example.com","status":"PENDING","createdAt":null,"updatedAt":null,"items":[{"id":1,"productName":"Test Product","quantity":2,"price":10.0,"order":{"id":1,"customerName":"Test Customer","customerEmail":"test@example.com","status":"PENDING","createdAt":null,"updatedAt":null,"items":[{"id":1,"productName":"Test Product","quantity":2,"price":10.0,"order":{"id":1,"customerName":"Test Customer","customerEmail":"test@example.com","status":"PENDING","createdAt":null,"updatedAt":null,"items":[{"id":1,"productName":"Test Product","quantity":2,"price":10.0,"order":{"id":1,"customerName":"Test Customer","customerEmail":"test@example.com","status":"PENDING","createdAt":null,"updatedAt":null,"items":[{"id":1,"productName":"Test Product","quantity":2,"price":10.0,"order":{"id":1,"customerName":"Test Customer","customerEmail":"test@example.com","status":"PENDING","createdAt":null,"updatedAt":null,"items":[{"id":1,"productName":"Test Product","quantity":2,"price":10.0,"order":{"id":1,"customerName":"Test Customer","customerEmail":"test@example.com","status":"PENDING","createdAt":null,"updatedAt":null,"items":[{"id":1,"productName":"Test Product","quantity":2,"price":10.0,"order":{"id":1,"customerName":"Test Customer","customerEmail":"test@example.com","status":"PENDING","createdAt":null,"updatedAt":null,"items":[{"id":1,"productName":"Test Product","quantity":2,"price":10.0,"order":{"id":1,"customerName":"Test Customer","customerEmail":"test@example.com","status":"PENDING","createdAt":null,"updatedAt":null,"items":[{"id":1,"productName":"Test Product","quantity":2,"price":10.0,"order":{"id":1,"customerName":"Test Customer","customerEmail":"test@example.com","status":"PENDING","createdAt":null,"updatedAt":null,"items":[{"id":1,"productName":"Test Product","quantity":2,"price":10.0,"order":{"id":1,"customerName":"Test Customer","customerEmail":"test@example.com","status":"PENDING","createdAt":null,"updatedAt":null,"items":[{"id":1,"productName":"Test Product","quantity":2,"price":10.0,"order":{"id":1,"customerName":"Test Customer","customerEmail":"test@example.com","status":"PENDING","createdAt":null,"updatedAt":null,"items":[{"id":1,"productName":"Test Product","quantity":2,"price":10.0,"order":{"id":1,"customerName":"Test Customer","customerEmail":"test@example.com","status":"PENDING","createdAt":null,"updatedAt":null,"items":[{"id":1,"productName":"Test Product","quantity":2,"price":10.0,"order":{"id":1,"customerName":"Test Customer","customerEmail":"test@example.com","status":"PENDING","createdAt":null,"updatedAt":null,"items":[{"id":1,"productName":"Test Product","quantity":2,"price":10.0,"order":{"id":1,"customerName":"Test Customer","customerEmail":"test@example.com","status":"PENDING","createdAt":null,"updatedAt":null,"items":[{"id":1,"productName":"Test Product","quantity":2,"price":10.0,"order":{"id":1,"customerName":"Test Customer","customerEmail":"test@example.com","status":"PENDING","createdAt":null,"updatedAt":null,"items":[{"id":1,"productName":"Test Product","quantity":2,"price":10.0,"order":{"id":1,"customerName":"Test Customer","customerEmail":"test@example.com","status":"PENDING","createdAt":null,"updatedAt":null,"items":[{"id":1,"productName":"Test Product","quantity":2,"price":10.0,"order":{"id":1,"customerName":"Test Customer","customerEmail":"test@example.com","status":"PENDING","createdAt":null,"updatedAt":null,"items":[{"id":1,"productName":"Test Product","quantity":2,"price":10.0,"order":{"id":1,"customerName":"Test Customer","customerEmail":"test@example.com","status":"PENDING","createdAt":null,"updatedAt":null,"items":[{"id":1,"productName":"Test Product","quantity":2,"price":10.0,"order":{"id":1,"customerName":"Test Customer","customerEmail":"test@example.com","status":"PENDING","createdAt":null,"updatedAt":null,"items":[{"id":1,"productName":"Test Product","quantity":2,"price":10.0,"order":{"id":1,"customerName":"Test Customer","customerEmail":"test@example.com","status":"PENDING","createdAt":null,"updatedAt":null,"items":[{"id":1,"productName":"Test Product","quantity":2,"price":10.0,"order":{"id":1,"customerName":"Test Customer","customerEmail":"test@example.com","status":"PENDING","createdAt":null,"updatedAt":null,"items":[{"id":1,"productName":"Test Product","quantity":2,"price":10.0,"order":{"id":1,"customerName":"Test Customer","customerEmail":"test@example.com","status":"PENDING","createdAt":null,"updatedAt":null,"items":[{"id":1,"productName":"Test Product","quantity":2,"price":10.0,"order":{"id":1,"customerName":"Test Customer","customerEmail":"test@example.com","status":"PENDING","createdAt":null,"updatedAt":null,"items":[{"id":1,"productName":"Test Product","quantity":2,"price":10.0,"order":{"id":1,"customerName":"Test Customer","customerEmail":"test@example.com","status":"PENDING","createdAt":null,"updatedAt":null,"items":[{"id":1,"productName":"Test Product","quantity":2,"price":10.0,"order":{"id":1,"customerName":"Test Customer","customerEmail":"test@example.com","status":"PENDING","createdAt":null,"updatedAt":null,"items":[{"id":1,"productName":"Test Product","quantity":2,"price":10.0,"order":{"id":1,"customerName":"Test Customer","customerEmail":"test@example.com","status":"PENDING","createdAt":null,"updatedAt":null,"items":[{"id":1,"productName":"Test Product","quantity":2,"price":10.0,"order":{"id":1,"customerName":"Test Customer","customerEmail":"test@example.com","status":"PENDING","createdAt":null,"updatedAt":null,"items":[{"id":1,"productName":"Test Product","quantity":2,"price":10.0,"order":{"id":1,"customerName":"Test Customer","customerEmail":"test@example.com","status":"PENDING","createdAt":null,"updatedAt":null,"items":[{"id":1,"productName":"Test Product","quantity":2,"price":10.0,"order":{"id":1,"customerName":"Test Customer","customerEmail":"test@example.com","status":"PENDING","createdAt":null,"updatedAt":null,"items":[{"id":1,"productName":"Test Product","quantity":2,"price":10.0,"order":{"id":1,"customerName":"Test Customer","customerEmail":"test@example.com","status":"PENDING","createdAt":null,"updatedAt":null,"items":[{"id":1,"productName":"Test Product","quantity":2,"price":10.0,"order":{"id":1,"customerName":"Test Customer","customerEmail":"test@example.com","status":"PENDING","createdAt":null,"updatedAt":null,"items":[{"id":1,"productName":"Test Product","quantity":2,"price":10.0,"order":{"id":1,"customerName":"Test Customer","customerEmail":"test@example.com","status":"PENDING","createdAt":null,"updatedAt":null,"items":[{"id":1,"productName":"Test Product","quantity":2,"price":10.0,"order":{"id":1,"customerName":"Test Customer","customerEmail":"test@example.com","status":"PENDING","createdAt":null,"updatedAt":null,"items":[{"id":1,"productName":"Test Product","quantity":2,"price":10.0,"order":{"id":1,"customerName":"Test Customer","customerEmail":"test@example.com","status":"PENDING","createdAt":null,"updatedAt":null,"items":[{"id":1,"productName":"Test Product","quantity":2,"price":10.0,"order":{"id":1,"customerName":"Test Customer","customerEmail":"test@example.com","status":"PENDING","createdAt":null,"updatedAt":null,"items":[{"id":1,"productName":"Test Product","quantity":2,"price":10.0,"order":{"id":1,"customerName":"Test Customer","customerEmail":"test@example.com","status":"PENDING","createdAt":null,"updatedAt":null,"items":[{"id":1,"productName":"Test Product","quantity":2,"price":10.0,"order":{"id":1,"customerName":"Test Customer","customerEmail":"test@example.com","status":"PENDING","createdAt":null,"updatedAt":null,"items":[{"id":1,"productName":"Test Product","quantity":2,"price":10.0,"order":{"id":1,"customerName":"Test Customer","customerEmail":"test@example.com","status":"PENDING","createdAt":null,"updatedAt":null,"items":[{"id":1,"productName":"Test Product","quantity":2,"price":10.0,"order":{"id":1,"customerName":"Test Customer","customerEmail":"test@example.com","status":"PENDING","createdAt":null,"updatedAt":null,"items":[{"id":1,"productName":"Test Product","quantity":2,"price":10.0,"order":{"id":1,"customerName":"Test Customer","customerEmail":"test@example.com","status":"PENDING","createdAt":null,"updatedAt":null,"items":[{"id":1,"productName":"Test Product","quantity":2,"price":10.0,"order":{"id":1,"customerName":"Test Customer","customerEmail":"test@example.com","status":"PENDING","createdAt":null,"updatedAt":null,"items":[{"id":1,"productName":"Test Product","quantity":2,"price":10.0,"order":{"id":1,"customerName":"Test Customer","customerEmail":"test@example.com","status":"PENDING","createdAt":null,"updatedAt":null,"items":[{"id":1,"productName":"Test Product","quantity":2,"price":10.0,"order":{"id":1,"customerName":"Test Customer","customerEmail":"test@example.com","status":"PENDING","createdAt":null,"updatedAt":null,"items":[{"id":1,"productName":"Test Product","quantity":2,"price":10.0,"order":{"id":1,"customerName":"Test Customer","customerEmail":"test@example.com","status":"PENDING","createdAt":null,"updatedAt":null,"items":[{"id":1,"productName":"Test Product","quantity":2,"price":10.0,"order":{"id":1,"customerName":"Test Customer","customerEmail":"test@example.com","status":"PENDING","createdAt":null,"updatedAt":null,"items":[{"id":1,"productName":"Test Product","quantity":2,"price":10.0,"order":{"id":1,"customerName":"Test Customer","customerEmail":"test@example.com","status":"PENDING","createdAt":null,"updatedAt":null,"items":[{"id":1,"productName":"Test Product","quantity":2,"price":10.0,"order":{"id":1,"customerName":"Test Customer","customerEmail":"test@example.com","status":"PENDING","createdAt":null,"updatedAt":null,"items":[{"id":1,"productName":"Test Product","quantity":2,"price":10.0,"order":{"id":1,"customerName":"Test Customer","customerEmail":"test@example.com","status":"PENDING","createdAt":null,"updatedAt":null,"items":[{"id":1,"productName":"Test Product","quantity":2,"price":10.0,"order":{"id":1,"customerName":"Test Customer","customerEmail":"test@example.com","status":"PENDING","createdAt":null,"updatedAt":null,"items":[{"id":1,"productName":"Test Product","quantity":2,"price":10.0,"order":{"id":1,"customerName":"Test Customer","customerEmail":"test@example.com","status":"PENDING","createdAt":null,"updatedAt":null,"items":[{"id":1,"productName":"Test Product","quantity":2,"price":10.0,"order":{"id":1,"customerName":"Test Customer","customerEmail":"test@example.com","status":"PENDING","createdAt":null,"updatedAt":null,"items":[{"id":1,"productName":"Test Product","quantity":2,"price":10.0,"order":{"id":1,"customerName":"Test Customer","customerEmail":"test@example.com","status":"PENDING","createdAt":null,"updatedAt":null,"items":[{"id":1,"productName":"Test Product","quantity":2,"price":10.0,"order":{"id":1,"customerName":"Test Customer","customerEmail":"test@example.com","status":"PENDING","createdAt":null,"updatedAt":null,"items":[{"id":1,"productName":"Test Product","quantity":2,"price":10.0,"order":{"id":1,"customerName":"Test Customer","customerEmail":"test@example.com","status":"PENDING","createdAt":null,"updatedAt":null,"items":[{"id":1,"productName":"Test Product","quantity":2,"price":10.0,"order":{"id":1,"customerName":"Test Customer","customerEmail":"test@example.com","status":"PENDING","createdAt":null,"updatedAt":null,"items":[{"id":1,"productName":"Test Product","quantity":2,"price":10.0,"order":{"id":1,"customerName":"Test Customer","customerEmail":"test@example.com","status":"PENDING","createdAt":null,"updatedAt":null,"items":[{"id":1,"productName":"Test Product","quantity":2,"price":10.0,"order":{"id":1,"customerName":"Test Customer","customerEmail":"test@example.com","status":"PENDING","createdAt":null,"updatedAt":null,"items":[{"id":1,"productName":"Test Product","quantity":2,"price":10.0,"order":{"id":1,"customerName":"Test Customer","customerEmail":"test@example.com","status":"PENDING","createdAt":null,"updatedAt":null,"items":[{"id":1,"productName":"Test Product","quantity":2,"price":10.0,"order":{"id":1,"customerName":"Test Customer","customerEmail":"test@example.com","status":"PENDING","createdAt":null,"updatedAt":null,"items":[{"id":1,"productName":"Test Product","quantity":2,"price":10.0,"order":{"id":1,"customerName":"Test Customer","customerEmail":"test@example.com","status":"PENDING","createdAt":null,"updatedAt":null,"items":[{"id":1,"productName":"Test Product","quantity":2,"price":10.0,"order":{"id":1,"customerName":"Test Customer","customerEmail":"test@example.com","status":"PENDING","createdAt":null,"updatedAt":null,"items":[{"id":1,"productName":"Test Product","quantity":2,"price":10.0,"order":{"id":1,"customerName":"Test Customer","customerEmail":"test@example.com","status":"PENDING","createdAt":null,"updatedAt":null,"items":[{"id":1,"productName":"Test Product","quantity":2,"price":10.0,"order":{"id":1,"customerName":"Test Customer","customerEmail":"test@example.com","status":"PENDING","createdAt":null,"updatedAt":null,"items":[{"id":1,"productName":"Test Product","quantity":2,"price":10.0,"order":{"id":1,"customerName":"Test Customer","customerEmail":"test@example.com","status":"PENDING","createdAt":null,"updatedAt":null,"items":[{"id":1,"productName":"Test Product","quantity":2,"price":10.0,"order":{"id":1,"customerName":"Test Customer","customerEmail":"test@example.com","status":"PENDING","createdAt":null,"updatedAt":null,"items":[{"id":1,"productName":"Test Product","quantity":2,"price":10.0,"order":{"id":1,"customerName":"Test Customer","customerEmail":"test@example.com","status":"PENDING","createdAt":null,"updatedAt":null,"items":[{"id":1,"productName":"Test Product","quantity":2,"price":10.0,"order":{"id":1,"customerName":"Test Customer","customerEmail":"test@example.com","status":"PENDING","createdAt":null,"updatedAt":null,"items":[{"id":1,"productName":"Test Product","quantity":2,"price":10.0,"order":{"id":1,"customerName":"Test Customer","customerEmail":"test@example.com","status":"PENDING","createdAt":null,"updatedAt":null,"items":[{"id":1,"productName":"Test Product","quantity":2,"price":10.0,"order":{"id":1,"customerName":"Test Customer","customerEmail":"test@example.com","status":"PENDING","createdAt":null,"updatedAt":null,"items":[{"id":1,"productName":"Test Product","quantity":2,"price":10.0,"order":{"id":1,"customerName":"Test Customer","customerEmail":"test@example.com","status":"PENDING","createdAt":null,"updatedAt":null,"items":[{"id":1,"productName":"Test Product","quantity":2,"price":10.0,"order":{"id":1,"customerName":"Test Customer","customerEmail":"test@example.com","status":"PENDING","createdAt":null,"updatedAt":null,"items":[{"id":1,"productName":"Test Product","quantity":2,"price":10.0,"order":{"id":1,"customerName":"Test Customer","customerEmail":"test@example.com","status":"PENDING","createdAt":null,"updatedAt":null,"items":[{"id":1,"productName":"Test Product","quantity":2,"price":10.0,"order":{"id":1,"customerName":"Test Customer","customerEmail":"test@example.com","status":"PENDING","createdAt":null,"updatedAt":null,"items":[{"id":1,"productName":"Test Product","quantity":2,"price":10.0,"order":{"id":1,"customerName":"Test Customer","customerEmail":"test@example.com","status":"PENDING","createdAt":null,"updatedAt":null,"items":[{"id":1,"productName":"Test Product","quantity":2,"price":10.0,"order":{"id":1,"customerName":"Test Customer","customerEmail":"test@example.com","status":"PENDING","createdAt":null,"updatedAt":null,"items":[{"id":1,"productName":"Test Product","quantity":2,"price":10.0,"order":{"id":1,"customerName":"Test Customer","customerEmail":"test@example.com","status":"PENDING","createdAt":null,"updatedAt":null,"items":[{"id":1,"productName":"Test Product","quantity":2,"price":10.0,"order":{"id":1,"customerName":"Test Customer","customerEmail":"test@example.com","status":"PENDING","createdAt":null,"updatedAt":null,"items":[{"id":1,"productName":"Test Product","quantity":2,"price":10.0,"order":{"id":1,"customerName":"Test Customer","customerEmail":"test@example.com","status":"PENDING","createdAt":null,"updatedAt":null,"items":[{"id":1,"productName":"Test Product","quantity":2,"price":10.0,"order":{"id":1,"customerName":"Test Customer","customerEmail":"test@example.com","status":"PENDING","createdAt":null,"updatedAt":null,"items":[{"id":1,"productName":"Test Product","quantity":2,"price":10.0,"order":{"id":1,"customerName":"Test Customer","customerEmail":"test@example.com","status":"PENDING","createdAt":null,"updatedAt":null,"items":[{"id":1,"productName":"Test Product","quantity":2,"price":10.0,"order":{"id":1,"customerName":"Test Customer","customerEmail":"test@example.com","status":"PENDING","createdAt":null,"updatedAt":null,"items":[{"id":1,"productName":"Test Product","quantity":2,"price":10.0,"order":{"id":1,"customerName":"Test Customer","customerEmail":"test@example.com","status":"PENDING","createdAt":null,"updatedAt":null,"items":[{"id":1,"productName":"Test Product","quantity":2,"price":10.0,"order":{"id":1,"customerName":"Test Customer","customerEmail":"test@example.com","status":"PENDING","createdAt":null,"updatedAt":null,"items":[{"id":1,"productName":"Test Product","quantity":2,"price":10.0,"order":{"id":1,"customerName":"Test Customer","customerEmail":"test@example.com","status":"PENDING","createdAt":null,"updatedAt":null,"items":[{"id":1,"productName":"Test Product","quantity":2,"price":10.0,"order":{"id":1,"customerName":"Test Customer","customerEmail":"test@example.com","status":"PENDING","createdAt":null,"updatedAt":null,"items":[{"id":1,"productName":"Test Product","quantity":2,"price":10.0,"order":{"id":1,"customerName":"Test Customer","customerEmail":"test@example.com","status":"PENDING","createdAt":null,"updatedAt":null,"items":[{"id":1,"productName":"Test Product","quantity":2,"price":10.0,"order":{"id":1,"customerName":"Test Customer","customerEmail":"test@example.com","status":"PENDING","createdAt":null,"updatedAt":null,"items":[{"id":1,"productName":"Test Product","quantity":2,"price":10.0,"order":{"id":1,"customerName":"Test Customer","customerEmail":"test@example.com","status":"PENDING","createdAt":null,"updatedAt":null,"items":[{"id":1,"productName":"Test Product","quantity":2,"price":10.0,"order":{"id":1,"customerName":"Test Customer","customerEmail":"test@example.com","status":"PENDING","createdAt":null,"updatedAt":null,"items":[{"id":1,"productName":"Test Product","quantity":2,"price":10.0,"order":{"id":1,"customerName":"Test Customer","customerEmail":"test@example.com","status":"PENDING","createdAt":null,"updatedAt":null,"items":[{"id":1,"productName":"Test Product","quantity":2,"price":10.0,"order":{"id":1,"customerName":"Test Customer","customerEmail":"test@example.com","status":"PENDING","createdAt":null,"updatedAt":null,"items":[{"id":1,"productName":"Test Product","quantity":2,"price":10.0,"order":{"id":1,"customerName":"Test Customer","customerEmail":"test@example.com","status":"PENDING","createdAt":null,"updatedAt":null,"items":[{"id":1,"productName":"Test Product","quantity":2,"price":10.0,"order":{"id":1,"customerName":"Test Customer","customerEmail":"test@example.com","status":"PENDING","createdAt":null,"updatedAt":null,"items":[{"id":1,"productName":"Test Product","quantity":2,"price":10.0,"order":{"id":1,"customerName":"Test Customer","customerEmail":"test@example.com","status":"PENDING","createdAt":null,"updatedAt":null,"items":[{"id":1,"productName":"Test Product","quantity":2,"price":10.0,"order":{"id":1,"customerName":"Test Customer","customerEmail":"test@example.com","status":"PENDING","createdAt":null,"updatedAt":null,"items":[{"id":1,"productName":"Test Product","quantity":2,"price":10.0,"order":{"id":1,"customerName":"Test Customer","customerEmail":"test@example.com","status":"PENDING","createdAt":null,"updatedAt":null,"items":[{"id":1,"productName":"Test Product","quantity":2,"price":10.0,"order":{"id":1,"customerName":"Test Customer","customerEmail":"test@example.com","status":"PENDING","createdAt":null,"updatedAt":null,"items":[{"id":1,"productName":"Test Product","quantity":2,"price":10.0,"order":{"id":1,"customerName":"Test Customer","customerEmail":"test@example.com","status":"PENDING","createdAt":null,"updatedAt":null,"items":[{"id":1,"productName":"Test Product","quantity":2,"price":10.0,"order":{"id":1,"customerName":"Test Customer","customerEmail":"test@example.com","status":"PENDING","createdAt":null,"updatedAt":null,"items":[{"id":1,"productName":"Test Product","quantity":2,"price":10.0,"order":{"id":1,"customerName":"Test Customer","customerEmail":"test@example.com","status":"PENDING","createdAt":null,"updatedAt":null,"items":[{"id":1,"productName":"Test Product","quantity":2,"price":10.0,"order":{"id":1,"customerName":"Test Customer","customerEmail":"test@example.com","status":"PENDING","createdAt":null,"updatedAt":null,"items":[{"id":1,"productName":"Test Product","quantity":2,"price":10.0,"order":{"id":1,"customerName":"Test Customer","customerEmail":"test@example.com","status":"PENDING","createdAt":null,"updatedAt":null,"items":[{"id":1,"productName":"Test Product","quantity":2,"price":10.0,"order":{"id":1,"customerName":"Test Customer","customerEmail":"test@example.com","status":"PENDING","createdAt":null,"updatedAt":null,"items":[{"id":1,"productName":"Test Product","quantity":2,"price":10.0,"order":{"id":1,"customerName":"Test Customer","customerEmail":"test@example.com","status":"PENDING","createdAt":null,"updatedAt":null,"items":[{"id":1,"productName":"Test Product","quantity":2,"price":10.0,"order":{"id":1,"customerName":"Test Customer","customerEmail":"test@example.com","status":"PENDING","createdAt":null,"updatedAt":null,"items":[{"id":1,"productName":"Test Product","quantity":2,"price":10.0,"order":{"id":1,"customerName":"Test Customer","customerEmail":"test@example.com","status":"PENDING","createdAt":null,"updatedAt":null,"items":[{"id":1,"productName":"Test Product","quantity":2,"price":10.0,"order":{"id":1,"customerName":"Test Customer","customerEmail":"test@example.com","status":"PENDING","createdAt":null,"updatedAt":null,"items":[{"id":1,"productName":"Test Product","quantity":2,"price":10.0,"order":{"id":1,"customerName":"Test Customer","customerEmail":"test@example.com","status":"PENDING","createdAt":null,"updatedAt":null,"items":[{"id":1,"productName":"Test Product","quantity":2,"price":10.0,"order":{"id":1,"customerName":"Test Customer","customerEmail":"test@example.com","status":"PENDING","createdAt":null,"updatedAt":null,"items":[{"id":1,"productName":"Test Product","quantity":2,"price":10.0,"order":{"id":1,"customerName":"Test Customer","customerEmail":"test@example.com","status":"PENDING","createdAt":null,"updatedAt":null,"items":[{"id":1,"productName":"Test Product","quantity":2,"price":10.0,"order":{"id":1,"customerName":"Test Customer","customerEmail":"test@example.com","status":"PENDING","createdAt":null,"updatedAt":null,"items":[{"id":1,"productName":"Test Product","quantity":2,"price":10.0,"order":{"id":1,"customerName":"Test Customer","customerEmail":"test@example.com","status":"PENDING","createdAt":null,"updatedAt":null,"items":[{"id":1,"productName":"Test Product","quantity":2,"price":10.0,"order":{"id":1,"customerName":"Test Customer","customerEmail":"test@example.com","status":"PENDING","createdAt":null,"updatedAt":null,"items":[{"id":1,"productName":"Test Product","quantity":2,"price":10.0,"order":{"id":1,"customerName":"Test Customer","customerEmail":"test@example.com","status":"PENDING","createdAt":null,"updatedAt":null,"items":[{"id":1,"productName":"Test Product","quantity":2,"price":10.0,"order":{"id":1,"customerName":"Test Customer","customerEmail":"test@example.com","status":"PENDING","createdAt":null,"updatedAt":null,"items":[{"id":1,"productName":"Test Product","quantity":2,"price":10.0,"order":{"id":1,"customerName":"Test Customer","customerEmail":"test@example.com","status":"PENDING","createdAt":null,"updatedAt":null,"items":[{"id":1,"productName":"Test Product","quantity":2,"price":10.0,"order":{"id":1,"customerName":"Test Customer","customerEmail":"test@example.com","status":"PENDING","createdAt":null,"updatedAt":null,"items":[{"id":1,"productName":"Test Product","quantity":2,"price":10.0,"order":{"id":1,"customerName":"Test Customer","customerEmail":"test@example.com","status":"PENDING","createdAt":null,"updatedAt":null,"items":[{"id":1,"productName":"Test Product","quantity":2,"price":10.0,"order":{"id":1,"customerName":"Test Customer","customerEmail":"test@example.com","status":"PENDING","createdAt":null,"updatedAt":null,"items":[{"id":1,"productName":"Test Product","quantity":2,"price":10.0,"order":{"id":1,"customerName":"Test Customer","customerEmail":"test@example.com","status":"PENDING","createdAt":null,"updatedAt":null,"items":[{"id":1,"productName":"Test Product","quantity":2,"price":10.0,"order":{"id":1,"customerName":"Test Customer","customerEmail":"test@example.com","status":"PENDING","createdAt":null,"updatedAt":null,"items":[{"id":1,"productName":"Test Product","quantity":2,"price":10.0,"order":{"id":1,"customerName":"Test Customer","customerEmail":"test@example.com","status":"PENDING","createdAt":null,"updatedAt":null,"items":[{"id":1,"productName":"Test Product","quantity":2,"price":10.0,"order":{"id":1,"customerName":"Test Customer","customerEmail":"test@example.com","status":"PENDING","createdAt":null,"updatedAt":null,"items":[{"id":1,"productName":"Test Product","quantity":2,"price":10.0,"order":{"id":1,"customerName":"Test Customer","customerEmail":"test@example.com","status":"PENDING","createdAt":null,"updatedAt":null,"items":[{"id":1,"productName":"Test Product","quantity":2,"price":10.0,"order":{"id":1,"customerName":"Test Customer","customerEmail":"test@example.com","status":"PENDING","createdAt":null,"updatedAt":null,"items":[{"id":1,"productName":"Test Product","quantity":2,"price":10.0,"order":{"id":1,"customerName":"Test Customer","customerEmail":"test@example.com","status":"PENDING","createdAt":null,"updatedAt":null,"items":[{"id":1,"productName":"Test Product","quantity":2,"price":10.0,"order":{"id":1,"customerName":"Test Customer","customerEmail":"test@example.com","status":"PENDING","createdAt":null,"updatedAt":null,"items":[{"id":1,"productName":"Test Product","quantity":2,"price":10.0,"order":{"id":1,"customerName":"Test Customer","customerEmail":"test@example.com","status":"PENDING","createdAt":null,"updatedAt":null,"items":[{"id":1,"productName":"Test Product","quantity":2,"price":10.0,"order":{"id":1,"customerName":"Test Customer","customerEmail":"test@example.com","status":"PENDING","createdAt":null,"updatedAt":null,"items":[{"id":1,"productName":"Test Product","quantity":2,"price":10.0,"order":{"id":1,"customerName":"Test Customer","customerEmail":"test@example.com","status":"PENDING","createdAt":null,"updatedAt":null,"items":[{"id":1,"productName":"Test Product","quantity":2,"price":10.0,"order":{"id":1,"customerName":"Test Customer","customerEmail":"test@example.com","status":"PENDING","createdAt":null,"updatedAt":null,"items":[{"id":1,"productName":"Test Product","quantity":2,"price":10.0,"order":{"id":1,"customerName":"Test Customer","customerEmail":"test@example.com","status":"PENDING","createdAt":null,"updatedAt":null,"items":[{"id":1,"productName":"Test Product","quantity":2,"price":10.0,"order":{"id":1,"customerName":"Test Customer","customerEmail":"test@example.com","status":"PENDING","createdAt":null,"updatedAt":null,"items":[{"id":1,"productName":"Test Product","quantity":2,"price":10.0,"order":{"id":1,"customerName":"Test Customer","customerEmail":"test@example.com","status":"PENDING","createdAt":null,"updatedAt":null,"items":[{"id":1,"productName":"Test Product","quantity":2,"price":10.0,"order":{"id":1,"customerName":"Test Customer","customerEmail":"test@example.com","status":"PENDING","createdAt":null,"updatedAt":null,"items":[{"id":1,"productName":"Test Product","quantity":2,"price":10.0,"order":{"id":1,"customerName":"Test Customer","customerEmail":"test@example.com","status":"PENDING","createdAt":null,"updatedAt":null,"items":[{"id":1,"productName":"Test Product","quantity":2,"price":10.0,"order":{"id":1,"customerName":"Test Customer","customerEmail":"test@example.com","status":"PENDING","createdAt":null,"updatedAt":null,"items":[{"id":1,"productName":"Test Product","quantity":2,"price":10.0,"order":{"id":1,"customerName":"Test Customer","customerEmail":"test@example.com","status":"PENDING","createdAt":null,"updatedAt":null,"items":[{"id":1,"productName":"Test Product","quantity":2,"price":10.0,"order":{"id":1,"customerName":"Test Customer","customerEmail":"test@example.com","status":"PENDING","createdAt":null,"updatedAt":null,"items":[{"id":1,"productName":"Test Product","quantity":2,"price":10.0,"order":{"id":1,"customerName":"Test Customer","customerEmail":"test@example.com","status":"PENDING","createdAt":null,"updatedAt":null,"items":[{"id":1,"productName":"Test Product","quantity":2,"price":10.0,"order":{"id":1,"customerName":"Test Customer","customerEmail":"test@example.com","status":"PENDING","createdAt":null,"updatedAt":null,"items":[{"id":1,"productName":"Test Product","quantity":2,"price":10.0,"order":{"id":1,"customerName":"Test Customer","customerEmail":"test@example.com","status":"PENDING","createdAt":null,"updatedAt":null,"items":[{"id":1,"productName":"Test Product","quantity":2,"price":10.0,"order":{"id":1,"customerName":"Test Customer","customerEmail":"test@example.com","status":"PENDING","createdAt":null,"updatedAt":null,"items":[{"id":1,"productName":"Test Product","quantity":2,"price":10.0,"order":{"id":1,"customerName":"Test Customer","customerEmail":"test@example.com","status":"PENDING","createdAt":null,"updatedAt":null,"items":[{"id":1,"productName":"Test Product","quantity":2,"price":10.0,"order":{"id":1,"customerName":"Test Customer","customerEmail":"test@example.com","status":"PENDING","createdAt":null,"updatedAt":null,"items":[{"id":1,"productName":"Test Product","quantity":2,"price":10.0,"order":{"id":1,"customerName":"Test Customer","customerEmail":"test@example.com","status":"PENDING","createdAt":null,"updatedAt":null,"items":[{"id":1,"productName":"Test Product","quantity":2,"price":10.0,"order":{"id":1,"customerName":"Test Customer","customerEmail":"test@example.com","status":"PENDING","createdAt":null,"updatedAt":null,"items":[{"id":1,"productName":"Test Product","quantity":2,"price":10.0,"order":{"id":1,"customerName":"Test Customer","customerEmail":"test@example.com","status":"PENDING","createdAt":null,"updatedAt":null,"items":[{"id":1,"productName":"Test Product","quantity":2,"price":10.0,"order":{"id":1,"customerName":"Test Customer","customerEmail":"test@example.com","status":"PENDING","createdAt":null,"updatedAt":null,"items":[{"id":1,"productName":"Test Product","quantity":2,"price":10.0,"order":{"id":1,"customerName":"Test Customer","customerEmail":"test@example.com","status":"PENDING","createdAt":null,"updatedAt":null,"items":[{"id":1,"productName":"Test Product","quantity":2,"price":10.0,"order":{"id":1,"customerName":"Test Customer","customerEmail":"test@example.com","status":"PENDING","createdAt":null,"updatedAt":null,"items":[{"id":1,"productName":"Test Product","quantity":2,"price":10.0,"order":{"id":1,"customerName":"Test Customer","customerEmail":"test@example.com","status":"PENDING","createdAt":null,"updatedAt":null,"items":[{"id":1,"productName":"Test Product","quantity":2,"price":10.0,"order":{"id":1,"customerName":"Test Customer","customerEmail":"test@example.com","status":"PENDING","createdAt":null,"updatedAt":null,"items":[{"id":1,"productName":"Test Product","quantity":2,"price":10.0,"order":{"id":1,"customerName":"Test Customer","customerEmail":"test@example.com","status":"PENDING","createdAt":null,"updatedAt":null,"items":[{"id":1,"productName":"Test Product","quantity":2,"price":10.0,"order":{"id":1,"customerName":"Test Customer","customerEmail":"test@example.com","status":"PENDING","createdAt":null,"updatedAt":null,"items":[{"id":1,"productName":"Test Product","quantity":2,"price":10.0,"order":{"id":1,"customerName":"Test Customer","customerEmail":"test@example.com","status":"PENDING","createdAt":null,"updatedAt":null,"items":[{"id":1,"productName":"Test Product","quantity":2,"price":10.0,"order":{"id":1,"customerName":"Test Customer","customerEmail":"test@example.com","status":"PENDING","createdAt":null,"updatedAt":null,"items":[{"id":1,"productName":"Test Product","quantity":2,"price":10.0,"order":{"id":1,"customerName":"Test Customer","customerEmail":"test@example.com","status":"PENDING","createdAt":null,"updatedAt":null,"items":[{"id":1,"productName":"Test Product","quantity":2,"price":10.0,"order":{"id":1,"customerName":"Test Customer","customerEmail":"test@example.com","status":"PENDING","createdAt":null,"updatedAt":null,"items":[{"id":1,"productName":"Test Product","quantity":2,"price":10.0,"order":{"id":1,"customerName":"Test Customer","customerEmail":"test@example.com","status":"PENDING","createdAt":null,"updatedAt":null,"items":[{"id":1,"productName":"Test Product","quantity":2,"price":10.0,"order":{"id":1,"customerName":"Test Customer","customerEmail":"test@example.com","status":"PENDING","createdAt":null,"updatedAt":null,"items":[{"id":1,"productName":"Test Product","quantity":2,"price":10.0,"order":{"id":1,"customerName":"Test Customer","customerEmail":"test@example.com","status":"PENDING","createdAt":null,"updatedAt":null,"items":[{"id":1,"productName":"Test Product","quantity":2,"price":10.0,"order":{"id":1,"customerName":"Test Customer","customerEmail":"test@example.com","status":"PENDING","createdAt":null,"updatedAt":null,"items":[{"id":1,"productName":"Test Product","quantity":2,"price":10.0,"order":{"id":1,"customerName":"Test Customer","customerEmail":"test@example.com","status":"PENDING","createdAt":null,"updatedAt":null,"items":[{"id":1,"productName":"Test Product","quantity":2,"price":10.0,"order":{"id":1,"customerName":"Test Customer","customerEmail":"test@example.com","status":"PENDING","createdAt":null,"updatedAt":null,"items":[{"id":1,"productName":"Test Product","quantity":2,"price":10.0,"order":{"id":1,"customerName":"Test Customer","customerEmail":"test@example.com","status":"PENDING","createdAt":null,"updatedAt":null,"items":[{"id":1,"productName":"Test Product","quantity":2,"price":10.0,"order":{"id":1,"customerName":"Test Customer","customerEmail":"test@example.com","status":"PENDING","createdAt":null,"updatedAt":null,"items":[{"id":1,"productName":"Test Product","quantity":2,"price":10.0,"order":{"id":1,"customerName":"Test Customer","customerEmail":"test@example.com","status":"PENDING","createdAt":null,"updatedAt":null,"items":[{"id":1,"productName":"Test Product","quantity":2,"price":10.0,"order":{"id":1,"customerName":"Test Customer","customerEmail":"test@example.com","status":"PENDING","createdAt":null,"updatedAt":null,"items":[{"id":1,"productName":"Test Product","quantity":2,"price":10.0,"order":{"id":1,"customerName":"Test Customer","customerEmail":"test@example.com","status":"PENDING","createdAt":null,"updatedAt":null,"items":[{"id":1,"productName":"Test Product","quantity":2,"price":10.0,"order":{"id":1,"customerName":"Test Customer","customerEmail":"test@example.com","status":"PENDING","createdAt":null,"updatedAt":null,"items":[{"id":1,"productName":"Test Product","quantity":2,"price":10.0,"order":{"id":1,"customerName":"Test Customer","customerEmail":"test@example.com","status":"PENDING","createdAt":null,"updatedAt":null,"items":[{"id":1,"productName":"Test Product","quantity":2,"price":10.0,"order":{"id":1,"customerName":"Test Customer","customerEmail":"test@example.com","status":"PENDING","createdAt":null,"updatedAt":null,"items":[{"id":1,"productName":"Test Product","quantity":2,"price":10.0,"order":{"id":1,"customerName":"Test Customer","customerEmail":"test@example.com","status":"PENDING","createdAt":null,"updatedAt":null,"items":[{"id":1,"productName":"Test Product","quantity":2,"price":10.0,"order":{"id":1,"customerName":"Test Customer","customerEmail":"test@example.com","status":"PENDING","createdAt":null,"updatedAt":null,"items":[{"id":1,"productName":"Test Product","quantity":2,"price":10.0,"order":{"id":1,"customerName":"Test Customer","customerEmail":"test@example.com","status":"PENDING","createdAt":null,"updatedAt":null,"items":[{"id":1,"productName":"Test Product","quantity":2,"price":10.0,"order":{"id":1,"customerName":"Test Customer","customerEmail":"test@example.com","status":"PENDING","createdAt":null,"updatedAt":null,"items":[{"id":1,"productName":"Test Product","quantity":2,"price":10.0,"order":{"id":1,"customerName":"Test Customer","customerEmail":"test@example.com","status":"PENDING","createdAt":null,"updatedAt":null,"items":[{"id":1,"productName":"Test Product","quantity":2,"price":10.0,"order":{"id":1,"customerName":"Test Customer","customerEmail":"test@example.com","status":"PENDING","createdAt":null,"updatedAt":null,"items":[{"id":1,"productName":"Test Product","quantity":2,"price":10.0,"order":{"id":1,"customerName":"Test Customer","customerEmail":"test@example.com","status":"PENDING","createdAt":null,"updatedAt":null,"items":[{"id":1,"productName":"Test Product","quantity":2,"price":10.0,"order":{"id":1,"customerName":"Test Customer","customerEmail":"test@example.com","status":"PENDING","createdAt":null,"updatedAt":null,"items":[{"id":1,"productName":"Test Product","quantity":2,"price":10.0,"order":{"id":1,"customerName":"Test Customer","customerEmail":"test@example.com","status":"PENDING","createdAt":null,"updatedAt":null,"items":[{"id":1,"productName":"Test Product","quantity":2,"price":10.0,"order":{"id":1,"customerName":"Test Customer","customerEmail":"test@example.com","status":"PENDING","createdAt":null,"updatedAt":null,"items":[{"id":1,"productName":"Test Product","quantity":2,"price":10.0,"order":{"id":1,"customerName":"Test Customer","customerEmail":"test@example.com","status":"PENDING","createdAt":null,"updatedAt":null,"items":[{"id":1,"productName":"Test Product","quantity":2,"price":10.0,"order":{"id":1,"customerName":"Test Customer","customerEmail":"test@example.com","status":"PENDING","createdAt":null,"updatedAt":null,"items":[{"id":1,"productName":"Test Product","quantity":2,"price":10.0,"order":{"id":1,"customerName":"Test Customer","customerEmail":"test@example.com","status":"PENDING","createdAt":null,"updatedAt":null,"items":[{"id":1,"productName":"Test Product","quantity":2,"price":10.0,"order":{"id":1,"customerName":"Test Customer","customerEmail":"test@example.com","status":"PENDING","createdAt":null,"updatedAt":null,"items":[{"id":1,"productName":"Test Product","quantity":2,"price":10.0,"order":{"id":1,"customerName":"Test Customer","customerEmail":"test@example.com","status":"PENDING","createdAt":null,"updatedAt":null,"items":[{"id":1,"productName":"Test Product","quantity":2,"price":10.0,"order":{"id":1,"customerName":"Test Customer","customerEmail":"test@example.com","status":"PENDING","createdAt":null,"updatedAt":null,"items":[{"id":1,"productName":"Test Product","quantity":2,"price":10.0,"order":{"id":1,"customerName":"Test Customer","customerEmail":"test@example.com","status":"PENDING","createdAt":null,"updatedAt":null,"items":[{"id":1,"productName":"Test Product","quantity":2,"price":10.0,"order":{"id":1,"customerName":"Test Customer","customerEmail":"test@example.com","status":"PENDING","createdAt":null,"updatedAt":null,"items":[{"id":1,"productName":"Test Product","quantity":2,"price":10.0,"order":{"id":1,"customerName":"Test Customer","customerEmail":"test@example.com","status":"PENDING","createdAt":null,"updatedAt":null,"items":[{"id":1,"productName":"Test Product","quantity":2,"price":10.0,"order":{"id":1,"customerName":"Test Customer","customerEmail":"test@example.com","status":"PENDING","createdAt":null,"updatedAt":null,"items":[{"id":1,"productName":"Test Product","quantity":2,"price":10.0,"order":{"id":1,"customerName":"Test Customer","customerEmail":"test@example.com","status":"PENDING","createdAt":null,"updatedAt":null,"items":[{"id":1,"productName":"Test Product","quantity":2,"price":10.0,"order":{"id":1,"customerName":"Test Customer","customerEmail":"test@example.com","status":"PENDING","createdAt":null,"updatedAt":null,"items":[{"id":1,"productName":"Test Product","quantity":2,"price":10.0,"order":{"id":1,"customerName":"Test Customer","customerEmail":"test@example.com","status":"PENDING","createdAt":null,"updatedAt":null,"items":[{"id":1,"productName":"Test Product","quantity":2,"price":10.0,"order":{"id":1,"customerName":"Test Customer","customerEmail":"test@example.com","status":"PENDING","createdAt":null,"updatedAt":null,"items":[{"id":1,"productName":"Test Product","quantity":2,"price":10.0,"order":{"id":1,"customerName":"Test Customer","customerEmail":"test@example.com","status":"PENDING","createdAt":null,"updatedAt":null,"items":[{"id":1,"productName":"Test Product","quantity":2,"price":10.0,"order":{"id":1,"customerName":"Test Customer","customerEmail":"test@example.com","status":"PENDING","createdAt":null,"updatedAt":null,"items":[{"id":1,"productName":"Test Product","quantity":2,"price":10.0,"order":{"id":1,"customerName":"Test Customer","customerEmail":"test@example.com","status":"PENDING","createdAt":null,"updatedAt":null,"items":[{"id":1,"productName":"Test Product","quantity":2,"price":10.0,"order":{"id":1,"customerName":"Test Customer","customerEmail":"test@example.com","status":"PENDING","createdAt":null,"updatedAt":null,"items":[{"id":1,"productName":"Test Product","quantity":2,"price":10.0,"order":{"id":1,"customerName":"Test Customer","customerEmail":"test@example.com","status":"PENDING","createdAt":null,"updatedAt":null,"items":[{"id":1,"productName":"Test Product","quantity":2,"price":10.0,"order":{"id":1,"customerName":"Test Customer","customerEmail":"test@example.com","status":"PENDING","createdAt":null,"updatedAt":null,"items":[{"id":1,"productName":"Test Product","quantity":2,"price":10.0,"order":{"id":1,"customerName":"Test Customer","customerEmail":"test@example.com","status":"PENDING","createdAt":null,"updatedAt":null,"items":[{"id":1,"productName":"Test Product","quantity":2,"price":10.0,"order":{"id":1,"customerName":"Test Customer","customerEmail":"test@example.com","status":"PENDING","createdAt":null,"updatedAt":null,"items":[{"id":1,"productName":"Test Product","quantity":2,"price":10.0,"order":{"id":1,"customerName":"Test Customer","customerEmail":"test@example.com","status":"PENDING","createdAt":null,"updatedAt":null,"items":[{"id":1,"productName":"Test Product","quantity":2,"price":10.0,"order":{"id":1,"customerName":"Test Customer","customerEmail":"test@example.com","status":"PENDING","createdAt":null,"updatedAt":null,"items":[{"id":1,"productName":"Test Product","quantity":2,"price":10.0,"order":{"id":1,"customerName":"Test Customer","customerEmail":"test@example.com","status":"PENDING","createdAt":null,"updatedAt":null,"items":[{"id":1,"productName":"Test Product","quantity":2,"price":10.0,"order":{"id":1,"customerName":"Test Customer","customerEmail":"test@example.com","status":"PENDING","createdAt":null,"updatedAt":null,"items":[{"id":1,"productName":"Test Product","quantity":2,"price":10.0,"order":{"id":1,"customerName":"Test Customer","customerEmail":"test@example.com","status":"PENDING","createdAt":null,"updatedAt":null,"items":[{"id":1,"productName":"Test Product","quantity":2,"price":10.0,"order":{"id":1,"customerName":"Test Customer","customerEmail":"test@example.com","status":"PENDING","createdAt":null,"updatedAt":null,"items":[{"id":1,"productName":"Test Product","quantity":2,"price":10.0,"order":{"id":1,"customerName":"Test Customer","customerEmail":"test@example.com","status":"PENDING","createdAt":null,"updatedAt":null,"items":[{"id":1,"productName":"Test Product","quantity":2,"price":10.0,"order":{"id":1,"customerName":"Test Customer","customerEmail":"test@example.com","status":"PENDING","createdAt":null,"updatedAt":null,"items":[{"id":1,"productName":"Test Product","quantity":2,"price":10.0,"order":{"id":1,"customerName":"Test Customer","customerEmail":"test@example.com","status":"PENDING","createdAt":null,"updatedAt":null,"items":[{"id":1,"productName":"Test Product","quantity":2,"price":10.0,"order":{"id":1,"customerName":"Test Customer","customerEmail":"test@example.com","status":"PENDING","createdAt":null,"updatedAt":null,"items":[{"id":1,"productName":"Test Product","quantity":2,"price":10.0,"order":{"id":1,"customerName":"Test Customer","customerEmail":"test@example.com","status":"PENDING","createdAt":null,"updatedAt":null,"items":[{"id":1,"productName":"Test Product","quantity":2,"price":10.0,"order":{"id":1,"customerName":"Test Customer","customerEmail":"test@example.com","status":"PENDING","createdAt":null,"updatedAt":null,"items":[{"id":1,"productName":"Test Product","quantity":2,"price":10.0,"order":{"id":1,"customerName":"Test Customer","customerEmail":"test@example.com","status":"PENDING","createdAt":null,"updatedAt":null,"items":[{"id":1,"productName":"Test Product","quantity":2,"price":10.0,"order":{"id":1,"customerName":"Test Customer","customerEmail":"test@example.com","status":"PENDING","createdAt":null,"updatedAt":null,"items":[{"id":1,"productName":"Test Product","quantity":2,"price":10.0,"order":{"id":1,"customerName":"Test Customer","customerEmail":"test@example.com","status":"PENDING","createdAt":null,"updatedAt":null,"items":[{"id":1,"productName":"Test Product","quantity":2,"price":10.0,"order":{"id":1,"customerName":"Test Customer","customerEmail":"test@example.com","status":"PENDING","createdAt":null,"updatedAt":null,"items":[{"id":1,"productName":"Test Product","quantity":2,"price":10.0,"order":{"id":1,"customerName":"Test Customer","customerEmail":"test@example.com","status":"PENDING","createdAt":null,"updatedAt":null,"items":[{"id":1,"productName":"Test Product","quantity":2,"price":10.0,"order":{"id":1,"customerName":"Test Customer","customerEmail":"test@example.com","status":"PENDING","createdAt":null,"updatedAt":null,"items":[{"id":1,"productName":"Test Product","quantity":2,"price":10.0,"order":{"id":1,"customerName":"Test Customer","customerEmail":"test@example.com","status":"PENDING","createdAt":null,"updatedAt":null,"items":[{"id":1,"productName":"Test Product","quantity":2,"price":10.0,"order":{"id":1,"customerName":"Test Customer","customerEmail":"test@example.com","status":"PENDING","createdAt":null,"updatedAt":null,"items":[{"id":1,"productName":"Test Product","quantity":2,"price":10.0,"order":{"id":1,"customerName":"Test Customer","customerEmail":"test@example.com","status":"PENDING","createdAt":null,"updatedAt":null,"items":[{"id":1,"productName":"Test Product","quantity":2,"price":10.0,"order":{"id":1,"customerName":"Test Customer","customerEmail":"test@example.com","status":"PENDING","createdAt":null,"updatedAt":null,"items":[{"id":1,"productName":"Test Product","quantity":2,"price":10.0,"order":{"id":1,"customerName":"Test Customer","customerEmail":"test@example.com","status":"PENDING","createdAt":null,"updatedAt":null,"items":[{"id":1,"productName":"Test Product","quantity":2,"price":10.0,"order":{"id":1,"customerName":"Test Customer","customerEmail":"test@example.com","status":"PENDING","createdAt":null,"updatedAt":null,"items":[{"id":1,"productName":"Test Product","quantity":2,"price":10.0,"order":{"id":1,"customerName":"Test Customer","customerEmail":"test@example.com","status":"PENDING","createdAt":null,"updatedAt":null,"items":[{"id":1,"productName":"Test Product","quantity":2,"price":10.0,"order":{"id":1,"customerName":"Test Customer","customerEmail":"test@example.com","status":"PENDING","createdAt":null,"updatedAt":null,"items":[{"id":1,"productName":"Test Product","quantity":2,"price":10.0,"order":{"id":1,"customerName":"Test Customer","customerEmail":"test@example.com","status":"PENDING","createdAt":null,"updatedAt":null,"items":[{"id":1,"productName":"Test Product","quantity":2,"price":10.0,"order":{"id":1,"customerName":"Test Customer","customerEmail":"test@example.com","status":"PENDING","createdAt":null,"updatedAt":null,"items":[{"id":1,"productName":"Test Product","quantity":2,"price":10.0,"order":{"id":1,"customerName":"Test Customer","customerEmail":"test@example.com","status":"PENDING","createdAt":null,"updatedAt":null,"items":[{"id":1,"productName":"Test Product","quantity":2,"price":10.0,"order":{"id":1,"customerName":"Test Customer","customerEmail":"test@example.com","status":"PENDING","createdAt":null,"updatedAt":null,"items":[{"id":1,"productName":"Test Product","quantity":2,"price":10.0,"order":{"id":1,"customerName":"Test Customer","customerEmail":"test@example.com","status":"PENDING","createdAt":null,"updatedAt":null,"items":[{"id":1,"productName":"Test Product","quantity":2,"price":10.0,"order":{"id":1,"customerName":"Test Customer","customerEmail":"test@example.com","status":"PENDING","createdAt":null,"updatedAt":null,"items":[{"id":1,"productName":"Test Product","quantity":2,"price":10.0,"order":{"id":1,"customerName":"Test Customer","customerEmail":"test@example.com","status":"PENDING","createdAt":null,"updatedAt":null,"items":[{"id":1,"productName":"Test Product","quantity":2,"price":10.0,"order":{"id":1,"customerName":"Test Customer","customerEmail":"test@example.com","status":"PENDING","createdAt":null,"updatedAt":null,"items":[{"id":1,"productName":"Test Product","quantity":2,"price":10.0,"order":{"id":1,"customerName":"Test Customer","customerEmail":"test@example.com","status":"PENDING","createdAt":null,"updatedAt":null,"items":[{"id":1,"productName":"Test Product","quantity":2,"price":10.0,"order":{"id":1,"customerName":"Test Customer","customerEmail":"test@example.com","status":"PENDING","createdAt":null,"updatedAt":null,"items":[{"id":1,"productName":"Test Product","quantity":2,"price":10.0,"order":{"id":1,"customerName":"Test Customer","customerEmail":"test@example.com","status":"PENDING","createdAt":null,"updatedAt":null,"items":[{"id":1,"productName":"Test Product","quantity":2,"price":10.0,"order":{"id":1,"customerName":"Test Customer","customerEmail":"test@example.com","status":"PENDING","createdAt":null,"updatedAt":null,"items":[{"id":1,"productName":"Test Product","quantity":2,"price":10.0,"order":{"id":1,"customerName":"Test Customer","customerEmail":"test@example.com","status":"PENDING","createdAt":null,"updatedAt":null,"items":[{"id":1,"productName":"Test Product","quantity":2,"price":10.0,"order":{"id":1,"customerName":"Test Customer","customerEmail":"test@example.com","status":"PENDING","createdAt":null,"updatedAt":null,"items":[{"id":1,"productName":"Test Product","quantity":2,"price":10.0,"order":{"id":1,"customerName":"Test Customer","customerEmail":"test@example.com","status":"PENDING","createdAt":null,"updatedAt":null,"items":[{"id":1,"productName":"Test Product","quantity":2,"price":10.0,"order":{"id":1,"customerName":"Test Customer","customerEmail":"test@example.com","status":"PENDING","createdAt":null,"updatedAt":null,"items":[{"id":1,"productName":"Test Product","quantity":2,"price":10.0,"order":{"id":1,"customerName":"Test Customer","customerEmail":"test@example.com","status":"PENDING","createdAt":null,"updatedAt":null,"items":[{"id":1,"productName":"Test Product","quantity":2,"price":10.0,"order":{"id":1,"customerName":"Test Customer","customerEmail":"test@example.com","status":"PENDING","createdAt":null,"updatedAt":null,"items":[{"id":1,"productName":"Test Product","quantity":2,"price":10.0,"order":{"id":1,"customerName":"Test Customer","customerEmail":"test@example.com","status":"PENDING","createdAt":null,"updatedAt":null,"items":[{"id":1,"productName":"Test Product","quantity":2,"price":10.0,"order":{"id":1,"customerName":"Test Customer","customerEmail":"test@example.com","status":"PENDING","createdAt":null,"updatedAt":null,"items":[{"id":1,"productName":"Test Product","quantity":2,"price":10.0,"order":{"id":1,"customerName":"Test Customer","customerEmail":"test@example.com","status":"PENDING","createdAt":null,"updatedAt":null,"items":[{"id":1,"productName":"Test Product","quantity":2,"price":10.0,"order":{"id":1,"customerName":"Test Customer","customerEmail":"test@example.com","status":"PENDING","createdAt":null,"updatedAt":null,"items":[{"id":1,"productName":"Test Product","quantity":2,"price":10.0,"order":{"id":1,"customerName":"Test Customer","customerEmail":"test@example.com","status":"PENDING","createdAt":null,"updatedAt":null,"items":[{"id":1,"productName":"Test Product","quantity":2,"price":10.0,"order":{"id":1,"customerName":"Test Customer","customerEmail":"test@example.com","status":"PENDING","createdAt":null,"updatedAt":null,"items":[{"id":1,"productName":"Test Product","quantity":2,"price":10.0,"order":{"id":1,"customerName":"Test Customer","customerEmail":"test@example.com","status":"PENDING","createdAt":null,"updatedAt":null,"items":[{"id":1,"productName":"Test Product","quantity":2,"price":10.0,"order":{"id":1,"customerName":"Test Customer","customerEmail":"test@example.com","status":"PENDING","createdAt":null,"updatedAt":null,"items":[{"id":1,"productName":"Test Product","quantity":2,"price":10.0,"order":{"id":1,"customerName":"Test Customer","customerEmail":"test@example.com","status":"PENDING","createdAt":null,"updatedAt":null,"items":[{"id":1,"productName":"Test Product","quantity":2,"price":10.0,"order":{"id":1,"customerName":"Test Customer","customerEmail":"test@example.com","status":"PENDING","createdAt":null,"updatedAt":null,"items":[{"id":1,"productName":"Test Product","quantity":2,"price":10.0,"order":{"id":1,"customerName":"Test Customer","customerEmail":"test@example.com","status":"PENDING","createdAt":null,"updatedAt":null,"items":[{"id":1,"productName":"Test Product","quantity":2,"price":10.0,"order":{"id":1,"customerName":"Test Customer","customerEmail":"test@example.com","status":"PENDING","createdAt":null,"updatedAt":null,"items":[{"id":1,"productName":"Test Product","quantity":2,"price":10.0,"order":{"id":1,"customerName":"Test Customer","customerEmail":"test@example.com","status":"PENDING","createdAt":null,"updatedAt":null,"items":[{"id":1,"productName":"Test Product","quantity":2,"price":10.0,"order":{"id":1,"customerName":"Test Customer","customerEmail":"test@example.com","status":"PENDING","createdAt":null,"updatedAt":null,"items":[{"id":1,"productName":"Test Product","quantity":2,"price":10.0,"order":{"id":1,"customerName":"Test Customer","customerEmail":"test@example.com","status":"PENDING","createdAt":null,"updatedAt":null,"items":[{"id":1,"productName":"Test Product","quantity":2,"price":10.0,"order":{"id":1,"customerName":"Test Customer","customerEmail":"test@example.com","status":"PENDING","createdAt":null,"updatedAt":null,"items":[{"id":1,"productName":"Test Product","quantity":2,"price":10.0,"order":{"id":1,"customerName":"Test Customer","customerEmail":"test@example.com","status":"PENDING","createdAt":null,"updatedAt":null,"items":[{"id":1,"productName":"Test Product","quantity":2,"price":10.0,"order":{"id":1,"customerName":"Test Customer","customerEmail":"test@example.com","status":"PENDING","createdAt":null,"updatedAt":null,"items":[{"id":1,"productName":"Test Product","quantity":2,"price":10.0,"order":{"id":1,"customerName":"Test Customer","customerEmail":"test@example.com","status":"PENDING","createdAt":null,"updatedAt":null,"items":[{"id":1,"productName":"Test Product","quantity":2,"price":10.0,"order":{"id":1,"customerName":"Test Customer","customerEmail":"test@example.com","status":"PENDING","createdAt":null,"updatedAt":null,"items":[{"id":1,"productName":"Test Product","quantity":2,"price":10.0,"order":{"id":1,"customerName":"Test Customer","customerEmail":"test@example.com","status":"PENDING","createdAt":null,"updatedAt":null,"items":[{"id":1,"productName":"Test Product","quantity":2,"price":10.0,"order":{"id":1,"customerName":"Test Customer","customerEmail":"test@example.com","status":"PENDING","createdAt":null,"updatedAt":null,"items":[{"id":1,"productName":"Test Product","quantity":2,"price":10.0,"order":{"id":1,"customerName":"Test Customer","customerEmail":"test@example.com","status":"PENDING","createdAt":null,"updatedAt":null,"items":[{"id":1,"productName":"Test Product","quantity":2,"price":10.0,"order":{"id":1,"customerName":"Test Customer","customerEmail":"test@example.com","status":"PENDING","createdAt":null,"updatedAt":null,"items":[{"id":1,"productName":"Test Product","quantity":2,"price":10.0,"order":{"id":1,"customerName":"Test Customer","customerEmail":"test@example.com","status":"PENDING","createdAt":null,"updatedAt":null,"items":[{"id":1,"productName":"Test Product","quantity":2,"price":10.0,"order":{"id":1,"customerName":"Test Customer","customerEmail":"test@example.com","status":"PENDING","createdAt":null,"updatedAt":null,"items":[{"id":1,"productName":"Test Product","quantity":2,"price":10.0,"order":{"id":1,"customerName":"Test Customer","customerEmail":"test@example.com","status":"PENDING","createdAt":null,"updatedAt":null,"items":[{"id":1,"productName":"Test Product","quantity":2,"price":10.0,"order":{"id":1,"customerName":"Test Customer","customerEmail":"test@example.com","status":"PENDING","createdAt":null,"updatedAt":null,"items":[{"id":1,"productName":"Test Product","quantity":2,"price":10.0,"order":{"id":1,"customerName":"Test Customer","customerEmail":"test@example.com","status":"PENDING","createdAt":null,"updatedAt":null,"items":[{"id":1,"productName":"Test Product","quantity":2,"price":10.0,"order":{"id":1,"customerName":"Test Customer","customerEmail":"test@example.com","status":"PENDING","createdAt":null,"updatedAt":null,"items":[{"id":1,"productName":"Test Product","quantity":2,"price":10.0,"order":{"id":1,"customerName":"Test Customer","customerEmail":"test@example.com","status":"PENDING","createdAt":null,"updatedAt":null,"items":[{"id":1,"productName":"Test Product","quantity":2,"price":10.0,"order":{"id":1,"customerName":"Test Customer","customerEmail":"test@example.com","status":"PENDING","createdAt":null,"updatedAt":null,"items":[{"id":1,"productName":"Test Product","quantity":2,"price":10.0,"order":{"id":1,"customerName":"Test Customer","customerEmail":"test@example.com","status":"PENDING","createdAt":null,"updatedAt":null,"items":[{"id":1,"productName":"Test Product","quantity":2,"price":10.0,"order":{"id":1,"customerName":"Test Customer","customerEmail":"test@example.com","status":"PENDING","createdAt":null,"updatedAt":null,"items":[{"id":1,"productName":"Test Product","quantity":2,"price":10.0,"order":{"id":1,"customerName":"Test Customer","customerEmail":"test@example.com","status":"PENDING","createdAt":null,"updatedAt":null,"items":[{"id":1,"productName":"Test Product","quantity":2,"price":10.0,"order":{"id":1,"customerName":"Test Customer","customerEmail":"test@example.com","status":"PENDING","createdAt":null,"updatedAt":null,"items":[{"id":1,"productName":"Test Product","quantity":2,"price":10.0,"order":{"id":1,"customerName":"Test Customer","customerEmail":"test@example.com","status":"PENDING","createdAt":null,"updatedAt":null,"items":[{"id":1,"productName":"Test Product","quantity":2,"price":10.0,"order":{"id":1,"customerName":"Test Customer","customerEmail":"test@example.com","status":"PENDING","createdAt":null,"updatedAt":null,"items":[{"id":1,"productName":"Test Product","quantity":2,"price":10.0,"order":{"id":1,"customerName":"Test Customer","customerEmail":"test@example.com","status":"PENDING","createdAt":null,"updatedAt":null,"items":[{"id":1,"productName":"Test Product","quantity":2,"price":10.0,"order":{"id":1,"customerName":"Test Customer","customerEmail":"test@example.com","status":"PENDING","createdAt":null,"updatedAt":null,"items":[{"id":1,"productName":"Test Product","quantity":2,"price":10.0,"order":{"id":1,"customerName":"Test Customer","customerEmail":"test@example.com","status":"PENDING","createdAt":null,"updatedAt":null,"items":[{"id":1,"productName":"Test Product","quantity":2,"price":10.0,"order":{"id":1,"customerName":"Test Customer","customerEmail":"test@example.com","status":"PENDING","createdAt":null,"updatedAt":null,"items":[{"id":1,"productName":"Test Product","quantity":2,"price":10.0,"order":{"id":1,"customerName":"Test Customer","customerEmail":"test@example.com","status":"PENDING","createdAt":null,"updatedAt":null,"items":[{"id":1,"productName":"Test Product","quantity":2,"price":10.0,"order":{"id":1,"customerName":"Test Customer","customerEmail":"test@example.com","status":"PENDING","createdAt":null,"updatedAt":null,"items":[{"id":1,"productName":"Test Product","quantity":2,"price":10.0,"order":{"id":1,"customerName":"Test Customer","customerEmail":"test@example.com","status":"PENDING","createdAt":null,"updatedAt":null,"items":[{"id":1,"productName":"Test Product","quantity":2,"price":10.0,"order":{"id":1,"customerName":"Test Customer","customerEmail":"test@example.com","status":"PENDING","createdAt":null,"updatedAt":null,"items":[{"id":1,"productName":"Test Product","quantity":2,"price":10.0,"order":{"id":1,"customerName":"Test Customer","customerEmail":"test@example.com","status":"PENDING","createdAt":null,"updatedAt":null,"items":[{"id":1,"productName":"Test Product","quantity":2,"price":10.0,"order":{"id":1,"customerName":"Test Customer","customerEmail":"test@example.com","status":"PENDING","createdAt":null,"updatedAt":null,"items":[{"id":1,"productName":"Test Product","quantity":2,"price":10.0,"order":{"id":1,"customerName":"Test Customer","customerEmail":"test@example.com","status":"PENDING","createdAt":null,"updatedAt":null,"items":[{"id":1,"productName":"Test Product","quantity":2,"price":10.0,"order":{"id":1,"customerName":"Test Customer","customerEmail":"test@example.com","status":"PENDING","createdAt":null,"updatedAt":null,"items":[{"id":1,"productName":"Test Product","quantity":2,"price":10.0,"order":{"id":1,"customerName":"Test Customer","customerEmail":"test@example.com","status":"PENDING","createdAt":null,"updatedAt":null,"items":[{"id":1,"productName":"Test Product","quantity":2,"price":10.0,"order":{"id":1,"customerName":"Test Customer","customerEmail":"test@example.com","status":"PENDING","createdAt":null,"updatedAt":null,"items":[{"id":1,"productName":"Test Product","quantity":2,"price":10.0,"order":{"id":1,"customerName":"Test Customer","customerEmail":"test@example.com","status":"PENDING","createdAt":null,"updatedAt":null,"items":[{"id":1,"productName":"Test Product","quantity":2,"price":10.0,"order":{"id":1,"customerName":"Test Customer","customerEmail":"test@example.com","status":"PENDING","createdAt":null,"updatedAt":null,"items":[{"id":1,"productName":"Test Product","quantity":2,"price":10.0,"order":{"id":1,"customerName":"Test Customer","customerEmail":"test@example.com","status":"PENDING","createdAt":null,"updatedAt":null,"items":[{"id":1,"productName":"Test Product","quantity":2,"price":10.0,"order":{"id":1,"customerName":"Test Customer","customerEmail":"test@example.com","status":"PENDING","createdAt":null,"updatedAt":null,"items":[{"id":1,"productName":"Test Product","quantity":2,"price":10.0,"order":{"id":1,"customerName":"Test Customer","customerEmail":"test@example.com","status":"PENDING","createdAt":null,"updatedAt":null,"items":[{"id":1,"productName":"Test Product","quantity":2,"price":10.0,"order":{"id":1,"customerName":"Test Customer","customerEmail":"test@example.com","status":"PENDING","createdAt":null,"updatedAt":null,"items":[{"id":1,"productName":"Test Product","quantity":2,"price":10.0,"order":{"id":1,"customerName":"Test Customer","customerEmail":"test@example.com","status":"PENDING","createdAt":null,"updatedAt":null,"items":[{"id":1,"productName":"Test Product","quantity":2,"price":10.0,"order":{"id":1,"customerName":"Test Customer","customerEmail":"test@example.com","status":"PENDING","createdAt":null,"updatedAt":null,"items":[{"id":1,"productName":"Test Product","quantity":2,"price":10.0,"order":{"id":1,"customerName":"Test Customer","customerEmail":"test@example.com","status":"PENDING","createdAt":null,"updatedAt":null,"items":[{"id":1,"productName":"Test Product","quantity":2,"price":10.0,"order":{"id":1,"customerName":"Test Customer","customerEmail":"test@example.com","status":"PENDING","createdAt":null,"updatedAt":null,"items":[{"id":1,"productName":"Test Product","quantity":2,"price":10.0,"order":{"id":1,"customerName":"Test Customer","customerEmail":"test@example.com","status":"PENDING","createdAt":null,"updatedAt":null,"items":[{"id":1,"productName":"Test Product","quantity":2,"price":10.0,"order":{"id":1,"customerName":"Test Customer","customerEmail":"test@example.com","status":"PENDING","createdAt":null,"updatedAt":null,"items":[{"id":1,"productName":"Test Product","quantity":2,"price":10.0,"order":{"id":1,"customerName":"Test Customer","customerEmail":"test@example.com","status":"PENDING","createdAt":null,"updatedAt":null,"items":[{"id":1,"productName":"Test Product","quantity":2,"price":10.0,"order":{"id":1,"customerName":"Test Customer","customerEmail":"test@example.com","status":"PENDING","createdAt":null,"updatedAt":null,"items":[{"id":1,"productName":"Test Product","quantity":2,"price":10.0,"order":{"id":1,"customerName":"Test Customer","customerEmail":"test@example.com","status":"PENDING","createdAt":null,"updatedAt":null,"items":[{"id":1,"productName":"Test Product","quantity":2,"price":10.0,"order":{"id":1,"customerName":"Test Customer","customerEmail":"test@example.com","status":"PENDING","createdAt":null,"updatedAt":null,"items":[{"id":1,"productName":"Test Product","quantity":2,"price":10.0,"order":{"id":1,"customerName":"Test Customer","customerEmail":"test@example.com","status":"PENDING","createdAt":null,"updatedAt":null,"items":[{"id":1,"productName":"Test Product","quantity":2,"price":10.0,"order":{"id":1,"customerName":"Test Customer","customerEmail":"test@example.com","status":"PENDING","createdAt":null,"updatedAt":null,"items":[{"id":1,"productName":"Test Product","quantity":2,"price":10.0,"order":{"id":1,"customerName":"Test Customer","customerEmail":"test@example.com","status":"PENDING","createdAt":null,"updatedAt":null,"items":[{"id":1,"productName":"Test Product","quantity":2,"price":10.0,"order":{"id":1,"customerName":"Test Customer","customerEmail":"test@example.com","status":"PENDING","createdAt":null,"updatedAt":null,"items":[{"id":1,"productName":"Test Product","quantity":2,"price":10.0,"order":{"id":1,"customerName":"Test Customer","customerEmail":"test@example.com","status":"PENDING","createdAt":null,"updatedAt":null,"items":[{"id":1,"productName":"Test Product","quantity":2,"price":10.0,"order":{"id":1,"customerName":"Test Customer","customerEmail":"test@example.com","status":"PENDING","createdAt":null,"updatedAt":null,"items":[{"id":1,"productName":"Test Product","quantity":2,"price":10.0,"order":{"id":1,"customerName":"Test Customer","customerEmail":"test@example.com","status":"PENDING","createdAt":null,"updatedAt":null,"items":[{"id":1,"productName":"Test Product","quantity":2,"price":10.0,"order":{"id":1,"customerName":"Test Customer","customerEmail":"test@example.com","status":"PENDING","createdAt":null,"updatedAt":null,"items":[{"id":1,"productName":"Test Product","quantity":2,"price":10.0,"order":{"id":1,"customerName":"Test Customer","customerEmail":"test@example.com","status":"PENDING","createdAt":null,"updatedAt":null,"items":[{"id":1,"productName":"Test Product","quantity":2,"price":10.0,"order":{"id":1,"customerName":"Test Customer","customerEmail":"test@example.com","status":"PENDING","createdAt":null,"updatedAt":null,"items":[{"id":1,"productName":"Test Product","quantity":2,"price":10.0,"order":{"id":1,"customerName":"Test Customer","customerEmail":"test@example.com","status":"PENDING","createdAt":null,"updatedAt":null,"items":[{"id":1,"productName":"Test Product","quantity":2,"price":10.0,"order":{"id":1,"customerName":"Test Customer","customerEmail":"test@example.com","status":"PENDING","createdAt":null,"updatedAt":null,"items":[{"id":1,"productName":"Test Product","quantity":2,"price":10.0,"order":{"id":1,"customerName":"Test Customer","customerEmail":"test@example.com","status":"PENDING","createdAt":null,"updatedAt":null,"items":[{"id":1,"productName":"Test Product","quantity":2,"price":10.0,"order":{"id":1,"customerName":"Test Customer","customerEmail":"test@example.com","status":"PENDING","createdAt":null,"updatedAt":null,"items":[{"id":1,"productName":"Test Product","quantity":2,"price":10.0,"order":{"id":1,"customerName":"Test Customer","customerEmail":"test@example.com","status":"PENDING","createdAt":null,"updatedAt":null,"items":[{"id":1,"productName":"Test Product","quantity":2,"price":10.0,"order":{"id":1,"customerName":"Test Customer","customerEmail":"test@example.com","status":"PENDING","createdAt":null,"updatedAt":null,"items":[{"id":1,"productName":"Test Product","quantity":2,"price":10.0,"order":{"id":1,"customerName":"Test Customer","customerEmail":"test@example.com","status":"PENDING","createdAt":null,"updatedAt":null,"items":[{"id":1,"productName":"Test Product","quantity":2,"price":10.0,"order":{"id":1,"customerName":"Test Customer","customerEmail":"test@example.com","status":"PENDING","createdAt":null,"updatedAt":null,"items":[{"id":1,"productName":"Test Product","quantity":2,"price":10.0,"order":{"id":1,"customerName":"Test Customer","customerEmail":"test@example.com","status":"PENDING","createdAt":null,"updatedAt":null,"items":[{"id":1,"productName":"Test Product","quantity":2,"price":10.0,"order":{"id":1,"customerName":"Test Customer","customerEmail":"test@example.com","status":"PENDING","createdAt":null,"updatedAt":null,"items":[{"id":1,"productName":"Test Product","quantity":2,"price":10.0,"order":{"id":1,"customerName":"Test Customer","customerEmail":"test@example.com","status":"PENDING","createdAt":null,"updatedAt":null,"items":[{"id":1,"productName":"Test Product","quantity":2,"price":10.0,"order":{"id":1,"customerName":"Test Customer","customerEmail":"test@example.com","status":"PENDING","createdAt":null,"updatedAt":null,"items":[{"id":1,"productName":"Test Product","quantity":2,"price":10.0,"order":{"id":1,"customerName":"Test Customer","customerEmail":"test@example.com","status":"PENDING","createdAt":null,"updatedAt":null,"items":[{"id":1,"productName":"Test Product","quantity":2,"price":10.0,"order":{"id":1,"customerName":"Test Customer","customerEmail":"test@example.com","status":"PENDING","createdAt":null,"updatedAt":null,"items":[{"id":1,"productName":"Test Product","quantity":2,"price":10.0,"order":{"id":1,"customerName":"Test Customer","customerEmail":"test@example.com","status":"PENDING","createdAt":null,"updatedAt":null,"items":[{"id":1,"productName":"Test Product","quantity":2,"price":10.0,"order":{"id":1,"customerName":"Test Customer","customerEmail":"test@example.com","status":"PENDING","createdAt":null,"updatedAt":null,"items":[{"id":1,"productName":"Test Product","quantity":2,"price":10.0,"order":{"id":1,"customerName":"Test Customer","customerEmail":"test@example.com","status":"PENDING","createdAt":null,"updatedAt":null,"items":[{"id":1,"productName":"Test Product","quantity":2,"price":10.0,"order":{"id":1,"customerName":"Test Customer","customerEmail":"test@example.com","status":"PENDING","createdAt":null,"updatedAt":null,"items":[{"id":1,"productName":"Test Product","quantity":2,"price":10.0,"order":{"id":1,"customerName":"Test Customer","customerEmail":"test@example.com","status":"PENDING","createdAt":null,"updatedAt":null,"items":[{"id":1,"productName":"Test Product","quantity":2,"price":10.0,"order":{"id":1,"customerName":"Test Customer","customerEmail":"test@example.com","status":"PENDING","createdAt":null,"updatedAt":null,"items":[{"id":1,"productName":"Test Product","quantity":2,"price":10.0,"order":{"id":1,"customerName":"Test Customer","customerEmail":"test@example.com","status":"PENDING","createdAt":null,"updatedAt":null,"items":[{"id":1,"productName":"Test Product","quantity":2,"price":10.0,"order":{"id":1,"customerName":"Test Customer","customerEmail":"test@example.com","status":"PENDING","createdAt":null,"updatedAt":null,"items":[{"id":1,"productName":"Test Product","quantity":2,"price":10.0,"order":{"id":1,"customerName":"Test Customer","customerEmail":"test@example.com","status":"PENDING","createdAt":null,"updatedAt":null,"items":[{"id":1,"productName":"Test Product","quantity":2,"price":10.0,"order":{"id":1,"customerName":"Test Customer","customerEmail":"test@example.com","status":"PENDING","createdAt":null,"updatedAt":null,"items":[{"id":1,"productName":"Test Product","quantity":2,"price":10.0,"order":{"id":1,"customerName":"Test Customer","customerEmail":"test@example.com","status":"PENDING","createdAt":null,"updatedAt":null,"items":[{"id":1,"productName":"Test Product","quantity":2,"price":10.0,"order":{"id":1,"customerName":"Test Customer","customerEmail":"test@example.com","status":"PENDING","createdAt":null,"updatedAt":null,"items":[{"id":1,"productName":"Test Product","quantity":2,"price":10.0,"order":{"id":1,"customerName":"Test Customer","customerEmail":"test@example.com","status":"PENDING","createdAt":null,"updatedAt":null,"items":[{"id":1,"productName":"Test Product","quantity":2,"price":10.0,"order":{"id":1,"customerName":"Test Customer","customerEmail":"test@example.com","status":"PENDING","createdAt":null,"updatedAt":null,"items":[{"id":1,"productName":"Test Product","quantity":2,"price":10.0,"order":{"id":1,"customerName":"Test Customer","customerEmail":"test@example.com","status":"PENDING","createdAt":null,"updatedAt":null,"items":[{"id":1,"productName":"Test Product","quantity":2,"price":10.0,"order":{"id":1,"customerName":"Test Customer","customerEmail":"test@example.com","status":"PENDING","createdAt":null,"updatedAt":null,"items":[{"id":1,"productName":"Test Product","quantity":2,"price":10.0,"order":{"id":1,"customerName":"Test Customer","customerEmail":"test@example.com","status":"PENDING","createdAt":null,"updatedAt":null,"items":[{"id":1,"productName":"Test Product","quantity":2,"price":10.0,"order":{"id":1,"customerName":"Test Customer","customerEmail":"test@example.com","status":"PENDING","createdAt":null,"updatedAt":null,"items":[{"id":1,"productName":"Test Product","quantity":2,"price":10.0,"order":{"id":1,"customerName":"Test Customer","customerEmail":"test@example.com","status":"PENDING","createdAt":null,"updatedAt":null,"items":[{"id":1,"productName":"Test Product","quantity":2,"price":10.0,"order":{"id":1,"customerName":"Test Customer","customerEmail":"test@example.com","status":"PENDING","createdAt":null,"updatedAt":null,"items":[{"id":1,"productName":"Test Product","quantity":2,"price":}]}}]}}]}}]}}]}}]}}]}}]}}]}}]}}]}}]}}]}}]}}]}}]}}]}}]}}]}}]}}]}}]}}]}}]}}]}}]}}]}}]}}]}}]}}]}}]}}]}}]}}]}}]}}]}}]}}]}}]}}]}}]}}]}}]}}]}}]}}]}}]}}]}}]}}]}}]}}]}}]}}]}}]}}]}}]}}]}}]}}]}}]}}]}}]}}]}}]}}]}}]}}]}}]}}]}}]}}]}}]}}]}}]}}]}}]}}]}}]}}]}}]}}]}}]}}]}}]}}]}}]}}]}}]}}]}}]}}]}}]}}]}}]}}]}}]}}]}}]}}]}}]}}]}}]}}]}}]}}]}}]}}]}}]}}]}}]}}]}}]}}]}}]}}]}}]}}]}}]}}]}}]}}]}}]}}]}}]}}]}}]}}]}}]}}]}}]}}]}}]}}]}}]}}]}}]}}]}}]}}]}}]}}]}}]}}]}}]}}]}}]}}]}}]}}]}}]}}]}}]}}]}}]}}]}}]}}]}}]}}]}}]}}]}}]}}]}}]}}]}}]}}]}}]}}]}}]}}]}}]}}]}}]}}]}}]}}]}}]}}]}}]}}]}}]}}]}}]}}]}}]}}]}}]}}]}}]}}]}}]}}]}}]}}]}}]}}]}}]}}]}}]}}]}}]}}]}}]}}]}}]}}]}}]}}]}}]}}]}}]}}]}}]}}]}}]}}]}}]}}]}}]}}]}}]}}]}}]}}]}}]}}]}}]}}]}}]}}]}}]}}]}}]}}]}}]}}]}}]}}]}}]}}]}}]}}]}}]}}]}}]}}]}}]}}]}}]}}]}}]}}]}}]}}]}}]}}]}}]}}]}}]}}]}}]}}]}}]}}]}}]}}]}}]}}]}}]}}]}}]}}]}}]}}]}}]}}]}}]}}]}}]}}]}}]}}]}}]}}]}}]}}]}}]}}]}}]}}]}}]}}]}}]}}]}}]}}]}}]}}]}}]}}]}}]}}]}}]}}]}}]}}]}}]}}]}}]}}]}}]}}]}}]}}]}}]}}]}}]}}]}}]}}]}}]}}]}}]}}]}}]}}]}}]}}]}}]}}]}}]}}]}}]}}]}}]}}]}}]}}]}}]}}]}}]}}]}}]}}]}}]}}]}}]}}]}}]}}]}}]}}]}}]}}]}}]}}]}}]}}]}}]}}]}}]}}]}}]}}]}}]}}]}}]}}]}}]}}]}}]}}]}}]}}]}}]}}]}}]}}]}}]}}]}}]}}]}}]}}]}}]}}]}}]}}]}}]}}]}}]}}]}}]}}]}}]}}]}}]}}]}}]}}]}}]}}]}}]}}]}}]}}]}}]}}]}}]}}]}}]}}]}}]}}]}}]}}]}}]}}]}}]}}]}}]}}]}}]}}]}}]}}]}}]}}]}}]}}]}}]}}]}}]}}]}}]}}]}}]}}]}}]}}]}}]}}]}}]}}]}}]}}]}}]}}]}}]}}]}}]}}]}}]}}]}}]}}]}}]}}]}}]}}]}}]}}]}}]}}]}}]}}]}}]}}]}}]}}]}}]}}]}}]}}]}}]}}]}}]}}]}}]}}]}}]}}]}}]}}]}}]}}]}}]}}]}}]}}]}}]}}]}}]}}]}}]}}]}}]}}]}}]}}]}}]}}]}}]}}]}}]}}]}}]}}]}}]}}]}}]}}]}}]}}]}}]}}]}}]}}]}}]}}]}}]}}]}}]}}]}}]}}]}}]}}]}}]}}]}}]}}]}}]}}]}}]}}]}}]}}]}}]}}]}}]}}]}}]}}]}}]}}]}}]}}]}}]}}]}}]}}]}}]}}]}}]}}]}}]}}]}}]}}]}}]}}]}}]}}]}}]}}]}}]}}]}}]}}]}}]}}]}}]}}]}}]}}]}}]}}]}}]}}]}}]}}]}}]}}]}}]}}]}}]}}]}}]}}]}}]}}]}}]}}]}}]}}]}}]}}]}}]}}]}}]}}]}}]}}]}}]}}]}}]}}]}}]}}]}}]}}]}}]}}]}}]}}]}}]}}]}}]}}]}}]}}]}}]}}]}}]}}]}}]}}]}}]}}]}}]}}]}}]}}]}}]}}]}}]}}]}}]}}]}}]}}]}}]}}]}
    Forwarded URL = null
   Redirected URL = null
          Cookies = []
]]></system-out>
  </testcase>
  <testcase name="getAllOrders_ShouldReturnListOfOrders" classname="com.example.ordermanagement.controller.OrderControllerTest" time="0.099">
    <failure message="No value at JSON path &quot;$[0].id&quot;" type="java.lang.AssertionError"><![CDATA[java.lang.AssertionError: No value at JSON path "$[0].id"
	at org.springframework.test.util.JsonPathExpectationsHelper.evaluateJsonPath(JsonPathExpectationsHelper.java:302)
	at org.springframework.test.util.JsonPathExpectationsHelper.assertValue(JsonPathExpectationsHelper.java:99)
	at org.springframework.test.web.servlet.result.JsonPathResultMatchers.lambda$value$2(JsonPathResultMatchers.java:111)
	at org.springframework.test.web.servlet.MockMvc$1.andExpect(MockMvc.java:214)
	at com.example.ordermanagement.controller.OrderControllerTest.getAllOrders_ShouldReturnListOfOrders(OrderControllerTest.java:94)
	at java.base/java.lang.reflect.Method.invoke(Method.java:569)
	at java.base/java.util.ArrayList.forEach(ArrayList.java:1511)
	at java.base/java.util.ArrayList.forEach(ArrayList.java:1511)
Caused by: com.jayway.jsonpath.InvalidJsonException: net.minidev.json.parser.ParseException: Malicious payload, having non natural depths, parsing stoped on { at position 27532.
	at com.jayway.jsonpath.spi.json.JsonSmartJsonProvider.parse(JsonSmartJsonProvider.java:64)
	at com.jayway.jsonpath.JsonPath.read(JsonPath.java:393)
	at com.jayway.jsonpath.JsonPath.read(JsonPath.java:377)
	at org.springframework.test.util.JsonPathExpectationsHelper.evaluateJsonPath(JsonPathExpectationsHelper.java:299)
	... 7 more
Caused by: net.minidev.json.parser.ParseException: Malicious payload, having non natural depths, parsing stoped on { at position 27532.
	at net.minidev.json.parser.JSONParserBase.readObject(JSONParserBase.java:559)
	at net.minidev.json.parser.JSONParserBase.readMain(JSONParserBase.java:467)
	at net.minidev.json.parser.JSONParserBase.readObject(JSONParserBase.java:614)
	at net.minidev.json.parser.JSONParserBase.readMain(JSONParserBase.java:467)
	at net.minidev.json.parser.JSONParserBase.readArray(JSONParserBase.java:337)
	at net.minidev.json.parser.JSONParserBase.readMain(JSONParserBase.java:470)
	at net.minidev.json.parser.JSONParserBase.readObject(JSONParserBase.java:614)
	at net.minidev.json.parser.JSONParserBase.readMain(JSONParserBase.java:467)
	at net.minidev.json.parser.JSONParserBase.readObject(JSONParserBase.java:614)
	at net.minidev.json.parser.JSONParserBase.readMain(JSONParserBase.java:467)
	at net.minidev.json.parser.JSONParserBase.readArray(JSONParserBase.java:337)
	at net.minidev.json.parser.JSONParserBase.readMain(JSONParserBase.java:470)
	at net.minidev.json.parser.JSONParserBase.readObject(JSONParserBase.java:614)
	at net.minidev.json.parser.JSONParserBase.readMain(JSONParserBase.java:467)
	at net.minidev.json.parser.JSONParserBase.readObject(JSONParserBase.java:614)
	at net.minidev.json.parser.JSONParserBase.readMain(JSONParserBase.java:467)
	at net.minidev.json.parser.JSONParserBase.readArray(JSONParserBase.java:337)
	at net.minidev.json.parser.JSONParserBase.readMain(JSONParserBase.java:470)
	at net.minidev.json.parser.JSONParserBase.readObject(JSONParserBase.java:614)
	at net.minidev.json.parser.JSONParserBase.readMain(JSONParserBase.java:467)
	at net.minidev.json.parser.JSONParserBase.readObject(JSONParserBase.java:614)
	at net.minidev.json.parser.JSONParserBase.readMain(JSONParserBase.java:467)
	at net.minidev.json.parser.JSONParserBase.readArray(JSONParserBase.java:337)
	at net.minidev.json.parser.JSONParserBase.readMain(JSONParserBase.java:470)
	at net.minidev.json.parser.JSONParserBase.readObject(JSONParserBase.java:614)
	at net.minidev.json.parser.JSONParserBase.readMain(JSONParserBase.java:467)
	at net.minidev.json.parser.JSONParserBase.readObject(JSONParserBase.java:614)
	at net.minidev.json.parser.JSONParserBase.readMain(JSONParserBase.java:467)
	at net.minidev.json.parser.JSONParserBase.readArray(JSONParserBase.java:337)
	at net.minidev.json.parser.JSONParserBase.readMain(JSONParserBase.java:470)
	at net.minidev.json.parser.JSONParserBase.readObject(JSONParserBase.java:614)
	at net.minidev.json.parser.JSONParserBase.readMain(JSONParserBase.java:467)
	at net.minidev.json.parser.JSONParserBase.readObject(JSONParserBase.java:614)
	at net.minidev.json.parser.JSONParserBase.readMain(JSONParserBase.java:467)
	at net.minidev.json.parser.JSONParserBase.readArray(JSONParserBase.java:337)
	at net.minidev.json.parser.JSONParserBase.readMain(JSONParserBase.java:470)
	at net.minidev.json.parser.JSONParserBase.readObject(JSONParserBase.java:614)
	at net.minidev.json.parser.JSONParserBase.readMain(JSONParserBase.java:467)
	at net.minidev.json.parser.JSONParserBase.readObject(JSONParserBase.java:614)
	at net.minidev.json.parser.JSONParserBase.readMain(JSONParserBase.java:467)
	at net.minidev.json.parser.JSONParserBase.readArray(JSONParserBase.java:337)
	at net.minidev.json.parser.JSONParserBase.readMain(JSONParserBase.java:470)
	at net.minidev.json.parser.JSONParserBase.readObject(JSONParserBase.java:614)
	at net.minidev.json.parser.JSONParserBase.readMain(JSONParserBase.java:467)
	at net.minidev.json.parser.JSONParserBase.readObject(JSONParserBase.java:614)
	at net.minidev.json.parser.JSONParserBase.readMain(JSONParserBase.java:467)
	at net.minidev.json.parser.JSONParserBase.readArray(JSONParserBase.java:337)
	at net.minidev.json.parser.JSONParserBase.readMain(JSONParserBase.java:470)
	at net.minidev.json.parser.JSONParserBase.readObject(JSONParserBase.java:614)
	at net.minidev.json.parser.JSONParserBase.readMain(JSONParserBase.java:467)
	at net.minidev.json.parser.JSONParserBase.readObject(JSONParserBase.java:614)
	at net.minidev.json.parser.JSONParserBase.readMain(JSONParserBase.java:467)
	at net.minidev.json.parser.JSONParserBase.readArray(JSONParserBase.java:337)
	at net.minidev.json.parser.JSONParserBase.readMain(JSONParserBase.java:470)
	at net.minidev.json.parser.JSONParserBase.readObject(JSONParserBase.java:614)
	at net.minidev.json.parser.JSONParserBase.readMain(JSONParserBase.java:467)
	at net.minidev.json.parser.JSONParserBase.readObject(JSONParserBase.java:614)
	at net.minidev.json.parser.JSONParserBase.readMain(JSONParserBase.java:467)
	at net.minidev.json.parser.JSONParserBase.readArray(JSONParserBase.java:337)
	at net.minidev.json.parser.JSONParserBase.readMain(JSONParserBase.java:470)
	at net.minidev.json.parser.JSONParserBase.readObject(JSONParserBase.java:614)
	at net.minidev.json.parser.JSONParserBase.readMain(JSONParserBase.java:467)
	at net.minidev.json.parser.JSONParserBase.readObject(JSONParserBase.java:614)
	at net.minidev.json.parser.JSONParserBase.readMain(JSONParserBase.java:467)
	at net.minidev.json.parser.JSONParserBase.readArray(JSONParserBase.java:337)
	at net.minidev.json.parser.JSONParserBase.readMain(JSONParserBase.java:470)
	at net.minidev.json.parser.JSONParserBase.readObject(JSONParserBase.java:614)
	at net.minidev.json.parser.JSONParserBase.readMain(JSONParserBase.java:467)
	at net.minidev.json.parser.JSONParserBase.readObject(JSONParserBase.java:614)
	at net.minidev.json.parser.JSONParserBase.readMain(JSONParserBase.java:467)
	at net.minidev.json.parser.JSONParserBase.readArray(JSONParserBase.java:337)
	at net.minidev.json.parser.JSONParserBase.readMain(JSONParserBase.java:470)
	at net.minidev.json.parser.JSONParserBase.readObject(JSONParserBase.java:614)
	at net.minidev.json.parser.JSONParserBase.readMain(JSONParserBase.java:467)
	at net.minidev.json.parser.JSONParserBase.readObject(JSONParserBase.java:614)
	at net.minidev.json.parser.JSONParserBase.readMain(JSONParserBase.java:467)
	at net.minidev.json.parser.JSONParserBase.readArray(JSONParserBase.java:337)
	at net.minidev.json.parser.JSONParserBase.readMain(JSONParserBase.java:470)
	at net.minidev.json.parser.JSONParserBase.readObject(JSONParserBase.java:614)
	at net.minidev.json.parser.JSONParserBase.readMain(JSONParserBase.java:467)
	at net.minidev.json.parser.JSONParserBase.readObject(JSONParserBase.java:614)
	at net.minidev.json.parser.JSONParserBase.readMain(JSONParserBase.java:467)
	at net.minidev.json.parser.JSONParserBase.readArray(JSONParserBase.java:337)
	at net.minidev.json.parser.JSONParserBase.readMain(JSONParserBase.java:470)
	at net.minidev.json.parser.JSONParserBase.readObject(JSONParserBase.java:614)
	at net.minidev.json.parser.JSONParserBase.readMain(JSONParserBase.java:467)
	at net.minidev.json.parser.JSONParserBase.readObject(JSONParserBase.java:614)
	at net.minidev.json.parser.JSONParserBase.readMain(JSONParserBase.java:467)
	at net.minidev.json.parser.JSONParserBase.readArray(JSONParserBase.java:337)
	at net.minidev.json.parser.JSONParserBase.readMain(JSONParserBase.java:470)
	at net.minidev.json.parser.JSONParserBase.readObject(JSONParserBase.java:614)
	at net.minidev.json.parser.JSONParserBase.readMain(JSONParserBase.java:467)
	at net.minidev.json.parser.JSONParserBase.readObject(JSONParserBase.java:614)
	at net.minidev.json.parser.JSONParserBase.readMain(JSONParserBase.java:467)
	at net.minidev.json.parser.JSONParserBase.readArray(JSONParserBase.java:337)
	at net.minidev.json.parser.JSONParserBase.readMain(JSONParserBase.java:470)
	at net.minidev.json.parser.JSONParserBase.readObject(JSONParserBase.java:614)
	at net.minidev.json.parser.JSONParserBase.readMain(JSONParserBase.java:467)
	at net.minidev.json.parser.JSONParserBase.readObject(JSONParserBase.java:614)
	at net.minidev.json.parser.JSONParserBase.readMain(JSONParserBase.java:467)
	at net.minidev.json.parser.JSONParserBase.readArray(JSONParserBase.java:337)
	at net.minidev.json.parser.JSONParserBase.readMain(JSONParserBase.java:470)
	at net.minidev.json.parser.JSONParserBase.readObject(JSONParserBase.java:614)
	at net.minidev.json.parser.JSONParserBase.readMain(JSONParserBase.java:467)
	at net.minidev.json.parser.JSONParserBase.readObject(JSONParserBase.java:614)
	at net.minidev.json.parser.JSONParserBase.readMain(JSONParserBase.java:467)
	at net.minidev.json.parser.JSONParserBase.readArray(JSONParserBase.java:337)
	at net.minidev.json.parser.JSONParserBase.readMain(JSONParserBase.java:470)
	at net.minidev.json.parser.JSONParserBase.readObject(JSONParserBase.java:614)
	at net.minidev.json.parser.JSONParserBase.readMain(JSONParserBase.java:467)
	at net.minidev.json.parser.JSONParserBase.readObject(JSONParserBase.java:614)
	at net.minidev.json.parser.JSONParserBase.readMain(JSONParserBase.java:467)
	at net.minidev.json.parser.JSONParserBase.readArray(JSONParserBase.java:337)
	at net.minidev.json.parser.JSONParserBase.readMain(JSONParserBase.java:470)
	at net.minidev.json.parser.JSONParserBase.readObject(JSONParserBase.java:614)
	at net.minidev.json.parser.JSONParserBase.readMain(JSONParserBase.java:467)
	at net.minidev.json.parser.JSONParserBase.readObject(JSONParserBase.java:614)
	at net.minidev.json.parser.JSONParserBase.readMain(JSONParserBase.java:467)
	at net.minidev.json.parser.JSONParserBase.readArray(JSONParserBase.java:337)
	at net.minidev.json.parser.JSONParserBase.readMain(JSONParserBase.java:470)
	at net.minidev.json.parser.JSONParserBase.readObject(JSONParserBase.java:614)
	at net.minidev.json.parser.JSONParserBase.readMain(JSONParserBase.java:467)
	at net.minidev.json.parser.JSONParserBase.readObject(JSONParserBase.java:614)
	at net.minidev.json.parser.JSONParserBase.readMain(JSONParserBase.java:467)
	at net.minidev.json.parser.JSONParserBase.readArray(JSONParserBase.java:337)
	at net.minidev.json.parser.JSONParserBase.readMain(JSONParserBase.java:470)
	at net.minidev.json.parser.JSONParserBase.readObject(JSONParserBase.java:614)
	at net.minidev.json.parser.JSONParserBase.readMain(JSONParserBase.java:467)
	at net.minidev.json.parser.JSONParserBase.readObject(JSONParserBase.java:614)
	at net.minidev.json.parser.JSONParserBase.readMain(JSONParserBase.java:467)
	at net.minidev.json.parser.JSONParserBase.readArray(JSONParserBase.java:337)
	at net.minidev.json.parser.JSONParserBase.readMain(JSONParserBase.java:470)
	at net.minidev.json.parser.JSONParserBase.readObject(JSONParserBase.java:614)
	at net.minidev.json.parser.JSONParserBase.readMain(JSONParserBase.java:467)
	at net.minidev.json.parser.JSONParserBase.readObject(JSONParserBase.java:614)
	at net.minidev.json.parser.JSONParserBase.readMain(JSONParserBase.java:467)
	at net.minidev.json.parser.JSONParserBase.readArray(JSONParserBase.java:337)
	at net.minidev.json.parser.JSONParserBase.readMain(JSONParserBase.java:470)
	at net.minidev.json.parser.JSONParserBase.readObject(JSONParserBase.java:614)
	at net.minidev.json.parser.JSONParserBase.readMain(JSONParserBase.java:467)
	at net.minidev.json.parser.JSONParserBase.readObject(JSONParserBase.java:614)
	at net.minidev.json.parser.JSONParserBase.readMain(JSONParserBase.java:467)
	at net.minidev.json.parser.JSONParserBase.readArray(JSONParserBase.java:337)
	at net.minidev.json.parser.JSONParserBase.readMain(JSONParserBase.java:470)
	at net.minidev.json.parser.JSONParserBase.readObject(JSONParserBase.java:614)
	at net.minidev.json.parser.JSONParserBase.readMain(JSONParserBase.java:467)
	at net.minidev.json.parser.JSONParserBase.readObject(JSONParserBase.java:614)
	at net.minidev.json.parser.JSONParserBase.readMain(JSONParserBase.java:467)
	at net.minidev.json.parser.JSONParserBase.readArray(JSONParserBase.java:337)
	at net.minidev.json.parser.JSONParserBase.readMain(JSONParserBase.java:470)
	at net.minidev.json.parser.JSONParserBase.readObject(JSONParserBase.java:614)
	at net.minidev.json.parser.JSONParserBase.readMain(JSONParserBase.java:467)
	at net.minidev.json.parser.JSONParserBase.readObject(JSONParserBase.java:614)
	at net.minidev.json.parser.JSONParserBase.readMain(JSONParserBase.java:467)
	at net.minidev.json.parser.JSONParserBase.readArray(JSONParserBase.java:337)
	at net.minidev.json.parser.JSONParserBase.readMain(JSONParserBase.java:470)
	at net.minidev.json.parser.JSONParserBase.readObject(JSONParserBase.java:614)
	at net.minidev.json.parser.JSONParserBase.readMain(JSONParserBase.java:467)
	at net.minidev.json.parser.JSONParserBase.readObject(JSONParserBase.java:614)
	at net.minidev.json.parser.JSONParserBase.readMain(JSONParserBase.java:467)
	at net.minidev.json.parser.JSONParserBase.readArray(JSONParserBase.java:337)
	at net.minidev.json.parser.JSONParserBase.readMain(JSONParserBase.java:470)
	at net.minidev.json.parser.JSONParserBase.readObject(JSONParserBase.java:614)
	at net.minidev.json.parser.JSONParserBase.readMain(JSONParserBase.java:467)
	at net.minidev.json.parser.JSONParserBase.readObject(JSONParserBase.java:614)
	at net.minidev.json.parser.JSONParserBase.readMain(JSONParserBase.java:467)
	at net.minidev.json.parser.JSONParserBase.readArray(JSONParserBase.java:337)
	at net.minidev.json.parser.JSONParserBase.readMain(JSONParserBase.java:470)
	at net.minidev.json.parser.JSONParserBase.readObject(JSONParserBase.java:614)
	at net.minidev.json.parser.JSONParserBase.readMain(JSONParserBase.java:467)
	at net.minidev.json.parser.JSONParserBase.readObject(JSONParserBase.java:614)
	at net.minidev.json.parser.JSONParserBase.readMain(JSONParserBase.java:467)
	at net.minidev.json.parser.JSONParserBase.readArray(JSONParserBase.java:337)
	at net.minidev.json.parser.JSONParserBase.readMain(JSONParserBase.java:470)
	at net.minidev.json.parser.JSONParserBase.readObject(JSONParserBase.java:614)
	at net.minidev.json.parser.JSONParserBase.readMain(JSONParserBase.java:467)
	at net.minidev.json.parser.JSONParserBase.readObject(JSONParserBase.java:614)
	at net.minidev.json.parser.JSONParserBase.readMain(JSONParserBase.java:467)
	at net.minidev.json.parser.JSONParserBase.readArray(JSONParserBase.java:337)
	at net.minidev.json.parser.JSONParserBase.readMain(JSONParserBase.java:470)
	at net.minidev.json.parser.JSONParserBase.readObject(JSONParserBase.java:614)
	at net.minidev.json.parser.JSONParserBase.readMain(JSONParserBase.java:467)
	at net.minidev.json.parser.JSONParserBase.readObject(JSONParserBase.java:614)
	at net.minidev.json.parser.JSONParserBase.readMain(JSONParserBase.java:467)
	at net.minidev.json.parser.JSONParserBase.readArray(JSONParserBase.java:337)
	at net.minidev.json.parser.JSONParserBase.readMain(JSONParserBase.java:470)
	at net.minidev.json.parser.JSONParserBase.readObject(JSONParserBase.java:614)
	at net.minidev.json.parser.JSONParserBase.readMain(JSONParserBase.java:467)
	at net.minidev.json.parser.JSONParserBase.readObject(JSONParserBase.java:614)
	at net.minidev.json.parser.JSONParserBase.readMain(JSONParserBase.java:467)
	at net.minidev.json.parser.JSONParserBase.readArray(JSONParserBase.java:337)
	at net.minidev.json.parser.JSONParserBase.readMain(JSONParserBase.java:470)
	at net.minidev.json.parser.JSONParserBase.readObject(JSONParserBase.java:614)
	at net.minidev.json.parser.JSONParserBase.readMain(JSONParserBase.java:467)
	at net.minidev.json.parser.JSONParserBase.readObject(JSONParserBase.java:614)
	at net.minidev.json.parser.JSONParserBase.readMain(JSONParserBase.java:467)
	at net.minidev.json.parser.JSONParserBase.readArray(JSONParserBase.java:337)
	at net.minidev.json.parser.JSONParserBase.readMain(JSONParserBase.java:470)
	at net.minidev.json.parser.JSONParserBase.readObject(JSONParserBase.java:614)
	at net.minidev.json.parser.JSONParserBase.readMain(JSONParserBase.java:467)
	at net.minidev.json.parser.JSONParserBase.readObject(JSONParserBase.java:614)
	at net.minidev.json.parser.JSONParserBase.readMain(JSONParserBase.java:467)
	at net.minidev.json.parser.JSONParserBase.readArray(JSONParserBase.java:337)
	at net.minidev.json.parser.JSONParserBase.readMain(JSONParserBase.java:470)
	at net.minidev.json.parser.JSONParserBase.readObject(JSONParserBase.java:614)
	at net.minidev.json.parser.JSONParserBase.readMain(JSONParserBase.java:467)
	at net.minidev.json.parser.JSONParserBase.readObject(JSONParserBase.java:614)
	at net.minidev.json.parser.JSONParserBase.readMain(JSONParserBase.java:467)
	at net.minidev.json.parser.JSONParserBase.readArray(JSONParserBase.java:337)
	at net.minidev.json.parser.JSONParserBase.readMain(JSONParserBase.java:470)
	at net.minidev.json.parser.JSONParserBase.readObject(JSONParserBase.java:614)
	at net.minidev.json.parser.JSONParserBase.readMain(JSONParserBase.java:467)
	at net.minidev.json.parser.JSONParserBase.readObject(JSONParserBase.java:614)
	at net.minidev.json.parser.JSONParserBase.readMain(JSONParserBase.java:467)
	at net.minidev.json.parser.JSONParserBase.readArray(JSONParserBase.java:337)
	at net.minidev.json.parser.JSONParserBase.readMain(JSONParserBase.java:470)
	at net.minidev.json.parser.JSONParserBase.readObject(JSONParserBase.java:614)
	at net.minidev.json.parser.JSONParserBase.readMain(JSONParserBase.java:467)
	at net.minidev.json.parser.JSONParserBase.readObject(JSONParserBase.java:614)
	at net.minidev.json.parser.JSONParserBase.readMain(JSONParserBase.java:467)
	at net.minidev.json.parser.JSONParserBase.readArray(JSONParserBase.java:337)
	at net.minidev.json.parser.JSONParserBase.readMain(JSONParserBase.java:470)
	at net.minidev.json.parser.JSONParserBase.readObject(JSONParserBase.java:614)
	at net.minidev.json.parser.JSONParserBase.readMain(JSONParserBase.java:467)
	at net.minidev.json.parser.JSONParserBase.readObject(JSONParserBase.java:614)
	at net.minidev.json.parser.JSONParserBase.readMain(JSONParserBase.java:467)
	at net.minidev.json.parser.JSONParserBase.readArray(JSONParserBase.java:337)
	at net.minidev.json.parser.JSONParserBase.readMain(JSONParserBase.java:470)
	at net.minidev.json.parser.JSONParserBase.readObject(JSONParserBase.java:614)
	at net.minidev.json.parser.JSONParserBase.readMain(JSONParserBase.java:467)
	at net.minidev.json.parser.JSONParserBase.readObject(JSONParserBase.java:614)
	at net.minidev.json.parser.JSONParserBase.readMain(JSONParserBase.java:467)
	at net.minidev.json.parser.JSONParserBase.readArray(JSONParserBase.java:337)
	at net.minidev.json.parser.JSONParserBase.readMain(JSONParserBase.java:470)
	at net.minidev.json.parser.JSONParserBase.readObject(JSONParserBase.java:614)
	at net.minidev.json.parser.JSONParserBase.readMain(JSONParserBase.java:467)
	at net.minidev.json.parser.JSONParserBase.readObject(JSONParserBase.java:614)
	at net.minidev.json.parser.JSONParserBase.readMain(JSONParserBase.java:467)
	at net.minidev.json.parser.JSONParserBase.readArray(JSONParserBase.java:337)
	at net.minidev.json.parser.JSONParserBase.readMain(JSONParserBase.java:470)
	at net.minidev.json.parser.JSONParserBase.readObject(JSONParserBase.java:614)
	at net.minidev.json.parser.JSONParserBase.readMain(JSONParserBase.java:467)
	at net.minidev.json.parser.JSONParserBase.readObject(JSONParserBase.java:614)
	at net.minidev.json.parser.JSONParserBase.readMain(JSONParserBase.java:467)
	at net.minidev.json.parser.JSONParserBase.readArray(JSONParserBase.java:337)
	at net.minidev.json.parser.JSONParserBase.readMain(JSONParserBase.java:470)
	at net.minidev.json.parser.JSONParserBase.readObject(JSONParserBase.java:614)
	at net.minidev.json.parser.JSONParserBase.readMain(JSONParserBase.java:467)
	at net.minidev.json.parser.JSONParserBase.readObject(JSONParserBase.java:614)
	at net.minidev.json.parser.JSONParserBase.readMain(JSONParserBase.java:467)
	at net.minidev.json.parser.JSONParserBase.readArray(JSONParserBase.java:337)
	at net.minidev.json.parser.JSONParserBase.readMain(JSONParserBase.java:470)
	at net.minidev.json.parser.JSONParserBase.readObject(JSONParserBase.java:614)
	at net.minidev.json.parser.JSONParserBase.readMain(JSONParserBase.java:467)
	at net.minidev.json.parser.JSONParserBase.readObject(JSONParserBase.java:614)
	at net.minidev.json.parser.JSONParserBase.readMain(JSONParserBase.java:467)
	at net.minidev.json.parser.JSONParserBase.readArray(JSONParserBase.java:337)
	at net.minidev.json.parser.JSONParserBase.readMain(JSONParserBase.java:470)
	at net.minidev.json.parser.JSONParserBase.readObject(JSONParserBase.java:614)
	at net.minidev.json.parser.JSONParserBase.readMain(JSONParserBase.java:467)
	at net.minidev.json.parser.JSONParserBase.readObject(JSONParserBase.java:614)
	at net.minidev.json.parser.JSONParserBase.readMain(JSONParserBase.java:467)
	at net.minidev.json.parser.JSONParserBase.readArray(JSONParserBase.java:337)
	at net.minidev.json.parser.JSONParserBase.readMain(JSONParserBase.java:470)
	at net.minidev.json.parser.JSONParserBase.readObject(JSONParserBase.java:614)
	at net.minidev.json.parser.JSONParserBase.readMain(JSONParserBase.java:467)
	at net.minidev.json.parser.JSONParserBase.readObject(JSONParserBase.java:614)
	at net.minidev.json.parser.JSONParserBase.readMain(JSONParserBase.java:467)
	at net.minidev.json.parser.JSONParserBase.readArray(JSONParserBase.java:337)
	at net.minidev.json.parser.JSONParserBase.readMain(JSONParserBase.java:470)
	at net.minidev.json.parser.JSONParserBase.readObject(JSONParserBase.java:614)
	at net.minidev.json.parser.JSONParserBase.readMain(JSONParserBase.java:467)
	at net.minidev.json.parser.JSONParserBase.readObject(JSONParserBase.java:614)
	at net.minidev.json.parser.JSONParserBase.readMain(JSONParserBase.java:467)
	at net.minidev.json.parser.JSONParserBase.readArray(JSONParserBase.java:337)
	at net.minidev.json.parser.JSONParserBase.readMain(JSONParserBase.java:470)
	at net.minidev.json.parser.JSONParserBase.readObject(JSONParserBase.java:614)
	at net.minidev.json.parser.JSONParserBase.readMain(JSONParserBase.java:467)
	at net.minidev.json.parser.JSONParserBase.readObject(JSONParserBase.java:614)
	at net.minidev.json.parser.JSONParserBase.readMain(JSONParserBase.java:467)
	at net.minidev.json.parser.JSONParserBase.readArray(JSONParserBase.java:337)
	at net.minidev.json.parser.JSONParserBase.readMain(JSONParserBase.java:470)
	at net.minidev.json.parser.JSONParserBase.readObject(JSONParserBase.java:614)
	at net.minidev.json.parser.JSONParserBase.readMain(JSONParserBase.java:467)
	at net.minidev.json.parser.JSONParserBase.readObject(JSONParserBase.java:614)
	at net.minidev.json.parser.JSONParserBase.readMain(JSONParserBase.java:467)
	at net.minidev.json.parser.JSONParserBase.readArray(JSONParserBase.java:337)
	at net.minidev.json.parser.JSONParserBase.readMain(JSONParserBase.java:470)
	at net.minidev.json.parser.JSONParserBase.readObject(JSONParserBase.java:614)
	at net.minidev.json.parser.JSONParserBase.readMain(JSONParserBase.java:467)
	at net.minidev.json.parser.JSONParserBase.readObject(JSONParserBase.java:614)
	at net.minidev.json.parser.JSONParserBase.readMain(JSONParserBase.java:467)
	at net.minidev.json.parser.JSONParserBase.readArray(JSONParserBase.java:337)
	at net.minidev.json.parser.JSONParserBase.readMain(JSONParserBase.java:470)
	at net.minidev.json.parser.JSONParserBase.readObject(JSONParserBase.java:614)
	at net.minidev.json.parser.JSONParserBase.readMain(JSONParserBase.java:467)
	at net.minidev.json.parser.JSONParserBase.readObject(JSONParserBase.java:614)
	at net.minidev.json.parser.JSONParserBase.readMain(JSONParserBase.java:467)
	at net.minidev.json.parser.JSONParserBase.readArray(JSONParserBase.java:337)
	at net.minidev.json.parser.JSONParserBase.readMain(JSONParserBase.java:470)
	at net.minidev.json.parser.JSONParserBase.readObject(JSONParserBase.java:614)
	at net.minidev.json.parser.JSONParserBase.readMain(JSONParserBase.java:467)
	at net.minidev.json.parser.JSONParserBase.readObject(JSONParserBase.java:614)
	at net.minidev.json.parser.JSONParserBase.readMain(JSONParserBase.java:467)
	at net.minidev.json.parser.JSONParserBase.readArray(JSONParserBase.java:337)
	at net.minidev.json.parser.JSONParserBase.readMain(JSONParserBase.java:470)
	at net.minidev.json.parser.JSONParserBase.readObject(JSONParserBase.java:614)
	at net.minidev.json.parser.JSONParserBase.readMain(JSONParserBase.java:467)
	at net.minidev.json.parser.JSONParserBase.readObject(JSONParserBase.java:614)
	at net.minidev.json.parser.JSONParserBase.readMain(JSONParserBase.java:467)
	at net.minidev.json.parser.JSONParserBase.readArray(JSONParserBase.java:337)
	at net.minidev.json.parser.JSONParserBase.readMain(JSONParserBase.java:470)
	at net.minidev.json.parser.JSONParserBase.readObject(JSONParserBase.java:614)
	at net.minidev.json.parser.JSONParserBase.readMain(JSONParserBase.java:467)
	at net.minidev.json.parser.JSONParserBase.readObject(JSONParserBase.java:614)
	at net.minidev.json.parser.JSONParserBase.readMain(JSONParserBase.java:467)
	at net.minidev.json.parser.JSONParserBase.readArray(JSONParserBase.java:337)
	at net.minidev.json.parser.JSONParserBase.readMain(JSONParserBase.java:470)
	at net.minidev.json.parser.JSONParserBase.readObject(JSONParserBase.java:614)
	at net.minidev.json.parser.JSONParserBase.readMain(JSONParserBase.java:467)
	at net.minidev.json.parser.JSONParserBase.readObject(JSONParserBase.java:614)
	at net.minidev.json.parser.JSONParserBase.readMain(JSONParserBase.java:467)
	at net.minidev.json.parser.JSONParserBase.readArray(JSONParserBase.java:337)
	at net.minidev.json.parser.JSONParserBase.readMain(JSONParserBase.java:470)
	at net.minidev.json.parser.JSONParserBase.readObject(JSONParserBase.java:614)
	at net.minidev.json.parser.JSONParserBase.readMain(JSONParserBase.java:467)
	at net.minidev.json.parser.JSONParserBase.readObject(JSONParserBase.java:614)
	at net.minidev.json.parser.JSONParserBase.readMain(JSONParserBase.java:467)
	at net.minidev.json.parser.JSONParserBase.readArray(JSONParserBase.java:337)
	at net.minidev.json.parser.JSONParserBase.readMain(JSONParserBase.java:470)
	at net.minidev.json.parser.JSONParserBase.readObject(JSONParserBase.java:614)
	at net.minidev.json.parser.JSONParserBase.readMain(JSONParserBase.java:467)
	at net.minidev.json.parser.JSONParserBase.readObject(JSONParserBase.java:614)
	at net.minidev.json.parser.JSONParserBase.readMain(JSONParserBase.java:467)
	at net.minidev.json.parser.JSONParserBase.readArray(JSONParserBase.java:337)
	at net.minidev.json.parser.JSONParserBase.readMain(JSONParserBase.java:470)
	at net.minidev.json.parser.JSONParserBase.readObject(JSONParserBase.java:614)
	at net.minidev.json.parser.JSONParserBase.readMain(JSONParserBase.java:467)
	at net.minidev.json.parser.JSONParserBase.readObject(JSONParserBase.java:614)
	at net.minidev.json.parser.JSONParserBase.readMain(JSONParserBase.java:467)
	at net.minidev.json.parser.JSONParserBase.readArray(JSONParserBase.java:337)
	at net.minidev.json.parser.JSONParserBase.readMain(JSONParserBase.java:470)
	at net.minidev.json.parser.JSONParserBase.readObject(JSONParserBase.java:614)
	at net.minidev.json.parser.JSONParserBase.readMain(JSONParserBase.java:467)
	at net.minidev.json.parser.JSONParserBase.readObject(JSONParserBase.java:614)
	at net.minidev.json.parser.JSONParserBase.readMain(JSONParserBase.java:467)
	at net.minidev.json.parser.JSONParserBase.readArray(JSONParserBase.java:337)
	at net.minidev.json.parser.JSONParserBase.readMain(JSONParserBase.java:470)
	at net.minidev.json.parser.JSONParserBase.readObject(JSONParserBase.java:614)
	at net.minidev.json.parser.JSONParserBase.readMain(JSONParserBase.java:467)
	at net.minidev.json.parser.JSONParserBase.readObject(JSONParserBase.java:614)
	at net.minidev.json.parser.JSONParserBase.readMain(JSONParserBase.java:467)
	at net.minidev.json.parser.JSONParserBase.readArray(JSONParserBase.java:337)
	at net.minidev.json.parser.JSONParserBase.readMain(JSONParserBase.java:470)
	at net.minidev.json.parser.JSONParserBase.readObject(JSONParserBase.java:614)
	at net.minidev.json.parser.JSONParserBase.readMain(JSONParserBase.java:467)
	at net.minidev.json.parser.JSONParserBase.readObject(JSONParserBase.java:614)
	at net.minidev.json.parser.JSONParserBase.readMain(JSONParserBase.java:467)
	at net.minidev.json.parser.JSONParserBase.readArray(JSONParserBase.java:337)
	at net.minidev.json.parser.JSONParserBase.readMain(JSONParserBase.java:470)
	at net.minidev.json.parser.JSONParserBase.readObject(JSONParserBase.java:614)
	at net.minidev.json.parser.JSONParserBase.readMain(JSONParserBase.java:467)
	at net.minidev.json.parser.JSONParserBase.readObject(JSONParserBase.java:614)
	at net.minidev.json.parser.JSONParserBase.readMain(JSONParserBase.java:467)
	at net.minidev.json.parser.JSONParserBase.readArray(JSONParserBase.java:337)
	at net.minidev.json.parser.JSONParserBase.readMain(JSONParserBase.java:470)
	at net.minidev.json.parser.JSONParserBase.readObject(JSONParserBase.java:614)
	at net.minidev.json.parser.JSONParserBase.readMain(JSONParserBase.java:467)
	at net.minidev.json.parser.JSONParserBase.readObject(JSONParserBase.java:614)
	at net.minidev.json.parser.JSONParserBase.readMain(JSONParserBase.java:467)
	at net.minidev.json.parser.JSONParserBase.readArray(JSONParserBase.java:337)
	at net.minidev.json.parser.JSONParserBase.readMain(JSONParserBase.java:470)
	at net.minidev.json.parser.JSONParserBase.readObject(JSONParserBase.java:614)
	at net.minidev.json.parser.JSONParserBase.readMain(JSONParserBase.java:467)
	at net.minidev.json.parser.JSONParserBase.readObject(JSONParserBase.java:614)
	at net.minidev.json.parser.JSONParserBase.readMain(JSONParserBase.java:467)
	at net.minidev.json.parser.JSONParserBase.readArray(JSONParserBase.java:337)
	at net.minidev.json.parser.JSONParserBase.readMain(JSONParserBase.java:470)
	at net.minidev.json.parser.JSONParserBase.readObject(JSONParserBase.java:614)
	at net.minidev.json.parser.JSONParserBase.readMain(JSONParserBase.java:467)
	at net.minidev.json.parser.JSONParserBase.readObject(JSONParserBase.java:614)
	at net.minidev.json.parser.JSONParserBase.readMain(JSONParserBase.java:467)
	at net.minidev.json.parser.JSONParserBase.readArray(JSONParserBase.java:337)
	at net.minidev.json.parser.JSONParserBase.readMain(JSONParserBase.java:470)
	at net.minidev.json.parser.JSONParserBase.readObject(JSONParserBase.java:614)
	at net.minidev.json.parser.JSONParserBase.readMain(JSONParserBase.java:467)
	at net.minidev.json.parser.JSONParserBase.readObject(JSONParserBase.java:614)
	at net.minidev.json.parser.JSONParserBase.readMain(JSONParserBase.java:467)
	at net.minidev.json.parser.JSONParserBase.readArray(JSONParserBase.java:337)
	at net.minidev.json.parser.JSONParserBase.readMain(JSONParserBase.java:470)
	at net.minidev.json.parser.JSONParserBase.readObject(JSONParserBase.java:614)
	at net.minidev.json.parser.JSONParserBase.readMain(JSONParserBase.java:467)
	at net.minidev.json.parser.JSONParserBase.readObject(JSONParserBase.java:614)
	at net.minidev.json.parser.JSONParserBase.readMain(JSONParserBase.java:467)
	at net.minidev.json.parser.JSONParserBase.readArray(JSONParserBase.java:337)
	at net.minidev.json.parser.JSONParserBase.readMain(JSONParserBase.java:470)
	at net.minidev.json.parser.JSONParserBase.readObject(JSONParserBase.java:614)
	at net.minidev.json.parser.JSONParserBase.readMain(JSONParserBase.java:467)
	at net.minidev.json.parser.JSONParserBase.readObject(JSONParserBase.java:614)
	at net.minidev.json.parser.JSONParserBase.readMain(JSONParserBase.java:467)
	at net.minidev.json.parser.JSONParserBase.readArray(JSONParserBase.java:337)
	at net.minidev.json.parser.JSONParserBase.readMain(JSONParserBase.java:470)
	at net.minidev.json.parser.JSONParserBase.readObject(JSONParserBase.java:614)
	at net.minidev.json.parser.JSONParserBase.readMain(JSONParserBase.java:467)
	at net.minidev.json.parser.JSONParserBase.readObject(JSONParserBase.java:614)
	at net.minidev.json.parser.JSONParserBase.readMain(JSONParserBase.java:467)
	at net.minidev.json.parser.JSONParserBase.readArray(JSONParserBase.java:337)
	at net.minidev.json.parser.JSONParserBase.readMain(JSONParserBase.java:470)
	at net.minidev.json.parser.JSONParserBase.readObject(JSONParserBase.java:614)
	at net.minidev.json.parser.JSONParserBase.readMain(JSONParserBase.java:467)
	at net.minidev.json.parser.JSONParserBase.readObject(JSONParserBase.java:614)
	at net.minidev.json.parser.JSONParserBase.readMain(JSONParserBase.java:467)
	at net.minidev.json.parser.JSONParserBase.readArray(JSONParserBase.java:337)
	at net.minidev.json.parser.JSONParserBase.readMain(JSONParserBase.java:470)
	at net.minidev.json.parser.JSONParserBase.readObject(JSONParserBase.java:614)
	at net.minidev.json.parser.JSONParserBase.readMain(JSONParserBase.java:467)
	at net.minidev.json.parser.JSONParserBase.readObject(JSONParserBase.java:614)
	at net.minidev.json.parser.JSONParserBase.readMain(JSONParserBase.java:467)
	at net.minidev.json.parser.JSONParserBase.readArray(JSONParserBase.java:337)
	at net.minidev.json.parser.JSONParserBase.readMain(JSONParserBase.java:470)
	at net.minidev.json.parser.JSONParserBase.readObject(JSONParserBase.java:614)
	at net.minidev.json.parser.JSONParserBase.readMain(JSONParserBase.java:467)
	at net.minidev.json.parser.JSONParserBase.readObject(JSONParserBase.java:614)
	at net.minidev.json.parser.JSONParserBase.readMain(JSONParserBase.java:467)
	at net.minidev.json.parser.JSONParserBase.readArray(JSONParserBase.java:337)
	at net.minidev.json.parser.JSONParserBase.readMain(JSONParserBase.java:470)
	at net.minidev.json.parser.JSONParserBase.readObject(JSONParserBase.java:614)
	at net.minidev.json.parser.JSONParserBase.readMain(JSONParserBase.java:467)
	at net.minidev.json.parser.JSONParserBase.readObject(JSONParserBase.java:614)
	at net.minidev.json.parser.JSONParserBase.readMain(JSONParserBase.java:467)
	at net.minidev.json.parser.JSONParserBase.readArray(JSONParserBase.java:337)
	at net.minidev.json.parser.JSONParserBase.readMain(JSONParserBase.java:470)
	at net.minidev.json.parser.JSONParserBase.readObject(JSONParserBase.java:614)
	at net.minidev.json.parser.JSONParserBase.readMain(JSONParserBase.java:467)
	at net.minidev.json.parser.JSONParserBase.readObject(JSONParserBase.java:614)
	at net.minidev.json.parser.JSONParserBase.readMain(JSONParserBase.java:467)
	at net.minidev.json.parser.JSONParserBase.readArray(JSONParserBase.java:337)
	at net.minidev.json.parser.JSONParserBase.readMain(JSONParserBase.java:470)
	at net.minidev.json.parser.JSONParserBase.readObject(JSONParserBase.java:614)
	at net.minidev.json.parser.JSONParserBase.readMain(JSONParserBase.java:467)
	at net.minidev.json.parser.JSONParserBase.readObject(JSONParserBase.java:614)
	at net.minidev.json.parser.JSONParserBase.readMain(JSONParserBase.java:467)
	at net.minidev.json.parser.JSONParserBase.readArray(JSONParserBase.java:337)
	at net.minidev.json.parser.JSONParserBase.readMain(JSONParserBase.java:470)
	at net.minidev.json.parser.JSONParserBase.readObject(JSONParserBase.java:614)
	at net.minidev.json.parser.JSONParserBase.readMain(JSONParserBase.java:467)
	at net.minidev.json.parser.JSONParserBase.readObject(JSONParserBase.java:614)
	at net.minidev.json.parser.JSONParserBase.readMain(JSONParserBase.java:467)
	at net.minidev.json.parser.JSONParserBase.readArray(JSONParserBase.java:337)
	at net.minidev.json.parser.JSONParserBase.readMain(JSONParserBase.java:470)
	at net.minidev.json.parser.JSONParserBase.readObject(JSONParserBase.java:614)
	at net.minidev.json.parser.JSONParserBase.readMain(JSONParserBase.java:467)
	at net.minidev.json.parser.JSONParserBase.readObject(JSONParserBase.java:614)
	at net.minidev.json.parser.JSONParserBase.readMain(JSONParserBase.java:467)
	at net.minidev.json.parser.JSONParserBase.readArray(JSONParserBase.java:337)
	at net.minidev.json.parser.JSONParserBase.readMain(JSONParserBase.java:470)
	at net.minidev.json.parser.JSONParserBase.readObject(JSONParserBase.java:614)
	at net.minidev.json.parser.JSONParserBase.readMain(JSONParserBase.java:467)
	at net.minidev.json.parser.JSONParserBase.readObject(JSONParserBase.java:614)
	at net.minidev.json.parser.JSONParserBase.readMain(JSONParserBase.java:467)
	at net.minidev.json.parser.JSONParserBase.readArray(JSONParserBase.java:337)
	at net.minidev.json.parser.JSONParserBase.readMain(JSONParserBase.java:470)
	at net.minidev.json.parser.JSONParserBase.readObject(JSONParserBase.java:614)
	at net.minidev.json.parser.JSONParserBase.readMain(JSONParserBase.java:467)
	at net.minidev.json.parser.JSONParserBase.readObject(JSONParserBase.java:614)
	at net.minidev.json.parser.JSONParserBase.readMain(JSONParserBase.java:467)
	at net.minidev.json.parser.JSONParserBase.readArray(JSONParserBase.java:337)
	at net.minidev.json.parser.JSONParserBase.readMain(JSONParserBase.java:470)
	at net.minidev.json.parser.JSONParserBase.readObject(JSONParserBase.java:614)
	at net.minidev.json.parser.JSONParserBase.readMain(JSONParserBase.java:467)
	at net.minidev.json.parser.JSONParserBase.readObject(JSONParserBase.java:614)
	at net.minidev.json.parser.JSONParserBase.readMain(JSONParserBase.java:467)
	at net.minidev.json.parser.JSONParserBase.readArray(JSONParserBase.java:337)
	at net.minidev.json.parser.JSONParserBase.readMain(JSONParserBase.java:470)
	at net.minidev.json.parser.JSONParserBase.readObject(JSONParserBase.java:614)
	at net.minidev.json.parser.JSONParserBase.readMain(JSONParserBase.java:467)
	at net.minidev.json.parser.JSONParserBase.readObject(JSONParserBase.java:614)
	at net.minidev.json.parser.JSONParserBase.readMain(JSONParserBase.java:467)
	at net.minidev.json.parser.JSONParserBase.readArray(JSONParserBase.java:337)
	at net.minidev.json.parser.JSONParserBase.readMain(JSONParserBase.java:470)
	at net.minidev.json.parser.JSONParserBase.readObject(JSONParserBase.java:614)
	at net.minidev.json.parser.JSONParserBase.readMain(JSONParserBase.java:467)
	at net.minidev.json.parser.JSONParserBase.readObject(JSONParserBase.java:614)
	at net.minidev.json.parser.JSONParserBase.readMain(JSONParserBase.java:467)
	at net.minidev.json.parser.JSONParserBase.readArray(JSONParserBase.java:337)
	at net.minidev.json.parser.JSONParserBase.readMain(JSONParserBase.java:470)
	at net.minidev.json.parser.JSONParserBase.readObject(JSONParserBase.java:614)
	at net.minidev.json.parser.JSONParserBase.readMain(JSONParserBase.java:467)
	at net.minidev.json.parser.JSONParserBase.readObject(JSONParserBase.java:614)
	at net.minidev.json.parser.JSONParserBase.readMain(JSONParserBase.java:467)
	at net.minidev.json.parser.JSONParserBase.readArray(JSONParserBase.java:337)
	at net.minidev.json.parser.JSONParserBase.readMain(JSONParserBase.java:470)
	at net.minidev.json.parser.JSONParserBase.readObject(JSONParserBase.java:614)
	at net.minidev.json.parser.JSONParserBase.readMain(JSONParserBase.java:467)
	at net.minidev.json.parser.JSONParserBase.readObject(JSONParserBase.java:614)
	at net.minidev.json.parser.JSONParserBase.readMain(JSONParserBase.java:467)
	at net.minidev.json.parser.JSONParserBase.readArray(JSONParserBase.java:337)
	at net.minidev.json.parser.JSONParserBase.readMain(JSONParserBase.java:470)
	at net.minidev.json.parser.JSONParserBase.readObject(JSONParserBase.java:614)
	at net.minidev.json.parser.JSONParserBase.readMain(JSONParserBase.java:467)
	at net.minidev.json.parser.JSONParserBase.readObject(JSONParserBase.java:614)
	at net.minidev.json.parser.JSONParserBase.readMain(JSONParserBase.java:467)
	at net.minidev.json.parser.JSONParserBase.readArray(JSONParserBase.java:337)
	at net.minidev.json.parser.JSONParserBase.readMain(JSONParserBase.java:470)
	at net.minidev.json.parser.JSONParserBase.readObject(JSONParserBase.java:614)
	at net.minidev.json.parser.JSONParserBase.readMain(JSONParserBase.java:467)
	at net.minidev.json.parser.JSONParserBase.readObject(JSONParserBase.java:614)
	at net.minidev.json.parser.JSONParserBase.readMain(JSONParserBase.java:467)
	at net.minidev.json.parser.JSONParserBase.readArray(JSONParserBase.java:337)
	at net.minidev.json.parser.JSONParserBase.readMain(JSONParserBase.java:470)
	at net.minidev.json.parser.JSONParserBase.readObject(JSONParserBase.java:614)
	at net.minidev.json.parser.JSONParserBase.readMain(JSONParserBase.java:467)
	at net.minidev.json.parser.JSONParserBase.readObject(JSONParserBase.java:614)
	at net.minidev.json.parser.JSONParserBase.readMain(JSONParserBase.java:467)
	at net.minidev.json.parser.JSONParserBase.readArray(JSONParserBase.java:337)
	at net.minidev.json.parser.JSONParserBase.readMain(JSONParserBase.java:470)
	at net.minidev.json.parser.JSONParserBase.readObject(JSONParserBase.java:614)
	at net.minidev.json.parser.JSONParserBase.readMain(JSONParserBase.java:467)
	at net.minidev.json.parser.JSONParserBase.readObject(JSONParserBase.java:614)
	at net.minidev.json.parser.JSONParserBase.readMain(JSONParserBase.java:467)
	at net.minidev.json.parser.JSONParserBase.readArray(JSONParserBase.java:337)
	at net.minidev.json.parser.JSONParserBase.readMain(JSONParserBase.java:470)
	at net.minidev.json.parser.JSONParserBase.readObject(JSONParserBase.java:614)
	at net.minidev.json.parser.JSONParserBase.readMain(JSONParserBase.java:467)
	at net.minidev.json.parser.JSONParserBase.readObject(JSONParserBase.java:614)
	at net.minidev.json.parser.JSONParserBase.readMain(JSONParserBase.java:467)
	at net.minidev.json.parser.JSONParserBase.readArray(JSONParserBase.java:337)
	at net.minidev.json.parser.JSONParserBase.readMain(JSONParserBase.java:470)
	at net.minidev.json.parser.JSONParserBase.readObject(JSONParserBase.java:614)
	at net.minidev.json.parser.JSONParserBase.readMain(JSONParserBase.java:467)
	at net.minidev.json.parser.JSONParserBase.readObject(JSONParserBase.java:614)
	at net.minidev.json.parser.JSONParserBase.readMain(JSONParserBase.java:467)
	at net.minidev.json.parser.JSONParserBase.readArray(JSONParserBase.java:337)
	at net.minidev.json.parser.JSONParserBase.readMain(JSONParserBase.java:470)
	at net.minidev.json.parser.JSONParserBase.readObject(JSONParserBase.java:614)
	at net.minidev.json.parser.JSONParserBase.readMain(JSONParserBase.java:467)
	at net.minidev.json.parser.JSONParserBase.readObject(JSONParserBase.java:614)
	at net.minidev.json.parser.JSONParserBase.readMain(JSONParserBase.java:467)
	at net.minidev.json.parser.JSONParserBase.readArray(JSONParserBase.java:337)
	at net.minidev.json.parser.JSONParserBase.readMain(JSONParserBase.java:470)
	at net.minidev.json.parser.JSONParserBase.readObject(JSONParserBase.java:614)
	at net.minidev.json.parser.JSONParserBase.readMain(JSONParserBase.java:467)
	at net.minidev.json.parser.JSONParserBase.readObject(JSONParserBase.java:614)
	at net.minidev.json.parser.JSONParserBase.readMain(JSONParserBase.java:467)
	at net.minidev.json.parser.JSONParserBase.readArray(JSONParserBase.java:337)
	at net.minidev.json.parser.JSONParserBase.readMain(JSONParserBase.java:470)
	at net.minidev.json.parser.JSONParserBase.readObject(JSONParserBase.java:614)
	at net.minidev.json.parser.JSONParserBase.readMain(JSONParserBase.java:467)
	at net.minidev.json.parser.JSONParserBase.readObject(JSONParserBase.java:614)
	at net.minidev.json.parser.JSONParserBase.readMain(JSONParserBase.java:467)
	at net.minidev.json.parser.JSONParserBase.readArray(JSONParserBase.java:337)
	at net.minidev.json.parser.JSONParserBase.readMain(JSONParserBase.java:470)
	at net.minidev.json.parser.JSONParserBase.readObject(JSONParserBase.java:614)
	at net.minidev.json.parser.JSONParserBase.readMain(JSONParserBase.java:467)
	at net.minidev.json.parser.JSONParserBase.readObject(JSONParserBase.java:614)
	at net.minidev.json.parser.JSONParserBase.readMain(JSONParserBase.java:467)
	at net.minidev.json.parser.JSONParserBase.readArray(JSONParserBase.java:337)
	at net.minidev.json.parser.JSONParserBase.readMain(JSONParserBase.java:470)
	at net.minidev.json.parser.JSONParserBase.readObject(JSONParserBase.java:614)
	at net.minidev.json.parser.JSONParserBase.readMain(JSONParserBase.java:467)
	at net.minidev.json.parser.JSONParserBase.readObject(JSONParserBase.java:614)
	at net.minidev.json.parser.JSONParserBase.readMain(JSONParserBase.java:467)
	at net.minidev.json.parser.JSONParserBase.readArray(JSONParserBase.java:337)
	at net.minidev.json.parser.JSONParserBase.readMain(JSONParserBase.java:470)
	at net.minidev.json.parser.JSONParserBase.readObject(JSONParserBase.java:614)
	at net.minidev.json.parser.JSONParserBase.readMain(JSONParserBase.java:467)
	at net.minidev.json.parser.JSONParserBase.readObject(JSONParserBase.java:614)
	at net.minidev.json.parser.JSONParserBase.readMain(JSONParserBase.java:467)
	at net.minidev.json.parser.JSONParserBase.readArray(JSONParserBase.java:337)
	at net.minidev.json.parser.JSONParserBase.readMain(JSONParserBase.java:470)
	at net.minidev.json.parser.JSONParserBase.readObject(JSONParserBase.java:614)
	at net.minidev.json.parser.JSONParserBase.readMain(JSONParserBase.java:467)
	at net.minidev.json.parser.JSONParserBase.readObject(JSONParserBase.java:614)
	at net.minidev.json.parser.JSONParserBase.readMain(JSONParserBase.java:467)
	at net.minidev.json.parser.JSONParserBase.readArray(JSONParserBase.java:337)
	at net.minidev.json.parser.JSONParserBase.readMain(JSONParserBase.java:470)
	at net.minidev.json.parser.JSONParserBase.readObject(JSONParserBase.java:614)
	at net.minidev.json.parser.JSONParserBase.readMain(JSONParserBase.java:467)
	at net.minidev.json.parser.JSONParserBase.readObject(JSONParserBase.java:614)
	at net.minidev.json.parser.JSONParserBase.readMain(JSONParserBase.java:467)
	at net.minidev.json.parser.JSONParserBase.readArray(JSONParserBase.java:337)
	at net.minidev.json.parser.JSONParserBase.readMain(JSONParserBase.java:470)
	at net.minidev.json.parser.JSONParserBase.readObject(JSONParserBase.java:614)
	at net.minidev.json.parser.JSONParserBase.readMain(JSONParserBase.java:467)
	at net.minidev.json.parser.JSONParserBase.readObject(JSONParserBase.java:614)
	at net.minidev.json.parser.JSONParserBase.readMain(JSONParserBase.java:467)
	at net.minidev.json.parser.JSONParserBase.readArray(JSONParserBase.java:337)
	at net.minidev.json.parser.JSONParserBase.readMain(JSONParserBase.java:470)
	at net.minidev.json.parser.JSONParserBase.readObject(JSONParserBase.java:614)
	at net.minidev.json.parser.JSONParserBase.readMain(JSONParserBase.java:467)
	at net.minidev.json.parser.JSONParserBase.readObject(JSONParserBase.java:614)
	at net.minidev.json.parser.JSONParserBase.readMain(JSONParserBase.java:467)
	at net.minidev.json.parser.JSONParserBase.readArray(JSONParserBase.java:337)
	at net.minidev.json.parser.JSONParserBase.readMain(JSONParserBase.java:470)
	at net.minidev.json.parser.JSONParserBase.readObject(JSONParserBase.java:614)
	at net.minidev.json.parser.JSONParserBase.readMain(JSONParserBase.java:467)
	at net.minidev.json.parser.JSONParserBase.readObject(JSONParserBase.java:614)
	at net.minidev.json.parser.JSONParserBase.readMain(JSONParserBase.java:467)
	at net.minidev.json.parser.JSONParserBase.readArray(JSONParserBase.java:337)
	at net.minidev.json.parser.JSONParserBase.readMain(JSONParserBase.java:470)
	at net.minidev.json.parser.JSONParserBase.readObject(JSONParserBase.java:614)
	at net.minidev.json.parser.JSONParserBase.readMain(JSONParserBase.java:467)
	at net.minidev.json.parser.JSONParserBase.readObject(JSONParserBase.java:614)
	at net.minidev.json.parser.JSONParserBase.readMain(JSONParserBase.java:467)
	at net.minidev.json.parser.JSONParserBase.readArray(JSONParserBase.java:337)
	at net.minidev.json.parser.JSONParserBase.readMain(JSONParserBase.java:470)
	at net.minidev.json.parser.JSONParserBase.readObject(JSONParserBase.java:614)
	at net.minidev.json.parser.JSONParserBase.readMain(JSONParserBase.java:467)
	at net.minidev.json.parser.JSONParserBase.readObject(JSONParserBase.java:614)
	at net.minidev.json.parser.JSONParserBase.readMain(JSONParserBase.java:467)
	at net.minidev.json.parser.JSONParserBase.readArray(JSONParserBase.java:337)
	at net.minidev.json.parser.JSONParserBase.readMain(JSONParserBase.java:470)
	at net.minidev.json.parser.JSONParserBase.readObject(JSONParserBase.java:614)
	at net.minidev.json.parser.JSONParserBase.readMain(JSONParserBase.java:467)
	at net.minidev.json.parser.JSONParserBase.readObject(JSONParserBase.java:614)
	at net.minidev.json.parser.JSONParserBase.readMain(JSONParserBase.java:467)
	at net.minidev.json.parser.JSONParserBase.readArray(JSONParserBase.java:337)
	at net.minidev.json.parser.JSONParserBase.readMain(JSONParserBase.java:470)
	at net.minidev.json.parser.JSONParserBase.readObject(JSONParserBase.java:614)
	at net.minidev.json.parser.JSONParserBase.readMain(JSONParserBase.java:467)
	at net.minidev.json.parser.JSONParserBase.readObject(JSONParserBase.java:614)
	at net.minidev.json.parser.JSONParserBase.readMain(JSONParserBase.java:467)
	at net.minidev.json.parser.JSONParserBase.readArray(JSONParserBase.java:337)
	at net.minidev.json.parser.JSONParserBase.readMain(JSONParserBase.java:470)
	at net.minidev.json.parser.JSONParserBase.readObject(JSONParserBase.java:614)
	at net.minidev.json.parser.JSONParserBase.readMain(JSONParserBase.java:467)
	at net.minidev.json.parser.JSONParserBase.readObject(JSONParserBase.java:614)
	at net.minidev.json.parser.JSONParserBase.readMain(JSONParserBase.java:467)
	at net.minidev.json.parser.JSONParserBase.readArray(JSONParserBase.java:337)
	at net.minidev.json.parser.JSONParserBase.readMain(JSONParserBase.java:470)
	at net.minidev.json.parser.JSONParserBase.readObject(JSONParserBase.java:614)
	at net.minidev.json.parser.JSONParserBase.readMain(JSONParserBase.java:467)
	at net.minidev.json.parser.JSONParserBase.readObject(JSONParserBase.java:614)
	at net.minidev.json.parser.JSONParserBase.readMain(JSONParserBase.java:467)
	at net.minidev.json.parser.JSONParserBase.readArray(JSONParserBase.java:337)
	at net.minidev.json.parser.JSONParserBase.readMain(JSONParserBase.java:470)
	at net.minidev.json.parser.JSONParserBase.readObject(JSONParserBase.java:614)
	at net.minidev.json.parser.JSONParserBase.readMain(JSONParserBase.java:467)
	at net.minidev.json.parser.JSONParserBase.readObject(JSONParserBase.java:614)
	at net.minidev.json.parser.JSONParserBase.readMain(JSONParserBase.java:467)
	at net.minidev.json.parser.JSONParserBase.readArray(JSONParserBase.java:337)
	at net.minidev.json.parser.JSONParserBase.readMain(JSONParserBase.java:470)
	at net.minidev.json.parser.JSONParserBase.readObject(JSONParserBase.java:614)
	at net.minidev.json.parser.JSONParserBase.readMain(JSONParserBase.java:467)
	at net.minidev.json.parser.JSONParserBase.readObject(JSONParserBase.java:614)
	at net.minidev.json.parser.JSONParserBase.readMain(JSONParserBase.java:467)
	at net.minidev.json.parser.JSONParserBase.readArray(JSONParserBase.java:337)
	at net.minidev.json.parser.JSONParserBase.readMain(JSONParserBase.java:470)
	at net.minidev.json.parser.JSONParserBase.readObject(JSONParserBase.java:614)
	at net.minidev.json.parser.JSONParserBase.readMain(JSONParserBase.java:467)
	at net.minidev.json.parser.JSONParserBase.readObject(JSONParserBase.java:614)
	at net.minidev.json.parser.JSONParserBase.readMain(JSONParserBase.java:467)
	at net.minidev.json.parser.JSONParserBase.readArray(JSONParserBase.java:337)
	at net.minidev.json.parser.JSONParserBase.readMain(JSONParserBase.java:470)
	at net.minidev.json.parser.JSONParserBase.readObject(JSONParserBase.java:614)
	at net.minidev.json.parser.JSONParserBase.readMain(JSONParserBase.java:467)
	at net.minidev.json.parser.JSONParserBase.readObject(JSONParserBase.java:614)
	at net.minidev.json.parser.JSONParserBase.readMain(JSONParserBase.java:467)
	at net.minidev.json.parser.JSONParserBase.readArray(JSONParserBase.java:337)
	at net.minidev.json.parser.JSONParserBase.readMain(JSONParserBase.java:470)
	at net.minidev.json.parser.JSONParserBase.readObject(JSONParserBase.java:614)
	at net.minidev.json.parser.JSONParserBase.readMain(JSONParserBase.java:467)
	at net.minidev.json.parser.JSONParserBase.readObject(JSONParserBase.java:614)
	at net.minidev.json.parser.JSONParserBase.readMain(JSONParserBase.java:467)
	at net.minidev.json.parser.JSONParserBase.readArray(JSONParserBase.java:337)
	at net.minidev.json.parser.JSONParserBase.readMain(JSONParserBase.java:470)
	at net.minidev.json.parser.JSONParserBase.readObject(JSONParserBase.java:614)
	at net.minidev.json.parser.JSONParserBase.readMain(JSONParserBase.java:467)
	at net.minidev.json.parser.JSONParserBase.readObject(JSONParserBase.java:614)
	at net.minidev.json.parser.JSONParserBase.readMain(JSONParserBase.java:467)
	at net.minidev.json.parser.JSONParserBase.readArray(JSONParserBase.java:337)
	at net.minidev.json.parser.JSONParserBase.readMain(JSONParserBase.java:470)
	at net.minidev.json.parser.JSONParserBase.readObject(JSONParserBase.java:614)
	at net.minidev.json.parser.JSONParserBase.readMain(JSONParserBase.java:467)
	at net.minidev.json.parser.JSONParserBase.readObject(JSONParserBase.java:614)
	at net.minidev.json.parser.JSONParserBase.readMain(JSONParserBase.java:467)
	at net.minidev.json.parser.JSONParserBase.readArray(JSONParserBase.java:337)
	at net.minidev.json.parser.JSONParserBase.readMain(JSONParserBase.java:470)
	at net.minidev.json.parser.JSONParserBase.readObject(JSONParserBase.java:614)
	at net.minidev.json.parser.JSONParserBase.readMain(JSONParserBase.java:467)
	at net.minidev.json.parser.JSONParserBase.readObject(JSONParserBase.java:614)
	at net.minidev.json.parser.JSONParserBase.readMain(JSONParserBase.java:467)
	at net.minidev.json.parser.JSONParserBase.readArray(JSONParserBase.java:337)
	at net.minidev.json.parser.JSONParserBase.readMain(JSONParserBase.java:470)
	at net.minidev.json.parser.JSONParserBase.readObject(JSONParserBase.java:614)
	at net.minidev.json.parser.JSONParserBase.readMain(JSONParserBase.java:467)
	at net.minidev.json.parser.JSONParserBase.readObject(JSONParserBase.java:614)
	at net.minidev.json.parser.JSONParserBase.readMain(JSONParserBase.java:467)
	at net.minidev.json.parser.JSONParserBase.readArray(JSONParserBase.java:337)
	at net.minidev.json.parser.JSONParserBase.readMain(JSONParserBase.java:470)
	at net.minidev.json.parser.JSONParserBase.readObject(JSONParserBase.java:614)
	at net.minidev.json.parser.JSONParserBase.readMain(JSONParserBase.java:467)
	at net.minidev.json.parser.JSONParserBase.readObject(JSONParserBase.java:614)
	at net.minidev.json.parser.JSONParserBase.readMain(JSONParserBase.java:467)
	at net.minidev.json.parser.JSONParserBase.readArray(JSONParserBase.java:337)
	at net.minidev.json.parser.JSONParserBase.readMain(JSONParserBase.java:470)
	at net.minidev.json.parser.JSONParserBase.readObject(JSONParserBase.java:614)
	at net.minidev.json.parser.JSONParserBase.readMain(JSONParserBase.java:467)
	at net.minidev.json.parser.JSONParserBase.readObject(JSONParserBase.java:614)
	at net.minidev.json.parser.JSONParserBase.readMain(JSONParserBase.java:467)
	at net.minidev.json.parser.JSONParserBase.readArray(JSONParserBase.java:337)
	at net.minidev.json.parser.JSONParserBase.readMain(JSONParserBase.java:470)
	at net.minidev.json.parser.JSONParserBase.readObject(JSONParserBase.java:614)
	at net.minidev.json.parser.JSONParserBase.readMain(JSONParserBase.java:467)
	at net.minidev.json.parser.JSONParserBase.readObject(JSONParserBase.java:614)
	at net.minidev.json.parser.JSONParserBase.readMain(JSONParserBase.java:467)
	at net.minidev.json.parser.JSONParserBase.readArray(JSONParserBase.java:337)
	at net.minidev.json.parser.JSONParserBase.readMain(JSONParserBase.java:470)
	at net.minidev.json.parser.JSONParserBase.readObject(JSONParserBase.java:614)
	at net.minidev.json.parser.JSONParserBase.readMain(JSONParserBase.java:467)
	at net.minidev.json.parser.JSONParserBase.readObject(JSONParserBase.java:614)
	at net.minidev.json.parser.JSONParserBase.readMain(JSONParserBase.java:467)
	at net.minidev.json.parser.JSONParserBase.readArray(JSONParserBase.java:337)
	at net.minidev.json.parser.JSONParserBase.readMain(JSONParserBase.java:470)
	at net.minidev.json.parser.JSONParserBase.readObject(JSONParserBase.java:614)
	at net.minidev.json.parser.JSONParserBase.readMain(JSONParserBase.java:467)
	at net.minidev.json.parser.JSONParserBase.readObject(JSONParserBase.java:614)
	at net.minidev.json.parser.JSONParserBase.readMain(JSONParserBase.java:467)
	at net.minidev.json.parser.JSONParserBase.readArray(JSONParserBase.java:337)
	at net.minidev.json.parser.JSONParserBase.readMain(JSONParserBase.java:470)
	at net.minidev.json.parser.JSONParserBase.readObject(JSONParserBase.java:614)
	at net.minidev.json.parser.JSONParserBase.readMain(JSONParserBase.java:467)
	at net.minidev.json.parser.JSONParserBase.readObject(JSONParserBase.java:614)
	at net.minidev.json.parser.JSONParserBase.readMain(JSONParserBase.java:467)
	at net.minidev.json.parser.JSONParserBase.readArray(JSONParserBase.java:337)
	at net.minidev.json.parser.JSONParserBase.readMain(JSONParserBase.java:470)
	at net.minidev.json.parser.JSONParserBase.readObject(JSONParserBase.java:614)
	at net.minidev.json.parser.JSONParserBase.readMain(JSONParserBase.java:467)
	at net.minidev.json.parser.JSONParserBase.readObject(JSONParserBase.java:614)
	at net.minidev.json.parser.JSONParserBase.readMain(JSONParserBase.java:467)
	at net.minidev.json.parser.JSONParserBase.readArray(JSONParserBase.java:337)
	at net.minidev.json.parser.JSONParserBase.readMain(JSONParserBase.java:470)
	at net.minidev.json.parser.JSONParserBase.readObject(JSONParserBase.java:614)
	at net.minidev.json.parser.JSONParserBase.readMain(JSONParserBase.java:467)
	at net.minidev.json.parser.JSONParserBase.readObject(JSONParserBase.java:614)
	at net.minidev.json.parser.JSONParserBase.readMain(JSONParserBase.java:467)
	at net.minidev.json.parser.JSONParserBase.readArray(JSONParserBase.java:337)
	at net.minidev.json.parser.JSONParserBase.readMain(JSONParserBase.java:470)
	at net.minidev.json.parser.JSONParserBase.readObject(JSONParserBase.java:614)
	at net.minidev.json.parser.JSONParserBase.readMain(JSONParserBase.java:467)
	at net.minidev.json.parser.JSONParserBase.readObject(JSONParserBase.java:614)
	at net.minidev.json.parser.JSONParserBase.readMain(JSONParserBase.java:467)
	at net.minidev.json.parser.JSONParserBase.readArray(JSONParserBase.java:337)
	at net.minidev.json.parser.JSONParserBase.readMain(JSONParserBase.java:470)
	at net.minidev.json.parser.JSONParserBase.readObject(JSONParserBase.java:614)
	at net.minidev.json.parser.JSONParserBase.readMain(JSONParserBase.java:467)
	at net.minidev.json.parser.JSONParserBase.readObject(JSONParserBase.java:614)
	at net.minidev.json.parser.JSONParserBase.readMain(JSONParserBase.java:467)
	at net.minidev.json.parser.JSONParserBase.readArray(JSONParserBase.java:337)
	at net.minidev.json.parser.JSONParserBase.readMain(JSONParserBase.java:470)
	at net.minidev.json.parser.JSONParserBase.readObject(JSONParserBase.java:614)
	at net.minidev.json.parser.JSONParserBase.readMain(JSONParserBase.java:467)
	at net.minidev.json.parser.JSONParserBase.readObject(JSONParserBase.java:614)
	at net.minidev.json.parser.JSONParserBase.readMain(JSONParserBase.java:467)
	at net.minidev.json.parser.JSONParserBase.readArray(JSONParserBase.java:337)
	at net.minidev.json.parser.JSONParserBase.readMain(JSONParserBase.java:470)
	at net.minidev.json.parser.JSONParserBase.readObject(JSONParserBase.java:614)
	at net.minidev.json.parser.JSONParserBase.readMain(JSONParserBase.java:467)
	at net.minidev.json.parser.JSONParserBase.readObject(JSONParserBase.java:614)
	at net.minidev.json.parser.JSONParserBase.readMain(JSONParserBase.java:467)
	at net.minidev.json.parser.JSONParserBase.readArray(JSONParserBase.java:337)
	at net.minidev.json.parser.JSONParserBase.readMain(JSONParserBase.java:470)
	at net.minidev.json.parser.JSONParserBase.readObject(JSONParserBase.java:614)
	at net.minidev.json.parser.JSONParserBase.readMain(JSONParserBase.java:467)
	at net.minidev.json.parser.JSONParserBase.readObject(JSONParserBase.java:614)
	at net.minidev.json.parser.JSONParserBase.readMain(JSONParserBase.java:467)
	at net.minidev.json.parser.JSONParserBase.readArray(JSONParserBase.java:337)
	at net.minidev.json.parser.JSONParserBase.readMain(JSONParserBase.java:470)
	at net.minidev.json.parser.JSONParserBase.readObject(JSONParserBase.java:614)
	at net.minidev.json.parser.JSONParserBase.readMain(JSONParserBase.java:467)
	at net.minidev.json.parser.JSONParserBase.readObject(JSONParserBase.java:614)
	at net.minidev.json.parser.JSONParserBase.readMain(JSONParserBase.java:467)
	at net.minidev.json.parser.JSONParserBase.readArray(JSONParserBase.java:337)
	at net.minidev.json.parser.JSONParserBase.readMain(JSONParserBase.java:470)
	at net.minidev.json.parser.JSONParserBase.readObject(JSONParserBase.java:614)
	at net.minidev.json.parser.JSONParserBase.readMain(JSONParserBase.java:467)
	at net.minidev.json.parser.JSONParserBase.readObject(JSONParserBase.java:614)
	at net.minidev.json.parser.JSONParserBase.readMain(JSONParserBase.java:467)
	at net.minidev.json.parser.JSONParserBase.readArray(JSONParserBase.java:337)
	at net.minidev.json.parser.JSONParserBase.readMain(JSONParserBase.java:470)
	at net.minidev.json.parser.JSONParserBase.readObject(JSONParserBase.java:614)
	at net.minidev.json.parser.JSONParserBase.readMain(JSONParserBase.java:467)
	at net.minidev.json.parser.JSONParserBase.readObject(JSONParserBase.java:614)
	at net.minidev.json.parser.JSONParserBase.readMain(JSONParserBase.java:467)
	at net.minidev.json.parser.JSONParserBase.readArray(JSONParserBase.java:337)
	at net.minidev.json.parser.JSONParserBase.readMain(JSONParserBase.java:470)
	at net.minidev.json.parser.JSONParserBase.readObject(JSONParserBase.java:614)
	at net.minidev.json.parser.JSONParserBase.readMain(JSONParserBase.java:467)
	at net.minidev.json.parser.JSONParserBase.readObject(JSONParserBase.java:614)
	at net.minidev.json.parser.JSONParserBase.readMain(JSONParserBase.java:467)
	at net.minidev.json.parser.JSONParserBase.readArray(JSONParserBase.java:337)
	at net.minidev.json.parser.JSONParserBase.readMain(JSONParserBase.java:470)
	at net.minidev.json.parser.JSONParserBase.readObject(JSONParserBase.java:614)
	at net.minidev.json.parser.JSONParserBase.readMain(JSONParserBase.java:467)
	at net.minidev.json.parser.JSONParserBase.readObject(JSONParserBase.java:614)
	at net.minidev.json.parser.JSONParserBase.readMain(JSONParserBase.java:467)
	at net.minidev.json.parser.JSONParserBase.readArray(JSONParserBase.java:337)
	at net.minidev.json.parser.JSONParserBase.readMain(JSONParserBase.java:470)
	at net.minidev.json.parser.JSONParserBase.readObject(JSONParserBase.java:614)
	at net.minidev.json.parser.JSONParserBase.readMain(JSONParserBase.java:467)
	at net.minidev.json.parser.JSONParserBase.readArray(JSONParserBase.java:337)
	at net.minidev.json.parser.JSONParserBase.readFirst(JSONParserBase.java:368)
	at net.minidev.json.parser.JSONParserBase.parse(JSONParserBase.java:218)
	at net.minidev.json.parser.JSONParserString.parse(JSONParserString.java:58)
	at net.minidev.json.parser.JSONParser.parse(JSONParser.java:285)
	at com.jayway.jsonpath.spi.json.JsonSmartJsonProvider.parse(JsonSmartJsonProvider.java:62)
	... 10 more
]]></failure>
    <system-out><![CDATA[2025-04-02T11:51:35.477+05:30  WARN 57852 --- [           main] .w.s.m.s.DefaultHandlerExceptionResolver : Ignoring exception, response committed already: org.springframework.http.converter.HttpMessageNotWritableException: Could not write JSON: Infinite recursion (StackOverflowError)
2025-04-02T11:51:35.479+05:30  WARN 57852 --- [           main] .w.s.m.s.DefaultHandlerExceptionResolver : Resolved [org.springframework.http.converter.HttpMessageNotWritableException: Could not write JSON: Infinite recursion (StackOverflowError)]

MockHttpServletRequest:
      HTTP Method = GET
      Request URI = /api/orders
       Parameters = {}
          Headers = []
             Body = null
    Session Attrs = {}

Handler:
             Type = com.example.ordermanagement.controller.OrderController
           Method = com.example.ordermanagement.controller.OrderController#getAllOrders(OrderStatus)

Async:
    Async started = false
     Async result = null

Resolved Exception:
             Type = org.springframework.http.converter.HttpMessageNotWritableException

ModelAndView:
        View name = null
             View = null
            Model = null

FlashMap:
       Attributes = null

MockHttpServletResponse:
           Status = 200
    Error message = null
          Headers = [Content-Type:"application/json"]
     Content type = application/json
             Body = [{"id":1,"customerName":"Test Customer","customerEmail":"test@example.com","status":"PENDING","createdAt":null,"updatedAt":null,"items":[{"id":1,"productName":"Test Product","quantity":2,"price":10.0,"order":{"id":1,"customerName":"Test Customer","customerEmail":"test@example.com","status":"PENDING","createdAt":null,"updatedAt":null,"items":[{"id":1,"productName":"Test Product","quantity":2,"price":10.0,"order":{"id":1,"customerName":"Test Customer","customerEmail":"test@example.com","status":"PENDING","createdAt":null,"updatedAt":null,"items":[{"id":1,"productName":"Test Product","quantity":2,"price":10.0,"order":{"id":1,"customerName":"Test Customer","customerEmail":"test@example.com","status":"PENDING","createdAt":null,"updatedAt":null,"items":[{"id":1,"productName":"Test Product","quantity":2,"price":10.0,"order":{"id":1,"customerName":"Test Customer","customerEmail":"test@example.com","status":"PENDING","createdAt":null,"updatedAt":null,"items":[{"id":1,"productName":"Test Product","quantity":2,"price":10.0,"order":{"id":1,"customerName":"Test Customer","customerEmail":"test@example.com","status":"PENDING","createdAt":null,"updatedAt":null,"items":[{"id":1,"productName":"Test Product","quantity":2,"price":10.0,"order":{"id":1,"customerName":"Test Customer","customerEmail":"test@example.com","status":"PENDING","createdAt":null,"updatedAt":null,"items":[{"id":1,"productName":"Test Product","quantity":2,"price":10.0,"order":{"id":1,"customerName":"Test Customer","customerEmail":"test@example.com","status":"PENDING","createdAt":null,"updatedAt":null,"items":[{"id":1,"productName":"Test Product","quantity":2,"price":10.0,"order":{"id":1,"customerName":"Test Customer","customerEmail":"test@example.com","status":"PENDING","createdAt":null,"updatedAt":null,"items":[{"id":1,"productName":"Test Product","quantity":2,"price":10.0,"order":{"id":1,"customerName":"Test Customer","customerEmail":"test@example.com","status":"PENDING","createdAt":null,"updatedAt":null,"items":[{"id":1,"productName":"Test Product","quantity":2,"price":10.0,"order":{"id":1,"customerName":"Test Customer","customerEmail":"test@example.com","status":"PENDING","createdAt":null,"updatedAt":null,"items":[{"id":1,"productName":"Test Product","quantity":2,"price":10.0,"order":{"id":1,"customerName":"Test Customer","customerEmail":"test@example.com","status":"PENDING","createdAt":null,"updatedAt":null,"items":[{"id":1,"productName":"Test Product","quantity":2,"price":10.0,"order":{"id":1,"customerName":"Test Customer","customerEmail":"test@example.com","status":"PENDING","createdAt":null,"updatedAt":null,"items":[{"id":1,"productName":"Test Product","quantity":2,"price":10.0,"order":{"id":1,"customerName":"Test Customer","customerEmail":"test@example.com","status":"PENDING","createdAt":null,"updatedAt":null,"items":[{"id":1,"productName":"Test Product","quantity":2,"price":10.0,"order":{"id":1,"customerName":"Test Customer","customerEmail":"test@example.com","status":"PENDING","createdAt":null,"updatedAt":null,"items":[{"id":1,"productName":"Test Product","quantity":2,"price":10.0,"order":{"id":1,"customerName":"Test Customer","customerEmail":"test@example.com","status":"PENDING","createdAt":null,"updatedAt":null,"items":[{"id":1,"productName":"Test Product","quantity":2,"price":10.0,"order":{"id":1,"customerName":"Test Customer","customerEmail":"test@example.com","status":"PENDING","createdAt":null,"updatedAt":null,"items":[{"id":1,"productName":"Test Product","quantity":2,"price":10.0,"order":{"id":1,"customerName":"Test Customer","customerEmail":"test@example.com","status":"PENDING","createdAt":null,"updatedAt":null,"items":[{"id":1,"productName":"Test Product","quantity":2,"price":10.0,"order":{"id":1,"customerName":"Test Customer","customerEmail":"test@example.com","status":"PENDING","createdAt":null,"updatedAt":null,"items":[{"id":1,"productName":"Test Product","quantity":2,"price":10.0,"order":{"id":1,"customerName":"Test Customer","customerEmail":"test@example.com","status":"PENDING","createdAt":null,"updatedAt":null,"items":[{"id":1,"productName":"Test Product","quantity":2,"price":10.0,"order":{"id":1,"customerName":"Test Customer","customerEmail":"test@example.com","status":"PENDING","createdAt":null,"updatedAt":null,"items":[{"id":1,"productName":"Test Product","quantity":2,"price":10.0,"order":{"id":1,"customerName":"Test Customer","customerEmail":"test@example.com","status":"PENDING","createdAt":null,"updatedAt":null,"items":[{"id":1,"productName":"Test Product","quantity":2,"price":10.0,"order":{"id":1,"customerName":"Test Customer","customerEmail":"test@example.com","status":"PENDING","createdAt":null,"updatedAt":null,"items":[{"id":1,"productName":"Test Product","quantity":2,"price":10.0,"order":{"id":1,"customerName":"Test Customer","customerEmail":"test@example.com","status":"PENDING","createdAt":null,"updatedAt":null,"items":[{"id":1,"productName":"Test Product","quantity":2,"price":10.0,"order":{"id":1,"customerName":"Test Customer","customerEmail":"test@example.com","status":"PENDING","createdAt":null,"updatedAt":null,"items":[{"id":1,"productName":"Test Product","quantity":2,"price":10.0,"order":{"id":1,"customerName":"Test Customer","customerEmail":"test@example.com","status":"PENDING","createdAt":null,"updatedAt":null,"items":[{"id":1,"productName":"Test Product","quantity":2,"price":10.0,"order":{"id":1,"customerName":"Test Customer","customerEmail":"test@example.com","status":"PENDING","createdAt":null,"updatedAt":null,"items":[{"id":1,"productName":"Test Product","quantity":2,"price":10.0,"order":{"id":1,"customerName":"Test Customer","customerEmail":"test@example.com","status":"PENDING","createdAt":null,"updatedAt":null,"items":[{"id":1,"productName":"Test Product","quantity":2,"price":10.0,"order":{"id":1,"customerName":"Test Customer","customerEmail":"test@example.com","status":"PENDING","createdAt":null,"updatedAt":null,"items":[{"id":1,"productName":"Test Product","quantity":2,"price":10.0,"order":{"id":1,"customerName":"Test Customer","customerEmail":"test@example.com","status":"PENDING","createdAt":null,"updatedAt":null,"items":[{"id":1,"productName":"Test Product","quantity":2,"price":10.0,"order":{"id":1,"customerName":"Test Customer","customerEmail":"test@example.com","status":"PENDING","createdAt":null,"updatedAt":null,"items":[{"id":1,"productName":"Test Product","quantity":2,"price":10.0,"order":{"id":1,"customerName":"Test Customer","customerEmail":"test@example.com","status":"PENDING","createdAt":null,"updatedAt":null,"items":[{"id":1,"productName":"Test Product","quantity":2,"price":10.0,"order":{"id":1,"customerName":"Test Customer","customerEmail":"test@example.com","status":"PENDING","createdAt":null,"updatedAt":null,"items":[{"id":1,"productName":"Test Product","quantity":2,"price":10.0,"order":{"id":1,"customerName":"Test Customer","customerEmail":"test@example.com","status":"PENDING","createdAt":null,"updatedAt":null,"items":[{"id":1,"productName":"Test Product","quantity":2,"price":10.0,"order":{"id":1,"customerName":"Test Customer","customerEmail":"test@example.com","status":"PENDING","createdAt":null,"updatedAt":null,"items":[{"id":1,"productName":"Test Product","quantity":2,"price":10.0,"order":{"id":1,"customerName":"Test Customer","customerEmail":"test@example.com","status":"PENDING","createdAt":null,"updatedAt":null,"items":[{"id":1,"productName":"Test Product","quantity":2,"price":10.0,"order":{"id":1,"customerName":"Test Customer","customerEmail":"test@example.com","status":"PENDING","createdAt":null,"updatedAt":null,"items":[{"id":1,"productName":"Test Product","quantity":2,"price":10.0,"order":{"id":1,"customerName":"Test Customer","customerEmail":"test@example.com","status":"PENDING","createdAt":null,"updatedAt":null,"items":[{"id":1,"productName":"Test Product","quantity":2,"price":10.0,"order":{"id":1,"customerName":"Test Customer","customerEmail":"test@example.com","status":"PENDING","createdAt":null,"updatedAt":null,"items":[{"id":1,"productName":"Test Product","quantity":2,"price":10.0,"order":{"id":1,"customerName":"Test Customer","customerEmail":"test@example.com","status":"PENDING","createdAt":null,"updatedAt":null,"items":[{"id":1,"productName":"Test Product","quantity":2,"price":10.0,"order":{"id":1,"customerName":"Test Customer","customerEmail":"test@example.com","status":"PENDING","createdAt":null,"updatedAt":null,"items":[{"id":1,"productName":"Test Product","quantity":2,"price":10.0,"order":{"id":1,"customerName":"Test Customer","customerEmail":"test@example.com","status":"PENDING","createdAt":null,"updatedAt":null,"items":[{"id":1,"productName":"Test Product","quantity":2,"price":10.0,"order":{"id":1,"customerName":"Test Customer","customerEmail":"test@example.com","status":"PENDING","createdAt":null,"updatedAt":null,"items":[{"id":1,"productName":"Test Product","quantity":2,"price":10.0,"order":{"id":1,"customerName":"Test Customer","customerEmail":"test@example.com","status":"PENDING","createdAt":null,"updatedAt":null,"items":[{"id":1,"productName":"Test Product","quantity":2,"price":10.0,"order":{"id":1,"customerName":"Test Customer","customerEmail":"test@example.com","status":"PENDING","createdAt":null,"updatedAt":null,"items":[{"id":1,"productName":"Test Product","quantity":2,"price":10.0,"order":{"id":1,"customerName":"Test Customer","customerEmail":"test@example.com","status":"PENDING","createdAt":null,"updatedAt":null,"items":[{"id":1,"productName":"Test Product","quantity":2,"price":10.0,"order":{"id":1,"customerName":"Test Customer","customerEmail":"test@example.com","status":"PENDING","createdAt":null,"updatedAt":null,"items":[{"id":1,"productName":"Test Product","quantity":2,"price":10.0,"order":{"id":1,"customerName":"Test Customer","customerEmail":"test@example.com","status":"PENDING","createdAt":null,"updatedAt":null,"items":[{"id":1,"productName":"Test Product","quantity":2,"price":10.0,"order":{"id":1,"customerName":"Test Customer","customerEmail":"test@example.com","status":"PENDING","createdAt":null,"updatedAt":null,"items":[{"id":1,"productName":"Test Product","quantity":2,"price":10.0,"order":{"id":1,"customerName":"Test Customer","customerEmail":"test@example.com","status":"PENDING","createdAt":null,"updatedAt":null,"items":[{"id":1,"productName":"Test Product","quantity":2,"price":10.0,"order":{"id":1,"customerName":"Test Customer","customerEmail":"test@example.com","status":"PENDING","createdAt":null,"updatedAt":null,"items":[{"id":1,"productName":"Test Product","quantity":2,"price":10.0,"order":{"id":1,"customerName":"Test Customer","customerEmail":"test@example.com","status":"PENDING","createdAt":null,"updatedAt":null,"items":[{"id":1,"productName":"Test Product","quantity":2,"price":10.0,"order":{"id":1,"customerName":"Test Customer","customerEmail":"test@example.com","status":"PENDING","createdAt":null,"updatedAt":null,"items":[{"id":1,"productName":"Test Product","quantity":2,"price":10.0,"order":{"id":1,"customerName":"Test Customer","customerEmail":"test@example.com","status":"PENDING","createdAt":null,"updatedAt":null,"items":[{"id":1,"productName":"Test Product","quantity":2,"price":10.0,"order":{"id":1,"customerName":"Test Customer","customerEmail":"test@example.com","status":"PENDING","createdAt":null,"updatedAt":null,"items":[{"id":1,"productName":"Test Product","quantity":2,"price":10.0,"order":{"id":1,"customerName":"Test Customer","customerEmail":"test@example.com","status":"PENDING","createdAt":null,"updatedAt":null,"items":[{"id":1,"productName":"Test Product","quantity":2,"price":10.0,"order":{"id":1,"customerName":"Test Customer","customerEmail":"test@example.com","status":"PENDING","createdAt":null,"updatedAt":null,"items":[{"id":1,"productName":"Test Product","quantity":2,"price":10.0,"order":{"id":1,"customerName":"Test Customer","customerEmail":"test@example.com","status":"PENDING","createdAt":null,"updatedAt":null,"items":[{"id":1,"productName":"Test Product","quantity":2,"price":10.0,"order":{"id":1,"customerName":"Test Customer","customerEmail":"test@example.com","status":"PENDING","createdAt":null,"updatedAt":null,"items":[{"id":1,"productName":"Test Product","quantity":2,"price":10.0,"order":{"id":1,"customerName":"Test Customer","customerEmail":"test@example.com","status":"PENDING","createdAt":null,"updatedAt":null,"items":[{"id":1,"productName":"Test Product","quantity":2,"price":10.0,"order":{"id":1,"customerName":"Test Customer","customerEmail":"test@example.com","status":"PENDING","createdAt":null,"updatedAt":null,"items":[{"id":1,"productName":"Test Product","quantity":2,"price":10.0,"order":{"id":1,"customerName":"Test Customer","customerEmail":"test@example.com","status":"PENDING","createdAt":null,"updatedAt":null,"items":[{"id":1,"productName":"Test Product","quantity":2,"price":10.0,"order":{"id":1,"customerName":"Test Customer","customerEmail":"test@example.com","status":"PENDING","createdAt":null,"updatedAt":null,"items":[{"id":1,"productName":"Test Product","quantity":2,"price":10.0,"order":{"id":1,"customerName":"Test Customer","customerEmail":"test@example.com","status":"PENDING","createdAt":null,"updatedAt":null,"items":[{"id":1,"productName":"Test Product","quantity":2,"price":10.0,"order":{"id":1,"customerName":"Test Customer","customerEmail":"test@example.com","status":"PENDING","createdAt":null,"updatedAt":null,"items":[{"id":1,"productName":"Test Product","quantity":2,"price":10.0,"order":{"id":1,"customerName":"Test Customer","customerEmail":"test@example.com","status":"PENDING","createdAt":null,"updatedAt":null,"items":[{"id":1,"productName":"Test Product","quantity":2,"price":10.0,"order":{"id":1,"customerName":"Test Customer","customerEmail":"test@example.com","status":"PENDING","createdAt":null,"updatedAt":null,"items":[{"id":1,"productName":"Test Product","quantity":2,"price":10.0,"order":{"id":1,"customerName":"Test Customer","customerEmail":"test@example.com","status":"PENDING","createdAt":null,"updatedAt":null,"items":[{"id":1,"productName":"Test Product","quantity":2,"price":10.0,"order":{"id":1,"customerName":"Test Customer","customerEmail":"test@example.com","status":"PENDING","createdAt":null,"updatedAt":null,"items":[{"id":1,"productName":"Test Product","quantity":2,"price":10.0,"order":{"id":1,"customerName":"Test Customer","customerEmail":"test@example.com","status":"PENDING","createdAt":null,"updatedAt":null,"items":[{"id":1,"productName":"Test Product","quantity":2,"price":10.0,"order":{"id":1,"customerName":"Test Customer","customerEmail":"test@example.com","status":"PENDING","createdAt":null,"updatedAt":null,"items":[{"id":1,"productName":"Test Product","quantity":2,"price":10.0,"order":{"id":1,"customerName":"Test Customer","customerEmail":"test@example.com","status":"PENDING","createdAt":null,"updatedAt":null,"items":[{"id":1,"productName":"Test Product","quantity":2,"price":10.0,"order":{"id":1,"customerName":"Test Customer","customerEmail":"test@example.com","status":"PENDING","createdAt":null,"updatedAt":null,"items":[{"id":1,"productName":"Test Product","quantity":2,"price":10.0,"order":{"id":1,"customerName":"Test Customer","customerEmail":"test@example.com","status":"PENDING","createdAt":null,"updatedAt":null,"items":[{"id":1,"productName":"Test Product","quantity":2,"price":10.0,"order":{"id":1,"customerName":"Test Customer","customerEmail":"test@example.com","status":"PENDING","createdAt":null,"updatedAt":null,"items":[{"id":1,"productName":"Test Product","quantity":2,"price":10.0,"order":{"id":1,"customerName":"Test Customer","customerEmail":"test@example.com","status":"PENDING","createdAt":null,"updatedAt":null,"items":[{"id":1,"productName":"Test Product","quantity":2,"price":10.0,"order":{"id":1,"customerName":"Test Customer","customerEmail":"test@example.com","status":"PENDING","createdAt":null,"updatedAt":null,"items":[{"id":1,"productName":"Test Product","quantity":2,"price":10.0,"order":{"id":1,"customerName":"Test Customer","customerEmail":"test@example.com","status":"PENDING","createdAt":null,"updatedAt":null,"items":[{"id":1,"productName":"Test Product","quantity":2,"price":10.0,"order":{"id":1,"customerName":"Test Customer","customerEmail":"test@example.com","status":"PENDING","createdAt":null,"updatedAt":null,"items":[{"id":1,"productName":"Test Product","quantity":2,"price":10.0,"order":{"id":1,"customerName":"Test Customer","customerEmail":"test@example.com","status":"PENDING","createdAt":null,"updatedAt":null,"items":[{"id":1,"productName":"Test Product","quantity":2,"price":10.0,"order":{"id":1,"customerName":"Test Customer","customerEmail":"test@example.com","status":"PENDING","createdAt":null,"updatedAt":null,"items":[{"id":1,"productName":"Test Product","quantity":2,"price":10.0,"order":{"id":1,"customerName":"Test Customer","customerEmail":"test@example.com","status":"PENDING","createdAt":null,"updatedAt":null,"items":[{"id":1,"productName":"Test Product","quantity":2,"price":10.0,"order":{"id":1,"customerName":"Test Customer","customerEmail":"test@example.com","status":"PENDING","createdAt":null,"updatedAt":null,"items":[{"id":1,"productName":"Test Product","quantity":2,"price":10.0,"order":{"id":1,"customerName":"Test Customer","customerEmail":"test@example.com","status":"PENDING","createdAt":null,"updatedAt":null,"items":[{"id":1,"productName":"Test Product","quantity":2,"price":10.0,"order":{"id":1,"customerName":"Test Customer","customerEmail":"test@example.com","status":"PENDING","createdAt":null,"updatedAt":null,"items":[{"id":1,"productName":"Test Product","quantity":2,"price":10.0,"order":{"id":1,"customerName":"Test Customer","customerEmail":"test@example.com","status":"PENDING","createdAt":null,"updatedAt":null,"items":[{"id":1,"productName":"Test Product","quantity":2,"price":10.0,"order":{"id":1,"customerName":"Test Customer","customerEmail":"test@example.com","status":"PENDING","createdAt":null,"updatedAt":null,"items":[{"id":1,"productName":"Test Product","quantity":2,"price":10.0,"order":{"id":1,"customerName":"Test Customer","customerEmail":"test@example.com","status":"PENDING","createdAt":null,"updatedAt":null,"items":[{"id":1,"productName":"Test Product","quantity":2,"price":10.0,"order":{"id":1,"customerName":"Test Customer","customerEmail":"test@example.com","status":"PENDING","createdAt":null,"updatedAt":null,"items":[{"id":1,"productName":"Test Product","quantity":2,"price":10.0,"order":{"id":1,"customerName":"Test Customer","customerEmail":"test@example.com","status":"PENDING","createdAt":null,"updatedAt":null,"items":[{"id":1,"productName":"Test Product","quantity":2,"price":10.0,"order":{"id":1,"customerName":"Test Customer","customerEmail":"test@example.com","status":"PENDING","createdAt":null,"updatedAt":null,"items":[{"id":1,"productName":"Test Product","quantity":2,"price":10.0,"order":{"id":1,"customerName":"Test Customer","customerEmail":"test@example.com","status":"PENDING","createdAt":null,"updatedAt":null,"items":[{"id":1,"productName":"Test Product","quantity":2,"price":10.0,"order":{"id":1,"customerName":"Test Customer","customerEmail":"test@example.com","status":"PENDING","createdAt":null,"updatedAt":null,"items":[{"id":1,"productName":"Test Product","quantity":2,"price":10.0,"order":{"id":1,"customerName":"Test Customer","customerEmail":"test@example.com","status":"PENDING","createdAt":null,"updatedAt":null,"items":[{"id":1,"productName":"Test Product","quantity":2,"price":10.0,"order":{"id":1,"customerName":"Test Customer","customerEmail":"test@example.com","status":"PENDING","createdAt":null,"updatedAt":null,"items":[{"id":1,"productName":"Test Product","quantity":2,"price":10.0,"order":{"id":1,"customerName":"Test Customer","customerEmail":"test@example.com","status":"PENDING","createdAt":null,"updatedAt":null,"items":[{"id":1,"productName":"Test Product","quantity":2,"price":10.0,"order":{"id":1,"customerName":"Test Customer","customerEmail":"test@example.com","status":"PENDING","createdAt":null,"updatedAt":null,"items":[{"id":1,"productName":"Test Product","quantity":2,"price":10.0,"order":{"id":1,"customerName":"Test Customer","customerEmail":"test@example.com","status":"PENDING","createdAt":null,"updatedAt":null,"items":[{"id":1,"productName":"Test Product","quantity":2,"price":10.0,"order":{"id":1,"customerName":"Test Customer","customerEmail":"test@example.com","status":"PENDING","createdAt":null,"updatedAt":null,"items":[{"id":1,"productName":"Test Product","quantity":2,"price":10.0,"order":{"id":1,"customerName":"Test Customer","customerEmail":"test@example.com","status":"PENDING","createdAt":null,"updatedAt":null,"items":[{"id":1,"productName":"Test Product","quantity":2,"price":10.0,"order":{"id":1,"customerName":"Test Customer","customerEmail":"test@example.com","status":"PENDING","createdAt":null,"updatedAt":null,"items":[{"id":1,"productName":"Test Product","quantity":2,"price":10.0,"order":{"id":1,"customerName":"Test Customer","customerEmail":"test@example.com","status":"PENDING","createdAt":null,"updatedAt":null,"items":[{"id":1,"productName":"Test Product","quantity":2,"price":10.0,"order":{"id":1,"customerName":"Test Customer","customerEmail":"test@example.com","status":"PENDING","createdAt":null,"updatedAt":null,"items":[{"id":1,"productName":"Test Product","quantity":2,"price":10.0,"order":{"id":1,"customerName":"Test Customer","customerEmail":"test@example.com","status":"PENDING","createdAt":null,"updatedAt":null,"items":[{"id":1,"productName":"Test Product","quantity":2,"price":10.0,"order":{"id":1,"customerName":"Test Customer","customerEmail":"test@example.com","status":"PENDING","createdAt":null,"updatedAt":null,"items":[{"id":1,"productName":"Test Product","quantity":2,"price":10.0,"order":{"id":1,"customerName":"Test Customer","customerEmail":"test@example.com","status":"PENDING","createdAt":null,"updatedAt":null,"items":[{"id":1,"productName":"Test Product","quantity":2,"price":10.0,"order":{"id":1,"customerName":"Test Customer","customerEmail":"test@example.com","status":"PENDING","createdAt":null,"updatedAt":null,"items":[{"id":1,"productName":"Test Product","quantity":2,"price":10.0,"order":{"id":1,"customerName":"Test Customer","customerEmail":"test@example.com","status":"PENDING","createdAt":null,"updatedAt":null,"items":[{"id":1,"productName":"Test Product","quantity":2,"price":10.0,"order":{"id":1,"customerName":"Test Customer","customerEmail":"test@example.com","status":"PENDING","createdAt":null,"updatedAt":null,"items":[{"id":1,"productName":"Test Product","quantity":2,"price":10.0,"order":{"id":1,"customerName":"Test Customer","customerEmail":"test@example.com","status":"PENDING","createdAt":null,"updatedAt":null,"items":[{"id":1,"productName":"Test Product","quantity":2,"price":10.0,"order":{"id":1,"customerName":"Test Customer","customerEmail":"test@example.com","status":"PENDING","createdAt":null,"updatedAt":null,"items":[{"id":1,"productName":"Test Product","quantity":2,"price":10.0,"order":{"id":1,"customerName":"Test Customer","customerEmail":"test@example.com","status":"PENDING","createdAt":null,"updatedAt":null,"items":[{"id":1,"productName":"Test Product","quantity":2,"price":10.0,"order":{"id":1,"customerName":"Test Customer","customerEmail":"test@example.com","status":"PENDING","createdAt":null,"updatedAt":null,"items":[{"id":1,"productName":"Test Product","quantity":2,"price":10.0,"order":{"id":1,"customerName":"Test Customer","customerEmail":"test@example.com","status":"PENDING","createdAt":null,"updatedAt":null,"items":[{"id":1,"productName":"Test Product","quantity":2,"price":10.0,"order":{"id":1,"customerName":"Test Customer","customerEmail":"test@example.com","status":"PENDING","createdAt":null,"updatedAt":null,"items":[{"id":1,"productName":"Test Product","quantity":2,"price":10.0,"order":{"id":1,"customerName":"Test Customer","customerEmail":"test@example.com","status":"PENDING","createdAt":null,"updatedAt":null,"items":[{"id":1,"productName":"Test Product","quantity":2,"price":10.0,"order":{"id":1,"customerName":"Test Customer","customerEmail":"test@example.com","status":"PENDING","createdAt":null,"updatedAt":null,"items":[{"id":1,"productName":"Test Product","quantity":2,"price":10.0,"order":{"id":1,"customerName":"Test Customer","customerEmail":"test@example.com","status":"PENDING","createdAt":null,"updatedAt":null,"items":[{"id":1,"productName":"Test Product","quantity":2,"price":10.0,"order":{"id":1,"customerName":"Test Customer","customerEmail":"test@example.com","status":"PENDING","createdAt":null,"updatedAt":null,"items":[{"id":1,"productName":"Test Product","quantity":2,"price":10.0,"order":{"id":1,"customerName":"Test Customer","customerEmail":"test@example.com","status":"PENDING","createdAt":null,"updatedAt":null,"items":[{"id":1,"productName":"Test Product","quantity":2,"price":10.0,"order":{"id":1,"customerName":"Test Customer","customerEmail":"test@example.com","status":"PENDING","createdAt":null,"updatedAt":null,"items":[{"id":1,"productName":"Test Product","quantity":2,"price":10.0,"order":{"id":1,"customerName":"Test Customer","customerEmail":"test@example.com","status":"PENDING","createdAt":null,"updatedAt":null,"items":[{"id":1,"productName":"Test Product","quantity":2,"price":10.0,"order":{"id":1,"customerName":"Test Customer","customerEmail":"test@example.com","status":"PENDING","createdAt":null,"updatedAt":null,"items":[{"id":1,"productName":"Test Product","quantity":2,"price":10.0,"order":{"id":1,"customerName":"Test Customer","customerEmail":"test@example.com","status":"PENDING","createdAt":null,"updatedAt":null,"items":[{"id":1,"productName":"Test Product","quantity":2,"price":10.0,"order":{"id":1,"customerName":"Test Customer","customerEmail":"test@example.com","status":"PENDING","createdAt":null,"updatedAt":null,"items":[{"id":1,"productName":"Test Product","quantity":2,"price":10.0,"order":{"id":1,"customerName":"Test Customer","customerEmail":"test@example.com","status":"PENDING","createdAt":null,"updatedAt":null,"items":[{"id":1,"productName":"Test Product","quantity":2,"price":10.0,"order":{"id":1,"customerName":"Test Customer","customerEmail":"test@example.com","status":"PENDING","createdAt":null,"updatedAt":null,"items":[{"id":1,"productName":"Test Product","quantity":2,"price":10.0,"order":{"id":1,"customerName":"Test Customer","customerEmail":"test@example.com","status":"PENDING","createdAt":null,"updatedAt":null,"items":[{"id":1,"productName":"Test Product","quantity":2,"price":10.0,"order":{"id":1,"customerName":"Test Customer","customerEmail":"test@example.com","status":"PENDING","createdAt":null,"updatedAt":null,"items":[{"id":1,"productName":"Test Product","quantity":2,"price":10.0,"order":{"id":1,"customerName":"Test Customer","customerEmail":"test@example.com","status":"PENDING","createdAt":null,"updatedAt":null,"items":[{"id":1,"productName":"Test Product","quantity":2,"price":10.0,"order":{"id":1,"customerName":"Test Customer","customerEmail":"test@example.com","status":"PENDING","createdAt":null,"updatedAt":null,"items":[{"id":1,"productName":"Test Product","quantity":2,"price":10.0,"order":{"id":1,"customerName":"Test Customer","customerEmail":"test@example.com","status":"PENDING","createdAt":null,"updatedAt":null,"items":[{"id":1,"productName":"Test Product","quantity":2,"price":10.0,"order":{"id":1,"customerName":"Test Customer","customerEmail":"test@example.com","status":"PENDING","createdAt":null,"updatedAt":null,"items":[{"id":1,"productName":"Test Product","quantity":2,"price":10.0,"order":{"id":1,"customerName":"Test Customer","customerEmail":"test@example.com","status":"PENDING","createdAt":null,"updatedAt":null,"items":[{"id":1,"productName":"Test Product","quantity":2,"price":10.0,"order":{"id":1,"customerName":"Test Customer","customerEmail":"test@example.com","status":"PENDING","createdAt":null,"updatedAt":null,"items":[{"id":1,"productName":"Test Product","quantity":2,"price":10.0,"order":{"id":1,"customerName":"Test Customer","customerEmail":"test@example.com","status":"PENDING","createdAt":null,"updatedAt":null,"items":[{"id":1,"productName":"Test Product","quantity":2,"price":10.0,"order":{"id":1,"customerName":"Test Customer","customerEmail":"test@example.com","status":"PENDING","createdAt":null,"updatedAt":null,"items":[{"id":1,"productName":"Test Product","quantity":2,"price":10.0,"order":{"id":1,"customerName":"Test Customer","customerEmail":"test@example.com","status":"PENDING","createdAt":null,"updatedAt":null,"items":[{"id":1,"productName":"Test Product","quantity":2,"price":10.0,"order":{"id":1,"customerName":"Test Customer","customerEmail":"test@example.com","status":"PENDING","createdAt":null,"updatedAt":null,"items":[{"id":1,"productName":"Test Product","quantity":2,"price":10.0,"order":{"id":1,"customerName":"Test Customer","customerEmail":"test@example.com","status":"PENDING","createdAt":null,"updatedAt":null,"items":[{"id":1,"productName":"Test Product","quantity":2,"price":10.0,"order":{"id":1,"customerName":"Test Customer","customerEmail":"test@example.com","status":"PENDING","createdAt":null,"updatedAt":null,"items":[{"id":1,"productName":"Test Product","quantity":2,"price":10.0,"order":{"id":1,"customerName":"Test Customer","customerEmail":"test@example.com","status":"PENDING","createdAt":null,"updatedAt":null,"items":[{"id":1,"productName":"Test Product","quantity":2,"price":10.0,"order":{"id":1,"customerName":"Test Customer","customerEmail":"test@example.com","status":"PENDING","createdAt":null,"updatedAt":null,"items":[{"id":1,"productName":"Test Product","quantity":2,"price":10.0,"order":{"id":1,"customerName":"Test Customer","customerEmail":"test@example.com","status":"PENDING","createdAt":null,"updatedAt":null,"items":[{"id":1,"productName":"Test Product","quantity":2,"price":10.0,"order":{"id":1,"customerName":"Test Customer","customerEmail":"test@example.com","status":"PENDING","createdAt":null,"updatedAt":null,"items":[{"id":1,"productName":"Test Product","quantity":2,"price":10.0,"order":{"id":1,"customerName":"Test Customer","customerEmail":"test@example.com","status":"PENDING","createdAt":null,"updatedAt":null,"items":[{"id":1,"productName":"Test Product","quantity":2,"price":10.0,"order":{"id":1,"customerName":"Test Customer","customerEmail":"test@example.com","status":"PENDING","createdAt":null,"updatedAt":null,"items":[{"id":1,"productName":"Test Product","quantity":2,"price":10.0,"order":{"id":1,"customerName":"Test Customer","customerEmail":"test@example.com","status":"PENDING","createdAt":null,"updatedAt":null,"items":[{"id":1,"productName":"Test Product","quantity":2,"price":10.0,"order":{"id":1,"customerName":"Test Customer","customerEmail":"test@example.com","status":"PENDING","createdAt":null,"updatedAt":null,"items":[{"id":1,"productName":"Test Product","quantity":2,"price":10.0,"order":{"id":1,"customerName":"Test Customer","customerEmail":"test@example.com","status":"PENDING","createdAt":null,"updatedAt":null,"items":[{"id":1,"productName":"Test Product","quantity":2,"price":10.0,"order":{"id":1,"customerName":"Test Customer","customerEmail":"test@example.com","status":"PENDING","createdAt":null,"updatedAt":null,"items":[{"id":1,"productName":"Test Product","quantity":2,"price":10.0,"order":{"id":1,"customerName":"Test Customer","customerEmail":"test@example.com","status":"PENDING","createdAt":null,"updatedAt":null,"items":[{"id":1,"productName":"Test Product","quantity":2,"price":10.0,"order":{"id":1,"customerName":"Test Customer","customerEmail":"test@example.com","status":"PENDING","createdAt":null,"updatedAt":null,"items":[{"id":1,"productName":"Test Product","quantity":2,"price":10.0,"order":{"id":1,"customerName":"Test Customer","customerEmail":"test@example.com","status":"PENDING","createdAt":null,"updatedAt":null,"items":[{"id":1,"productName":"Test Product","quantity":2,"price":10.0,"order":{"id":1,"customerName":"Test Customer","customerEmail":"test@example.com","status":"PENDING","createdAt":null,"updatedAt":null,"items":[{"id":1,"productName":"Test Product","quantity":2,"price":10.0,"order":{"id":1,"customerName":"Test Customer","customerEmail":"test@example.com","status":"PENDING","createdAt":null,"updatedAt":null,"items":[{"id":1,"productName":"Test Product","quantity":2,"price":10.0,"order":{"id":1,"customerName":"Test Customer","customerEmail":"test@example.com","status":"PENDING","createdAt":null,"updatedAt":null,"items":[{"id":1,"productName":"Test Product","quantity":2,"price":10.0,"order":{"id":1,"customerName":"Test Customer","customerEmail":"test@example.com","status":"PENDING","createdAt":null,"updatedAt":null,"items":[{"id":1,"productName":"Test Product","quantity":2,"price":10.0,"order":{"id":1,"customerName":"Test Customer","customerEmail":"test@example.com","status":"PENDING","createdAt":null,"updatedAt":null,"items":[{"id":1,"productName":"Test Product","quantity":2,"price":10.0,"order":{"id":1,"customerName":"Test Customer","customerEmail":"test@example.com","status":"PENDING","createdAt":null,"updatedAt":null,"items":[{"id":1,"productName":"Test Product","quantity":2,"price":10.0,"order":{"id":1,"customerName":"Test Customer","customerEmail":"test@example.com","status":"PENDING","createdAt":null,"updatedAt":null,"items":[{"id":1,"productName":"Test Product","quantity":2,"price":10.0,"order":{"id":1,"customerName":"Test Customer","customerEmail":"test@example.com","status":"PENDING","createdAt":null,"updatedAt":null,"items":[{"id":1,"productName":"Test Product","quantity":2,"price":10.0,"order":{"id":1,"customerName":"Test Customer","customerEmail":"test@example.com","status":"PENDING","createdAt":null,"updatedAt":null,"items":[{"id":1,"productName":"Test Product","quantity":2,"price":10.0,"order":{"id":1,"customerName":"Test Customer","customerEmail":"test@example.com","status":"PENDING","createdAt":null,"updatedAt":null,"items":[{"id":1,"productName":"Test Product","quantity":2,"price":10.0,"order":{"id":1,"customerName":"Test Customer","customerEmail":"test@example.com","status":"PENDING","createdAt":null,"updatedAt":null,"items":[{"id":1,"productName":"Test Product","quantity":2,"price":10.0,"order":{"id":1,"customerName":"Test Customer","customerEmail":"test@example.com","status":"PENDING","createdAt":null,"updatedAt":null,"items":[{"id":1,"productName":"Test Product","quantity":2,"price":10.0,"order":{"id":1,"customerName":"Test Customer","customerEmail":"test@example.com","status":"PENDING","createdAt":null,"updatedAt":null,"items":[{"id":1,"productName":"Test Product","quantity":2,"price":10.0,"order":{"id":1,"customerName":"Test Customer","customerEmail":"test@example.com","status":"PENDING","createdAt":null,"updatedAt":null,"items":[{"id":1,"productName":"Test Product","quantity":2,"price":10.0,"order":{"id":1,"customerName":"Test Customer","customerEmail":"test@example.com","status":"PENDING","createdAt":null,"updatedAt":null,"items":[{"id":1,"productName":"Test Product","quantity":2,"price":10.0,"order":{"id":1,"customerName":"Test Customer","customerEmail":"test@example.com","status":"PENDING","createdAt":null,"updatedAt":null,"items":[{"id":1,"productName":"Test Product","quantity":2,"price":10.0,"order":{"id":1,"customerName":"Test Customer","customerEmail":"test@example.com","status":"PENDING","createdAt":null,"updatedAt":null,"items":[{"id":1,"productName":"Test Product","quantity":2,"price":10.0,"order":{"id":1,"customerName":"Test Customer","customerEmail":"test@example.com","status":"PENDING","createdAt":null,"updatedAt":null,"items":[{"id":1,"productName":"Test Product","quantity":2,"price":10.0,"order":{"id":1,"customerName":"Test Customer","customerEmail":"test@example.com","status":"PENDING","createdAt":null,"updatedAt":null,"items":[{"id":1,"productName":"Test Product","quantity":2,"price":10.0,"order":{"id":1,"customerName":"Test Customer","customerEmail":"test@example.com","status":"PENDING","createdAt":null,"updatedAt":null,"items":[{"id":1,"productName":"Test Product","quantity":2,"price":10.0,"order":{"id":1,"customerName":"Test Customer","customerEmail":"test@example.com","status":"PENDING","createdAt":null,"updatedAt":null,"items":[{"id":1,"productName":"Test Product","quantity":2,"price":10.0,"order":{"id":1,"customerName":"Test Customer","customerEmail":"test@example.com","status":"PENDING","createdAt":null,"updatedAt":null,"items":[{"id":1,"productName":"Test Product","quantity":2,"price":10.0,"order":{"id":1,"customerName":"Test Customer","customerEmail":"test@example.com","status":"PENDING","createdAt":null,"updatedAt":null,"items":[{"id":1,"productName":"Test Product","quantity":2,"price":10.0,"order":{"id":1,"customerName":"Test Customer","customerEmail":"test@example.com","status":"PENDING","createdAt":null,"updatedAt":null,"items":[{"id":1,"productName":"Test Product","quantity":2,"price":10.0,"order":{"id":1,"customerName":"Test Customer","customerEmail":"test@example.com","status":"PENDING","createdAt":null,"updatedAt":null,"items":[{"id":1,"productName":"Test Product","quantity":2,"price":10.0,"order":{"id":1,"customerName":"Test Customer","customerEmail":"test@example.com","status":"PENDING","createdAt":null,"updatedAt":null,"items":[{"id":1,"productName":"Test Product","quantity":2,"price":10.0,"order":{"id":1,"customerName":"Test Customer","customerEmail":"test@example.com","status":"PENDING","createdAt":null,"updatedAt":null,"items":[{"id":1,"productName":"Test Product","quantity":2,"price":10.0,"order":{"id":1,"customerName":"Test Customer","customerEmail":"test@example.com","status":"PENDING","createdAt":null,"updatedAt":null,"items":[{"id":1,"productName":"Test Product","quantity":2,"price":10.0,"order":{"id":1,"customerName":"Test Customer","customerEmail":"test@example.com","status":"PENDING","createdAt":null,"updatedAt":null,"items":[{"id":1,"productName":"Test Product","quantity":2,"price":10.0,"order":{"id":1,"customerName":"Test Customer","customerEmail":"test@example.com","status":"PENDING","createdAt":null,"updatedAt":null,"items":[{"id":1,"productName":"Test Product","quantity":2,"price":10.0,"order":{"id":1,"customerName":"Test Customer","customerEmail":"test@example.com","status":"PENDING","createdAt":null,"updatedAt":null,"items":[{"id":1,"productName":"Test Product","quantity":2,"price":10.0,"order":{"id":1,"customerName":"Test Customer","customerEmail":"test@example.com","status":"PENDING","createdAt":null,"updatedAt":null,"items":[{"id":1,"productName":"Test Product","quantity":2,"price":10.0,"order":{"id":1,"customerName":"Test Customer","customerEmail":"test@example.com","status":"PENDING","createdAt":null,"updatedAt":null,"items":[{"id":1,"productName":"Test Product","quantity":2,"price":10.0,"order":{"id":1,"customerName":"Test Customer","customerEmail":"test@example.com","status":"PENDING","createdAt":null,"updatedAt":null,"items":[{"id":1,"productName":"Test Product","quantity":2,"price":10.0,"order":{"id":1,"customerName":"Test Customer","customerEmail":"test@example.com","status":"PENDING","createdAt":null,"updatedAt":null,"items":[{"id":1,"productName":"Test Product","quantity":2,"price":10.0,"order":{"id":1,"customerName":"Test Customer","customerEmail":"test@example.com","status":"PENDING","createdAt":null,"updatedAt":null,"items":[{"id":1,"productName":"Test Product","quantity":2,"price":10.0,"order":{"id":1,"customerName":"Test Customer","customerEmail":"test@example.com","status":"PENDING","createdAt":null,"updatedAt":null,"items":[{"id":1,"productName":"Test Product","quantity":2,"price":10.0,"order":{"id":1,"customerName":"Test Customer","customerEmail":"test@example.com","status":"PENDING","createdAt":null,"updatedAt":null,"items":[{"id":1,"productName":"Test Product","quantity":2,"price":10.0,"order":{"id":1,"customerName":"Test Customer","customerEmail":"test@example.com","status":"PENDING","createdAt":null,"updatedAt":null,"items":[{"id":1,"productName":"Test Product","quantity":2,"price":10.0,"order":{"id":1,"customerName":"Test Customer","customerEmail":"test@example.com","status":"PENDING","createdAt":null,"updatedAt":null,"items":[{"id":1,"productName":"Test Product","quantity":2,"price":10.0,"order":{"id":1,"customerName":"Test Customer","customerEmail":"test@example.com","status":"PENDING","createdAt":null,"updatedAt":null,"items":[{"id":1,"productName":"Test Product","quantity":2,"price":10.0,"order":{"id":1,"customerName":"Test Customer","customerEmail":"test@example.com","status":"PENDING","createdAt":null,"updatedAt":null,"items":[{"id":1,"productName":"Test Product","quantity":2,"price":10.0,"order":{"id":1,"customerName":"Test Customer","customerEmail":"test@example.com","status":"PENDING","createdAt":null,"updatedAt":null,"items":[{"id":1,"productName":"Test Product","quantity":2,"price":10.0,"order":{"id":1,"customerName":"Test Customer","customerEmail":"test@example.com","status":"PENDING","createdAt":null,"updatedAt":null,"items":[{"id":1,"productName":"Test Product","quantity":2,"price":10.0,"order":{"id":1,"customerName":"Test Customer","customerEmail":"test@example.com","status":"PENDING","createdAt":null,"updatedAt":null,"items":[{"id":1,"productName":"Test Product","quantity":2,"price":10.0,"order":{"id":1,"customerName":"Test Customer","customerEmail":"test@example.com","status":"PENDING","createdAt":null,"updatedAt":null,"items":[{"id":1,"productName":"Test Product","quantity":2,"price":10.0,"order":{"id":1,"customerName":"Test Customer","customerEmail":"test@example.com","status":"PENDING","createdAt":null,"updatedAt":null,"items":[{"id":1,"productName":"Test Product","quantity":2,"price":10.0,"order":{"id":1,"customerName":"Test Customer","customerEmail":"test@example.com","status":"PENDING","createdAt":null,"updatedAt":null,"items":[{"id":1,"productName":"Test Product","quantity":2,"price":10.0,"order":{"id":1,"customerName":"Test Customer","customerEmail":"test@example.com","status":"PENDING","createdAt":null,"updatedAt":null,"items":[{"id":1,"productName":"Test Product","quantity":2,"price":10.0,"order":{"id":1,"customerName":"Test Customer","customerEmail":"test@example.com","status":"PENDING","createdAt":null,"updatedAt":null,"items":[{"id":1,"productName":"Test Product","quantity":2,"price":10.0,"order":{"id":1,"customerName":"Test Customer","customerEmail":"test@example.com","status":"PENDING","createdAt":null,"updatedAt":null,"items":[{"id":1,"productName":"Test Product","quantity":2,"price":10.0,"order":{"id":1,"customerName":"Test Customer","customerEmail":"test@example.com","status":"PENDING","createdAt":null,"updatedAt":null,"items":[{"id":1,"productName":"Test Product","quantity":2,"price":10.0,"order":{"id":1,"customerName":"Test Customer","customerEmail":"test@example.com","status":"PENDING","createdAt":null,"updatedAt":null,"items":[{"id":1,"productName":"Test Product","quantity":2,"price":10.0,"order":{"id":1,"customerName":"Test Customer","customerEmail":"test@example.com","status":"PENDING","createdAt":null,"updatedAt":null,"items":[{"id":1,"productName":"Test Product","quantity":2,"price":10.0,"order":{"id":1,"customerName":"Test Customer","customerEmail":"test@example.com","status":"PENDING","createdAt":null,"updatedAt":null,"items":[{"id":1,"productName":"Test Product","quantity":2,"price":10.0,"order":{"id":1,"customerName":"Test Customer","customerEmail":"test@example.com","status":"PENDING","createdAt":null,"updatedAt":null,"items":[{"id":1,"productName":"Test Product","quantity":2,"price":10.0,"order":{"id":1,"customerName":"Test Customer","customerEmail":"test@example.com","status":"PENDING","createdAt":null,"updatedAt":null,"items":[{"id":1,"productName":"Test Product","quantity":2,"price":10.0,"order":{"id":1,"customerName":"Test Customer","customerEmail":"test@example.com","status":"PENDING","createdAt":null,"updatedAt":null,"items":[{"id":1,"productName":"Test Product","quantity":2,"price":10.0,"order":{"id":1,"customerName":"Test Customer","customerEmail":"test@example.com","status":"PENDING","createdAt":null,"updatedAt":null,"items":[{"id":1,"productName":"Test Product","quantity":2,"price":10.0,"order":{"id":1,"customerName":"Test Customer","customerEmail":"test@example.com","status":"PENDING","createdAt":null,"updatedAt":null,"items":[{"id":1,"productName":"Test Product","quantity":2,"price":10.0,"order":{"id":1,"customerName":"Test Customer","customerEmail":"test@example.com","status":"PENDING","createdAt":null,"updatedAt":null,"items":[{"id":1,"productName":"Test Product","quantity":2,"price":10.0,"order":{"id":1,"customerName":"Test Customer","customerEmail":"test@example.com","status":"PENDING","createdAt":null,"updatedAt":null,"items":[{"id":1,"productName":"Test Product","quantity":2,"price":10.0,"order":{"id":1,"customerName":"Test Customer","customerEmail":"test@example.com","status":"PENDING","createdAt":null,"updatedAt":null,"items":[{"id":1,"productName":"Test Product","quantity":2,"price":10.0,"order":{"id":1,"customerName":"Test Customer","customerEmail":"test@example.com","status":"PENDING","createdAt":null,"updatedAt":null,"items":[{"id":1,"productName":"Test Product","quantity":2,"price":10.0,"order":{"id":1,"customerName":"Test Customer","customerEmail":"test@example.com","status":"PENDING","createdAt":null,"updatedAt":null,"items":[{"id":1,"productName":"Test Product","quantity":2,"price":10.0,"order":{"id":1,"customerName":"Test Customer","customerEmail":"test@example.com","status":"PENDING","createdAt":null,"updatedAt":null,"items":[{"id":1,"productName":"Test Product","quantity":2,"price":10.0,"order":{"id":1,"customerName":"Test Customer","customerEmail":"test@example.com","status":"PENDING","createdAt":null,"updatedAt":null,"items":[{"id":1,"productName":"Test Product","quantity":2,"price":10.0,"order":{"id":1,"customerName":"Test Customer","customerEmail":"test@example.com","status":"PENDING","createdAt":null,"updatedAt":null,"items":[{"id":1,"productName":"Test Product","quantity":2,"price":10.0,"order":{"id":1,"customerName":"Test Customer","customerEmail":"test@example.com","status":"PENDING","createdAt":null,"updatedAt":null,"items":[{"id":1,"productName":"Test Product","quantity":2,"price":10.0,"order":{"id":1,"customerName":"Test Customer","customerEmail":"test@example.com","status":"PENDING","createdAt":null,"updatedAt":null,"items":[{"id":1,"productName":"Test Product","quantity":2,"price":10.0,"order":{"id":1,"customerName":"Test Customer","customerEmail":"test@example.com","status":"PENDING","createdAt":null,"updatedAt":null,"items":[{"id":1,"productName":"Test Product","quantity":2,"price":10.0,"order":{"id":1,"customerName":"Test Customer","customerEmail":"test@example.com","status":"PENDING","createdAt":null,"updatedAt":null,"items":[{"id":1,"productName":"Test Product","quantity":2,"price":10.0,"order":{"id":1,"customerName":"Test Customer","customerEmail":"test@example.com","status":"PENDING","createdAt":null,"updatedAt":null,"items":[{"id":1,"productName":"Test Product","quantity":2,"price":10.0,"order":{"id":1,"customerName":"Test Customer","customerEmail":"test@example.com","status":"PENDING","createdAt":null,"updatedAt":null,"items":[{"id":1,"productName":"Test Product","quantity":2,"price":10.0,"order":{"id":1,"customerName":"Test Customer","customerEmail":"test@example.com","status":"PENDING","createdAt":null,"updatedAt":null,"items":[{"id":1,"productName":"Test Product","quantity":2,"price":10.0,"order":{"id":1,"customerName":"Test Customer","customerEmail":"test@example.com","status":"PENDING","createdAt":null,"updatedAt":null,"items":[{"id":1,"productName":"Test Product","quantity":2,"price":10.0,"order":{"id":1,"customerName":"Test Customer","customerEmail":"test@example.com","status":"PENDING","createdAt":null,"updatedAt":null,"items":[{"id":1,"productName":"Test Product","quantity":2,"price":10.0,"order":{"id":1,"customerName":"Test Customer","customerEmail":"test@example.com","status":"PENDING","createdAt":null,"updatedAt":null,"items":[{"id":1,"productName":"Test Product","quantity":2,"price":10.0,"order":{"id":1,"customerName":"Test Customer","customerEmail":"test@example.com","status":"PENDING","createdAt":null,"updatedAt":null,"items":[{"id":1,"productName":"Test Product","quantity":2,"price":10.0,"order":{"id":1,"customerName":"Test Customer","customerEmail":"test@example.com","status":"PENDING","createdAt":null,"updatedAt":null,"items":[{"id":1,"productName":"Test Product","quantity":2,"price":10.0,"order":{"id":1,"customerName":"Test Customer","customerEmail":"test@example.com","status":"PENDING","createdAt":null,"updatedAt":null,"items":[{"id":1,"productName":"Test Product","quantity":2,"price":10.0,"order":{"id":1,"customerName":"Test Customer","customerEmail":"test@example.com","status":"PENDING","createdAt":null,"updatedAt":null,"items":[{"id":1,"productName":"Test Product","quantity":2,"price":10.0,"order":{"id":1,"customerName":"Test Customer","customerEmail":"test@example.com","status":"PENDING","createdAt":null,"updatedAt":null,"items":[{"id":1,"productName":"Test Product","quantity":2,"price":10.0,"order":{"id":1,"customerName":"Test Customer","customerEmail":"test@example.com","status":"PENDING","createdAt":null,"updatedAt":null,"items":[{"id":1,"productName":"Test Product","quantity":2,"price":10.0,"order":{"id":1,"customerName":"Test Customer","customerEmail":"test@example.com","status":"PENDING","createdAt":null,"updatedAt":null,"items":[{"id":1,"productName":"Test Product","quantity":2,"price":10.0,"order":{"id":1,"customerName":"Test Customer","customerEmail":"test@example.com","status":"PENDING","createdAt":null,"updatedAt":null,"items":[{"id":1,"productName":"Test Product","quantity":2,"price":10.0,"order":{"id":1,"customerName":"Test Customer","customerEmail":"test@example.com","status":"PENDING","createdAt":null,"updatedAt":null,"items":[{"id":1,"productName":"Test Product","quantity":2,"price":10.0,"order":{"id":1,"customerName":"Test Customer","customerEmail":"test@example.com","status":"PENDING","createdAt":null,"updatedAt":null,"items":[{"id":1,"productName":"Test Product","quantity":2,"price":10.0,"order":{"id":1,"customerName":"Test Customer","customerEmail":"test@example.com","status":"PENDING","createdAt":null,"updatedAt":null,"items":[{"id":1,"productName":"Test Product","quantity":2,"price":10.0,"order":{"id":1,"customerName":"Test Customer","customerEmail":"test@example.com","status":"PENDING","createdAt":null,"updatedAt":null,"items":[{"id":1,"productName":"Test Product","quantity":2,"price":10.0,"order":{"id":1,"customerName":"Test Customer","customerEmail":"test@example.com","status":"PENDING","createdAt":null,"updatedAt":null,"items":[{"id":1,"productName":"Test Product","quantity":2,"price":10.0,"order":{"id":1,"customerName":"Test Customer","customerEmail":"test@example.com","status":"PENDING","createdAt":null,"updatedAt":null,"items":[{"id":1,"productName":"Test Product","quantity":2,"price":10.0,"order":{"id":1,"customerName":"Test Customer","customerEmail":"test@example.com","status":"PENDING","createdAt":null,"updatedAt":null,"items":[{"id":1,"productName":"Test Product","quantity":2,"price":10.0,"order":{"id":1,"customerName":"Test Customer","customerEmail":"test@example.com","status":"PENDING","createdAt":null,"updatedAt":null,"items":[{"id":1,"productName":"Test Product","quantity":2,"price":10.0,"order":{"id":1,"customerName":"Test Customer","customerEmail":"test@example.com","status":"PENDING","createdAt":null,"updatedAt":null,"items":[{"id":1,"productName":"Test Product","quantity":2,"price":10.0,"order":{"id":1,"customerName":"Test Customer","customerEmail":"test@example.com","status":"PENDING","createdAt":null,"updatedAt":null,"items":[{"id":1,"productName":"Test Product","quantity":2,"price":10.0,"order":{"id":1,"customerName":"Test Customer","customerEmail":"test@example.com","status":"PENDING","createdAt":null,"updatedAt":null,"items":[{"id":1,"productName":"Test Product","quantity":2,"price":10.0,"order":{"id":1,"customerName":"Test Customer","customerEmail":"test@example.com","status":"PENDING","createdAt":null,"updatedAt":null,"items":[{"id":1,"productName":"Test Product","quantity":2,"price":10.0,"order":{"id":1,"customerName":"Test Customer","customerEmail":"test@example.com","status":"PENDING","createdAt":null,"updatedAt":null,"items":[{"id":1,"productName":"Test Product","quantity":2,"price":10.0,"order":{"id":1,"customerName":"Test Customer","customerEmail":"test@example.com","status":"PENDING","createdAt":null,"updatedAt":null,"items":[{"id":1,"productName":"Test Product","quantity":2,"price":10.0,"order":{"id":1,"customerName":"Test Customer","customerEmail":"test@example.com","status":"PENDING","createdAt":null,"updatedAt":null,"items":[{"id":1,"productName":"Test Product","quantity":2,"price":10.0,"order":{"id":1,"customerName":"Test Customer","customerEmail":"test@example.com","status":"PENDING","createdAt":null,"updatedAt":null,"items":[{"id":1,"productName":"Test Product","quantity":2,"price":10.0,"order":{"id":1,"customerName":"Test Customer","customerEmail":"test@example.com","status":"PENDING","createdAt":null,"updatedAt":null,"items":[{"id":1,"productName":"Test Product","quantity":2,"price":10.0,"order":{"id":1,"customerName":"Test Customer","customerEmail":"test@example.com","status":"PENDING","createdAt":null,"updatedAt":null,"items":[{"id":1,"productName":"Test Product","quantity":2,"price":10.0,"order":{"id":1,"customerName":"Test Customer","customerEmail":"test@example.com","status":"PENDING","createdAt":null,"updatedAt":null,"items":[{"id":1,"productName":"Test Product","quantity":2,"price":10.0,"order":{"id":1,"customerName":"Test Customer","customerEmail":"test@example.com","status":"PENDING","createdAt":null,"updatedAt":null,"items":[{"id":1,"productName":"Test Product","quantity":2,"price":10.0,"order":{"id":1,"customerName":"Test Customer","customerEmail":"test@example.com","status":"PENDING","createdAt":null,"updatedAt":null,"items":[{"id":1,"productName":"Test Product","quantity":2,"price":10.0,"order":{"id":1,"customerName":"Test Customer","customerEmail":"test@example.com","status":"PENDING","createdAt":null,"updatedAt":null,"items":[{"id":1,"productName":"Test Product","quantity":2,"price":10.0,"order":{"id":1,"customerName":"Test Customer","customerEmail":"test@example.com","status":"PENDING","createdAt":null,"updatedAt":null,"items":[{"id":1,"productName":"Test Product","quantity":2,"price":10.0,"order":{"id":1,"customerName":"Test Customer","customerEmail":"test@example.com","status":"PENDING","createdAt":null,"updatedAt":null,"items":[{"id":1,"productName":"Test Product","quantity":2,"price":10.0,"order":{"id":1,"customerName":"Test Customer","customerEmail":"test@example.com","status":"PENDING","createdAt":null,"updatedAt":null,"items":[{"id":1,"productName":"Test Product","quantity":2,"price":10.0,"order":{"id":1,"customerName":"Test Customer","customerEmail":"test@example.com","status":"PENDING","createdAt":null,"updatedAt":null,"items":[{"id":1,"productName":"Test Product","quantity":2,"price":10.0,"order":{"id":1,"customerName":"Test Customer","customerEmail":"test@example.com","status":"PENDING","createdAt":null,"updatedAt":null,"items":[{"id":1,"productName":"Test Product","quantity":2,"price":10.0,"order":{"id":1,"customerName":"Test Customer","customerEmail":"test@example.com","status":"PENDING","createdAt":null,"updatedAt":null,"items":[{"id":1,"productName":"Test Product","quantity":2,"price":10.0,"order":{"id":1,"customerName":"Test Customer","customerEmail":"test@example.com","status":"PENDING","createdAt":null,"updatedAt":null,"items":[{"id":1,"productName":"Test Product","quantity":2,"price":10.0,"order":{"id":1,"customerName":"Test Customer","customerEmail":"test@example.com","status":"PENDING","createdAt":null,"updatedAt":null,"items":[{"id":1,"productName":"Test Product","quantity":2,"price":10.0,"order":{"id":1,"customerName":"Test Customer","customerEmail":"test@example.com","status":"PENDING","createdAt":null,"updatedAt":null,"items":[{"id":1,"productName":"Test Product","quantity":2,"price":10.0,"order":{"id":1,"customerName":"Test Customer","customerEmail":"test@example.com","status":"PENDING","createdAt":null,"updatedAt":null,"items":[{"id":1,"productName":"Test Product","quantity":2,"price":10.0,"order":{"id":1,"customerName":"Test Customer","customerEmail":"test@example.com","status":"PENDING","createdAt":null,"updatedAt":null,"items":[{"id":1,"productName":"Test Product","quantity":2,"price":10.0,"order":{"id":1,"customerName":"Test Customer","customerEmail":"test@example.com","status":"PENDING","createdAt":null,"updatedAt":null,"items":[{"id":1,"productName":"Test Product","quantity":2,"price":10.0,"order":{"id":1,"customerName":"Test Customer","customerEmail":"test@example.com","status":"PENDING","createdAt":null,"updatedAt":null,"items":[{"id":1,"productName":"Test Product","quantity":2,"price":10.0,"order":{"id":1,"customerName":"Test Customer","customerEmail":"test@example.com","status":"PENDING","createdAt":null,"updatedAt":null,"items":[{"id":1,"productName":"Test Product","quantity":2,"price":10.0,"order":{"id":1,"customerName":"Test Customer","customerEmail":"test@example.com","status":"PENDING","createdAt":null,"updatedAt":null,"items":[{"id":1,"productName":"Test Product","quantity":2,"price":10.0,"order":{"id":1,"customerName":"Test Customer","customerEmail":"test@example.com","status":"PENDING","createdAt":null,"updatedAt":null,"items":[{"id":1,"productName":"Test Product","quantity":2,"price":10.0,"order":{"id":1,"customerName":"Test Customer","customerEmail":"test@example.com","status":"PENDING","createdAt":null,"updatedAt":null,"items":[{"id":1,"productName":"Test Product","quantity":2,"price":10.0,"order":{"id":1,"customerName":"Test Customer","customerEmail":"test@example.com","status":"PENDING","createdAt":null,"updatedAt":null,"items":[{"id":1,"productName":"Test Product","quantity":2,"price":10.0,"order":{"id":1,"customerName":"Test Customer","customerEmail":"test@example.com","status":"PENDING","createdAt":null,"updatedAt":null,"items":[{"id":1,"productName":"Test Product","quantity":2,"price":10.0,"order":{"id":1,"customerName":"Test Customer","customerEmail":"test@example.com","status":"PENDING","createdAt":null,"updatedAt":null,"items":[{"id":1,"productName":"Test Product","quantity":2,"price":10.0,"order":{"id":1,"customerName":"Test Customer","customerEmail":"test@example.com","status":"PENDING","createdAt":null,"updatedAt":null,"items":[{"id":1,"productName":"Test Product","quantity":2,"price":10.0,"order":{"id":1,"customerName":"Test Customer","customerEmail":"test@example.com","status":"PENDING","createdAt":null,"updatedAt":null,"items":[{"id":1,"productName":"Test Product","quantity":2,"price":10.0,"order":{"id":1,"customerName":"Test Customer","customerEmail":"test@example.com","status":"PENDING","createdAt":null,"updatedAt":null,"items":[{"id":1,"productName":"Test Product","quantity":2,"price":10.0,"order":{"id":1,"customerName":"Test Customer","customerEmail":"test@example.com","status":"PENDING","createdAt":null,"updatedAt":null,"items":[{"id":1,"productName":"Test Product","quantity":2,"price":10.0,"order":{"id":1,"customerName":"Test Customer","customerEmail":"test@example.com","status":"PENDING","createdAt":null,"updatedAt":null,"items":[{"id":1,"productName":"Test Product","quantity":2,"price":10.0,"order":{"id":1,"customerName":"Test Customer","customerEmail":"test@example.com","status":"PENDING","createdAt":null,"updatedAt":null,"items":[{"id":1,"productName":"Test Product","quantity":2,"price":10.0,"order":{"id":1,"customerName":"Test Customer","customerEmail":"test@example.com","status":"PENDING","createdAt":null,"updatedAt":null,"items":[{"id":1,"productName":"Test Product","quantity":2,"price":10.0,"order":{"id":1,"customerName":"Test Customer","customerEmail":"test@example.com","status":"PENDING","createdAt":null,"updatedAt":null,"items":[{"id":1,"productName":"Test Product","quantity":2,"price":10.0,"order":{"id":1,"customerName":"Test Customer","customerEmail":"test@example.com","status":"PENDING","createdAt":null,"updatedAt":null,"items":[{"id":1,"productName":"Test Product","quantity":2,"price":10.0,"order":{"id":1,"customerName":"Test Customer","customerEmail":"test@example.com","status":"PENDING","createdAt":null,"updatedAt":null,"items":[{"id":1,"productName":"Test Product","quantity":2,"price":10.0,"order":{"id":1,"customerName":"Test Customer","customerEmail":"test@example.com","status":"PENDING","createdAt":null,"updatedAt":null,"items":[{"id":1,"productName":"Test Product","quantity":2,"price":10.0,"order":{"id":1,"customerName":"Test Customer","customerEmail":"test@example.com","status":"PENDING","createdAt":null,"updatedAt":null,"items":[{"id":1,"productName":"Test Product","quantity":2,"price":10.0,"order":{"id":1,"customerName":"Test Customer","customerEmail":"test@example.com","status":"PENDING","createdAt":null,"updatedAt":null,"items":[{"id":1,"productName":"Test Product","quantity":2,"price":10.0,"order":{"id":1,"customerName":"Test Customer","customerEmail":"test@example.com","status":"PENDING","createdAt":null,"updatedAt":null,"items":[{"id":1,"productName":"Test Product","quantity":2,"price":10.0,"order":{"id":1,"customerName":"Test Customer","customerEmail":"test@example.com","status":"PENDING","createdAt":null,"updatedAt":null,"items":[{"id":1,"productName":"Test Product","quantity":2,"price":10.0,"order":{"id":1,"customerName":"Test Customer","customerEmail":"test@example.com","status":"PENDING","createdAt":null,"updatedAt":null,"items":[{"id":1,"productName":"Test Product","quantity":2,"price":10.0,"order":{"id":1,"customerName":"Test Customer","customerEmail":"test@example.com","status":"PENDING","createdAt":null,"updatedAt":null,"items":[{"id":1,"productName":"Test Product","quantity":2,"price":10.0,"order":{"id":1,"customerName":"Test Customer","customerEmail":"test@example.com","status":"PENDING","createdAt":null,"updatedAt":null,"items":[{"id":1,"productName":"Test Product","quantity":2,"price":10.0,"order":{"id":1,"customerName":"Test Customer","customerEmail":"test@example.com","status":"PENDING","createdAt":null,"updatedAt":null,"items":[{"id":1,"productName":"Test Product","quantity":2,"price":10.0,"order":{"id":1,"customerName":"Test Customer","customerEmail":"test@example.com","status":"PENDING","createdAt":null,"updatedAt":null,"items":[{"id":1,"productName":"Test Product","quantity":2,"price":10.0,"order":{"id":1,"customerName":"Test Customer","customerEmail":"test@example.com","status":"PENDING","createdAt":null,"updatedAt":null,"items":[{"id":1,"productName":"Test Product","quantity":2,"price":10.0,"order":{"id":1,"customerName":"Test Customer","customerEmail":"test@example.com","status":"PENDING","createdAt":null,"updatedAt":null,"items":[{"id":1,"productName":"Test Product","quantity":2,"price":10.0,"order":{"id":1,"customerName":"Test Customer","customerEmail":"test@example.com","status":"PENDING","createdAt":null,"updatedAt":null,"items":[{"id":1,"productName":"Test Product","quantity":2,"price":10.0,"order":{"id":1,"customerName":"Test Customer","customerEmail":"test@example.com","status":"PENDING","createdAt":null,"updatedAt":null,"items":[{"id":1,"productName":"Test Product","quantity":2,"price":10.0,"order":{"id":1,"customerName":"Test Customer","customerEmail":"test@example.com","status":"PENDING","createdAt":null,"updatedAt":null,"items":[{"id":1,"productName":"Test Product","quantity":2,"price":10.0,"order":{"id":1,"customerName":"Test Customer","customerEmail":"test@example.com","status":"PENDING","createdAt":null,"updatedAt":null,"items":[{"id":1,"productName":"Test Product","quantity":2,"price":10.0,"order":{"id":1,"customerName":"Test Customer","customerEmail":"test@example.com","status":"PENDING","createdAt":null,"updatedAt":null,"items":[{"id":1,"productName":"Test Product","quantity":2,"price":10.0,"order":{"id":1,"customerName":"Test Customer","customerEmail":"test@example.com","status":"PENDING","createdAt":null,"updatedAt":null,"items":[{"id":1,"productName":"Test Product","quantity":2,"price":10.0,"order":{"id":1,"customerName":"Test Customer","customerEmail":"test@example.com","status":"PENDING","createdAt":null,"updatedAt":null,"items":[{"id":1,"productName":"Test Product","quantity":2,"price":10.0,"order":{"id":1,"customerName":"Test Customer","customerEmail":"test@example.com","status":"PENDING","createdAt":null,"updatedAt":null,"items":[{"id":1,"productName":"Test Product","quantity":2,"price":10.0,"order":{"id":1,"customerName":"Test Customer","customerEmail":"test@example.com","status":"PENDING","createdAt":null,"updatedAt":null,"items":[{"id":1,"productName":"Test Product","quantity":2,"price":10.0,"order":{"id":1,"customerName":"Test Customer","customerEmail":"test@example.com","status":"PENDING","createdAt":null,"updatedAt":null,"items":[{"id":1,"productName":"Test Product","quantity":2,"price":10.0,"order":{"id":1,"customerName":"Test Customer","customerEmail":"test@example.com","status":"PENDING","createdAt":null,"updatedAt":null,"items":[{"id":1,"productName":"Test Product","quantity":2,"price":10.0,"order":{"id":1,"customerName":"Test Customer","customerEmail":"test@example.com","status":"PENDING","createdAt":null,"updatedAt":null,"items":[{"id":1,"productName":"Test Product","quantity":2,"price":10.0,"order":{"id":1,"customerName":"Test Customer","customerEmail":"test@example.com","status":"PENDING","createdAt":null,"updatedAt":null,"items":[{"id":1,"productName":"Test Product","quantity":2,"price":10.0,"order":{"id":1,"customerName":"Test Customer","customerEmail":"test@example.com","status":"PENDING","createdAt":null,"updatedAt":null,"items":[{"id":1,"productName":"Test Product","quantity":2,"price":10.0,"order":{"id":1,"customerName":"Test Customer","customerEmail":"test@example.com","status":"PENDING","createdAt":null,"updatedAt":null,"items":[{"id":1,"productName":"Test Product","quantity":2,"price":10.0,"order":{"id":1,"customerName":"Test Customer","customerEmail":"test@example.com","status":"PENDING","createdAt":null,"updatedAt":null,"items":[{"id":1,"productName":"Test Product","quantity":2,"price":10.0,"order":{"id":1,"customerName":"Test Customer","customerEmail":"test@example.com","status":"PENDING","createdAt":null,"updatedAt":null,"items":[{"id":1,"productName":"Test Product","quantity":2,"price":10.0,"order":{"id":1,"customerName":"Test Customer","customerEmail":"test@example.com","status":"PENDING","createdAt":null,"updatedAt":null,"items":[{"id":1,"productName":"Test Product","quantity":2,"price":10.0,"order":{"id":1,"customerName":"Test Customer","customerEmail":"test@example.com","status":"PENDING","createdAt":null,"updatedAt":null,"items":[{"id":1,"productName":"Test Product","quantity":2,"price":10.0,"order":{"id":1,"customerName":"Test Customer","customerEmail":"test@example.com","status":"PENDING","createdAt":null,"updatedAt":null,"items":[{"id":1,"productName":"Test Product","quantity":2,"price":10.0,"order":{"id":1,"customerName":"Test Customer","customerEmail":"test@example.com","status":"PENDING","createdAt":null,"updatedAt":null,"items":[{"id":1,"productName":"Test Product","quantity":2,"price":10.0,"order":{"id":1,"customerName":"Test Customer","customerEmail":"test@example.com","status":"PENDING","createdAt":null,"updatedAt":null,"items":[{"id":1,"productName":"Test Product","quantity":2,"price":10.0,"order":{"id":1,"customerName":"Test Customer","customerEmail":"test@example.com","status":"PENDING","createdAt":null,"updatedAt":null,"items":[{"id":1,"productName":"Test Product","quantity":2,"price":10.0,"order":{"id":1,"customerName":"Test Customer","customerEmail":"test@example.com","status":"PENDING","createdAt":null,"updatedAt":null,"items":[{"id":1,"productName":"Test Product","quantity":2,"price":10.0,"order":{"id":1,"customerName":"Test Customer","customerEmail":"test@example.com","status":"PENDING","createdAt":null,"updatedAt":null,"items":[{"id":1,"productName":"Test Product","quantity":2,"price":10.0,"order":{"id":1,"customerName":"Test Customer","customerEmail":"test@example.com","status":"PENDING","createdAt":null,"updatedAt":null,"items":[{"id":1,"productName":"Test Product","quantity":2,"price":10.0,"order":{"id":1,"customerName":"Test Customer","customerEmail":"test@example.com","status":"PENDING","createdAt":null,"updatedAt":null,"items":[{"id":1,"productName":"Test Product","quantity":2,"price":10.0,"order":{"id":1,"customerName":"Test Customer","customerEmail":"test@example.com","status":"PENDING","createdAt":null,"updatedAt":null,"items":[{"id":1,"productName":"Test Product","quantity":2,"price":10.0,"order":{"id":1,"customerName":"Test Customer","customerEmail":"test@example.com","status":"PENDING","createdAt":null,"updatedAt":null,"items":[{"id":1,"productName":"Test Product","quantity":2,"price":10.0,"order":{"id":1,"customerName":"Test Customer","customerEmail":"test@example.com","status":"PENDING","createdAt":null,"updatedAt":null,"items":[{"id":1,"productName":"Test Product","quantity":2,"price":10.0,"order":{"id":1,"customerName":"Test Customer","customerEmail":"test@example.com","status":"PENDING","createdAt":null,"updatedAt":null,"items":[{"id":1,"productName":"Test Product","quantity":2,"price":10.0,"order":{"id":1,"customerName":"Test Customer","customerEmail":"test@example.com","status":"PENDING","createdAt":null,"updatedAt":null,"items":[{"id":1,"productName":"Test Product","quantity":2,"price":10.0,"order":{"id":1,"customerName":"Test Customer","customerEmail":"test@example.com","status":"PENDING","createdAt":null,"updatedAt":null,"items":[{"id":1,"productName":"Test Product","quantity":2,"price":10.0,"order":{"id":1,"customerName":"Test Customer","customerEmail":"test@example.com","status":"PENDING","createdAt":null,"updatedAt":null,"items":[{"id":1,"productName":"Test Product","quantity":2,"price":10.0,"order":{"id":1,"customerName":"Test Customer","customerEmail":"test@example.com","status":"PENDING","createdAt":null,"updatedAt":null,"items":[{"id":1,"productName":"Test Product","quantity":2,"price":10.0,"order":{"id":1,"customerName":"Test Customer","customerEmail":"test@example.com","status":"PENDING","createdAt":null,"updatedAt":null,"items":[{"id":1,"productName":"Test Product","quantity":2,"price":10.0,"order":{"id":1,"customerName":"Test Customer","customerEmail":"test@example.com","status":"PENDING","createdAt":null,"updatedAt":null,"items":[{"id":1,"productName":"Test Product","quantity":2,"price":10.0,"order":{"id":1,"customerName":"Test Customer","customerEmail":"test@example.com","status":"PENDING","createdAt":null,"updatedAt":null,"items":[{"id":1,"productName":"Test Product","quantity":2,"price":10.0,"order":{"id":1,"customerName":"Test Customer","customerEmail":"test@example.com","status":"PENDING","createdAt":null,"updatedAt":null,"items":[{"id":1,"productName":"Test Product","quantity":2,"price":10.0,"order":{"id":1,"customerName":"Test Customer","customerEmail":"test@example.com","status":"PENDING","createdAt":null,"updatedAt":null,"items":[{"id":1,"productName":"Test Product","quantity":2,"price":10.0,"order":{"id":1,"customerName":"Test Customer","customerEmail":"test@example.com","status":"PENDING","createdAt":null,"updatedAt":null,"items":[{"id":1,"productName":"Test Product","quantity":2,"price":10.0,"order":{"id":1,"customerName":"Test Customer","customerEmail":"test@example.com","status":"PENDING","createdAt":null,"updatedAt":null,"items":[{"id":1,"productName":"Test Product","quantity":2,"price":10.0,"order":{"id":1,"customerName":"Test Customer","customerEmail":"test@example.com","status":"PENDING","createdAt":null,"updatedAt":null,"items":[{"id":1,"productName":"Test Product","quantity":2,"price":10.0,"order":{"id":1,"customerName":"Test Customer","customerEmail":"test@example.com","status":"PENDING","createdAt":null,"updatedAt":null,"items":[{"id":1,"productName":"Test Product","quantity":2,"price":10.0,"order":{"id":1,"customerName":"Test Customer","customerEmail":"test@example.com","status":"PENDING","createdAt":null,"updatedAt":null,"items":[{"id":1,"productName":"Test Product","quantity":2,"price":10.0,"order":{"id":1,"customerName":"Test Customer","customerEmail":"test@example.com","status":"PENDING","createdAt":null,"updatedAt":null,"items":[{"id":1,"productName":"Test Product","quantity":2,"price":10.0,"order":{"id":1,"customerName":"Test Customer","customerEmail":"test@example.com","status":"PENDING","createdAt":null,"updatedAt":null,"items":[{"id":1,"productName":"Test Product","quantity":2,"price":10.0,"order":{"id":1,"customerName":"Test Customer","customerEmail":"test@example.com","status":"PENDING","createdAt":null,"updatedAt":null,"items":[{"id":1,"productName":"Test Product","quantity":2,"price":10.0,"order":{"id":1,"customerName":"Test Customer","customerEmail":"test@example.com","status":"PENDING","createdAt":null,"updatedAt":null,"items":[{"id":1,"productName":"Test Product","quantity":2,"price":10.0,"order":{"id":1,"customerName":"Test Customer","customerEmail":"test@example.com","status":"PENDING","createdAt":null,"updatedAt":null,"items":[{"id":1,"productName":"Test Product","quantity":2,"price":10.0,"order":{"id":1,"customerName":"Test Customer","customerEmail":"test@example.com","status":"PENDING","createdAt":null,"updatedAt":null,"items":[{"id":1,"productName":"Test Product","quantity":2,"price":10.0,"order":{"id":1,"customerName":"Test Customer","customerEmail":"test@example.com","status":"PENDING","createdAt":null,"updatedAt":null,"items":[{"id":1,"productName":"Test Product","quantity":2,"price":10.0,"order":{"id":1,"customerName":"Test Customer","customerEmail":"test@example.com","status":"PENDING","createdAt":null,"updatedAt":null,"items":[{"id":1,"productName":"Test Product","quantity":2,"price":10.0,"order":{"id":1,"customerName":"Test Customer","customerEmail":"test@example.com","status":"PENDING","createdAt":null,"updatedAt":null,"items":[{"id":1,"productName":"Test Product","quantity":2,"price":10.0,"order":{"id":1,"customerName":"Test Customer","customerEmail":"test@example.com","status":"PENDING","createdAt":null,"updatedAt":null,"items":[{"id":1,"productName":"Test Product","quantity":2,"price":10.0,"order":{"id":1,"customerName":"Test Customer","customerEmail":"test@example.com","status":"PENDING","createdAt":null,"updatedAt":null,"items":[{"id":1,"productName":"Test Product","quantity":2,"price":10.0,"order":{"id":1,"customerName":"Test Customer","customerEmail":"test@example.com","status":"PENDING","createdAt":null,"updatedAt":null,"items":[{"id":1,"productName":"Test Product","quantity":2,"price":10.0,"order":{"id":1,"customerName":"Test Customer","customerEmail":"test@example.com","status":"PENDING","createdAt":null,"updatedAt":null,"items":[{"id":1,"productName":"Test Product","quantity":2,"price":10.0,"order":{"id":1,"customerName":"Test Customer","customerEmail":"test@example.com","status":"PENDING","createdAt":null,"updatedAt":null,"items":[{"id":1,"productName":"Test Product","quantity":2,"price":10.0,"order":{"id":1,"customerName":"Test Customer","customerEmail":"test@example.com","status":"PENDING","createdAt":null,"updatedAt":null,"items":[{"id":1,"productName":"Test Product","quantity":2,"price":10.0,"order":{"id":1,"customerName":"Test Customer","customerEmail":"test@example.com","status":"PENDING","createdAt":null,"updatedAt":null,"items":[{"id":1,"productName":"Test Product","quantity":2,"price":10.0,"order":{"id":1,"customerName":"Test Customer","customerEmail":"test@example.com","status":"PENDING","createdAt":null,"updatedAt":null,"items":[{"id":1,"productName":"Test Product","quantity":2,"price":10.0,"order":{"id":1,"customerName":"Test Customer","customerEmail":"test@example.com","status":"PENDING","createdAt":null,"updatedAt":null,"items":[{"id":1,"productName":"Test Product","quantity":2,"price":10.0,"order":{"id":1,"customerName":"Test Customer","customerEmail":"test@example.com","status":"PENDING","createdAt":null,"updatedAt":null,"items":[{"id":1,"productName":"Test Product","quantity":2,"price":10.0,"order":{"id":1,"customerName":"Test Customer","customerEmail":"test@example.com","status":"PENDING","createdAt":null,"updatedAt":null,"items":[{"id":1,"productName":"Test Product","quantity":2,"price":10.0,"order":{"id":1,"customerName":"Test Customer","customerEmail":"test@example.com","status":"PENDING","createdAt":null,"updatedAt":null,"items":[{"id":1,"productName":"Test Product","quantity":2,"price":10.0,"order":{"id":1,"customerName":"Test Customer","customerEmail":"test@example.com","status":"PENDING","createdAt":null,"updatedAt":null,"items":[{"id":1,"productName":"Test Product","quantity":2,"price":10.0,"order":{"id":1,"customerName":"Test Customer","customerEmail":"test@example.com","status":"PENDING","createdAt":null,"updatedAt":null,"items":[{"id":1,"productName":"Test Product","quantity":2,"price":10.0,"order":{"id":1,"customerName":"Test Customer","customerEmail":"test@example.com","status":"PENDING","createdAt":null,"updatedAt":null,"items":[{"id":1,"productName":"Test Product","quantity":2,"price":10.0,"order":{"id":1,"customerName":"Test Customer","customerEmail":"test@example.com","status":"PENDING","createdAt":null,"updatedAt":null,"items":[{"id":1,"productName":"Test Product","quantity":2,"price":10.0,"order":{"id":1,"customerName":"Test Customer","customerEmail":"test@example.com","status":"PENDING","createdAt":null,"updatedAt":null,"items":[{"id":1,"productName":"Test Product","quantity":2,"price":10.0,"order":{"id":1,"customerName":"Test Customer","customerEmail":"test@example.com","status":"PENDING","createdAt":null,"updatedAt":null,"items":[{"id":1,"productName":"Test Product","quantity":2,"price":10.0,"order":{"id":1,"customerName":"Test Customer","customerEmail":"test@example.com","status":"PENDING","createdAt":null,"updatedAt":null,"items":[{"id":1,"productName":"Test Product","quantity":2,"price":10.0,"order":{"id":1,"customerName":"Test Customer","customerEmail":"test@example.com","status":"PENDING","createdAt":null,"updatedAt":null,"items":[{"id":1,"productName":"Test Product","quantity":2,"price":10.0,"order":{"id":1,"customerName":"Test Customer","customerEmail":"test@example.com","status":"PENDING","createdAt":null,"updatedAt":null,"items":[{"id":1,"productName":"Test Product","quantity":2,"price":10.0,"order":{"id":1,"customerName":"Test Customer","customerEmail":"test@example.com","status":"PENDING","createdAt":null,"updatedAt":null,"items":[{"id":1,"productName":"Test Product","quantity":2,"price":10.0,"order":{"id":1,"customerName":"Test Customer","customerEmail":"test@example.com","status":"PENDING","createdAt":null,"updatedAt":null,"items":[{"id":1,"productName":"Test Product","quantity":2,"price":10.0,"order":{"id":1,"customerName":"Test Customer","customerEmail":"test@example.com","status":"PENDING","createdAt":null,"updatedAt":null,"items":[{"id":1,"productName":"Test Product","quantity":2,"price":10.0,"order":{"id":1,"customerName":"Test Customer","customerEmail":"test@example.com","status":"PENDING","createdAt":null,"updatedAt":null,"items":[{"id":1,"productName":"Test Product","quantity":2,"price":10.0,"order":{"id":1,"customerName":"Test Customer","customerEmail":"test@example.com","status":"PENDING","createdAt":null,"updatedAt":null,"items":[{"id":1,"productName":"Test Product","quantity":2,"price":10.0,"order":{"id":1,"customerName":"Test Customer","customerEmail":"test@example.com","status":"PENDING","createdAt":null,"updatedAt":null,"items":[{"id":1,"productName":"Test Product","quantity":2,"price":10.0,"order":{"id":1,"customerName":"Test Customer","customerEmail":"test@example.com","status":"PENDING","createdAt":null,"updatedAt":null,"items":[{"id":1,"productName":"Test Product","quantity":2,"price":10.0,"order":{"id":1,"customerName":"Test Customer","customerEmail":"test@example.com","status":"PENDING","createdAt":null,"updatedAt":null,"items":[{"id":1,"productName":"Test Product","quantity":2,"price":10.0,"order":{"id":1,"customerName":"Test Customer","customerEmail":"test@example.com","status":"PENDING","createdAt":null,"updatedAt":null,"items":[{"id":1,"productName":"Test Product","quantity":2,"price":10.0,"order":{"id":1,"customerName":"Test Customer","customerEmail":"test@example.com","status":"PENDING","createdAt":null,"updatedAt":null,"items":[{"id":1,"productName":"Test Product","quantity":2,"price":10.0,"order":{"id":1,"customerName":"Test Customer","customerEmail":"test@example.com","status":"PENDING","createdAt":null,"updatedAt":null,"items":[{"id":1,"productName":"Test Product","quantity":2,"price":10.0,"order":{"id":1,"customerName":"Test Customer","customerEmail":"test@example.com","status":"PENDING","createdAt":null,"updatedAt":null,"items":[{"id":1,"productName":"Test Product","quantity":2,"price":10.0,"order":{"id":1,"customerName":"Test Customer","customerEmail":"test@example.com","status":"PENDING","createdAt":null,"updatedAt":null,"items":[{"id":1,"productName":"Test Product","quantity":2,"price":10.0,"order":{"id":1,"customerName":"Test Customer","customerEmail":"test@example.com","status":"PENDING","createdAt":null,"updatedAt":null,"items":[{"id":1,"productName":"Test Product","quantity":2,"price":10.0,"order":{"id":1,"customerName":"Test Customer","customerEmail":"test@example.com","status":"PENDING","createdAt":null,"updatedAt":null,"items":[{"id":1,"productName":"Test Product","quantity":2,"price":10.0,"order":{"id":1,"customerName":"Test Customer","customerEmail":"test@example.com","status":"PENDING","createdAt":null,"updatedAt":null,"items":[{"id":1,"productName":"Test Product","quantity":2,"price":10.0,"order":{"id":1,"customerName":"Test Customer","customerEmail":"test@example.com","status":"PENDING","createdAt":null,"updatedAt":null,"items":[{"id":1,"productName":"Test Product","quantity":2,"price":10.0,"order":{"id":1,"customerName":"Test Customer","customerEmail":"test@example.com","status":"PENDING","createdAt":null,"updatedAt":null,"items":[{"id":1,"productName":"Test Product","quantity":2,"price":10.0,"order":{"id":1,"customerName":"Test Customer","customerEmail":"test@example.com","status":"PENDING","createdAt":null,"updatedAt":null,"items":[{"id":1,"productName":"Test Product","quantity":2,"price":10.0,"order":{"id":1,"customerName":"Test Customer","customerEmail":"test@example.com","status":"PENDING","createdAt":null,"updatedAt":null,"items":[{"id":1,"productName":"Test Product","quantity":2,"price":10.0,"order":{"id":1,"customerName":"Test Customer","customerEmail":"test@example.com","status":"PENDING","createdAt":null,"updatedAt":null,"items":[{"id":1,"productName":"Test Product","quantity":2,"price":10.0,"order":{"id":1,"customerName":"Test Customer","customerEmail":"test@example.com","status":"PENDING","createdAt":null,"updatedAt":null,"items":[{"id":1,"productName":"Test Product","quantity":2,"price":10.0,"order":{"id":1,"customerName":"Test Customer","customerEmail":"test@example.com","status":"PENDING","createdAt":null,"updatedAt":null,"items":[{"id":1,"productName":"Test Product","quantity":2,"price":10.0,"order":{"id":1,"customerName":"Test Customer","customerEmail":"test@example.com","status":"PENDING","createdAt":null,"updatedAt":null,"items":[{"id":1,"productName":"Test Product","quantity":2,"price":10.0,"order":{"id":1,"customerName":"Test Customer","customerEmail":"test@example.com","status":"PENDING","createdAt":null,"updatedAt":null,"items":[{"id":1,"productName":"Test Product","quantity":2,"price":10.0,"order":{"id":1,"customerName":"Test Customer","customerEmail":"test@example.com","status":"PENDING","createdAt":null,"updatedAt":null,"items":[{"id":1,"productName":"Test Product","quantity":2,"price":10.0,"order":{"id":1,"customerName":"Test Customer","customerEmail":"test@example.com","status":"PENDING","createdAt":null,"updatedAt":null,"items":[{"id":1,"productName":"Test Product","quantity":2,"price":10.0,"order":{"id":1,"customerName":"Test Customer","customerEmail":"test@example.com","status":"PENDING","createdAt":null,"updatedAt":null,"items":[{"id":1,"productName":"Test Product","quantity":2,"price":10.0,"order":{"id":1,"customerName":"Test Customer","customerEmail":"test@example.com","status":"PENDING","createdAt":null,"updatedAt":null,"items":[{"id":1,"productName":"Test Product","quantity":2,"price":10.0,"order":{"id":1,"customerName":"Test Customer","customerEmail":"test@example.com","status":"PENDING","createdAt":null,"updatedAt":null,"items":[{"id":1,"productName":"Test Product","quantity":2,"price":10.0,"order":{"id":1,"customerName":"Test Customer","customerEmail":"test@example.com","status":"PENDING","createdAt":null,"updatedAt":null,"items":[{"id":1,"productName":"Test Product","quantity":2,"price":10.0,"order":{"id":1,"customerName":"Test Customer","customerEmail":"test@example.com","status":"PENDING","createdAt":null,"updatedAt":null,"items":[{"id":1,"productName":"Test Product","quantity":2,"price":10.0,"order":{"id":1,"customerName":"Test Customer","customerEmail":"test@example.com","status":"PENDING","createdAt":null,"updatedAt":null,"items":[{"id":1,"productName":"Test Product","quantity":2,"price":10.0,"order":{"id":1,"customerName":"Test Customer","customerEmail":"test@example.com","status":"PENDING","createdAt":null,"updatedAt":null,"items":[{"id":1,"productName":"Test Product","quantity":2,"price":10.0,"order":{"id":1,"customerName":"Test Customer","customerEmail":"test@example.com","status":"PENDING","createdAt":null,"updatedAt":null,"items":[{"id":1,"productName":"Test Product","quantity":2,"price":10.0,"order":{"id":1,"customerName":"Test Customer","customerEmail":"test@example.com","status":"PENDING","createdAt":null,"updatedAt":null,"items":[{"id":1,"productName":"Test Product","quantity":2,"price":10.0,"order":{"id":1,"customerName":"Test Customer","customerEmail":"test@example.com","status":"PENDING","createdAt":null,"updatedAt":null,"items":[{"id":1,"productName":"Test Product","quantity":2,"price":10.0,"order":{"id":1,"customerName":"Test Customer","customerEmail":"test@example.com","status":"PENDING","createdAt":null,"updatedAt":null,"items":[{"id":1,"productName":"Test Product","quantity":2,"price":10.0,"order":{"id":1,"customerName":"Test Customer","customerEmail":"test@example.com","status":"PENDING","createdAt":null,"updatedAt":null,"items":[{"id":1,"productName":"Test Product","quantity":2,"price":10.0,"order":{"id":1,"customerName":"Test Customer","customerEmail":"test@example.com","status":"PENDING","createdAt":null,"updatedAt":null,"items":[{"id":1,"productName":"Test Product","quantity":2,"price":10.0,"order":{"id":1,"customerName":"Test Customer","customerEmail":"test@example.com","status":"PENDING","createdAt":null,"updatedAt":null,"items":[{"id":1,"productName":"Test Product","quantity":2,"price":10.0,"order":{"id":1,"customerName":"Test Customer","customerEmail":"test@example.com","status":"PENDING","createdAt":null,"updatedAt":null,"items":[{"id":1,"productName":"Test Product","quantity":2,"price":10.0,"order":{"id":1,"customerName":"Test Customer","customerEmail":"test@example.com","status":"PENDING","createdAt":null,"updatedAt":null,"items":[{"id":1,"productName":"Test Product","quantity":2,"price":10.0,"order":{"id":1,"customerName":"Test Customer","customerEmail":"test@example.com","status":"PENDING","createdAt":null,"updatedAt":null,"items":[{"id":1,"productName":"Test Product","quantity":2,"price":10.0,"order":{"id":1,"customerName":"Test Customer","customerEmail":"test@example.com","status":"PENDING","createdAt":null,"updatedAt":null,"items":[{"id":1,"productName":"Test Product","quantity":2,"price":10.0,"order":{"id":1,"customerName":"Test Customer","customerEmail":"test@example.com","status":"PENDING","createdAt":null,"updatedAt":null,"items":[{"id":1,"productName":"Test Product","quantity":2,"price":10.0,"order":{"id":1,"customerName":"Test Customer","customerEmail":"test@example.com","status":"PENDING","createdAt":null,"updatedAt":null,"items":[{"id":1,"productName":"Test Product","quantity":2,"price":10.0,"order":{"id":1,"customerName":"Test Customer","customerEmail":"test@example.com","status":"PENDING","createdAt":null,"updatedAt":null,"items":[{"id":1,"productName":"Test Product","quantity":2,"price":10.0,"order":{"id":1,"customerName":"Test Customer","customerEmail":"test@example.com","status":"PENDING","createdAt":null,"updatedAt":null,"items":[{"id":1,"productName":"Test Product","quantity":2,"price":10.0,"order":{"id":1,"customerName":"Test Customer","customerEmail":"test@example.com","status":"PENDING","createdAt":null,"updatedAt":null,"items":[{"id":1,"productName":"Test Product","quantity":2,"price":10.0,"order":{"id":1,"customerName":"Test Customer","customerEmail":"test@example.com","status":"PENDING","createdAt":null,"updatedAt":null,"items":[{"id":1,"productName":"Test Product","quantity":2,"price":10.0,"order":{"id":1,"customerName":"Test Customer","customerEmail":"test@example.com","status":"PENDING","createdAt":null,"updatedAt":null,"items":[{"id":1,"productName":"Test Product","quantity":2,"price":10.0,"order":{"id":1,"customerName":"Test Customer","customerEmail":"test@example.com","status":"PENDING","createdAt":null,"updatedAt":null,"items":[{"id":1,"productName":"Test Product","quantity":2,"price":10.0,"order":{"id":1,"customerName":"Test Customer","customerEmail":"test@example.com","status":"PENDING","createdAt":null,"updatedAt":null,"items":[{"id":1,"productName":"Test Product","quantity":2,"price":10.0,"order":{"id":1,"customerName":"Test Customer","customerEmail":"test@example.com","status":"PENDING","createdAt":null,"updatedAt":null,"items":[{"id":1,"productName":"Test Product","quantity":2,"price":10.0,"order":{"id":1,"customerName":"Test Customer","customerEmail":"test@example.com","status":"PENDING","createdAt":null,"updatedAt":null,"items":[{"id":1,"productName":"Test Product","quantity":2,"price":10.0,"order":{"id":1,"customerName":"Test Customer","customerEmail":"test@example.com","status":"PENDING","createdAt":null,"updatedAt":null,"items":[{"id":1,"productName":"Test Product","quantity":2,"price":10.0,"order":{"id":1,"customerName":"Test Customer","customerEmail":"test@example.com","status":"PENDING","createdAt":null,"updatedAt":null,"items":[{"id":1,"productName":"Test Product","quantity":2,"price":10.0,"order":{"id":1,"customerName":"Test Customer","customerEmail":"test@example.com","status":"PENDING","createdAt":null,"updatedAt":null,"items":[{"id":1,"productName":"Test Product","quantity":2,"price":10.0,"order":{"id":1,"customerName":"Test Customer","customerEmail":"test@example.com","status":"PENDING","createdAt":null,"updatedAt":null,"items":[{"id":1,"productName":"Test Product","quantity":2,"price":10.0,"order":{"id":1,"customerName":"Test Customer","customerEmail":"test@example.com","status":"PENDING","createdAt":null,"updatedAt":null,"items":[{"id":1,"productName":"Test Product","quantity":2,"price":10.0,"order":{"id":1,"customerName":"Test Customer","customerEmail":"test@example.com","status":"PENDING","createdAt":null,"updatedAt":null,"items":[{"id":1,"productName":"Test Product","quantity":2,"price":10.0,"order":{"id":1,"customerName":"Test Customer","customerEmail":"test@example.com","status":"PENDING","createdAt":null,"updatedAt":null,"items":[{"id":1,"productName":"Test Product","quantity":2,"price":10.0,"order":{"id":1,"customerName":"Test Customer","customerEmail":"test@example.com","status":"PENDING","createdAt":null,"updatedAt":null,"items":[{"id":1,"productName":"Test Product","quantity":2,"price":10.0,"order":{"id":1,"customerName":"Test Customer","customerEmail":"test@example.com","status":"PENDING","createdAt":null,"updatedAt":null,"items":[{"id":1,"productName":"Test Product","quantity":2,"price":10.0,"order":{"id":1,"customerName":"Test Customer","customerEmail":"test@example.com","status":"PENDING","createdAt":null,"updatedAt":null,"items":[{"id":1,"productName":"Test Product","quantity":2,"price":10.0,"order":{"id":1,"customerName":"Test Customer","customerEmail":"test@example.com","status":"PENDING","createdAt":null,"updatedAt":null,"items":[{"id":1,"productName":"Test Product","quantity":2,"price":10.0,"order":{"id":1,"customerName":"Test Customer","customerEmail":"test@example.com","status":"PENDING","createdAt":null,"updatedAt":null,"items":[{"id":1,"productName":"Test Product","quantity":2,"price":10.0,"order":{"id":1,"customerName":"Test Customer","customerEmail":"test@example.com","status":"PENDING","createdAt":null,"updatedAt":null,"items":[{"id":1,"productName":"Test Product","quantity":2,"price":10.0,"order":{"id":1,"customerName":"Test Customer","customerEmail":"test@example.com","status":"PENDING","createdAt":null,"updatedAt":null,"items":[{"id":1,"productName":"Test Product","quantity":2,"price":10.0,"order":{"id":1,"customerName":"Test Customer","customerEmail":"test@example.com","status":"PENDING","createdAt":null,"updatedAt":null,"items":[{"id":1,"productName":"Test Product","quantity":2,"price":10.0,"order":{"id":1,"customerName":"Test Customer","customerEmail":"test@example.com","status":"PENDING","createdAt":null,"updatedAt":null,"items":[{"id":1,"productName":"Test Product","quantity":2,"price":10.0,"order":{"id":1,"customerName":"Test Customer","customerEmail":"test@example.com","status":"PENDING","createdAt":null,"updatedAt":null,"items":[{"id":1,"productName":"Test Product","quantity":2,"price":10.0,"order":{"id":1,"customerName":"Test Customer","customerEmail":"test@example.com","status":"PENDING","createdAt":null,"updatedAt":null,"items":[{"id":1,"productName":"Test Product","quantity":2,"price":10.0,"order":{"id":1,"customerName":"Test Customer","customerEmail":"test@example.com","status":"PENDING","createdAt":null,"updatedAt":null,"items":[{"id":1,"productName":"Test Product","quantity":2,"price":10.0,"order":{"id":1,"customerName":"Test Customer","customerEmail":"test@example.com","status":"PENDING","createdAt":null,"updatedAt":null,"items":[{"id":1,"productName":"Test Product","quantity":2,"price":10.0,"order":{"id":1,"customerName":"Test Customer","customerEmail":"test@example.com","status":"PENDING","createdAt":null,"updatedAt":null,"items":[{"id":1,"productName":"Test Product","quantity":2,"price":10.0,"order":{"id":1,"customerName":"Test Customer","customerEmail":"test@example.com","status":"PENDING","createdAt":null,"updatedAt":null,"items":[{"id":1,"productName":"Test Product","quantity":2,"price":10.0,"order":{"id":1,"customerName":"Test Customer","customerEmail":"test@example.com","status":"PENDING","createdAt":null,"updatedAt":null,"items":[{"id":1,"productName":"Test Product","quantity":2,"price":10.0,"order":{"id":1,"customerName":"Test Customer","customerEmail":"test@example.com","status":"PENDING","createdAt":null,"updatedAt":null,"items":[{"id":1,"productName":"Test Product","quantity":2,"price":10.0,"order":{"id":1,"customerName":"Test Customer","customerEmail":"test@example.com","status":"PENDING","createdAt":null,"updatedAt":null,"items":[{"id":1,"productName":"Test Product","quantity":2,"price":10.0,"order":{"id":1,"customerName":"Test Customer","customerEmail":"test@example.com","status":"PENDING","createdAt":null,"updatedAt":null,"items":[{"id":1,"productName":"Test Product","quantity":2,"price":10.0,"order":{"id":1,"customerName":"Test Customer","customerEmail":"test@example.com","status":"PENDING","createdAt":null,"updatedAt":null,"items":[{"id":1,"productName":"Test Product","quantity":2,"price":10.0,"order":{"id":1,"customerName":"Test Customer","customerEmail":"test@example.com","status":"PENDING","createdAt":null,"updatedAt":null,"items":[{"id":1,"productName":"Test Product","quantity":2,"price":10.0,"order":{"id":1,"customerName":"Test Customer","customerEmail":"test@example.com","status":"PENDING","createdAt":null,"updatedAt":null,"items":[{"id":1,"productName":"Test Product","quantity":2,"price":10.0,"order":{"id":1,"customerName":"Test Customer","customerEmail":"test@example.com","status":"PENDING","createdAt":null,"updatedAt":null,"items":[{"id":1,"productName":"Test Product","quantity":2,"price":10.0,"order":{"id":1,"customerName":"Test Customer","customerEmail":"test@example.com","status":"PENDING","createdAt":null,"updatedAt":null,"items":[{"id":1,"productName":"Test Product","quantity":2,"price":10.0,"order":{"id":1,"customerName":"Test Customer","customerEmail":"test@example.com","status":"PENDING","createdAt":null,"updatedAt":null,"items":[{"id":1,"productName":"Test Product","quantity":2,"price":10.0,"order":{"id":1,"customerName":"Test Customer","customerEmail":"test@example.com","status":"PENDING","createdAt":null,"updatedAt":null,"items":[{"id":1,"productName":"Test Product","quantity":2,"price":10.0,"order":{"id":1,"customerName":"Test Customer","customerEmail":"test@example.com","status":"PENDING","createdAt":null,"updatedAt":null,"items":[{"id":1,"productName":"Test Product","quantity":2,"price":10.0,"order":{"id":1,"customerName":"Test Customer","customerEmail":"test@example.com","status":"PENDING","createdAt":null,"updatedAt":null,"items":[{"id":1,"productName":"Test Product","quantity":2,"price":10.0,"order":{"id":1,"customerName":"Test Customer","customerEmail":"test@example.com","status":"PENDING","createdAt":null,"updatedAt":null,"items":[{"id":1,"productName":"Test Product","quantity":2,"price":10.0,"order":{"id":1,"customerName":"Test Customer","customerEmail":"test@example.com","status":"PENDING","createdAt":null,"updatedAt":null,"items":[{"id":1,"productName":"Test Product","quantity":2,"price":10.0,"order":{"id":1,"customerName":"Test Customer","customerEmail":"test@example.com","status":"PENDING","createdAt":null,"updatedAt":null,"items":[{"id":1,"productName":"Test Product","quantity":2,"price":10.0,"order":{"id":1,"customerName":"Test Customer","customerEmail":"test@example.com","status":"PENDING","createdAt":null,"updatedAt":null,"items":[{"id":1,"productName":"Test Product","quantity":2,"price":10.0,"order":{"id":1,"customerName":"Test Customer","customerEmail":"test@example.com","status":"PENDING","createdAt":null,"updatedAt":null,"items":[{"id":1,"productName":"Test Product","quantity":2,"price":10.0,"order":{"id":1,"customerName":"Test Customer","customerEmail":"test@example.com","status":"PENDING","createdAt":null,"updatedAt":null,"items":[{"id":1,"productName":"Test Product","quantity":2,"price":10.0,"order":{"id":1,"customerName":"Test Customer","customerEmail":"test@example.com","status":"PENDING","createdAt":null,"updatedAt":null,"items":[{"id":1,"productName":"Test Product","quantity":2,"price":10.0,"order":{"id":1,"customerName":"Test Customer","customerEmail":"test@example.com","status":"PENDING","createdAt":null,"updatedAt":null,"items":[{"id":1,"productName":"Test Product","quantity":2,"price":10.0,"order":{"id":1,"customerName":"Test Customer","customerEmail":"test@example.com","status":"PENDING","createdAt":null,"updatedAt":null,"items":[{"id":1,"productName":"Test Product","quantity":2,"price":10.0,"order":{"id":1,"customerName":"Test Customer","customerEmail":"test@example.com","status":"PENDING","createdAt":null,"updatedAt":null,"items":[{"id":1,"productName":"Test Product","quantity":2,"price":10.0,"order":{"id":1,"customerName":"Test Customer","customerEmail":"test@example.com","status":"PENDING","createdAt":null,"updatedAt":null,"items":[{"id":1,"productName":"Test Product","quantity":2,"price":10.0,"order":{"id":1,"customerName":"Test Customer","customerEmail":"test@example.com","status":"PENDING","createdAt":null,"updatedAt":null,"items":[{"id":1,"productName":"Test Product","quantity":2,"price":10.0,"order":{"id":1,"customerName":"Test Customer","customerEmail":"test@example.com","status":"PENDING","createdAt":null,"updatedAt":null,"items":[{"id":1,"productName":"Test Product","quantity":2,"price":10.0,"order":{"id":1,"customerName":"Test Customer","customerEmail":"test@example.com","status":"PENDING","createdAt":null,"updatedAt":null,"items":[{"id":1,"productName":"Test Product","quantity":2,"price":10.0,"order":{"id":1,"customerName":"Test Customer","customerEmail":"test@example.com","status":"PENDING","createdAt":null,"updatedAt":null,"items":[{"id":1,"productName":"Test Product","quantity":2,"price":10.0,"order":{"id":1,"customerName":"Test Customer","customerEmail":"test@example.com","status":"PENDING","createdAt":null,"updatedAt":null,"items":[{"id":1,"productName":"Test Product","quantity":2,"price":10.0,"order":{"id":1,"customerName":"Test Customer","customerEmail":"test@example.com","status":"PENDING","createdAt":null,"updatedAt":null,"items":[{"id":1,"productName":"Test Product","quantity":2,"price":10.0,"order":{"id":1,"customerName":"Test Customer","customerEmail":"test@example.com","status":"PENDING","createdAt":null,"updatedAt":null,"items":[{"id":1,"productName":"Test Product","quantity":2,"price":10.0,"order":{"id":1,"customerName":"Test Customer","customerEmail":"test@example.com","status":"PENDING","createdAt":null,"updatedAt":null,"items":[{"id":1,"productName":"Test Product","quantity":2,"price":10.0,"order":{"id":1,"customerName":"Test Customer","customerEmail":"test@example.com","status":"PENDING","createdAt":null,"updatedAt":null,"items":[{"id":1,"productName":"Test Product","quantity":2,"price":10.0,"order":{"id":1,"customerName":"Test Customer","customerEmail":"test@example.com","status":"PENDING","createdAt":null,"updatedAt":null,"items":[{"id":1,"productName":"Test Product","quantity":2,"price":10.0,"order":{"id":1,"customerName":"Test Customer","customerEmail":"test@example.com","status":"PENDING","createdAt":null,"updatedAt":null,"items":[{"id":1,"productName":"Test Product","quantity":2,"price":10.0,"order":{"id":1,"customerName":"Test Customer","customerEmail":"test@example.com","status":"PENDING","createdAt":null,"updatedAt":null,"items":[{"id":1,"productName":"Test Product","quantity":2,"price":10.0,"order":{"id":1,"customerName":"Test Customer","customerEmail":"test@example.com","status":"PENDING","createdAt":null,"updatedAt":null,"items":[{"id":1,"productName":"Test Product","quantity":2,"price":10.0,"order":{"id":1,"customerName":"Test Customer","customerEmail":"test@example.com","status":"PENDING","createdAt":null,"updatedAt":null,"items":[{"id":1,"productName":"Test Product","quantity":2,"price":10.0,"order":{"id":1,"customerName":"Test Customer","customerEmail":"test@example.com","status":"PENDING","createdAt":null,"updatedAt":null,"items":[{"id":1,"productName":"Test Product","quantity":2,"price":10.0,"order":{"id":1,"customerName":"Test Customer","customerEmail":"test@example.com","status":"PENDING","createdAt":null,"updatedAt":null,"items":[{"id":1,"productName":"Test Product","quantity":2,"price":10.0,"order":{"id":1,"customerName":"Test Customer","customerEmail":"test@example.com","status":"PENDING","createdAt":null,"updatedAt":null,"items":[{"id":1,"productName":"Test Product","quantity":2,"price":10.0,"order":{"id":1,"customerName":"Test Customer","customerEmail":"test@example.com","status":"PENDING","createdAt":null,"updatedAt":null,"items":[{"id":1,"productName":"Test Product","quantity":2,"price":10.0,"order":{"id":1,"customerName":"Test Customer","customerEmail":"test@example.com","status":"PENDING","createdAt":null,"updatedAt":null,"items":[{"id":1,"productName":"Test Product","quantity":2,"price":10.0,"order":{"id":1,"customerName":"Test Customer","customerEmail":"test@example.com","status":"PENDING","createdAt":null,"updatedAt":null,"items":[{"id":1,"productName":"Test Product","quantity":2,"price":10.0,"order":{"id":1,"customerName":"Test Customer","customerEmail":"test@example.com","status":"PENDING","createdAt":null,"updatedAt":null,"items":[{"id":1,"productName":"Test Product","quantity":2,"price":10.0,"order":{"id":1,"customerName":"Test Customer","customerEmail":"test@example.com","status":"PENDING","createdAt":null,"updatedAt":null,"items":[{"id":1,"productName":"Test Product","quantity":2,"price":10.0,"order":{"id":1,"customerName":"Test Customer","customerEmail":"test@example.com","status":"PENDING","createdAt":null,"updatedAt":null,"items":[{"id":1,"productName":"Test Product","quantity":2,"price":10.0,"order":{"id":1,"customerName":"Test Customer","customerEmail":"test@example.com","status":"PENDING","createdAt":null,"updatedAt":null,"items":[{"id":1,"productName":"Test Product","quantity":2,"price":10.0,"order":{"id":1,"customerName":"Test Customer","customerEmail":"test@example.com","status":"PENDING","createdAt":null,"updatedAt":null,"items":[{"id":1,"productName":"Test Product","quantity":2,"price":10.0,"order":{"id":1,"customerName":"Test Customer","customerEmail":"test@example.com","status":"PENDING","createdAt":null,"updatedAt":null,"items":[{"id":1,"productName":"Test Product","quantity":2,"price":10.0,"order":{"id":1,"customerName":"Test Customer","customerEmail":"test@example.com","status":"PENDING","createdAt":null,"updatedAt":null,"items":[{"id":1,"productName":"Test Product","quantity":2,"price":10.0,"order":{"id":1,"customerName":"Test Customer","customerEmail":"test@example.com","status":"PENDING","createdAt":null,"updatedAt":null,"items":[{"id":1,"productName":"Test Product","quantity":2,"price":10.0,"order":{"id":1,"customerName":"Test Customer","customerEmail":"test@example.com","status":"PENDING","createdAt":null,"updatedAt":null,"items":[{"id":1,"productName":"Test Product","quantity":2,"price":10.0,"order":{"id":1,"customerName":"Test Customer","customerEmail":"test@example.com","status":"PENDING","createdAt":null,"updatedAt":null,"items":[{"id":1,"productName":"Test Product","quantity":2,"price":10.0,"order":{"id":1,"customerName":"Test Customer","customerEmail":"test@example.com","status":"PENDING","createdAt":null,"updatedAt":null,"items":[{"id":1,"productName":"Test Product","quantity":2,"price":10.0,"order":{"id":1,"customerName":"Test Customer","customerEmail":"test@example.com","status":"PENDING","createdAt":null,"updatedAt":null,"items":[{"id":1,"productName":"Test Product","quantity":2,"price":10.0,"order":{"id":1,"customerName":"Test Customer","customerEmail":"test@example.com","status":"PENDING","createdAt":null,"updatedAt":null,"items":[{"id":1,"productName":"Test Product","quantity":2,"price":10.0,"order":{"id":1,"customerName":"Test Customer","customerEmail":"test@example.com","status":"PENDING","createdAt":null,"updatedAt":null,"items":[{"id":1,"productName":"Test Product","quantity":2,"price":10.0,"order":{"id":1,"customerName":"Test Customer","customerEmail":"test@example.com","status":"PENDING","createdAt":null,"updatedAt":null,"items":[{"id":1,"productName":"Test Product","quantity":2,"price":10.0,"order":{"id":1,"customerName":"Test Customer","customerEmail":"test@example.com","status":"PENDING","createdAt":null,"updatedAt":null,"items":[{"id":1,"productName":"Test Product","quantity":2,"price":10.0,"order":{"id":1,"customerName":"Test Customer","customerEmail":"test@example.com","status":"PENDING","createdAt":null,"updatedAt":null,"items":[{"id":1,"productName":"Test Product","quantity":2,"price":10.0,"order":{"id":1,"customerName":"Test Customer","customerEmail":"test@example.com","status":"PENDING","createdAt":null,"updatedAt":null,"items":[{"id":1,"productName":"Test Product","quantity":2,"price":10.0,"order":{"id":1,"customerName":"Test Customer","customerEmail":"test@example.com","status":"PENDING","createdAt":null,"updatedAt":null,"items":[{"id":1,"productName":"Test Product","quantity":2,"price":10.0,"order":{"id":1,"customerName":"Test Customer","customerEmail":"test@example.com","status":"PENDING","createdAt":null,"updatedAt":null,"items":[{"id":1,"productName":"Test Product","quantity":2,"price":10.0,"order":{"id":1,"customerName":"Test Customer","customerEmail":"test@example.com","status":"PENDING","createdAt":null,"updatedAt":null,"items":[{"id":1,"productName":"Test Product","quantity":2,"price":10.0,"order":{"id":1,"customerName":"Test Customer","customerEmail":"test@example.com","status":"PENDING","createdAt":null,"updatedAt":null,"items":[{"id":1,"productName":"Test Product","quantity":2,"price":10.0,"order":{"id":1,"customerName":"Test Customer","customerEmail":"test@example.com","status":"PENDING","createdAt":null,"updatedAt":null,"items":[{"id":1,"productName":"Test Product","quantity":2,"price":10.0,"order":{"id":1,"customerName":"Test Customer","customerEmail":"test@example.com","status":"PENDING","createdAt":null,"updatedAt":null,"items":[{"id":1,"productName":"Test Product","quantity":2,"price":10.0,"order":{"id":1,"customerName":"Test Customer","customerEmail":"test@example.com","status":"PENDING","createdAt":null,"updatedAt":null,"items":[{"id":1,"productName":"Test Product","quantity":2,"price":10.0,"order":{"id":1,"customerName":"Test Customer","customerEmail":"test@example.com","status":"PENDING","createdAt":null,"updatedAt":null,"items":[{"id":1,"productName":"Test Product","quantity":2,"price":10.0,"order":{"id":1,"customerName":"Test Customer","customerEmail":"test@example.com","status":"PENDING","createdAt":null,"updatedAt":null,"items":[{"id":1,"productName":"Test Product","quantity":2,"price":10.0,"order":{"id":1,"customerName":"Test Customer","customerEmail":"test@example.com","status":"PENDING","createdAt":null,"updatedAt":null,"items":[{"id":1,"productName":"Test Product","quantity":2,"price":10.0,"order":{"id":1,"customerName":"Test Customer","customerEmail":"test@example.com","status":"PENDING","createdAt":null,"updatedAt":null,"items":[{"id":1,"productName":"Test Product","quantity":2,"price":10.0,"order":{"id":1,"customerName":"Test Customer","customerEmail":"test@example.com","status":"PENDING","createdAt":null,"updatedAt":null,"items":[{"id":1,"productName":"Test Product","quantity":2,"price":10.0,"order":{"id":1,"customerName":"Test Customer","customerEmail":"test@example.com","status":"PENDING","createdAt":null,"updatedAt":null,"items":[{"id":1,"productName":"Test Product","quantity":2,"price":10.0,"order":{"id":1,"customerName":"Test Customer","customerEmail":"test@example.com","status":"PENDING","createdAt":null,"updatedAt":null,"items":[{"id":1,"productName":"Test Product","quantity":2,"price":10.0,"order":{"id":1,"customerName":"Test Customer","customerEmail":"test@example.com","status":"PENDING","createdAt":null,"updatedAt":null,"items":[{"id":1,"productName":"Test Product","quantity":2,"price":10.0,"order":{"id":1,"customerName":"Test Customer","customerEmail":"test@example.com","status":"PENDING","createdAt":null,"updatedAt":null,"items":[{"id":1,"productName":"Test Product","quantity":2,"price":10.0,"order":{"id":1,"customerName":"Test Customer","customerEmail":"test@example.com","status":"PENDING","createdAt":null,"updatedAt":null,"items":[{"id":1,"productName":"Test Product","quantity":2,"price":10.0,"order":{"id":1,"customerName":"Test Customer","customerEmail":"test@example.com","status":"PENDING","createdAt":null,"updatedAt":null,"items":[{"id":1,"productName":"Test Product","quantity":2,"price":10.0,"order":{"id":1,"customerName":"Test Customer","customerEmail":"test@example.com","status":"PENDING","createdAt":null,"updatedAt":null,"items":[{"id":1,"productName":"Test Product","quantity":2,"price":10.0,"order":{"id":1,"customerName":"Test Customer","customerEmail":"test@example.com","status":"PENDING","createdAt":null,"updatedAt":null,"items":[{"id":1,"productName":"Test Product","quantity":2,"price":10.0,"order":{"id":1,"customerName":"Test Customer","customerEmail":"test@example.com","status":"PENDING","createdAt":null,"updatedAt":null,"items":[{"id":1,"productName":"Test Product","quantity":2,"price":10.0,"order":{"id":1,"customerName":"Test Customer","customerEmail":"test@example.com","status":"PENDING","createdAt":null,"updatedAt":null,"items":[{"id":1,"productName":"Test Product","quantity":2,"price":10.0,"order":{"id":1,"customerName":"Test Customer","customerEmail":"test@example.com","status":"PENDING","createdAt":null,"updatedAt":null,"items":[{"id":1,"productName":"Test Product","quantity":2,"price":10.0,"order":{"id":1,"customerName":"Test Customer","customerEmail":"test@example.com","status":"PENDING","createdAt":null,"updatedAt":null,"items":[{"id":1,"productName":"Test Product","quantity":2,"price":10.0,"order":{"id":1,"customerName":"Test Customer","customerEmail":"test@example.com","status":"PENDING","createdAt":null,"updatedAt":null,"items":[{"id":1,"productName":"Test Product","quantity":2,"price":10.0,"order":{"id":1,"customerName":"Test Customer","customerEmail":"test@example.com","status":"PENDING","createdAt":null,"updatedAt":null,"items":[{"id":1,"productName":"Test Product","quantity":2,"price":10.0,"order":{"id":1,"customerName":"Test Customer","customerEmail":"test@example.com","status":"PENDING","createdAt":null,"updatedAt":null,"items":[{"id":1,"productName":"Test Product","quantity":2,"price":10.0,"order":{"id":1,"customerName":"Test Customer","customerEmail":"test@example.com","status":"PENDING","createdAt":null,"updatedAt":null,"items":[{"id":1,"productName":"Test Product","quantity":2,"price":10.0,"order":{"id":1,"customerName":"Test Customer","customerEmail":"test@example.com","status":"PENDING","createdAt":null,"updatedAt":null,"items":[{"id":1,"productName":"Test Product","quantity":2,"price":10.0,"order":{"id":1,"customerName":"Test Customer","customerEmail":"test@example.com","status":"PENDING","createdAt":null,"updatedAt":null,"items":[{"id":1,"productName":"Test Product","quantity":2,"price":10.0,"order":{"id":1,"customerName":"Test Customer","customerEmail":"test@example.com","status":"PENDING","createdAt":null,"updatedAt":null,"items":[{"id":1,"productName":"Test Product","quantity":2,"price":10.0,"order":{"id":1,"customerName":"Test Customer","customerEmail":"test@example.com","status":"PENDING","createdAt":null,"updatedAt":null,"items":[{"id":1,"productName":"Test Product","quantity":2,"price":10.0,"order":{"id":1,"customerName":"Test Customer","customerEmail":"test@example.com","status":"PENDING","createdAt":null,"updatedAt":null,"items":[{"id":1,"productName":"Test Product","quantity":2,"price":10.0,"order":{"id":1,"customerName":"Test Customer","customerEmail":"test@example.com","status":"PENDING","createdAt":null,"updatedAt":null,"items":[{"id":1,"productName":"Test Product","quantity":2,"price":10.0,"order":{"id":1,"customerName":"Test Customer","customerEmail":"test@example.com","status":"PENDING","createdAt":null,"updatedAt":null,"items":[{"id":1,"productName":"Test Product","quantity":2,"price":10.0,"order":{"id":1,"customerName":"Test Customer","customerEmail":"test@example.com","status":"PENDING","createdAt":null,"updatedAt":null,"items":[{"id":1,"productName":"Test Product","quantity":2,"price":10.0,"order":{"id":1,"customerName":"Test Customer","customerEmail":"test@example.com","status":"PENDING","createdAt":null,"updatedAt":null,"items":[{"id":1,"productName":"Test Product","quantity":2,"price":10.0,"order":{"id":1,"customerName":"Test Customer","customerEmail":"test@example.com","status":"PENDING","createdAt":null,"updatedAt":null,"items":[{"id":1,"productName":"Test Product","quantity":2,"price":10.0,"order":{"id":1,"customerName":"Test Customer","customerEmail":"test@example.com","status":"PENDING","createdAt":null,"updatedAt":null,"items":[{"id":1,"productName":"Test Product","quantity":2,"price":10.0,"order":{"id":1,"customerName":"Test Customer","customerEmail":"test@example.com","status":"PENDING","createdAt":null,"updatedAt":null,"items":[{"id":1,"productName":"Test Product","quantity":2,"price":10.0,"order":{"id":1,"customerName":"Test Customer","customerEmail":"test@example.com","status":"PENDING","createdAt":null,"updatedAt":null,"items":[{"id":1,"productName":"Test Product","quantity":2,"price":10.0,"order":{"id":1,"customerName":"Test Customer","customerEmail":"test@example.com","status":"PENDING","createdAt":null,"updatedAt":null,"items":[{"id":1,"productName":"Test Product","quantity":2,"price":10.0,"order":{"id":1,"customerName":"Test Customer","customerEmail":"test@example.com","status":"PENDING","createdAt":null,"updatedAt":null,"items":[{"id":1,"productName":"Test Product","quantity":2,"price":10.0,"order":{"id":1,"customerName":"Test Customer","customerEmail":"test@example.com","status":"PENDING","createdAt":null,"updatedAt":null,"items":[{"id":1,"productName":"Test Product","quantity":2,"price":10.0,"order":{"id":1,"customerName":"Test Customer","customerEmail":"test@example.com","status":"PENDING","createdAt":null,"updatedAt":null,"items":[{"id":1,"productName":"Test Product","quantity":2,"price":10.0,"order":{"id":1,"customerName":"Test Customer","customerEmail":"test@example.com","status":"PENDING","createdAt":null,"updatedAt":null,"items":[{"id":1,"productName":"Test Product","quantity":2,"price":10.0,"order":{"id":1,"customerName":"Test Customer","customerEmail":"test@example.com","status":"PENDING","createdAt":null,"updatedAt":null,"items":[{"id":1,"productName":"Test Product","quantity":2,"price":10.0,"order":{"id":1,"customerName":"Test Customer","customerEmail":"test@example.com","status":"PENDING","createdAt":null,"updatedAt":null,"items":[{"id":1,"productName":"Test Product","quantity":2,"price":10.0,"order":{"id":1,"customerName":"Test Customer","customerEmail":"test@example.com","status":"PENDING","createdAt":null,"updatedAt":null,"items":[{"id":1,"productName":"Test Product","quantity":2,"price":10.0,"order":{"id":1,"customerName":"Test Customer","customerEmail":"test@example.com","status":"PENDING","createdAt":null,"updatedAt":null,"items":[{"id":1,"productName":"Test Product","quantity":2,"price":10.0,"order":{"id":1,"customerName":"Test Customer","customerEmail":"test@example.com","status":"PENDING","createdAt":null,"updatedAt":null,"items":[{"id":1,"productName":"Test Product","quantity":2,"price":10.0,"order":{"id":1,"customerName":"Test Customer","customerEmail":"test@example.com","status":"PENDING","createdAt":null,"updatedAt":null,"items":[{"id":1,"productName":"Test Product","quantity":2,"price":10.0,"order":{"id":1,"customerName":"Test Customer","customerEmail":"test@example.com","status":"PENDING","createdAt":null,"updatedAt":null,"items":[{"id":1,"productName":"Test Product","quantity":2,"price":10.0,"order":{"id":1,"customerName":"Test Customer","customerEmail":"test@example.com","status":"PENDING","createdAt":null,"updatedAt":null,"items":[{"id":1,"productName":"Test Product","quantity":2,"price":10.0,"order":{"id":1,"customerName":"Test Customer","customerEmail":"test@example.com","status":"PENDING","createdAt":null,"updatedAt":null,"items":[{"id":1,"productName":"Test Product","quantity":2,"price":10.0,"order":{"id":1,"customerName":"Test Customer","customerEmail":"test@example.com","status":"PENDING","createdAt":null,"updatedAt":null,"items":[{"id":1,"productName":"Test Product","quantity":2,"price":10.0,"order":{"id":1,"customerName":"Test Customer","customerEmail":"test@example.com","status":"PENDING","createdAt":null,"updatedAt":null,"items":[{"id":1,"productName":"Test Product","quantity":2,"price":10.0,"order":{"id":1,"customerName":"Test Customer","customerEmail":"test@example.com","status":"PENDING","createdAt":null,"updatedAt":null,"items":[{"id":1,"productName":"Test Product","quantity":2,"price":10.0,"order":{"id":1,"customerName":"Test Customer","customerEmail":"test@example.com","status":"PENDING","createdAt":null,"updatedAt":null,"items":[{"id":1,"productName":"Test Product","quantity":2,"price":10.0,"order":{"id":1,"customerName":"Test Customer","customerEmail":"test@example.com","status":"PENDING","createdAt":null,"updatedAt":null,"items":[{"id":1,"productName":"Test Product","quantity":2,"price":10.0,"order":{"id":1,"customerName":"Test Customer","customerEmail":"test@example.com","status":"PENDING","createdAt":null,"updatedAt":null,"items":[{"id":1,"productName":"Test Product","quantity":2,"price":10.0,"order":{"id":1,"customerName":"Test Customer","customerEmail":"test@example.com","status":"PENDING","createdAt":null,"updatedAt":null,"items":[{"id":1,"productName":"Test Product","quantity":2,"price":10.0,"order":{"id":1,"customerName":"Test Customer","customerEmail":"test@example.com","status":"PENDING","createdAt":null,"updatedAt":null,"items":[{"id":1,"productName":"Test Product","quantity":2,"price":10.0,"order":{"id":1,"customerName":"Test Customer","customerEmail":"test@example.com","status":"PENDING","createdAt":null,"updatedAt":null,"items":[{"id":1,"productName":"Test Product","quantity":2,"price":10.0,"order":{"id":1,"customerName":"Test Customer","customerEmail":"test@example.com","status":"PENDING","createdAt":null,"updatedAt":null,"items":[{"id":1,"productName":"Test Product","quantity":2,"price":10.0,"order":{"id":1,"customerName":"Test Customer","customerEmail":"test@example.com","status":"PENDING","createdAt":null,"updatedAt":null,"items":[{"id":1,"productName":"Test Product","quantity":2,"price":10.0,"order":{"id":1,"customerName":"Test Customer","customerEmail":"test@example.com","status":"PENDING","createdAt":null,"updatedAt":null,"items":[{"id":1,"productName":"Test Product","quantity":2,"price":10.0,"order":{"id":1,"customerName":"Test Customer","customerEmail":"test@example.com","status":"PENDING","createdAt":null,"updatedAt":null,"items":[{"id":1,"productName":"Test Product","quantity":2,"price":10.0,"order":{"id":1,"customerName":"Test Customer","customerEmail":"test@example.com","status":"PENDING","createdAt":null,"updatedAt":null,"items":[{"id":1,"productName":"Test Product","quantity":2,"price":10.0,"order":{"id":1,"customerName":"Test Customer","customerEmail":"test@example.com","status":"PENDING","createdAt":null,"updatedAt":null,"items":[{"id":1,"productName":"Test Product","quantity":2,"price":10.0,"order":{"id":1,"customerName":"Test Customer","customerEmail":"test@example.com","status":"PENDING","createdAt":null,"updatedAt":null,"items":[{"id":1,"productName":"Test Product","quantity":2,"price":10.0,"order":{"id":1,"customerName":"Test Customer","customerEmail":"test@example.com","status":"PENDING","createdAt":null,"updatedAt":null,"items":[{"id":1,"productName":"Test Product","quantity":2,"price":10.0,"order":{"id":1,"customerName":"Test Customer","customerEmail":"test@example.com","status":"PENDING","createdAt":null,"updatedAt":null,"items":[{"id":1,"productName":"Test Product","quantity":2,"price":10.0,"order":{"id":1,"customerName":"Test Customer","customerEmail":"test@example.com","status":"PENDING","createdAt":null,"updatedAt":null,"items":[{"id":1,"productName":"Test Product","quantity":2,"price":10.0,"order":{"id":1,"customerName":"Test Customer","customerEmail":"test@example.com","status":"PENDING","createdAt":null,"updatedAt":null,"items":[{"id":1,"productName":"Test Product","quantity":2,"price":10.0,"order":{"id":1,"customerName":"Test Customer","customerEmail":"test@example.com","status":"PENDING","createdAt":null,"updatedAt":null,"items":[{"id":1,"productName":"Test Product","quantity":2,"price":10.0,"order":{"id":1,"customerName":"Test Customer","customerEmail":"test@example.com","status":"PENDING","createdAt":null,"updatedAt":null,"items":[{"id":1,"productName":"Test Product","quantity":2,"price":10.0,"order":{"id":1,"customerName":"Test Customer","customerEmail":"test@example.com","status":"PENDING","createdAt":null,"updatedAt":null,"items":[{"id":1,"productName":"Test Product","quantity":2,"price":10.0,"order":{"id":1,"customerName":"Test Customer","customerEmail":"test@example.com","status":"PENDING","createdAt":null,"updatedAt":null,"items":[{"id":1,"productName":"Test Product","quantity":2,"price":10.0,"order":{"id":1,"customerName":"Test Customer","customerEmail":"test@example.com","status":"PENDING","createdAt":null,"updatedAt":null,"items":[{"id":1,"productName":"Test Product","quantity":2,"price":10.0,"order":{"id":1,"customerName":"Test Customer","customerEmail":"test@example.com","status":"PENDING","createdAt":null,"updatedAt":null,"items":[{"id":1,"productName":"Test Product","quantity":2,"price":10.0,"order":{"id":1,"customerName":"Test Customer","customerEmail":"test@example.com","status":"PENDING","createdAt":null,"updatedAt":null,"items":[{"id":1,"productName":"Test Product","quantity":2,"price":10.0,"order":{"id":1,"customerName":"Test Customer","customerEmail":"test@example.com","status":"PENDING","createdAt":null,"updatedAt":null,"items":[{"id":1,"productName":"Test Product","quantity":2,"price":10.0,"order":{"id":1,"customerName":"Test Customer","customerEmail":"test@example.com","status":"PENDING","createdAt":null,"updatedAt":null,"items":[{"id":1,"productName":"Test Product","quantity":2,"price":10.0,"order":{"id":1,"customerName":"Test Customer","customerEmail":"test@example.com","status":"PENDING","createdAt":null,"updatedAt":null,"items":[{"id":1,"productName":"Test Product","quantity":2,"price":10.0,"order":{"id":1,"customerName":"Test Customer","customerEmail":"test@example.com","status":"PENDING","createdAt":null,"updatedAt":null,"items":[{"id":1,"productName":"Test Product","quantity":2,"price":10.0,"order":{"id":1,"customerName":"Test Customer","customerEmail":"test@example.com","status":"PENDING","createdAt":null,"updatedAt":null,"items":[{"id":1,"productName":"Test Product","quantity":2,"price":10.0,"order":{"id":1,"customerName":"Test Customer","customerEmail":"test@example.com","status":"PENDING","createdAt":null,"updatedAt":null,"items":[{"id":1,"productName":"Test Product","quantity":2,"price":10.0,"order":{"id":1,"customerName":"Test Customer","customerEmail":"test@example.com","status":"PENDING","createdAt":null,"updatedAt":null,"items":[{"id":1,"productName":"Test Product","quantity":2,"price":10.0,"order":{"id":1,"customerName":"Test Customer","customerEmail":"test@example.com","status":"PENDING","createdAt":null,"updatedAt":null,"items":[{"id":1,"productName":"Test Product","quantity":2,"price":10.0,"order":{"id":1,"customerName":"Test Customer","customerEmail":"test@example.com","status":"PENDING","createdAt":null,"updatedAt":null,"items":[{"id":1,"productName":"Test Product","quantity":2,"price":10.0,"order":{"id":1,"customerName":"Test Customer","customerEmail":"test@example.com","status":"PENDING","createdAt":null,"updatedAt":null,"items":[{"id":1,"productName":"Test Product","quantity":2,"price":10.0,"order":{"id":1,"customerName":"Test Customer","customerEmail":"test@example.com","status":"PENDING","createdAt":null,"updatedAt":null,"items":[{"id":1,"productName":"Test Product","quantity":2,"price":10.0,"order":{"id":1,"customerName":"Test Customer","customerEmail":"test@example.com","status":"PENDING","createdAt":null,"updatedAt":null,"items":[{"id":1,"productName":"Test Product","quantity":2,"price":10.0,"order":{"id":1,"customerName":"Test Customer","customerEmail":"test@example.com","status":"PENDING","createdAt":null,"updatedAt":null,"items":[{"id":1,"productName":"Test Product","quantity":2,"price":10.0,"order":{"id":1,"customerName":"Test Customer","customerEmail":"test@example.com","status":"PENDING","createdAt":null,"updatedAt":null,"items":[{"id":1,"productName":"Test Product","quantity":2,"price":10.0,"order":{"id":1,"customerName":"Test Customer","customerEmail":"test@example.com","status":"PENDING","createdAt":null,"updatedAt":null,"items":[{"id":1,"productName":"Test Product","quantity":2,"price":10.0,"order":{"id":1,"customerName":"Test Customer","customerEmail":"test@example.com","status":"PENDING","createdAt":null,"updatedAt":null,"items":[{"id":1,"productName":"Test Product","quantity":2,"price":10.0,"order":{"id":1,"customerName":"Test Customer","customerEmail":"test@example.com","status":"PENDING","createdAt":null,"updatedAt":null,"items":[{"id":1,"productName":"Test Product","quantity":2,"price":10.0,"order":{"id":1,"customerName":"Test Customer","customerEmail":"test@example.com","status":"PENDING","createdAt":null,"updatedAt":null,"items":[{"id":1,"productName":"Test Product","quantity":2,"price":10.0,"order":{"id":1,"customerName":"Test Customer","customerEmail":"test@example.com","status":"PENDING","createdAt":null,"updatedAt":null,"items":[{"id":1,"productName":"Test Product","quantity":2,"price":10.0,"order":{"id":1,"customerName":"Test Customer","customerEmail":"test@example.com","status":"PENDING","createdAt":null,"updatedAt":null,"items":[{"id":1,"productName":"Test Product","quantity":2,"price":10.0,"order":{"id":1,"customerName":"Test Customer","customerEmail":"test@example.com","status":"PENDING","createdAt":null,"updatedAt":null,"items":[{"id":1,"productName":"Test Product","quantity":2,"price":10.0,"order":{"id":1,"customerName":"Test Customer","customerEmail":"test@example.com","status":"PENDING","createdAt":null,"updatedAt":null,"items":[{"id":1,"productName":"Test Product","quantity":2,"price":10.0,"order":{"id":1,"customerName":"Test Customer","customerEmail":"test@example.com","status":"PENDING","createdAt":null,"updatedAt":null,"items":[{"id":1,"productName":"Test Product","quantity":2,"price":10.0,"order":{"id":1,"customerName":"Test Customer","customerEmail":"test@example.com","status":"PENDING","createdAt":null,"updatedAt":null,"items":[{"id":1,"productName":"Test Product","quantity":2,"price":10.0,"order":{"id":1,"customerName":"Test Customer","customerEmail":"test@example.com","status":"PENDING","createdAt":null,"updatedAt":null,"items":[{"id":1,"productName":"Test Product","quantity":2,"price":10.0,"order":{"id":1,"customerName":"Test Customer","customerEmail":"test@example.com","status":"PENDING","createdAt":null,"updatedAt":null,"items":[{"id":1,"productName":"Test Product","quantity":2,"price":10.0,"order":{"id":1,"customerName":"Test Customer","customerEmail":"test@example.com","status":"PENDING","createdAt":null,"updatedAt":null,"items":[{"id":1,"productName":"Test Product","quantity":2,"price":10.0,"order":{"id":1,"customerName":"Test Customer","customerEmail":"test@example.com","status":"PENDING","createdAt":null,"updatedAt":null,"items":[{"id":1,"productName":"Test Product","quantity":2,"price":10.0,"order":{"id":1,"customerName":"Test Customer","customerEmail":"test@example.com","status":"PENDING","createdAt":null,"updatedAt":null,"items":[{"id":1,"productName":"Test Product","quantity":2,"price":10.0,"order":{"id":1,"customerName":"Test Customer","customerEmail":"test@example.com","status":"PENDING","createdAt":null,"updatedAt":null,"items":[{"id":1,"productName":"Test Product","quantity":2,"price":10.0,"order":{"id":1,"customerName":"Test Customer","customerEmail":"test@example.com","status"}}]}}]}}]}}]}}]}}]}}]}}]}}]}}]}}]}}]}}]}}]}}]}}]}}]}}]}}]}}]}}]}}]}}]}}]}}]}}]}}]}}]}}]}}]}}]}}]}}]}}]}}]}}]}}]}}]}}]}}]}}]}}]}}]}}]}}]}}]}}]}}]}}]}}]}}]}}]}}]}}]}}]}}]}}]}}]}}]}}]}}]}}]}}]}}]}}]}}]}}]}}]}}]}}]}}]}}]}}]}}]}}]}}]}}]}}]}}]}}]}}]}}]}}]}}]}}]}}]}}]}}]}}]}}]}}]}}]}}]}}]}}]}}]}}]}}]}}]}}]}}]}}]}}]}}]}}]}}]}}]}}]}}]}}]}}]}}]}}]}}]}}]}}]}}]}}]}}]}}]}}]}}]}}]}}]}}]}}]}}]}}]}}]}}]}}]}}]}}]}}]}}]}}]}}]}}]}}]}}]}}]}}]}}]}}]}}]}}]}}]}}]}}]}}]}}]}}]}}]}}]}}]}}]}}]}}]}}]}}]}}]}}]}}]}}]}}]}}]}}]}}]}}]}}]}}]}}]}}]}}]}}]}}]}}]}}]}}]}}]}}]}}]}}]}}]}}]}}]}}]}}]}}]}}]}}]}}]}}]}}]}}]}}]}}]}}]}}]}}]}}]}}]}}]}}]}}]}}]}}]}}]}}]}}]}}]}}]}}]}}]}}]}}]}}]}}]}}]}}]}}]}}]}}]}}]}}]}}]}}]}}]}}]}}]}}]}}]}}]}}]}}]}}]}}]}}]}}]}}]}}]}}]}}]}}]}}]}}]}}]}}]}}]}}]}}]}}]}}]}}]}}]}}]}}]}}]}}]}}]}}]}}]}}]}}]}}]}}]}}]}}]}}]}}]}}]}}]}}]}}]}}]}}]}}]}}]}}]}}]}}]}}]}}]}}]}}]}}]}}]}}]}}]}}]}}]}}]}}]}}]}}]}}]}}]}}]}}]}}]}}]}}]}}]}}]}}]}}]}}]}}]}}]}}]}}]}}]}}]}}]}}]}}]}}]}}]}}]}}]}}]}}]}}]}}]}}]}}]}}]}}]}}]}}]}}]}}]}}]}}]}}]}}]}}]}}]}}]}}]}}]}}]}}]}}]}}]}}]}}]}}]}}]}}]}}]}}]}}]}}]}}]}}]}}]}}]}}]}}]}}]}}]}}]}}]}}]}}]}}]}}]}}]}}]}}]}}]}}]}}]}}]}}]}}]}}]}}]}}]}}]}}]}}]}}]}}]}}]}}]}}]}}]}}]}}]}}]}}]}}]}}]}}]}}]}}]}}]}}]}}]}}]}}]}}]}}]}}]}}]}}]}}]}}]}}]}}]}}]}}]}}]}}]}}]}}]}}]}}]}}]}}]}}]}}]}}]}}]}}]}}]}}]}}]}}]}}]}}]}}]}}]}}]}}]}}]}}]}}]}}]}}]}}]}}]}}]}}]}}]}}]}}]}}]}}]}}]}}]}}]}}]}}]}}]}}]}}]}}]}}]}}]}}]}}]}}]}}]}}]}}]}}]}}]}}]}}]}}]}}]}}]}}]}}]}}]}}]}}]}}]}}]}}]}}]}}]}}]}}]}}]}}]}}]}}]}}]}}]}}]}}]}}]}}]}}]}}]}}]}}]}}]}}]}}]}}]}}]}}]}}]}}]}}]}}]}}]}}]}}]}}]}}]}}]}}]}}]}}]}}]}}]}}]}}]}}]}}]}}]}}]}}]}}]}}]}}]}}]}}]}}]}}]}}]}}]}}]}}]}}]}}]}}]}}]}}]}}]}}]}}]}}]}}]}}]}}]}}]}}]}}]}}]}}]}}]}}]}}]}}]}}]}}]}}]}}]}}]}}]}}]}}]}}]}}]}}]}}]}}]}}]}}]}}]}}]}}]}}]}}]}}]}}]}}]}}]}}]}}]}}]}}]}}]}}]}}]}}]}}]}}]}}]}}]}}]}}]}}]}}]}}]}}]}}]}}]}}]}}]}}]}}]}}]}}]}}]}}]}}]}}]}}]}}]}}]}}]}}]}}]}}]}}]}}]}}]}}]}}]}}]}}]}}]}}]}]
    Forwarded URL = null
   Redirected URL = null
          Cookies = []
]]></system-out>
  </testcase>
  <testcase name="updateOrderStatus_WhenOrderExists_ShouldUpdateStatus" classname="com.example.ordermanagement.controller.OrderControllerTest" time="0.038">
    <failure message="Status expected:&lt;200&gt; but was:&lt;400&gt;" type="java.lang.AssertionError"><![CDATA[java.lang.AssertionError: Status expected:<200> but was:<400>
	at org.springframework.test.util.AssertionErrors.fail(AssertionErrors.java:59)
	at org.springframework.test.util.AssertionErrors.assertEquals(AssertionErrors.java:122)
	at org.springframework.test.web.servlet.result.StatusResultMatchers.lambda$matcher$9(StatusResultMatchers.java:637)
	at org.springframework.test.web.servlet.MockMvc$1.andExpect(MockMvc.java:214)
	at com.example.ordermanagement.controller.OrderControllerTest.updateOrderStatus_WhenOrderExists_ShouldUpdateStatus(OrderControllerTest.java:117)
	at java.base/java.lang.reflect.Method.invoke(Method.java:569)
	at java.base/java.util.ArrayList.forEach(ArrayList.java:1511)
	at java.base/java.util.ArrayList.forEach(ArrayList.java:1511)
]]></failure>
    <system-out><![CDATA[2025-04-02T11:51:35.558+05:30  WARN 57852 --- [           main] .w.s.m.s.DefaultHandlerExceptionResolver : Resolved [org.springframework.web.bind.MissingServletRequestParameterException: Required request parameter 'status' for method parameter type OrderStatus is not present]

MockHttpServletRequest:
      HTTP Method = PUT
      Request URI = /api/orders/1/status
       Parameters = {}
          Headers = [Content-Type:"application/json;charset=UTF-8", Content-Length:"12"]
             Body = "PROCESSING"
    Session Attrs = {}

Handler:
             Type = com.example.ordermanagement.controller.OrderController
           Method = com.example.ordermanagement.controller.OrderController#updateOrderStatus(Long, OrderStatus)

Async:
    Async started = false
     Async result = null

Resolved Exception:
             Type = org.springframework.web.bind.MissingServletRequestParameterException

ModelAndView:
        View name = null
             View = null
            Model = null

FlashMap:
       Attributes = null

MockHttpServletResponse:
           Status = 400
    Error message = Required parameter 'status' is not present.
          Headers = []
     Content type = null
             Body = 
    Forwarded URL = null
   Redirected URL = null
          Cookies = []
]]></system-out>
  </testcase>
  <testcase name="cancelOrder_WhenOrderIsNotPending_ShouldReturn400" classname="com.example.ordermanagement.controller.OrderControllerTest" time="0.027">
    <error message="Request processing failed: java.lang.IllegalStateException: Only PENDING orders can be cancelled" type="jakarta.servlet.ServletException"><![CDATA[jakarta.servlet.ServletException: Request processing failed: java.lang.IllegalStateException: Only PENDING orders can be cancelled
	at org.springframework.web.servlet.FrameworkServlet.processRequest(FrameworkServlet.java:1022)
	at org.springframework.web.servlet.FrameworkServlet.doPut(FrameworkServlet.java:925)
	at jakarta.servlet.http.HttpServlet.service(HttpServlet.java:593)
	at org.springframework.web.servlet.FrameworkServlet.service(FrameworkServlet.java:885)
	at org.springframework.test.web.servlet.TestDispatcherServlet.service(TestDispatcherServlet.java:72)
	at jakarta.servlet.http.HttpServlet.service(HttpServlet.java:658)
	at org.springframework.mock.web.MockFilterChain$ServletFilterProxy.doFilter(MockFilterChain.java:165)
	at org.springframework.mock.web.MockFilterChain.doFilter(MockFilterChain.java:132)
	at org.springframework.web.filter.RequestContextFilter.doFilterInternal(RequestContextFilter.java:100)
	at org.springframework.web.filter.OncePerRequestFilter.doFilter(OncePerRequestFilter.java:116)
	at org.springframework.test.web.servlet.setup.MockMvcFilterDecorator.doFilter(MockMvcFilterDecorator.java:151)
	at org.springframework.mock.web.MockFilterChain.doFilter(MockFilterChain.java:132)
	at org.springframework.web.filter.FormContentFilter.doFilterInternal(FormContentFilter.java:93)
	at org.springframework.web.filter.OncePerRequestFilter.doFilter(OncePerRequestFilter.java:116)
	at org.springframework.test.web.servlet.setup.MockMvcFilterDecorator.doFilter(MockMvcFilterDecorator.java:151)
	at org.springframework.mock.web.MockFilterChain.doFilter(MockFilterChain.java:132)
	at org.springframework.web.filter.CharacterEncodingFilter.doFilterInternal(CharacterEncodingFilter.java:201)
	at org.springframework.web.filter.OncePerRequestFilter.doFilter(OncePerRequestFilter.java:116)
	at org.springframework.test.web.servlet.setup.MockMvcFilterDecorator.doFilter(MockMvcFilterDecorator.java:151)
	at org.springframework.mock.web.MockFilterChain.doFilter(MockFilterChain.java:132)
	at org.springframework.test.web.servlet.MockMvc.perform(MockMvc.java:201)
	at com.example.ordermanagement.controller.OrderControllerTest.cancelOrder_WhenOrderIsNotPending_ShouldReturn400(OrderControllerTest.java:136)
	at java.base/java.lang.reflect.Method.invoke(Method.java:569)
	at java.base/java.util.ArrayList.forEach(ArrayList.java:1511)
	at java.base/java.util.ArrayList.forEach(ArrayList.java:1511)
Caused by: java.lang.IllegalStateException: Only PENDING orders can be cancelled
	at com.example.ordermanagement.service.OrderService.cancelOrder(OrderService.java:47)
	at com.example.ordermanagement.controller.OrderController.cancelOrder(OrderController.java:47)
	at java.base/jdk.internal.reflect.NativeMethodAccessorImpl.invoke0(Native Method)
	at java.base/jdk.internal.reflect.NativeMethodAccessorImpl.invoke(NativeMethodAccessorImpl.java:77)
	at java.base/jdk.internal.reflect.DelegatingMethodAccessorImpl.invoke(DelegatingMethodAccessorImpl.java:43)
	at java.base/java.lang.reflect.Method.invoke(Method.java:569)
	at org.springframework.web.method.support.InvocableHandlerMethod.doInvoke(InvocableHandlerMethod.java:259)
	at org.springframework.web.method.support.InvocableHandlerMethod.invokeForRequest(InvocableHandlerMethod.java:192)
	at org.springframework.web.servlet.mvc.method.annotation.ServletInvocableHandlerMethod.invokeAndHandle(ServletInvocableHandlerMethod.java:118)
	at org.springframework.web.servlet.mvc.method.annotation.RequestMappingHandlerAdapter.invokeHandlerMethod(RequestMappingHandlerAdapter.java:920)
	at org.springframework.web.servlet.mvc.method.annotation.RequestMappingHandlerAdapter.handleInternal(RequestMappingHandlerAdapter.java:830)
	at org.springframework.web.servlet.mvc.method.AbstractHandlerMethodAdapter.handle(AbstractHandlerMethodAdapter.java:87)
	at org.springframework.web.servlet.DispatcherServlet.doDispatch(DispatcherServlet.java:1089)
	at org.springframework.web.servlet.DispatcherServlet.doService(DispatcherServlet.java:979)
	at org.springframework.web.servlet.FrameworkServlet.processRequest(FrameworkServlet.java:1014)
	... 24 more
]]></error>
  </testcase>
  <testcase name="getOrdersByStatus_ShouldReturnFilteredOrders" classname="com.example.ordermanagement.controller.OrderControllerTest" time="0.035">
    <failure message="Status expected:&lt;200&gt; but was:&lt;404&gt;" type="java.lang.AssertionError"><![CDATA[java.lang.AssertionError: Status expected:<200> but was:<404>
	at org.springframework.test.util.AssertionErrors.fail(AssertionErrors.java:59)
	at org.springframework.test.util.AssertionErrors.assertEquals(AssertionErrors.java:122)
	at org.springframework.test.web.servlet.result.StatusResultMatchers.lambda$matcher$9(StatusResultMatchers.java:637)
	at org.springframework.test.web.servlet.MockMvc$1.andExpect(MockMvc.java:214)
	at com.example.ordermanagement.controller.OrderControllerTest.getOrdersByStatus_ShouldReturnFilteredOrders(OrderControllerTest.java:105)
	at java.base/java.lang.reflect.Method.invoke(Method.java:569)
	at java.base/java.util.ArrayList.forEach(ArrayList.java:1511)
	at java.base/java.util.ArrayList.forEach(ArrayList.java:1511)
]]></failure>
    <system-out><![CDATA[
MockHttpServletRequest:
      HTTP Method = GET
      Request URI = /api/orders/status/PENDING
       Parameters = {}
          Headers = []
             Body = null
    Session Attrs = {}

Handler:
             Type = org.springframework.web.servlet.resource.ResourceHttpRequestHandler

Async:
    Async started = false
     Async result = null

Resolved Exception:
             Type = org.springframework.web.servlet.resource.NoResourceFoundException

ModelAndView:
        View name = null
             View = null
            Model = null

FlashMap:
       Attributes = null

MockHttpServletResponse:
           Status = 404
    Error message = No static resource api/orders/status/PENDING.
          Headers = [Vary:"Origin", "Access-Control-Request-Method", "Access-Control-Request-Headers"]
     Content type = null
             Body = 
    Forwarded URL = null
   Redirected URL = null
          Cookies = []
]]></system-out>
  </testcase>
  <testcase name="getOrderById_WhenOrderExists_ShouldReturnOrder" classname="com.example.ordermanagement.controller.OrderControllerTest" time="0.069">
    <failure message="No value at JSON path &quot;$.id&quot;" type="java.lang.AssertionError"><![CDATA[java.lang.AssertionError: No value at JSON path "$.id"
	at org.springframework.test.util.JsonPathExpectationsHelper.evaluateJsonPath(JsonPathExpectationsHelper.java:302)
	at org.springframework.test.util.JsonPathExpectationsHelper.assertValue(JsonPathExpectationsHelper.java:99)
	at org.springframework.test.web.servlet.result.JsonPathResultMatchers.lambda$value$2(JsonPathResultMatchers.java:111)
	at org.springframework.test.web.servlet.MockMvc$1.andExpect(MockMvc.java:214)
	at com.example.ordermanagement.controller.OrderControllerTest.getOrderById_WhenOrderExists_ShouldReturnOrder(OrderControllerTest.java:74)
	at java.base/java.lang.reflect.Method.invoke(Method.java:569)
	at java.base/java.util.ArrayList.forEach(ArrayList.java:1511)
	at java.base/java.util.ArrayList.forEach(ArrayList.java:1511)
Caused by: com.jayway.jsonpath.InvalidJsonException: net.minidev.json.parser.ParseException: Malicious payload, having non natural depths, parsing stoped on [ at position 27666.
	at com.jayway.jsonpath.spi.json.JsonSmartJsonProvider.parse(JsonSmartJsonProvider.java:64)
	at com.jayway.jsonpath.JsonPath.read(JsonPath.java:393)
	at com.jayway.jsonpath.JsonPath.read(JsonPath.java:377)
	at org.springframework.test.util.JsonPathExpectationsHelper.evaluateJsonPath(JsonPathExpectationsHelper.java:299)
	... 7 more
Caused by: net.minidev.json.parser.ParseException: Malicious payload, having non natural depths, parsing stoped on [ at position 27666.
	at net.minidev.json.parser.JSONParserBase.readArray(JSONParserBase.java:302)
	at net.minidev.json.parser.JSONParserBase.readMain(JSONParserBase.java:470)
	at net.minidev.json.parser.JSONParserBase.readObject(JSONParserBase.java:614)
	at net.minidev.json.parser.JSONParserBase.readMain(JSONParserBase.java:467)
	at net.minidev.json.parser.JSONParserBase.readObject(JSONParserBase.java:614)
	at net.minidev.json.parser.JSONParserBase.readMain(JSONParserBase.java:467)
	at net.minidev.json.parser.JSONParserBase.readArray(JSONParserBase.java:337)
	at net.minidev.json.parser.JSONParserBase.readMain(JSONParserBase.java:470)
	at net.minidev.json.parser.JSONParserBase.readObject(JSONParserBase.java:614)
	at net.minidev.json.parser.JSONParserBase.readMain(JSONParserBase.java:467)
	at net.minidev.json.parser.JSONParserBase.readObject(JSONParserBase.java:614)
	at net.minidev.json.parser.JSONParserBase.readMain(JSONParserBase.java:467)
	at net.minidev.json.parser.JSONParserBase.readArray(JSONParserBase.java:337)
	at net.minidev.json.parser.JSONParserBase.readMain(JSONParserBase.java:470)
	at net.minidev.json.parser.JSONParserBase.readObject(JSONParserBase.java:614)
	at net.minidev.json.parser.JSONParserBase.readMain(JSONParserBase.java:467)
	at net.minidev.json.parser.JSONParserBase.readObject(JSONParserBase.java:614)
	at net.minidev.json.parser.JSONParserBase.readMain(JSONParserBase.java:467)
	at net.minidev.json.parser.JSONParserBase.readArray(JSONParserBase.java:337)
	at net.minidev.json.parser.JSONParserBase.readMain(JSONParserBase.java:470)
	at net.minidev.json.parser.JSONParserBase.readObject(JSONParserBase.java:614)
	at net.minidev.json.parser.JSONParserBase.readMain(JSONParserBase.java:467)
	at net.minidev.json.parser.JSONParserBase.readObject(JSONParserBase.java:614)
	at net.minidev.json.parser.JSONParserBase.readMain(JSONParserBase.java:467)
	at net.minidev.json.parser.JSONParserBase.readArray(JSONParserBase.java:337)
	at net.minidev.json.parser.JSONParserBase.readMain(JSONParserBase.java:470)
	at net.minidev.json.parser.JSONParserBase.readObject(JSONParserBase.java:614)
	at net.minidev.json.parser.JSONParserBase.readMain(JSONParserBase.java:467)
	at net.minidev.json.parser.JSONParserBase.readObject(JSONParserBase.java:614)
	at net.minidev.json.parser.JSONParserBase.readMain(JSONParserBase.java:467)
	at net.minidev.json.parser.JSONParserBase.readArray(JSONParserBase.java:337)
	at net.minidev.json.parser.JSONParserBase.readMain(JSONParserBase.java:470)
	at net.minidev.json.parser.JSONParserBase.readObject(JSONParserBase.java:614)
	at net.minidev.json.parser.JSONParserBase.readMain(JSONParserBase.java:467)
	at net.minidev.json.parser.JSONParserBase.readObject(JSONParserBase.java:614)
	at net.minidev.json.parser.JSONParserBase.readMain(JSONParserBase.java:467)
	at net.minidev.json.parser.JSONParserBase.readArray(JSONParserBase.java:337)
	at net.minidev.json.parser.JSONParserBase.readMain(JSONParserBase.java:470)
	at net.minidev.json.parser.JSONParserBase.readObject(JSONParserBase.java:614)
	at net.minidev.json.parser.JSONParserBase.readMain(JSONParserBase.java:467)
	at net.minidev.json.parser.JSONParserBase.readObject(JSONParserBase.java:614)
	at net.minidev.json.parser.JSONParserBase.readMain(JSONParserBase.java:467)
	at net.minidev.json.parser.JSONParserBase.readArray(JSONParserBase.java:337)
	at net.minidev.json.parser.JSONParserBase.readMain(JSONParserBase.java:470)
	at net.minidev.json.parser.JSONParserBase.readObject(JSONParserBase.java:614)
	at net.minidev.json.parser.JSONParserBase.readMain(JSONParserBase.java:467)
	at net.minidev.json.parser.JSONParserBase.readObject(JSONParserBase.java:614)
	at net.minidev.json.parser.JSONParserBase.readMain(JSONParserBase.java:467)
	at net.minidev.json.parser.JSONParserBase.readArray(JSONParserBase.java:337)
	at net.minidev.json.parser.JSONParserBase.readMain(JSONParserBase.java:470)
	at net.minidev.json.parser.JSONParserBase.readObject(JSONParserBase.java:614)
	at net.minidev.json.parser.JSONParserBase.readMain(JSONParserBase.java:467)
	at net.minidev.json.parser.JSONParserBase.readObject(JSONParserBase.java:614)
	at net.minidev.json.parser.JSONParserBase.readMain(JSONParserBase.java:467)
	at net.minidev.json.parser.JSONParserBase.readArray(JSONParserBase.java:337)
	at net.minidev.json.parser.JSONParserBase.readMain(JSONParserBase.java:470)
	at net.minidev.json.parser.JSONParserBase.readObject(JSONParserBase.java:614)
	at net.minidev.json.parser.JSONParserBase.readMain(JSONParserBase.java:467)
	at net.minidev.json.parser.JSONParserBase.readObject(JSONParserBase.java:614)
	at net.minidev.json.parser.JSONParserBase.readMain(JSONParserBase.java:467)
	at net.minidev.json.parser.JSONParserBase.readArray(JSONParserBase.java:337)
	at net.minidev.json.parser.JSONParserBase.readMain(JSONParserBase.java:470)
	at net.minidev.json.parser.JSONParserBase.readObject(JSONParserBase.java:614)
	at net.minidev.json.parser.JSONParserBase.readMain(JSONParserBase.java:467)
	at net.minidev.json.parser.JSONParserBase.readObject(JSONParserBase.java:614)
	at net.minidev.json.parser.JSONParserBase.readMain(JSONParserBase.java:467)
	at net.minidev.json.parser.JSONParserBase.readArray(JSONParserBase.java:337)
	at net.minidev.json.parser.JSONParserBase.readMain(JSONParserBase.java:470)
	at net.minidev.json.parser.JSONParserBase.readObject(JSONParserBase.java:614)
	at net.minidev.json.parser.JSONParserBase.readMain(JSONParserBase.java:467)
	at net.minidev.json.parser.JSONParserBase.readObject(JSONParserBase.java:614)
	at net.minidev.json.parser.JSONParserBase.readMain(JSONParserBase.java:467)
	at net.minidev.json.parser.JSONParserBase.readArray(JSONParserBase.java:337)
	at net.minidev.json.parser.JSONParserBase.readMain(JSONParserBase.java:470)
	at net.minidev.json.parser.JSONParserBase.readObject(JSONParserBase.java:614)
	at net.minidev.json.parser.JSONParserBase.readMain(JSONParserBase.java:467)
	at net.minidev.json.parser.JSONParserBase.readObject(JSONParserBase.java:614)
	at net.minidev.json.parser.JSONParserBase.readMain(JSONParserBase.java:467)
	at net.minidev.json.parser.JSONParserBase.readArray(JSONParserBase.java:337)
	at net.minidev.json.parser.JSONParserBase.readMain(JSONParserBase.java:470)
	at net.minidev.json.parser.JSONParserBase.readObject(JSONParserBase.java:614)
	at net.minidev.json.parser.JSONParserBase.readMain(JSONParserBase.java:467)
	at net.minidev.json.parser.JSONParserBase.readObject(JSONParserBase.java:614)
	at net.minidev.json.parser.JSONParserBase.readMain(JSONParserBase.java:467)
	at net.minidev.json.parser.JSONParserBase.readArray(JSONParserBase.java:337)
	at net.minidev.json.parser.JSONParserBase.readMain(JSONParserBase.java:470)
	at net.minidev.json.parser.JSONParserBase.readObject(JSONParserBase.java:614)
	at net.minidev.json.parser.JSONParserBase.readMain(JSONParserBase.java:467)
	at net.minidev.json.parser.JSONParserBase.readObject(JSONParserBase.java:614)
	at net.minidev.json.parser.JSONParserBase.readMain(JSONParserBase.java:467)
	at net.minidev.json.parser.JSONParserBase.readArray(JSONParserBase.java:337)
	at net.minidev.json.parser.JSONParserBase.readMain(JSONParserBase.java:470)
	at net.minidev.json.parser.JSONParserBase.readObject(JSONParserBase.java:614)
	at net.minidev.json.parser.JSONParserBase.readMain(JSONParserBase.java:467)
	at net.minidev.json.parser.JSONParserBase.readObject(JSONParserBase.java:614)
	at net.minidev.json.parser.JSONParserBase.readMain(JSONParserBase.java:467)
	at net.minidev.json.parser.JSONParserBase.readArray(JSONParserBase.java:337)
	at net.minidev.json.parser.JSONParserBase.readMain(JSONParserBase.java:470)
	at net.minidev.json.parser.JSONParserBase.readObject(JSONParserBase.java:614)
	at net.minidev.json.parser.JSONParserBase.readMain(JSONParserBase.java:467)
	at net.minidev.json.parser.JSONParserBase.readObject(JSONParserBase.java:614)
	at net.minidev.json.parser.JSONParserBase.readMain(JSONParserBase.java:467)
	at net.minidev.json.parser.JSONParserBase.readArray(JSONParserBase.java:337)
	at net.minidev.json.parser.JSONParserBase.readMain(JSONParserBase.java:470)
	at net.minidev.json.parser.JSONParserBase.readObject(JSONParserBase.java:614)
	at net.minidev.json.parser.JSONParserBase.readMain(JSONParserBase.java:467)
	at net.minidev.json.parser.JSONParserBase.readObject(JSONParserBase.java:614)
	at net.minidev.json.parser.JSONParserBase.readMain(JSONParserBase.java:467)
	at net.minidev.json.parser.JSONParserBase.readArray(JSONParserBase.java:337)
	at net.minidev.json.parser.JSONParserBase.readMain(JSONParserBase.java:470)
	at net.minidev.json.parser.JSONParserBase.readObject(JSONParserBase.java:614)
	at net.minidev.json.parser.JSONParserBase.readMain(JSONParserBase.java:467)
	at net.minidev.json.parser.JSONParserBase.readObject(JSONParserBase.java:614)
	at net.minidev.json.parser.JSONParserBase.readMain(JSONParserBase.java:467)
	at net.minidev.json.parser.JSONParserBase.readArray(JSONParserBase.java:337)
	at net.minidev.json.parser.JSONParserBase.readMain(JSONParserBase.java:470)
	at net.minidev.json.parser.JSONParserBase.readObject(JSONParserBase.java:614)
	at net.minidev.json.parser.JSONParserBase.readMain(JSONParserBase.java:467)
	at net.minidev.json.parser.JSONParserBase.readObject(JSONParserBase.java:614)
	at net.minidev.json.parser.JSONParserBase.readMain(JSONParserBase.java:467)
	at net.minidev.json.parser.JSONParserBase.readArray(JSONParserBase.java:337)
	at net.minidev.json.parser.JSONParserBase.readMain(JSONParserBase.java:470)
	at net.minidev.json.parser.JSONParserBase.readObject(JSONParserBase.java:614)
	at net.minidev.json.parser.JSONParserBase.readMain(JSONParserBase.java:467)
	at net.minidev.json.parser.JSONParserBase.readObject(JSONParserBase.java:614)
	at net.minidev.json.parser.JSONParserBase.readMain(JSONParserBase.java:467)
	at net.minidev.json.parser.JSONParserBase.readArray(JSONParserBase.java:337)
	at net.minidev.json.parser.JSONParserBase.readMain(JSONParserBase.java:470)
	at net.minidev.json.parser.JSONParserBase.readObject(JSONParserBase.java:614)
	at net.minidev.json.parser.JSONParserBase.readMain(JSONParserBase.java:467)
	at net.minidev.json.parser.JSONParserBase.readObject(JSONParserBase.java:614)
	at net.minidev.json.parser.JSONParserBase.readMain(JSONParserBase.java:467)
	at net.minidev.json.parser.JSONParserBase.readArray(JSONParserBase.java:337)
	at net.minidev.json.parser.JSONParserBase.readMain(JSONParserBase.java:470)
	at net.minidev.json.parser.JSONParserBase.readObject(JSONParserBase.java:614)
	at net.minidev.json.parser.JSONParserBase.readMain(JSONParserBase.java:467)
	at net.minidev.json.parser.JSONParserBase.readObject(JSONParserBase.java:614)
	at net.minidev.json.parser.JSONParserBase.readMain(JSONParserBase.java:467)
	at net.minidev.json.parser.JSONParserBase.readArray(JSONParserBase.java:337)
	at net.minidev.json.parser.JSONParserBase.readMain(JSONParserBase.java:470)
	at net.minidev.json.parser.JSONParserBase.readObject(JSONParserBase.java:614)
	at net.minidev.json.parser.JSONParserBase.readMain(JSONParserBase.java:467)
	at net.minidev.json.parser.JSONParserBase.readObject(JSONParserBase.java:614)
	at net.minidev.json.parser.JSONParserBase.readMain(JSONParserBase.java:467)
	at net.minidev.json.parser.JSONParserBase.readArray(JSONParserBase.java:337)
	at net.minidev.json.parser.JSONParserBase.readMain(JSONParserBase.java:470)
	at net.minidev.json.parser.JSONParserBase.readObject(JSONParserBase.java:614)
	at net.minidev.json.parser.JSONParserBase.readMain(JSONParserBase.java:467)
	at net.minidev.json.parser.JSONParserBase.readObject(JSONParserBase.java:614)
	at net.minidev.json.parser.JSONParserBase.readMain(JSONParserBase.java:467)
	at net.minidev.json.parser.JSONParserBase.readArray(JSONParserBase.java:337)
	at net.minidev.json.parser.JSONParserBase.readMain(JSONParserBase.java:470)
	at net.minidev.json.parser.JSONParserBase.readObject(JSONParserBase.java:614)
	at net.minidev.json.parser.JSONParserBase.readMain(JSONParserBase.java:467)
	at net.minidev.json.parser.JSONParserBase.readObject(JSONParserBase.java:614)
	at net.minidev.json.parser.JSONParserBase.readMain(JSONParserBase.java:467)
	at net.minidev.json.parser.JSONParserBase.readArray(JSONParserBase.java:337)
	at net.minidev.json.parser.JSONParserBase.readMain(JSONParserBase.java:470)
	at net.minidev.json.parser.JSONParserBase.readObject(JSONParserBase.java:614)
	at net.minidev.json.parser.JSONParserBase.readMain(JSONParserBase.java:467)
	at net.minidev.json.parser.JSONParserBase.readObject(JSONParserBase.java:614)
	at net.minidev.json.parser.JSONParserBase.readMain(JSONParserBase.java:467)
	at net.minidev.json.parser.JSONParserBase.readArray(JSONParserBase.java:337)
	at net.minidev.json.parser.JSONParserBase.readMain(JSONParserBase.java:470)
	at net.minidev.json.parser.JSONParserBase.readObject(JSONParserBase.java:614)
	at net.minidev.json.parser.JSONParserBase.readMain(JSONParserBase.java:467)
	at net.minidev.json.parser.JSONParserBase.readObject(JSONParserBase.java:614)
	at net.minidev.json.parser.JSONParserBase.readMain(JSONParserBase.java:467)
	at net.minidev.json.parser.JSONParserBase.readArray(JSONParserBase.java:337)
	at net.minidev.json.parser.JSONParserBase.readMain(JSONParserBase.java:470)
	at net.minidev.json.parser.JSONParserBase.readObject(JSONParserBase.java:614)
	at net.minidev.json.parser.JSONParserBase.readMain(JSONParserBase.java:467)
	at net.minidev.json.parser.JSONParserBase.readObject(JSONParserBase.java:614)
	at net.minidev.json.parser.JSONParserBase.readMain(JSONParserBase.java:467)
	at net.minidev.json.parser.JSONParserBase.readArray(JSONParserBase.java:337)
	at net.minidev.json.parser.JSONParserBase.readMain(JSONParserBase.java:470)
	at net.minidev.json.parser.JSONParserBase.readObject(JSONParserBase.java:614)
	at net.minidev.json.parser.JSONParserBase.readMain(JSONParserBase.java:467)
	at net.minidev.json.parser.JSONParserBase.readObject(JSONParserBase.java:614)
	at net.minidev.json.parser.JSONParserBase.readMain(JSONParserBase.java:467)
	at net.minidev.json.parser.JSONParserBase.readArray(JSONParserBase.java:337)
	at net.minidev.json.parser.JSONParserBase.readMain(JSONParserBase.java:470)
	at net.minidev.json.parser.JSONParserBase.readObject(JSONParserBase.java:614)
	at net.minidev.json.parser.JSONParserBase.readMain(JSONParserBase.java:467)
	at net.minidev.json.parser.JSONParserBase.readObject(JSONParserBase.java:614)
	at net.minidev.json.parser.JSONParserBase.readMain(JSONParserBase.java:467)
	at net.minidev.json.parser.JSONParserBase.readArray(JSONParserBase.java:337)
	at net.minidev.json.parser.JSONParserBase.readMain(JSONParserBase.java:470)
	at net.minidev.json.parser.JSONParserBase.readObject(JSONParserBase.java:614)
	at net.minidev.json.parser.JSONParserBase.readMain(JSONParserBase.java:467)
	at net.minidev.json.parser.JSONParserBase.readObject(JSONParserBase.java:614)
	at net.minidev.json.parser.JSONParserBase.readMain(JSONParserBase.java:467)
	at net.minidev.json.parser.JSONParserBase.readArray(JSONParserBase.java:337)
	at net.minidev.json.parser.JSONParserBase.readMain(JSONParserBase.java:470)
	at net.minidev.json.parser.JSONParserBase.readObject(JSONParserBase.java:614)
	at net.minidev.json.parser.JSONParserBase.readMain(JSONParserBase.java:467)
	at net.minidev.json.parser.JSONParserBase.readObject(JSONParserBase.java:614)
	at net.minidev.json.parser.JSONParserBase.readMain(JSONParserBase.java:467)
	at net.minidev.json.parser.JSONParserBase.readArray(JSONParserBase.java:337)
	at net.minidev.json.parser.JSONParserBase.readMain(JSONParserBase.java:470)
	at net.minidev.json.parser.JSONParserBase.readObject(JSONParserBase.java:614)
	at net.minidev.json.parser.JSONParserBase.readMain(JSONParserBase.java:467)
	at net.minidev.json.parser.JSONParserBase.readObject(JSONParserBase.java:614)
	at net.minidev.json.parser.JSONParserBase.readMain(JSONParserBase.java:467)
	at net.minidev.json.parser.JSONParserBase.readArray(JSONParserBase.java:337)
	at net.minidev.json.parser.JSONParserBase.readMain(JSONParserBase.java:470)
	at net.minidev.json.parser.JSONParserBase.readObject(JSONParserBase.java:614)
	at net.minidev.json.parser.JSONParserBase.readMain(JSONParserBase.java:467)
	at net.minidev.json.parser.JSONParserBase.readObject(JSONParserBase.java:614)
	at net.minidev.json.parser.JSONParserBase.readMain(JSONParserBase.java:467)
	at net.minidev.json.parser.JSONParserBase.readArray(JSONParserBase.java:337)
	at net.minidev.json.parser.JSONParserBase.readMain(JSONParserBase.java:470)
	at net.minidev.json.parser.JSONParserBase.readObject(JSONParserBase.java:614)
	at net.minidev.json.parser.JSONParserBase.readMain(JSONParserBase.java:467)
	at net.minidev.json.parser.JSONParserBase.readObject(JSONParserBase.java:614)
	at net.minidev.json.parser.JSONParserBase.readMain(JSONParserBase.java:467)
	at net.minidev.json.parser.JSONParserBase.readArray(JSONParserBase.java:337)
	at net.minidev.json.parser.JSONParserBase.readMain(JSONParserBase.java:470)
	at net.minidev.json.parser.JSONParserBase.readObject(JSONParserBase.java:614)
	at net.minidev.json.parser.JSONParserBase.readMain(JSONParserBase.java:467)
	at net.minidev.json.parser.JSONParserBase.readObject(JSONParserBase.java:614)
	at net.minidev.json.parser.JSONParserBase.readMain(JSONParserBase.java:467)
	at net.minidev.json.parser.JSONParserBase.readArray(JSONParserBase.java:337)
	at net.minidev.json.parser.JSONParserBase.readMain(JSONParserBase.java:470)
	at net.minidev.json.parser.JSONParserBase.readObject(JSONParserBase.java:614)
	at net.minidev.json.parser.JSONParserBase.readMain(JSONParserBase.java:467)
	at net.minidev.json.parser.JSONParserBase.readObject(JSONParserBase.java:614)
	at net.minidev.json.parser.JSONParserBase.readMain(JSONParserBase.java:467)
	at net.minidev.json.parser.JSONParserBase.readArray(JSONParserBase.java:337)
	at net.minidev.json.parser.JSONParserBase.readMain(JSONParserBase.java:470)
	at net.minidev.json.parser.JSONParserBase.readObject(JSONParserBase.java:614)
	at net.minidev.json.parser.JSONParserBase.readMain(JSONParserBase.java:467)
	at net.minidev.json.parser.JSONParserBase.readObject(JSONParserBase.java:614)
	at net.minidev.json.parser.JSONParserBase.readMain(JSONParserBase.java:467)
	at net.minidev.json.parser.JSONParserBase.readArray(JSONParserBase.java:337)
	at net.minidev.json.parser.JSONParserBase.readMain(JSONParserBase.java:470)
	at net.minidev.json.parser.JSONParserBase.readObject(JSONParserBase.java:614)
	at net.minidev.json.parser.JSONParserBase.readMain(JSONParserBase.java:467)
	at net.minidev.json.parser.JSONParserBase.readObject(JSONParserBase.java:614)
	at net.minidev.json.parser.JSONParserBase.readMain(JSONParserBase.java:467)
	at net.minidev.json.parser.JSONParserBase.readArray(JSONParserBase.java:337)
	at net.minidev.json.parser.JSONParserBase.readMain(JSONParserBase.java:470)
	at net.minidev.json.parser.JSONParserBase.readObject(JSONParserBase.java:614)
	at net.minidev.json.parser.JSONParserBase.readMain(JSONParserBase.java:467)
	at net.minidev.json.parser.JSONParserBase.readObject(JSONParserBase.java:614)
	at net.minidev.json.parser.JSONParserBase.readMain(JSONParserBase.java:467)
	at net.minidev.json.parser.JSONParserBase.readArray(JSONParserBase.java:337)
	at net.minidev.json.parser.JSONParserBase.readMain(JSONParserBase.java:470)
	at net.minidev.json.parser.JSONParserBase.readObject(JSONParserBase.java:614)
	at net.minidev.json.parser.JSONParserBase.readMain(JSONParserBase.java:467)
	at net.minidev.json.parser.JSONParserBase.readObject(JSONParserBase.java:614)
	at net.minidev.json.parser.JSONParserBase.readMain(JSONParserBase.java:467)
	at net.minidev.json.parser.JSONParserBase.readArray(JSONParserBase.java:337)
	at net.minidev.json.parser.JSONParserBase.readMain(JSONParserBase.java:470)
	at net.minidev.json.parser.JSONParserBase.readObject(JSONParserBase.java:614)
	at net.minidev.json.parser.JSONParserBase.readMain(JSONParserBase.java:467)
	at net.minidev.json.parser.JSONParserBase.readObject(JSONParserBase.java:614)
	at net.minidev.json.parser.JSONParserBase.readMain(JSONParserBase.java:467)
	at net.minidev.json.parser.JSONParserBase.readArray(JSONParserBase.java:337)
	at net.minidev.json.parser.JSONParserBase.readMain(JSONParserBase.java:470)
	at net.minidev.json.parser.JSONParserBase.readObject(JSONParserBase.java:614)
	at net.minidev.json.parser.JSONParserBase.readMain(JSONParserBase.java:467)
	at net.minidev.json.parser.JSONParserBase.readObject(JSONParserBase.java:614)
	at net.minidev.json.parser.JSONParserBase.readMain(JSONParserBase.java:467)
	at net.minidev.json.parser.JSONParserBase.readArray(JSONParserBase.java:337)
	at net.minidev.json.parser.JSONParserBase.readMain(JSONParserBase.java:470)
	at net.minidev.json.parser.JSONParserBase.readObject(JSONParserBase.java:614)
	at net.minidev.json.parser.JSONParserBase.readMain(JSONParserBase.java:467)
	at net.minidev.json.parser.JSONParserBase.readObject(JSONParserBase.java:614)
	at net.minidev.json.parser.JSONParserBase.readMain(JSONParserBase.java:467)
	at net.minidev.json.parser.JSONParserBase.readArray(JSONParserBase.java:337)
	at net.minidev.json.parser.JSONParserBase.readMain(JSONParserBase.java:470)
	at net.minidev.json.parser.JSONParserBase.readObject(JSONParserBase.java:614)
	at net.minidev.json.parser.JSONParserBase.readMain(JSONParserBase.java:467)
	at net.minidev.json.parser.JSONParserBase.readObject(JSONParserBase.java:614)
	at net.minidev.json.parser.JSONParserBase.readMain(JSONParserBase.java:467)
	at net.minidev.json.parser.JSONParserBase.readArray(JSONParserBase.java:337)
	at net.minidev.json.parser.JSONParserBase.readMain(JSONParserBase.java:470)
	at net.minidev.json.parser.JSONParserBase.readObject(JSONParserBase.java:614)
	at net.minidev.json.parser.JSONParserBase.readMain(JSONParserBase.java:467)
	at net.minidev.json.parser.JSONParserBase.readObject(JSONParserBase.java:614)
	at net.minidev.json.parser.JSONParserBase.readMain(JSONParserBase.java:467)
	at net.minidev.json.parser.JSONParserBase.readArray(JSONParserBase.java:337)
	at net.minidev.json.parser.JSONParserBase.readMain(JSONParserBase.java:470)
	at net.minidev.json.parser.JSONParserBase.readObject(JSONParserBase.java:614)
	at net.minidev.json.parser.JSONParserBase.readMain(JSONParserBase.java:467)
	at net.minidev.json.parser.JSONParserBase.readObject(JSONParserBase.java:614)
	at net.minidev.json.parser.JSONParserBase.readMain(JSONParserBase.java:467)
	at net.minidev.json.parser.JSONParserBase.readArray(JSONParserBase.java:337)
	at net.minidev.json.parser.JSONParserBase.readMain(JSONParserBase.java:470)
	at net.minidev.json.parser.JSONParserBase.readObject(JSONParserBase.java:614)
	at net.minidev.json.parser.JSONParserBase.readMain(JSONParserBase.java:467)
	at net.minidev.json.parser.JSONParserBase.readObject(JSONParserBase.java:614)
	at net.minidev.json.parser.JSONParserBase.readMain(JSONParserBase.java:467)
	at net.minidev.json.parser.JSONParserBase.readArray(JSONParserBase.java:337)
	at net.minidev.json.parser.JSONParserBase.readMain(JSONParserBase.java:470)
	at net.minidev.json.parser.JSONParserBase.readObject(JSONParserBase.java:614)
	at net.minidev.json.parser.JSONParserBase.readMain(JSONParserBase.java:467)
	at net.minidev.json.parser.JSONParserBase.readObject(JSONParserBase.java:614)
	at net.minidev.json.parser.JSONParserBase.readMain(JSONParserBase.java:467)
	at net.minidev.json.parser.JSONParserBase.readArray(JSONParserBase.java:337)
	at net.minidev.json.parser.JSONParserBase.readMain(JSONParserBase.java:470)
	at net.minidev.json.parser.JSONParserBase.readObject(JSONParserBase.java:614)
	at net.minidev.json.parser.JSONParserBase.readMain(JSONParserBase.java:467)
	at net.minidev.json.parser.JSONParserBase.readObject(JSONParserBase.java:614)
	at net.minidev.json.parser.JSONParserBase.readMain(JSONParserBase.java:467)
	at net.minidev.json.parser.JSONParserBase.readArray(JSONParserBase.java:337)
	at net.minidev.json.parser.JSONParserBase.readMain(JSONParserBase.java:470)
	at net.minidev.json.parser.JSONParserBase.readObject(JSONParserBase.java:614)
	at net.minidev.json.parser.JSONParserBase.readMain(JSONParserBase.java:467)
	at net.minidev.json.parser.JSONParserBase.readObject(JSONParserBase.java:614)
	at net.minidev.json.parser.JSONParserBase.readMain(JSONParserBase.java:467)
	at net.minidev.json.parser.JSONParserBase.readArray(JSONParserBase.java:337)
	at net.minidev.json.parser.JSONParserBase.readMain(JSONParserBase.java:470)
	at net.minidev.json.parser.JSONParserBase.readObject(JSONParserBase.java:614)
	at net.minidev.json.parser.JSONParserBase.readMain(JSONParserBase.java:467)
	at net.minidev.json.parser.JSONParserBase.readObject(JSONParserBase.java:614)
	at net.minidev.json.parser.JSONParserBase.readMain(JSONParserBase.java:467)
	at net.minidev.json.parser.JSONParserBase.readArray(JSONParserBase.java:337)
	at net.minidev.json.parser.JSONParserBase.readMain(JSONParserBase.java:470)
	at net.minidev.json.parser.JSONParserBase.readObject(JSONParserBase.java:614)
	at net.minidev.json.parser.JSONParserBase.readMain(JSONParserBase.java:467)
	at net.minidev.json.parser.JSONParserBase.readObject(JSONParserBase.java:614)
	at net.minidev.json.parser.JSONParserBase.readMain(JSONParserBase.java:467)
	at net.minidev.json.parser.JSONParserBase.readArray(JSONParserBase.java:337)
	at net.minidev.json.parser.JSONParserBase.readMain(JSONParserBase.java:470)
	at net.minidev.json.parser.JSONParserBase.readObject(JSONParserBase.java:614)
	at net.minidev.json.parser.JSONParserBase.readMain(JSONParserBase.java:467)
	at net.minidev.json.parser.JSONParserBase.readObject(JSONParserBase.java:614)
	at net.minidev.json.parser.JSONParserBase.readMain(JSONParserBase.java:467)
	at net.minidev.json.parser.JSONParserBase.readArray(JSONParserBase.java:337)
	at net.minidev.json.parser.JSONParserBase.readMain(JSONParserBase.java:470)
	at net.minidev.json.parser.JSONParserBase.readObject(JSONParserBase.java:614)
	at net.minidev.json.parser.JSONParserBase.readMain(JSONParserBase.java:467)
	at net.minidev.json.parser.JSONParserBase.readObject(JSONParserBase.java:614)
	at net.minidev.json.parser.JSONParserBase.readMain(JSONParserBase.java:467)
	at net.minidev.json.parser.JSONParserBase.readArray(JSONParserBase.java:337)
	at net.minidev.json.parser.JSONParserBase.readMain(JSONParserBase.java:470)
	at net.minidev.json.parser.JSONParserBase.readObject(JSONParserBase.java:614)
	at net.minidev.json.parser.JSONParserBase.readMain(JSONParserBase.java:467)
	at net.minidev.json.parser.JSONParserBase.readObject(JSONParserBase.java:614)
	at net.minidev.json.parser.JSONParserBase.readMain(JSONParserBase.java:467)
	at net.minidev.json.parser.JSONParserBase.readArray(JSONParserBase.java:337)
	at net.minidev.json.parser.JSONParserBase.readMain(JSONParserBase.java:470)
	at net.minidev.json.parser.JSONParserBase.readObject(JSONParserBase.java:614)
	at net.minidev.json.parser.JSONParserBase.readMain(JSONParserBase.java:467)
	at net.minidev.json.parser.JSONParserBase.readObject(JSONParserBase.java:614)
	at net.minidev.json.parser.JSONParserBase.readMain(JSONParserBase.java:467)
	at net.minidev.json.parser.JSONParserBase.readArray(JSONParserBase.java:337)
	at net.minidev.json.parser.JSONParserBase.readMain(JSONParserBase.java:470)
	at net.minidev.json.parser.JSONParserBase.readObject(JSONParserBase.java:614)
	at net.minidev.json.parser.JSONParserBase.readMain(JSONParserBase.java:467)
	at net.minidev.json.parser.JSONParserBase.readObject(JSONParserBase.java:614)
	at net.minidev.json.parser.JSONParserBase.readMain(JSONParserBase.java:467)
	at net.minidev.json.parser.JSONParserBase.readArray(JSONParserBase.java:337)
	at net.minidev.json.parser.JSONParserBase.readMain(JSONParserBase.java:470)
	at net.minidev.json.parser.JSONParserBase.readObject(JSONParserBase.java:614)
	at net.minidev.json.parser.JSONParserBase.readMain(JSONParserBase.java:467)
	at net.minidev.json.parser.JSONParserBase.readObject(JSONParserBase.java:614)
	at net.minidev.json.parser.JSONParserBase.readMain(JSONParserBase.java:467)
	at net.minidev.json.parser.JSONParserBase.readArray(JSONParserBase.java:337)
	at net.minidev.json.parser.JSONParserBase.readMain(JSONParserBase.java:470)
	at net.minidev.json.parser.JSONParserBase.readObject(JSONParserBase.java:614)
	at net.minidev.json.parser.JSONParserBase.readMain(JSONParserBase.java:467)
	at net.minidev.json.parser.JSONParserBase.readObject(JSONParserBase.java:614)
	at net.minidev.json.parser.JSONParserBase.readMain(JSONParserBase.java:467)
	at net.minidev.json.parser.JSONParserBase.readArray(JSONParserBase.java:337)
	at net.minidev.json.parser.JSONParserBase.readMain(JSONParserBase.java:470)
	at net.minidev.json.parser.JSONParserBase.readObject(JSONParserBase.java:614)
	at net.minidev.json.parser.JSONParserBase.readMain(JSONParserBase.java:467)
	at net.minidev.json.parser.JSONParserBase.readObject(JSONParserBase.java:614)
	at net.minidev.json.parser.JSONParserBase.readMain(JSONParserBase.java:467)
	at net.minidev.json.parser.JSONParserBase.readArray(JSONParserBase.java:337)
	at net.minidev.json.parser.JSONParserBase.readMain(JSONParserBase.java:470)
	at net.minidev.json.parser.JSONParserBase.readObject(JSONParserBase.java:614)
	at net.minidev.json.parser.JSONParserBase.readMain(JSONParserBase.java:467)
	at net.minidev.json.parser.JSONParserBase.readObject(JSONParserBase.java:614)
	at net.minidev.json.parser.JSONParserBase.readMain(JSONParserBase.java:467)
	at net.minidev.json.parser.JSONParserBase.readArray(JSONParserBase.java:337)
	at net.minidev.json.parser.JSONParserBase.readMain(JSONParserBase.java:470)
	at net.minidev.json.parser.JSONParserBase.readObject(JSONParserBase.java:614)
	at net.minidev.json.parser.JSONParserBase.readMain(JSONParserBase.java:467)
	at net.minidev.json.parser.JSONParserBase.readObject(JSONParserBase.java:614)
	at net.minidev.json.parser.JSONParserBase.readMain(JSONParserBase.java:467)
	at net.minidev.json.parser.JSONParserBase.readArray(JSONParserBase.java:337)
	at net.minidev.json.parser.JSONParserBase.readMain(JSONParserBase.java:470)
	at net.minidev.json.parser.JSONParserBase.readObject(JSONParserBase.java:614)
	at net.minidev.json.parser.JSONParserBase.readMain(JSONParserBase.java:467)
	at net.minidev.json.parser.JSONParserBase.readObject(JSONParserBase.java:614)
	at net.minidev.json.parser.JSONParserBase.readMain(JSONParserBase.java:467)
	at net.minidev.json.parser.JSONParserBase.readArray(JSONParserBase.java:337)
	at net.minidev.json.parser.JSONParserBase.readMain(JSONParserBase.java:470)
	at net.minidev.json.parser.JSONParserBase.readObject(JSONParserBase.java:614)
	at net.minidev.json.parser.JSONParserBase.readMain(JSONParserBase.java:467)
	at net.minidev.json.parser.JSONParserBase.readObject(JSONParserBase.java:614)
	at net.minidev.json.parser.JSONParserBase.readMain(JSONParserBase.java:467)
	at net.minidev.json.parser.JSONParserBase.readArray(JSONParserBase.java:337)
	at net.minidev.json.parser.JSONParserBase.readMain(JSONParserBase.java:470)
	at net.minidev.json.parser.JSONParserBase.readObject(JSONParserBase.java:614)
	at net.minidev.json.parser.JSONParserBase.readMain(JSONParserBase.java:467)
	at net.minidev.json.parser.JSONParserBase.readObject(JSONParserBase.java:614)
	at net.minidev.json.parser.JSONParserBase.readMain(JSONParserBase.java:467)
	at net.minidev.json.parser.JSONParserBase.readArray(JSONParserBase.java:337)
	at net.minidev.json.parser.JSONParserBase.readMain(JSONParserBase.java:470)
	at net.minidev.json.parser.JSONParserBase.readObject(JSONParserBase.java:614)
	at net.minidev.json.parser.JSONParserBase.readMain(JSONParserBase.java:467)
	at net.minidev.json.parser.JSONParserBase.readObject(JSONParserBase.java:614)
	at net.minidev.json.parser.JSONParserBase.readMain(JSONParserBase.java:467)
	at net.minidev.json.parser.JSONParserBase.readArray(JSONParserBase.java:337)
	at net.minidev.json.parser.JSONParserBase.readMain(JSONParserBase.java:470)
	at net.minidev.json.parser.JSONParserBase.readObject(JSONParserBase.java:614)
	at net.minidev.json.parser.JSONParserBase.readMain(JSONParserBase.java:467)
	at net.minidev.json.parser.JSONParserBase.readObject(JSONParserBase.java:614)
	at net.minidev.json.parser.JSONParserBase.readMain(JSONParserBase.java:467)
	at net.minidev.json.parser.JSONParserBase.readArray(JSONParserBase.java:337)
	at net.minidev.json.parser.JSONParserBase.readMain(JSONParserBase.java:470)
	at net.minidev.json.parser.JSONParserBase.readObject(JSONParserBase.java:614)
	at net.minidev.json.parser.JSONParserBase.readMain(JSONParserBase.java:467)
	at net.minidev.json.parser.JSONParserBase.readObject(JSONParserBase.java:614)
	at net.minidev.json.parser.JSONParserBase.readMain(JSONParserBase.java:467)
	at net.minidev.json.parser.JSONParserBase.readArray(JSONParserBase.java:337)
	at net.minidev.json.parser.JSONParserBase.readMain(JSONParserBase.java:470)
	at net.minidev.json.parser.JSONParserBase.readObject(JSONParserBase.java:614)
	at net.minidev.json.parser.JSONParserBase.readMain(JSONParserBase.java:467)
	at net.minidev.json.parser.JSONParserBase.readObject(JSONParserBase.java:614)
	at net.minidev.json.parser.JSONParserBase.readMain(JSONParserBase.java:467)
	at net.minidev.json.parser.JSONParserBase.readArray(JSONParserBase.java:337)
	at net.minidev.json.parser.JSONParserBase.readMain(JSONParserBase.java:470)
	at net.minidev.json.parser.JSONParserBase.readObject(JSONParserBase.java:614)
	at net.minidev.json.parser.JSONParserBase.readMain(JSONParserBase.java:467)
	at net.minidev.json.parser.JSONParserBase.readObject(JSONParserBase.java:614)
	at net.minidev.json.parser.JSONParserBase.readMain(JSONParserBase.java:467)
	at net.minidev.json.parser.JSONParserBase.readArray(JSONParserBase.java:337)
	at net.minidev.json.parser.JSONParserBase.readMain(JSONParserBase.java:470)
	at net.minidev.json.parser.JSONParserBase.readObject(JSONParserBase.java:614)
	at net.minidev.json.parser.JSONParserBase.readMain(JSONParserBase.java:467)
	at net.minidev.json.parser.JSONParserBase.readObject(JSONParserBase.java:614)
	at net.minidev.json.parser.JSONParserBase.readMain(JSONParserBase.java:467)
	at net.minidev.json.parser.JSONParserBase.readArray(JSONParserBase.java:337)
	at net.minidev.json.parser.JSONParserBase.readMain(JSONParserBase.java:470)
	at net.minidev.json.parser.JSONParserBase.readObject(JSONParserBase.java:614)
	at net.minidev.json.parser.JSONParserBase.readMain(JSONParserBase.java:467)
	at net.minidev.json.parser.JSONParserBase.readObject(JSONParserBase.java:614)
	at net.minidev.json.parser.JSONParserBase.readMain(JSONParserBase.java:467)
	at net.minidev.json.parser.JSONParserBase.readArray(JSONParserBase.java:337)
	at net.minidev.json.parser.JSONParserBase.readMain(JSONParserBase.java:470)
	at net.minidev.json.parser.JSONParserBase.readObject(JSONParserBase.java:614)
	at net.minidev.json.parser.JSONParserBase.readMain(JSONParserBase.java:467)
	at net.minidev.json.parser.JSONParserBase.readObject(JSONParserBase.java:614)
	at net.minidev.json.parser.JSONParserBase.readMain(JSONParserBase.java:467)
	at net.minidev.json.parser.JSONParserBase.readArray(JSONParserBase.java:337)
	at net.minidev.json.parser.JSONParserBase.readMain(JSONParserBase.java:470)
	at net.minidev.json.parser.JSONParserBase.readObject(JSONParserBase.java:614)
	at net.minidev.json.parser.JSONParserBase.readMain(JSONParserBase.java:467)
	at net.minidev.json.parser.JSONParserBase.readObject(JSONParserBase.java:614)
	at net.minidev.json.parser.JSONParserBase.readMain(JSONParserBase.java:467)
	at net.minidev.json.parser.JSONParserBase.readArray(JSONParserBase.java:337)
	at net.minidev.json.parser.JSONParserBase.readMain(JSONParserBase.java:470)
	at net.minidev.json.parser.JSONParserBase.readObject(JSONParserBase.java:614)
	at net.minidev.json.parser.JSONParserBase.readMain(JSONParserBase.java:467)
	at net.minidev.json.parser.JSONParserBase.readObject(JSONParserBase.java:614)
	at net.minidev.json.parser.JSONParserBase.readMain(JSONParserBase.java:467)
	at net.minidev.json.parser.JSONParserBase.readArray(JSONParserBase.java:337)
	at net.minidev.json.parser.JSONParserBase.readMain(JSONParserBase.java:470)
	at net.minidev.json.parser.JSONParserBase.readObject(JSONParserBase.java:614)
	at net.minidev.json.parser.JSONParserBase.readMain(JSONParserBase.java:467)
	at net.minidev.json.parser.JSONParserBase.readObject(JSONParserBase.java:614)
	at net.minidev.json.parser.JSONParserBase.readMain(JSONParserBase.java:467)
	at net.minidev.json.parser.JSONParserBase.readArray(JSONParserBase.java:337)
	at net.minidev.json.parser.JSONParserBase.readMain(JSONParserBase.java:470)
	at net.minidev.json.parser.JSONParserBase.readObject(JSONParserBase.java:614)
	at net.minidev.json.parser.JSONParserBase.readMain(JSONParserBase.java:467)
	at net.minidev.json.parser.JSONParserBase.readObject(JSONParserBase.java:614)
	at net.minidev.json.parser.JSONParserBase.readMain(JSONParserBase.java:467)
	at net.minidev.json.parser.JSONParserBase.readArray(JSONParserBase.java:337)
	at net.minidev.json.parser.JSONParserBase.readMain(JSONParserBase.java:470)
	at net.minidev.json.parser.JSONParserBase.readObject(JSONParserBase.java:614)
	at net.minidev.json.parser.JSONParserBase.readMain(JSONParserBase.java:467)
	at net.minidev.json.parser.JSONParserBase.readObject(JSONParserBase.java:614)
	at net.minidev.json.parser.JSONParserBase.readMain(JSONParserBase.java:467)
	at net.minidev.json.parser.JSONParserBase.readArray(JSONParserBase.java:337)
	at net.minidev.json.parser.JSONParserBase.readMain(JSONParserBase.java:470)
	at net.minidev.json.parser.JSONParserBase.readObject(JSONParserBase.java:614)
	at net.minidev.json.parser.JSONParserBase.readMain(JSONParserBase.java:467)
	at net.minidev.json.parser.JSONParserBase.readObject(JSONParserBase.java:614)
	at net.minidev.json.parser.JSONParserBase.readMain(JSONParserBase.java:467)
	at net.minidev.json.parser.JSONParserBase.readArray(JSONParserBase.java:337)
	at net.minidev.json.parser.JSONParserBase.readMain(JSONParserBase.java:470)
	at net.minidev.json.parser.JSONParserBase.readObject(JSONParserBase.java:614)
	at net.minidev.json.parser.JSONParserBase.readMain(JSONParserBase.java:467)
	at net.minidev.json.parser.JSONParserBase.readObject(JSONParserBase.java:614)
	at net.minidev.json.parser.JSONParserBase.readMain(JSONParserBase.java:467)
	at net.minidev.json.parser.JSONParserBase.readArray(JSONParserBase.java:337)
	at net.minidev.json.parser.JSONParserBase.readMain(JSONParserBase.java:470)
	at net.minidev.json.parser.JSONParserBase.readObject(JSONParserBase.java:614)
	at net.minidev.json.parser.JSONParserBase.readMain(JSONParserBase.java:467)
	at net.minidev.json.parser.JSONParserBase.readObject(JSONParserBase.java:614)
	at net.minidev.json.parser.JSONParserBase.readMain(JSONParserBase.java:467)
	at net.minidev.json.parser.JSONParserBase.readArray(JSONParserBase.java:337)
	at net.minidev.json.parser.JSONParserBase.readMain(JSONParserBase.java:470)
	at net.minidev.json.parser.JSONParserBase.readObject(JSONParserBase.java:614)
	at net.minidev.json.parser.JSONParserBase.readMain(JSONParserBase.java:467)
	at net.minidev.json.parser.JSONParserBase.readObject(JSONParserBase.java:614)
	at net.minidev.json.parser.JSONParserBase.readMain(JSONParserBase.java:467)
	at net.minidev.json.parser.JSONParserBase.readArray(JSONParserBase.java:337)
	at net.minidev.json.parser.JSONParserBase.readMain(JSONParserBase.java:470)
	at net.minidev.json.parser.JSONParserBase.readObject(JSONParserBase.java:614)
	at net.minidev.json.parser.JSONParserBase.readMain(JSONParserBase.java:467)
	at net.minidev.json.parser.JSONParserBase.readObject(JSONParserBase.java:614)
	at net.minidev.json.parser.JSONParserBase.readMain(JSONParserBase.java:467)
	at net.minidev.json.parser.JSONParserBase.readArray(JSONParserBase.java:337)
	at net.minidev.json.parser.JSONParserBase.readMain(JSONParserBase.java:470)
	at net.minidev.json.parser.JSONParserBase.readObject(JSONParserBase.java:614)
	at net.minidev.json.parser.JSONParserBase.readMain(JSONParserBase.java:467)
	at net.minidev.json.parser.JSONParserBase.readObject(JSONParserBase.java:614)
	at net.minidev.json.parser.JSONParserBase.readMain(JSONParserBase.java:467)
	at net.minidev.json.parser.JSONParserBase.readArray(JSONParserBase.java:337)
	at net.minidev.json.parser.JSONParserBase.readMain(JSONParserBase.java:470)
	at net.minidev.json.parser.JSONParserBase.readObject(JSONParserBase.java:614)
	at net.minidev.json.parser.JSONParserBase.readMain(JSONParserBase.java:467)
	at net.minidev.json.parser.JSONParserBase.readObject(JSONParserBase.java:614)
	at net.minidev.json.parser.JSONParserBase.readMain(JSONParserBase.java:467)
	at net.minidev.json.parser.JSONParserBase.readArray(JSONParserBase.java:337)
	at net.minidev.json.parser.JSONParserBase.readMain(JSONParserBase.java:470)
	at net.minidev.json.parser.JSONParserBase.readObject(JSONParserBase.java:614)
	at net.minidev.json.parser.JSONParserBase.readMain(JSONParserBase.java:467)
	at net.minidev.json.parser.JSONParserBase.readObject(JSONParserBase.java:614)
	at net.minidev.json.parser.JSONParserBase.readMain(JSONParserBase.java:467)
	at net.minidev.json.parser.JSONParserBase.readArray(JSONParserBase.java:337)
	at net.minidev.json.parser.JSONParserBase.readMain(JSONParserBase.java:470)
	at net.minidev.json.parser.JSONParserBase.readObject(JSONParserBase.java:614)
	at net.minidev.json.parser.JSONParserBase.readMain(JSONParserBase.java:467)
	at net.minidev.json.parser.JSONParserBase.readObject(JSONParserBase.java:614)
	at net.minidev.json.parser.JSONParserBase.readMain(JSONParserBase.java:467)
	at net.minidev.json.parser.JSONParserBase.readArray(JSONParserBase.java:337)
	at net.minidev.json.parser.JSONParserBase.readMain(JSONParserBase.java:470)
	at net.minidev.json.parser.JSONParserBase.readObject(JSONParserBase.java:614)
	at net.minidev.json.parser.JSONParserBase.readMain(JSONParserBase.java:467)
	at net.minidev.json.parser.JSONParserBase.readObject(JSONParserBase.java:614)
	at net.minidev.json.parser.JSONParserBase.readMain(JSONParserBase.java:467)
	at net.minidev.json.parser.JSONParserBase.readArray(JSONParserBase.java:337)
	at net.minidev.json.parser.JSONParserBase.readMain(JSONParserBase.java:470)
	at net.minidev.json.parser.JSONParserBase.readObject(JSONParserBase.java:614)
	at net.minidev.json.parser.JSONParserBase.readMain(JSONParserBase.java:467)
	at net.minidev.json.parser.JSONParserBase.readObject(JSONParserBase.java:614)
	at net.minidev.json.parser.JSONParserBase.readMain(JSONParserBase.java:467)
	at net.minidev.json.parser.JSONParserBase.readArray(JSONParserBase.java:337)
	at net.minidev.json.parser.JSONParserBase.readMain(JSONParserBase.java:470)
	at net.minidev.json.parser.JSONParserBase.readObject(JSONParserBase.java:614)
	at net.minidev.json.parser.JSONParserBase.readMain(JSONParserBase.java:467)
	at net.minidev.json.parser.JSONParserBase.readObject(JSONParserBase.java:614)
	at net.minidev.json.parser.JSONParserBase.readMain(JSONParserBase.java:467)
	at net.minidev.json.parser.JSONParserBase.readArray(JSONParserBase.java:337)
	at net.minidev.json.parser.JSONParserBase.readMain(JSONParserBase.java:470)
	at net.minidev.json.parser.JSONParserBase.readObject(JSONParserBase.java:614)
	at net.minidev.json.parser.JSONParserBase.readMain(JSONParserBase.java:467)
	at net.minidev.json.parser.JSONParserBase.readObject(JSONParserBase.java:614)
	at net.minidev.json.parser.JSONParserBase.readMain(JSONParserBase.java:467)
	at net.minidev.json.parser.JSONParserBase.readArray(JSONParserBase.java:337)
	at net.minidev.json.parser.JSONParserBase.readMain(JSONParserBase.java:470)
	at net.minidev.json.parser.JSONParserBase.readObject(JSONParserBase.java:614)
	at net.minidev.json.parser.JSONParserBase.readMain(JSONParserBase.java:467)
	at net.minidev.json.parser.JSONParserBase.readObject(JSONParserBase.java:614)
	at net.minidev.json.parser.JSONParserBase.readMain(JSONParserBase.java:467)
	at net.minidev.json.parser.JSONParserBase.readArray(JSONParserBase.java:337)
	at net.minidev.json.parser.JSONParserBase.readMain(JSONParserBase.java:470)
	at net.minidev.json.parser.JSONParserBase.readObject(JSONParserBase.java:614)
	at net.minidev.json.parser.JSONParserBase.readMain(JSONParserBase.java:467)
	at net.minidev.json.parser.JSONParserBase.readObject(JSONParserBase.java:614)
	at net.minidev.json.parser.JSONParserBase.readMain(JSONParserBase.java:467)
	at net.minidev.json.parser.JSONParserBase.readArray(JSONParserBase.java:337)
	at net.minidev.json.parser.JSONParserBase.readMain(JSONParserBase.java:470)
	at net.minidev.json.parser.JSONParserBase.readObject(JSONParserBase.java:614)
	at net.minidev.json.parser.JSONParserBase.readMain(JSONParserBase.java:467)
	at net.minidev.json.parser.JSONParserBase.readObject(JSONParserBase.java:614)
	at net.minidev.json.parser.JSONParserBase.readMain(JSONParserBase.java:467)
	at net.minidev.json.parser.JSONParserBase.readArray(JSONParserBase.java:337)
	at net.minidev.json.parser.JSONParserBase.readMain(JSONParserBase.java:470)
	at net.minidev.json.parser.JSONParserBase.readObject(JSONParserBase.java:614)
	at net.minidev.json.parser.JSONParserBase.readMain(JSONParserBase.java:467)
	at net.minidev.json.parser.JSONParserBase.readObject(JSONParserBase.java:614)
	at net.minidev.json.parser.JSONParserBase.readMain(JSONParserBase.java:467)
	at net.minidev.json.parser.JSONParserBase.readArray(JSONParserBase.java:337)
	at net.minidev.json.parser.JSONParserBase.readMain(JSONParserBase.java:470)
	at net.minidev.json.parser.JSONParserBase.readObject(JSONParserBase.java:614)
	at net.minidev.json.parser.JSONParserBase.readMain(JSONParserBase.java:467)
	at net.minidev.json.parser.JSONParserBase.readObject(JSONParserBase.java:614)
	at net.minidev.json.parser.JSONParserBase.readMain(JSONParserBase.java:467)
	at net.minidev.json.parser.JSONParserBase.readArray(JSONParserBase.java:337)
	at net.minidev.json.parser.JSONParserBase.readMain(JSONParserBase.java:470)
	at net.minidev.json.parser.JSONParserBase.readObject(JSONParserBase.java:614)
	at net.minidev.json.parser.JSONParserBase.readMain(JSONParserBase.java:467)
	at net.minidev.json.parser.JSONParserBase.readObject(JSONParserBase.java:614)
	at net.minidev.json.parser.JSONParserBase.readMain(JSONParserBase.java:467)
	at net.minidev.json.parser.JSONParserBase.readArray(JSONParserBase.java:337)
	at net.minidev.json.parser.JSONParserBase.readMain(JSONParserBase.java:470)
	at net.minidev.json.parser.JSONParserBase.readObject(JSONParserBase.java:614)
	at net.minidev.json.parser.JSONParserBase.readMain(JSONParserBase.java:467)
	at net.minidev.json.parser.JSONParserBase.readObject(JSONParserBase.java:614)
	at net.minidev.json.parser.JSONParserBase.readMain(JSONParserBase.java:467)
	at net.minidev.json.parser.JSONParserBase.readArray(JSONParserBase.java:337)
	at net.minidev.json.parser.JSONParserBase.readMain(JSONParserBase.java:470)
	at net.minidev.json.parser.JSONParserBase.readObject(JSONParserBase.java:614)
	at net.minidev.json.parser.JSONParserBase.readMain(JSONParserBase.java:467)
	at net.minidev.json.parser.JSONParserBase.readObject(JSONParserBase.java:614)
	at net.minidev.json.parser.JSONParserBase.readMain(JSONParserBase.java:467)
	at net.minidev.json.parser.JSONParserBase.readArray(JSONParserBase.java:337)
	at net.minidev.json.parser.JSONParserBase.readMain(JSONParserBase.java:470)
	at net.minidev.json.parser.JSONParserBase.readObject(JSONParserBase.java:614)
	at net.minidev.json.parser.JSONParserBase.readMain(JSONParserBase.java:467)
	at net.minidev.json.parser.JSONParserBase.readObject(JSONParserBase.java:614)
	at net.minidev.json.parser.JSONParserBase.readMain(JSONParserBase.java:467)
	at net.minidev.json.parser.JSONParserBase.readArray(JSONParserBase.java:337)
	at net.minidev.json.parser.JSONParserBase.readMain(JSONParserBase.java:470)
	at net.minidev.json.parser.JSONParserBase.readObject(JSONParserBase.java:614)
	at net.minidev.json.parser.JSONParserBase.readMain(JSONParserBase.java:467)
	at net.minidev.json.parser.JSONParserBase.readObject(JSONParserBase.java:614)
	at net.minidev.json.parser.JSONParserBase.readMain(JSONParserBase.java:467)
	at net.minidev.json.parser.JSONParserBase.readArray(JSONParserBase.java:337)
	at net.minidev.json.parser.JSONParserBase.readMain(JSONParserBase.java:470)
	at net.minidev.json.parser.JSONParserBase.readObject(JSONParserBase.java:614)
	at net.minidev.json.parser.JSONParserBase.readMain(JSONParserBase.java:467)
	at net.minidev.json.parser.JSONParserBase.readObject(JSONParserBase.java:614)
	at net.minidev.json.parser.JSONParserBase.readMain(JSONParserBase.java:467)
	at net.minidev.json.parser.JSONParserBase.readArray(JSONParserBase.java:337)
	at net.minidev.json.parser.JSONParserBase.readMain(JSONParserBase.java:470)
	at net.minidev.json.parser.JSONParserBase.readObject(JSONParserBase.java:614)
	at net.minidev.json.parser.JSONParserBase.readMain(JSONParserBase.java:467)
	at net.minidev.json.parser.JSONParserBase.readObject(JSONParserBase.java:614)
	at net.minidev.json.parser.JSONParserBase.readMain(JSONParserBase.java:467)
	at net.minidev.json.parser.JSONParserBase.readArray(JSONParserBase.java:337)
	at net.minidev.json.parser.JSONParserBase.readMain(JSONParserBase.java:470)
	at net.minidev.json.parser.JSONParserBase.readObject(JSONParserBase.java:614)
	at net.minidev.json.parser.JSONParserBase.readMain(JSONParserBase.java:467)
	at net.minidev.json.parser.JSONParserBase.readObject(JSONParserBase.java:614)
	at net.minidev.json.parser.JSONParserBase.readMain(JSONParserBase.java:467)
	at net.minidev.json.parser.JSONParserBase.readArray(JSONParserBase.java:337)
	at net.minidev.json.parser.JSONParserBase.readMain(JSONParserBase.java:470)
	at net.minidev.json.parser.JSONParserBase.readObject(JSONParserBase.java:614)
	at net.minidev.json.parser.JSONParserBase.readMain(JSONParserBase.java:467)
	at net.minidev.json.parser.JSONParserBase.readObject(JSONParserBase.java:614)
	at net.minidev.json.parser.JSONParserBase.readMain(JSONParserBase.java:467)
	at net.minidev.json.parser.JSONParserBase.readArray(JSONParserBase.java:337)
	at net.minidev.json.parser.JSONParserBase.readMain(JSONParserBase.java:470)
	at net.minidev.json.parser.JSONParserBase.readObject(JSONParserBase.java:614)
	at net.minidev.json.parser.JSONParserBase.readMain(JSONParserBase.java:467)
	at net.minidev.json.parser.JSONParserBase.readObject(JSONParserBase.java:614)
	at net.minidev.json.parser.JSONParserBase.readMain(JSONParserBase.java:467)
	at net.minidev.json.parser.JSONParserBase.readArray(JSONParserBase.java:337)
	at net.minidev.json.parser.JSONParserBase.readMain(JSONParserBase.java:470)
	at net.minidev.json.parser.JSONParserBase.readObject(JSONParserBase.java:614)
	at net.minidev.json.parser.JSONParserBase.readMain(JSONParserBase.java:467)
	at net.minidev.json.parser.JSONParserBase.readObject(JSONParserBase.java:614)
	at net.minidev.json.parser.JSONParserBase.readMain(JSONParserBase.java:467)
	at net.minidev.json.parser.JSONParserBase.readArray(JSONParserBase.java:337)
	at net.minidev.json.parser.JSONParserBase.readMain(JSONParserBase.java:470)
	at net.minidev.json.parser.JSONParserBase.readObject(JSONParserBase.java:614)
	at net.minidev.json.parser.JSONParserBase.readMain(JSONParserBase.java:467)
	at net.minidev.json.parser.JSONParserBase.readObject(JSONParserBase.java:614)
	at net.minidev.json.parser.JSONParserBase.readMain(JSONParserBase.java:467)
	at net.minidev.json.parser.JSONParserBase.readArray(JSONParserBase.java:337)
	at net.minidev.json.parser.JSONParserBase.readMain(JSONParserBase.java:470)
	at net.minidev.json.parser.JSONParserBase.readObject(JSONParserBase.java:614)
	at net.minidev.json.parser.JSONParserBase.readMain(JSONParserBase.java:467)
	at net.minidev.json.parser.JSONParserBase.readObject(JSONParserBase.java:614)
	at net.minidev.json.parser.JSONParserBase.readMain(JSONParserBase.java:467)
	at net.minidev.json.parser.JSONParserBase.readArray(JSONParserBase.java:337)
	at net.minidev.json.parser.JSONParserBase.readMain(JSONParserBase.java:470)
	at net.minidev.json.parser.JSONParserBase.readObject(JSONParserBase.java:614)
	at net.minidev.json.parser.JSONParserBase.readMain(JSONParserBase.java:467)
	at net.minidev.json.parser.JSONParserBase.readObject(JSONParserBase.java:614)
	at net.minidev.json.parser.JSONParserBase.readMain(JSONParserBase.java:467)
	at net.minidev.json.parser.JSONParserBase.readArray(JSONParserBase.java:337)
	at net.minidev.json.parser.JSONParserBase.readMain(JSONParserBase.java:470)
	at net.minidev.json.parser.JSONParserBase.readObject(JSONParserBase.java:614)
	at net.minidev.json.parser.JSONParserBase.readMain(JSONParserBase.java:467)
	at net.minidev.json.parser.JSONParserBase.readObject(JSONParserBase.java:614)
	at net.minidev.json.parser.JSONParserBase.readMain(JSONParserBase.java:467)
	at net.minidev.json.parser.JSONParserBase.readArray(JSONParserBase.java:337)
	at net.minidev.json.parser.JSONParserBase.readMain(JSONParserBase.java:470)
	at net.minidev.json.parser.JSONParserBase.readObject(JSONParserBase.java:614)
	at net.minidev.json.parser.JSONParserBase.readMain(JSONParserBase.java:467)
	at net.minidev.json.parser.JSONParserBase.readObject(JSONParserBase.java:614)
	at net.minidev.json.parser.JSONParserBase.readMain(JSONParserBase.java:467)
	at net.minidev.json.parser.JSONParserBase.readArray(JSONParserBase.java:337)
	at net.minidev.json.parser.JSONParserBase.readMain(JSONParserBase.java:470)
	at net.minidev.json.parser.JSONParserBase.readObject(JSONParserBase.java:614)
	at net.minidev.json.parser.JSONParserBase.readMain(JSONParserBase.java:467)
	at net.minidev.json.parser.JSONParserBase.readObject(JSONParserBase.java:614)
	at net.minidev.json.parser.JSONParserBase.readMain(JSONParserBase.java:467)
	at net.minidev.json.parser.JSONParserBase.readArray(JSONParserBase.java:337)
	at net.minidev.json.parser.JSONParserBase.readMain(JSONParserBase.java:470)
	at net.minidev.json.parser.JSONParserBase.readObject(JSONParserBase.java:614)
	at net.minidev.json.parser.JSONParserBase.readMain(JSONParserBase.java:467)
	at net.minidev.json.parser.JSONParserBase.readObject(JSONParserBase.java:614)
	at net.minidev.json.parser.JSONParserBase.readMain(JSONParserBase.java:467)
	at net.minidev.json.parser.JSONParserBase.readArray(JSONParserBase.java:337)
	at net.minidev.json.parser.JSONParserBase.readMain(JSONParserBase.java:470)
	at net.minidev.json.parser.JSONParserBase.readObject(JSONParserBase.java:614)
	at net.minidev.json.parser.JSONParserBase.readMain(JSONParserBase.java:467)
	at net.minidev.json.parser.JSONParserBase.readObject(JSONParserBase.java:614)
	at net.minidev.json.parser.JSONParserBase.readMain(JSONParserBase.java:467)
	at net.minidev.json.parser.JSONParserBase.readArray(JSONParserBase.java:337)
	at net.minidev.json.parser.JSONParserBase.readMain(JSONParserBase.java:470)
	at net.minidev.json.parser.JSONParserBase.readObject(JSONParserBase.java:614)
	at net.minidev.json.parser.JSONParserBase.readMain(JSONParserBase.java:467)
	at net.minidev.json.parser.JSONParserBase.readObject(JSONParserBase.java:614)
	at net.minidev.json.parser.JSONParserBase.readMain(JSONParserBase.java:467)
	at net.minidev.json.parser.JSONParserBase.readArray(JSONParserBase.java:337)
	at net.minidev.json.parser.JSONParserBase.readMain(JSONParserBase.java:470)
	at net.minidev.json.parser.JSONParserBase.readObject(JSONParserBase.java:614)
	at net.minidev.json.parser.JSONParserBase.readMain(JSONParserBase.java:467)
	at net.minidev.json.parser.JSONParserBase.readObject(JSONParserBase.java:614)
	at net.minidev.json.parser.JSONParserBase.readMain(JSONParserBase.java:467)
	at net.minidev.json.parser.JSONParserBase.readArray(JSONParserBase.java:337)
	at net.minidev.json.parser.JSONParserBase.readMain(JSONParserBase.java:470)
	at net.minidev.json.parser.JSONParserBase.readObject(JSONParserBase.java:614)
	at net.minidev.json.parser.JSONParserBase.readMain(JSONParserBase.java:467)
	at net.minidev.json.parser.JSONParserBase.readObject(JSONParserBase.java:614)
	at net.minidev.json.parser.JSONParserBase.readMain(JSONParserBase.java:467)
	at net.minidev.json.parser.JSONParserBase.readArray(JSONParserBase.java:337)
	at net.minidev.json.parser.JSONParserBase.readMain(JSONParserBase.java:470)
	at net.minidev.json.parser.JSONParserBase.readObject(JSONParserBase.java:614)
	at net.minidev.json.parser.JSONParserBase.readMain(JSONParserBase.java:467)
	at net.minidev.json.parser.JSONParserBase.readObject(JSONParserBase.java:614)
	at net.minidev.json.parser.JSONParserBase.readMain(JSONParserBase.java:467)
	at net.minidev.json.parser.JSONParserBase.readArray(JSONParserBase.java:337)
	at net.minidev.json.parser.JSONParserBase.readMain(JSONParserBase.java:470)
	at net.minidev.json.parser.JSONParserBase.readObject(JSONParserBase.java:614)
	at net.minidev.json.parser.JSONParserBase.readMain(JSONParserBase.java:467)
	at net.minidev.json.parser.JSONParserBase.readObject(JSONParserBase.java:614)
	at net.minidev.json.parser.JSONParserBase.readMain(JSONParserBase.java:467)
	at net.minidev.json.parser.JSONParserBase.readArray(JSONParserBase.java:337)
	at net.minidev.json.parser.JSONParserBase.readMain(JSONParserBase.java:470)
	at net.minidev.json.parser.JSONParserBase.readObject(JSONParserBase.java:614)
	at net.minidev.json.parser.JSONParserBase.readMain(JSONParserBase.java:467)
	at net.minidev.json.parser.JSONParserBase.readObject(JSONParserBase.java:614)
	at net.minidev.json.parser.JSONParserBase.readMain(JSONParserBase.java:467)
	at net.minidev.json.parser.JSONParserBase.readArray(JSONParserBase.java:337)
	at net.minidev.json.parser.JSONParserBase.readMain(JSONParserBase.java:470)
	at net.minidev.json.parser.JSONParserBase.readObject(JSONParserBase.java:614)
	at net.minidev.json.parser.JSONParserBase.readMain(JSONParserBase.java:467)
	at net.minidev.json.parser.JSONParserBase.readObject(JSONParserBase.java:614)
	at net.minidev.json.parser.JSONParserBase.readMain(JSONParserBase.java:467)
	at net.minidev.json.parser.JSONParserBase.readArray(JSONParserBase.java:337)
	at net.minidev.json.parser.JSONParserBase.readMain(JSONParserBase.java:470)
	at net.minidev.json.parser.JSONParserBase.readObject(JSONParserBase.java:614)
	at net.minidev.json.parser.JSONParserBase.readMain(JSONParserBase.java:467)
	at net.minidev.json.parser.JSONParserBase.readObject(JSONParserBase.java:614)
	at net.minidev.json.parser.JSONParserBase.readMain(JSONParserBase.java:467)
	at net.minidev.json.parser.JSONParserBase.readArray(JSONParserBase.java:337)
	at net.minidev.json.parser.JSONParserBase.readMain(JSONParserBase.java:470)
	at net.minidev.json.parser.JSONParserBase.readObject(JSONParserBase.java:614)
	at net.minidev.json.parser.JSONParserBase.readMain(JSONParserBase.java:467)
	at net.minidev.json.parser.JSONParserBase.readObject(JSONParserBase.java:614)
	at net.minidev.json.parser.JSONParserBase.readMain(JSONParserBase.java:467)
	at net.minidev.json.parser.JSONParserBase.readArray(JSONParserBase.java:337)
	at net.minidev.json.parser.JSONParserBase.readMain(JSONParserBase.java:470)
	at net.minidev.json.parser.JSONParserBase.readObject(JSONParserBase.java:614)
	at net.minidev.json.parser.JSONParserBase.readMain(JSONParserBase.java:467)
	at net.minidev.json.parser.JSONParserBase.readObject(JSONParserBase.java:614)
	at net.minidev.json.parser.JSONParserBase.readMain(JSONParserBase.java:467)
	at net.minidev.json.parser.JSONParserBase.readArray(JSONParserBase.java:337)
	at net.minidev.json.parser.JSONParserBase.readMain(JSONParserBase.java:470)
	at net.minidev.json.parser.JSONParserBase.readObject(JSONParserBase.java:614)
	at net.minidev.json.parser.JSONParserBase.readMain(JSONParserBase.java:467)
	at net.minidev.json.parser.JSONParserBase.readObject(JSONParserBase.java:614)
	at net.minidev.json.parser.JSONParserBase.readMain(JSONParserBase.java:467)
	at net.minidev.json.parser.JSONParserBase.readArray(JSONParserBase.java:337)
	at net.minidev.json.parser.JSONParserBase.readMain(JSONParserBase.java:470)
	at net.minidev.json.parser.JSONParserBase.readObject(JSONParserBase.java:614)
	at net.minidev.json.parser.JSONParserBase.readMain(JSONParserBase.java:467)
	at net.minidev.json.parser.JSONParserBase.readObject(JSONParserBase.java:614)
	at net.minidev.json.parser.JSONParserBase.readMain(JSONParserBase.java:467)
	at net.minidev.json.parser.JSONParserBase.readArray(JSONParserBase.java:337)
	at net.minidev.json.parser.JSONParserBase.readMain(JSONParserBase.java:470)
	at net.minidev.json.parser.JSONParserBase.readObject(JSONParserBase.java:614)
	at net.minidev.json.parser.JSONParserBase.readMain(JSONParserBase.java:467)
	at net.minidev.json.parser.JSONParserBase.readObject(JSONParserBase.java:614)
	at net.minidev.json.parser.JSONParserBase.readMain(JSONParserBase.java:467)
	at net.minidev.json.parser.JSONParserBase.readArray(JSONParserBase.java:337)
	at net.minidev.json.parser.JSONParserBase.readMain(JSONParserBase.java:470)
	at net.minidev.json.parser.JSONParserBase.readObject(JSONParserBase.java:614)
	at net.minidev.json.parser.JSONParserBase.readMain(JSONParserBase.java:467)
	at net.minidev.json.parser.JSONParserBase.readObject(JSONParserBase.java:614)
	at net.minidev.json.parser.JSONParserBase.readMain(JSONParserBase.java:467)
	at net.minidev.json.parser.JSONParserBase.readArray(JSONParserBase.java:337)
	at net.minidev.json.parser.JSONParserBase.readMain(JSONParserBase.java:470)
	at net.minidev.json.parser.JSONParserBase.readObject(JSONParserBase.java:614)
	at net.minidev.json.parser.JSONParserBase.readMain(JSONParserBase.java:467)
	at net.minidev.json.parser.JSONParserBase.readObject(JSONParserBase.java:614)
	at net.minidev.json.parser.JSONParserBase.readMain(JSONParserBase.java:467)
	at net.minidev.json.parser.JSONParserBase.readArray(JSONParserBase.java:337)
	at net.minidev.json.parser.JSONParserBase.readMain(JSONParserBase.java:470)
	at net.minidev.json.parser.JSONParserBase.readObject(JSONParserBase.java:614)
	at net.minidev.json.parser.JSONParserBase.readMain(JSONParserBase.java:467)
	at net.minidev.json.parser.JSONParserBase.readObject(JSONParserBase.java:614)
	at net.minidev.json.parser.JSONParserBase.readMain(JSONParserBase.java:467)
	at net.minidev.json.parser.JSONParserBase.readArray(JSONParserBase.java:337)
	at net.minidev.json.parser.JSONParserBase.readMain(JSONParserBase.java:470)
	at net.minidev.json.parser.JSONParserBase.readObject(JSONParserBase.java:614)
	at net.minidev.json.parser.JSONParserBase.readFirst(JSONParserBase.java:365)
	at net.minidev.json.parser.JSONParserBase.parse(JSONParserBase.java:218)
	at net.minidev.json.parser.JSONParserString.parse(JSONParserString.java:58)
	at net.minidev.json.parser.JSONParser.parse(JSONParser.java:285)
	at com.jayway.jsonpath.spi.json.JsonSmartJsonProvider.parse(JsonSmartJsonProvider.java:62)
	... 10 more
]]></failure>
    <system-out><![CDATA[2025-04-02T11:51:35.708+05:30  WARN 57852 --- [           main] .w.s.m.s.DefaultHandlerExceptionResolver : Ignoring exception, response committed already: org.springframework.http.converter.HttpMessageNotWritableException: Could not write JSON: Infinite recursion (StackOverflowError)
2025-04-02T11:51:35.708+05:30  WARN 57852 --- [           main] .w.s.m.s.DefaultHandlerExceptionResolver : Resolved [org.springframework.http.converter.HttpMessageNotWritableException: Could not write JSON: Infinite recursion (StackOverflowError)]

MockHttpServletRequest:
      HTTP Method = GET
      Request URI = /api/orders/1
       Parameters = {}
          Headers = []
             Body = null
    Session Attrs = {}

Handler:
             Type = com.example.ordermanagement.controller.OrderController
           Method = com.example.ordermanagement.controller.OrderController#getOrderById(Long)

Async:
    Async started = false
     Async result = null

Resolved Exception:
             Type = org.springframework.http.converter.HttpMessageNotWritableException

ModelAndView:
        View name = null
             View = null
            Model = null

FlashMap:
       Attributes = null

MockHttpServletResponse:
           Status = 200
    Error message = null
          Headers = [Content-Type:"application/json"]
     Content type = application/json
             Body = {"id":1,"customerName":"Test Customer","customerEmail":"test@example.com","status":"PENDING","createdAt":null,"updatedAt":null,"items":[{"id":1,"productName":"Test Product","quantity":2,"price":10.0,"order":{"id":1,"customerName":"Test Customer","customerEmail":"test@example.com","status":"PENDING","createdAt":null,"updatedAt":null,"items":[{"id":1,"productName":"Test Product","quantity":2,"price":10.0,"order":{"id":1,"customerName":"Test Customer","customerEmail":"test@example.com","status":"PENDING","createdAt":null,"updatedAt":null,"items":[{"id":1,"productName":"Test Product","quantity":2,"price":10.0,"order":{"id":1,"customerName":"Test Customer","customerEmail":"test@example.com","status":"PENDING","createdAt":null,"updatedAt":null,"items":[{"id":1,"productName":"Test Product","quantity":2,"price":10.0,"order":{"id":1,"customerName":"Test Customer","customerEmail":"test@example.com","status":"PENDING","createdAt":null,"updatedAt":null,"items":[{"id":1,"productName":"Test Product","quantity":2,"price":10.0,"order":{"id":1,"customerName":"Test Customer","customerEmail":"test@example.com","status":"PENDING","createdAt":null,"updatedAt":null,"items":[{"id":1,"productName":"Test Product","quantity":2,"price":10.0,"order":{"id":1,"customerName":"Test Customer","customerEmail":"test@example.com","status":"PENDING","createdAt":null,"updatedAt":null,"items":[{"id":1,"productName":"Test Product","quantity":2,"price":10.0,"order":{"id":1,"customerName":"Test Customer","customerEmail":"test@example.com","status":"PENDING","createdAt":null,"updatedAt":null,"items":[{"id":1,"productName":"Test Product","quantity":2,"price":10.0,"order":{"id":1,"customerName":"Test Customer","customerEmail":"test@example.com","status":"PENDING","createdAt":null,"updatedAt":null,"items":[{"id":1,"productName":"Test Product","quantity":2,"price":10.0,"order":{"id":1,"customerName":"Test Customer","customerEmail":"test@example.com","status":"PENDING","createdAt":null,"updatedAt":null,"items":[{"id":1,"productName":"Test Product","quantity":2,"price":10.0,"order":{"id":1,"customerName":"Test Customer","customerEmail":"test@example.com","status":"PENDING","createdAt":null,"updatedAt":null,"items":[{"id":1,"productName":"Test Product","quantity":2,"price":10.0,"order":{"id":1,"customerName":"Test Customer","customerEmail":"test@example.com","status":"PENDING","createdAt":null,"updatedAt":null,"items":[{"id":1,"productName":"Test Product","quantity":2,"price":10.0,"order":{"id":1,"customerName":"Test Customer","customerEmail":"test@example.com","status":"PENDING","createdAt":null,"updatedAt":null,"items":[{"id":1,"productName":"Test Product","quantity":2,"price":10.0,"order":{"id":1,"customerName":"Test Customer","customerEmail":"test@example.com","status":"PENDING","createdAt":null,"updatedAt":null,"items":[{"id":1,"productName":"Test Product","quantity":2,"price":10.0,"order":{"id":1,"customerName":"Test Customer","customerEmail":"test@example.com","status":"PENDING","createdAt":null,"updatedAt":null,"items":[{"id":1,"productName":"Test Product","quantity":2,"price":10.0,"order":{"id":1,"customerName":"Test Customer","customerEmail":"test@example.com","status":"PENDING","createdAt":null,"updatedAt":null,"items":[{"id":1,"productName":"Test Product","quantity":2,"price":10.0,"order":{"id":1,"customerName":"Test Customer","customerEmail":"test@example.com","status":"PENDING","createdAt":null,"updatedAt":null,"items":[{"id":1,"productName":"Test Product","quantity":2,"price":10.0,"order":{"id":1,"customerName":"Test Customer","customerEmail":"test@example.com","status":"PENDING","createdAt":null,"updatedAt":null,"items":[{"id":1,"productName":"Test Product","quantity":2,"price":10.0,"order":{"id":1,"customerName":"Test Customer","customerEmail":"test@example.com","status":"PENDING","createdAt":null,"updatedAt":null,"items":[{"id":1,"productName":"Test Product","quantity":2,"price":10.0,"order":{"id":1,"customerName":"Test Customer","customerEmail":"test@example.com","status":"PENDING","createdAt":null,"updatedAt":null,"items":[{"id":1,"productName":"Test Product","quantity":2,"price":10.0,"order":{"id":1,"customerName":"Test Customer","customerEmail":"test@example.com","status":"PENDING","createdAt":null,"updatedAt":null,"items":[{"id":1,"productName":"Test Product","quantity":2,"price":10.0,"order":{"id":1,"customerName":"Test Customer","customerEmail":"test@example.com","status":"PENDING","createdAt":null,"updatedAt":null,"items":[{"id":1,"productName":"Test Product","quantity":2,"price":10.0,"order":{"id":1,"customerName":"Test Customer","customerEmail":"test@example.com","status":"PENDING","createdAt":null,"updatedAt":null,"items":[{"id":1,"productName":"Test Product","quantity":2,"price":10.0,"order":{"id":1,"customerName":"Test Customer","customerEmail":"test@example.com","status":"PENDING","createdAt":null,"updatedAt":null,"items":[{"id":1,"productName":"Test Product","quantity":2,"price":10.0,"order":{"id":1,"customerName":"Test Customer","customerEmail":"test@example.com","status":"PENDING","createdAt":null,"updatedAt":null,"items":[{"id":1,"productName":"Test Product","quantity":2,"price":10.0,"order":{"id":1,"customerName":"Test Customer","customerEmail":"test@example.com","status":"PENDING","createdAt":null,"updatedAt":null,"items":[{"id":1,"productName":"Test Product","quantity":2,"price":10.0,"order":{"id":1,"customerName":"Test Customer","customerEmail":"test@example.com","status":"PENDING","createdAt":null,"updatedAt":null,"items":[{"id":1,"productName":"Test Product","quantity":2,"price":10.0,"order":{"id":1,"customerName":"Test Customer","customerEmail":"test@example.com","status":"PENDING","createdAt":null,"updatedAt":null,"items":[{"id":1,"productName":"Test Product","quantity":2,"price":10.0,"order":{"id":1,"customerName":"Test Customer","customerEmail":"test@example.com","status":"PENDING","createdAt":null,"updatedAt":null,"items":[{"id":1,"productName":"Test Product","quantity":2,"price":10.0,"order":{"id":1,"customerName":"Test Customer","customerEmail":"test@example.com","status":"PENDING","createdAt":null,"updatedAt":null,"items":[{"id":1,"productName":"Test Product","quantity":2,"price":10.0,"order":{"id":1,"customerName":"Test Customer","customerEmail":"test@example.com","status":"PENDING","createdAt":null,"updatedAt":null,"items":[{"id":1,"productName":"Test Product","quantity":2,"price":10.0,"order":{"id":1,"customerName":"Test Customer","customerEmail":"test@example.com","status":"PENDING","createdAt":null,"updatedAt":null,"items":[{"id":1,"productName":"Test Product","quantity":2,"price":10.0,"order":{"id":1,"customerName":"Test Customer","customerEmail":"test@example.com","status":"PENDING","createdAt":null,"updatedAt":null,"items":[{"id":1,"productName":"Test Product","quantity":2,"price":10.0,"order":{"id":1,"customerName":"Test Customer","customerEmail":"test@example.com","status":"PENDING","createdAt":null,"updatedAt":null,"items":[{"id":1,"productName":"Test Product","quantity":2,"price":10.0,"order":{"id":1,"customerName":"Test Customer","customerEmail":"test@example.com","status":"PENDING","createdAt":null,"updatedAt":null,"items":[{"id":1,"productName":"Test Product","quantity":2,"price":10.0,"order":{"id":1,"customerName":"Test Customer","customerEmail":"test@example.com","status":"PENDING","createdAt":null,"updatedAt":null,"items":[{"id":1,"productName":"Test Product","quantity":2,"price":10.0,"order":{"id":1,"customerName":"Test Customer","customerEmail":"test@example.com","status":"PENDING","createdAt":null,"updatedAt":null,"items":[{"id":1,"productName":"Test Product","quantity":2,"price":10.0,"order":{"id":1,"customerName":"Test Customer","customerEmail":"test@example.com","status":"PENDING","createdAt":null,"updatedAt":null,"items":[{"id":1,"productName":"Test Product","quantity":2,"price":10.0,"order":{"id":1,"customerName":"Test Customer","customerEmail":"test@example.com","status":"PENDING","createdAt":null,"updatedAt":null,"items":[{"id":1,"productName":"Test Product","quantity":2,"price":10.0,"order":{"id":1,"customerName":"Test Customer","customerEmail":"test@example.com","status":"PENDING","createdAt":null,"updatedAt":null,"items":[{"id":1,"productName":"Test Product","quantity":2,"price":10.0,"order":{"id":1,"customerName":"Test Customer","customerEmail":"test@example.com","status":"PENDING","createdAt":null,"updatedAt":null,"items":[{"id":1,"productName":"Test Product","quantity":2,"price":10.0,"order":{"id":1,"customerName":"Test Customer","customerEmail":"test@example.com","status":"PENDING","createdAt":null,"updatedAt":null,"items":[{"id":1,"productName":"Test Product","quantity":2,"price":10.0,"order":{"id":1,"customerName":"Test Customer","customerEmail":"test@example.com","status":"PENDING","createdAt":null,"updatedAt":null,"items":[{"id":1,"productName":"Test Product","quantity":2,"price":10.0,"order":{"id":1,"customerName":"Test Customer","customerEmail":"test@example.com","status":"PENDING","createdAt":null,"updatedAt":null,"items":[{"id":1,"productName":"Test Product","quantity":2,"price":10.0,"order":{"id":1,"customerName":"Test Customer","customerEmail":"test@example.com","status":"PENDING","createdAt":null,"updatedAt":null,"items":[{"id":1,"productName":"Test Product","quantity":2,"price":10.0,"order":{"id":1,"customerName":"Test Customer","customerEmail":"test@example.com","status":"PENDING","createdAt":null,"updatedAt":null,"items":[{"id":1,"productName":"Test Product","quantity":2,"price":10.0,"order":{"id":1,"customerName":"Test Customer","customerEmail":"test@example.com","status":"PENDING","createdAt":null,"updatedAt":null,"items":[{"id":1,"productName":"Test Product","quantity":2,"price":10.0,"order":{"id":1,"customerName":"Test Customer","customerEmail":"test@example.com","status":"PENDING","createdAt":null,"updatedAt":null,"items":[{"id":1,"productName":"Test Product","quantity":2,"price":10.0,"order":{"id":1,"customerName":"Test Customer","customerEmail":"test@example.com","status":"PENDING","createdAt":null,"updatedAt":null,"items":[{"id":1,"productName":"Test Product","quantity":2,"price":10.0,"order":{"id":1,"customerName":"Test Customer","customerEmail":"test@example.com","status":"PENDING","createdAt":null,"updatedAt":null,"items":[{"id":1,"productName":"Test Product","quantity":2,"price":10.0,"order":{"id":1,"customerName":"Test Customer","customerEmail":"test@example.com","status":"PENDING","createdAt":null,"updatedAt":null,"items":[{"id":1,"productName":"Test Product","quantity":2,"price":10.0,"order":{"id":1,"customerName":"Test Customer","customerEmail":"test@example.com","status":"PENDING","createdAt":null,"updatedAt":null,"items":[{"id":1,"productName":"Test Product","quantity":2,"price":10.0,"order":{"id":1,"customerName":"Test Customer","customerEmail":"test@example.com","status":"PENDING","createdAt":null,"updatedAt":null,"items":[{"id":1,"productName":"Test Product","quantity":2,"price":10.0,"order":{"id":1,"customerName":"Test Customer","customerEmail":"test@example.com","status":"PENDING","createdAt":null,"updatedAt":null,"items":[{"id":1,"productName":"Test Product","quantity":2,"price":10.0,"order":{"id":1,"customerName":"Test Customer","customerEmail":"test@example.com","status":"PENDING","createdAt":null,"updatedAt":null,"items":[{"id":1,"productName":"Test Product","quantity":2,"price":10.0,"order":{"id":1,"customerName":"Test Customer","customerEmail":"test@example.com","status":"PENDING","createdAt":null,"updatedAt":null,"items":[{"id":1,"productName":"Test Product","quantity":2,"price":10.0,"order":{"id":1,"customerName":"Test Customer","customerEmail":"test@example.com","status":"PENDING","createdAt":null,"updatedAt":null,"items":[{"id":1,"productName":"Test Product","quantity":2,"price":10.0,"order":{"id":1,"customerName":"Test Customer","customerEmail":"test@example.com","status":"PENDING","createdAt":null,"updatedAt":null,"items":[{"id":1,"productName":"Test Product","quantity":2,"price":10.0,"order":{"id":1,"customerName":"Test Customer","customerEmail":"test@example.com","status":"PENDING","createdAt":null,"updatedAt":null,"items":[{"id":1,"productName":"Test Product","quantity":2,"price":10.0,"order":{"id":1,"customerName":"Test Customer","customerEmail":"test@example.com","status":"PENDING","createdAt":null,"updatedAt":null,"items":[{"id":1,"productName":"Test Product","quantity":2,"price":10.0,"order":{"id":1,"customerName":"Test Customer","customerEmail":"test@example.com","status":"PENDING","createdAt":null,"updatedAt":null,"items":[{"id":1,"productName":"Test Product","quantity":2,"price":10.0,"order":{"id":1,"customerName":"Test Customer","customerEmail":"test@example.com","status":"PENDING","createdAt":null,"updatedAt":null,"items":[{"id":1,"productName":"Test Product","quantity":2,"price":10.0,"order":{"id":1,"customerName":"Test Customer","customerEmail":"test@example.com","status":"PENDING","createdAt":null,"updatedAt":null,"items":[{"id":1,"productName":"Test Product","quantity":2,"price":10.0,"order":{"id":1,"customerName":"Test Customer","customerEmail":"test@example.com","status":"PENDING","createdAt":null,"updatedAt":null,"items":[{"id":1,"productName":"Test Product","quantity":2,"price":10.0,"order":{"id":1,"customerName":"Test Customer","customerEmail":"test@example.com","status":"PENDING","createdAt":null,"updatedAt":null,"items":[{"id":1,"productName":"Test Product","quantity":2,"price":10.0,"order":{"id":1,"customerName":"Test Customer","customerEmail":"test@example.com","status":"PENDING","createdAt":null,"updatedAt":null,"items":[{"id":1,"productName":"Test Product","quantity":2,"price":10.0,"order":{"id":1,"customerName":"Test Customer","customerEmail":"test@example.com","status":"PENDING","createdAt":null,"updatedAt":null,"items":[{"id":1,"productName":"Test Product","quantity":2,"price":10.0,"order":{"id":1,"customerName":"Test Customer","customerEmail":"test@example.com","status":"PENDING","createdAt":null,"updatedAt":null,"items":[{"id":1,"productName":"Test Product","quantity":2,"price":10.0,"order":{"id":1,"customerName":"Test Customer","customerEmail":"test@example.com","status":"PENDING","createdAt":null,"updatedAt":null,"items":[{"id":1,"productName":"Test Product","quantity":2,"price":10.0,"order":{"id":1,"customerName":"Test Customer","customerEmail":"test@example.com","status":"PENDING","createdAt":null,"updatedAt":null,"items":[{"id":1,"productName":"Test Product","quantity":2,"price":10.0,"order":{"id":1,"customerName":"Test Customer","customerEmail":"test@example.com","status":"PENDING","createdAt":null,"updatedAt":null,"items":[{"id":1,"productName":"Test Product","quantity":2,"price":10.0,"order":{"id":1,"customerName":"Test Customer","customerEmail":"test@example.com","status":"PENDING","createdAt":null,"updatedAt":null,"items":[{"id":1,"productName":"Test Product","quantity":2,"price":10.0,"order":{"id":1,"customerName":"Test Customer","customerEmail":"test@example.com","status":"PENDING","createdAt":null,"updatedAt":null,"items":[{"id":1,"productName":"Test Product","quantity":2,"price":10.0,"order":{"id":1,"customerName":"Test Customer","customerEmail":"test@example.com","status":"PENDING","createdAt":null,"updatedAt":null,"items":[{"id":1,"productName":"Test Product","quantity":2,"price":10.0,"order":{"id":1,"customerName":"Test Customer","customerEmail":"test@example.com","status":"PENDING","createdAt":null,"updatedAt":null,"items":[{"id":1,"productName":"Test Product","quantity":2,"price":10.0,"order":{"id":1,"customerName":"Test Customer","customerEmail":"test@example.com","status":"PENDING","createdAt":null,"updatedAt":null,"items":[{"id":1,"productName":"Test Product","quantity":2,"price":10.0,"order":{"id":1,"customerName":"Test Customer","customerEmail":"test@example.com","status":"PENDING","createdAt":null,"updatedAt":null,"items":[{"id":1,"productName":"Test Product","quantity":2,"price":10.0,"order":{"id":1,"customerName":"Test Customer","customerEmail":"test@example.com","status":"PENDING","createdAt":null,"updatedAt":null,"items":[{"id":1,"productName":"Test Product","quantity":2,"price":10.0,"order":{"id":1,"customerName":"Test Customer","customerEmail":"test@example.com","status":"PENDING","createdAt":null,"updatedAt":null,"items":[{"id":1,"productName":"Test Product","quantity":2,"price":10.0,"order":{"id":1,"customerName":"Test Customer","customerEmail":"test@example.com","status":"PENDING","createdAt":null,"updatedAt":null,"items":[{"id":1,"productName":"Test Product","quantity":2,"price":10.0,"order":{"id":1,"customerName":"Test Customer","customerEmail":"test@example.com","status":"PENDING","createdAt":null,"updatedAt":null,"items":[{"id":1,"productName":"Test Product","quantity":2,"price":10.0,"order":{"id":1,"customerName":"Test Customer","customerEmail":"test@example.com","status":"PENDING","createdAt":null,"updatedAt":null,"items":[{"id":1,"productName":"Test Product","quantity":2,"price":10.0,"order":{"id":1,"customerName":"Test Customer","customerEmail":"test@example.com","status":"PENDING","createdAt":null,"updatedAt":null,"items":[{"id":1,"productName":"Test Product","quantity":2,"price":10.0,"order":{"id":1,"customerName":"Test Customer","customerEmail":"test@example.com","status":"PENDING","createdAt":null,"updatedAt":null,"items":[{"id":1,"productName":"Test Product","quantity":2,"price":10.0,"order":{"id":1,"customerName":"Test Customer","customerEmail":"test@example.com","status":"PENDING","createdAt":null,"updatedAt":null,"items":[{"id":1,"productName":"Test Product","quantity":2,"price":10.0,"order":{"id":1,"customerName":"Test Customer","customerEmail":"test@example.com","status":"PENDING","createdAt":null,"updatedAt":null,"items":[{"id":1,"productName":"Test Product","quantity":2,"price":10.0,"order":{"id":1,"customerName":"Test Customer","customerEmail":"test@example.com","status":"PENDING","createdAt":null,"updatedAt":null,"items":[{"id":1,"productName":"Test Product","quantity":2,"price":10.0,"order":{"id":1,"customerName":"Test Customer","customerEmail":"test@example.com","status":"PENDING","createdAt":null,"updatedAt":null,"items":[{"id":1,"productName":"Test Product","quantity":2,"price":10.0,"order":{"id":1,"customerName":"Test Customer","customerEmail":"test@example.com","status":"PENDING","createdAt":null,"updatedAt":null,"items":[{"id":1,"productName":"Test Product","quantity":2,"price":10.0,"order":{"id":1,"customerName":"Test Customer","customerEmail":"test@example.com","status":"PENDING","createdAt":null,"updatedAt":null,"items":[{"id":1,"productName":"Test Product","quantity":2,"price":10.0,"order":{"id":1,"customerName":"Test Customer","customerEmail":"test@example.com","status":"PENDING","createdAt":null,"updatedAt":null,"items":[{"id":1,"productName":"Test Product","quantity":2,"price":10.0,"order":{"id":1,"customerName":"Test Customer","customerEmail":"test@example.com","status":"PENDING","createdAt":null,"updatedAt":null,"items":[{"id":1,"productName":"Test Product","quantity":2,"price":10.0,"order":{"id":1,"customerName":"Test Customer","customerEmail":"test@example.com","status":"PENDING","createdAt":null,"updatedAt":null,"items":[{"id":1,"productName":"Test Product","quantity":2,"price":10.0,"order":{"id":1,"customerName":"Test Customer","customerEmail":"test@example.com","status":"PENDING","createdAt":null,"updatedAt":null,"items":[{"id":1,"productName":"Test Product","quantity":2,"price":10.0,"order":{"id":1,"customerName":"Test Customer","customerEmail":"test@example.com","status":"PENDING","createdAt":null,"updatedAt":null,"items":[{"id":1,"productName":"Test Product","quantity":2,"price":10.0,"order":{"id":1,"customerName":"Test Customer","customerEmail":"test@example.com","status":"PENDING","createdAt":null,"updatedAt":null,"items":[{"id":1,"productName":"Test Product","quantity":2,"price":10.0,"order":{"id":1,"customerName":"Test Customer","customerEmail":"test@example.com","status":"PENDING","createdAt":null,"updatedAt":null,"items":[{"id":1,"productName":"Test Product","quantity":2,"price":10.0,"order":{"id":1,"customerName":"Test Customer","customerEmail":"test@example.com","status":"PENDING","createdAt":null,"updatedAt":null,"items":[{"id":1,"productName":"Test Product","quantity":2,"price":10.0,"order":{"id":1,"customerName":"Test Customer","customerEmail":"test@example.com","status":"PENDING","createdAt":null,"updatedAt":null,"items":[{"id":1,"productName":"Test Product","quantity":2,"price":10.0,"order":{"id":1,"customerName":"Test Customer","customerEmail":"test@example.com","status":"PENDING","createdAt":null,"updatedAt":null,"items":[{"id":1,"productName":"Test Product","quantity":2,"price":10.0,"order":{"id":1,"customerName":"Test Customer","customerEmail":"test@example.com","status":"PENDING","createdAt":null,"updatedAt":null,"items":[{"id":1,"productName":"Test Product","quantity":2,"price":10.0,"order":{"id":1,"customerName":"Test Customer","customerEmail":"test@example.com","status":"PENDING","createdAt":null,"updatedAt":null,"items":[{"id":1,"productName":"Test Product","quantity":2,"price":10.0,"order":{"id":1,"customerName":"Test Customer","customerEmail":"test@example.com","status":"PENDING","createdAt":null,"updatedAt":null,"items":[{"id":1,"productName":"Test Product","quantity":2,"price":10.0,"order":{"id":1,"customerName":"Test Customer","customerEmail":"test@example.com","status":"PENDING","createdAt":null,"updatedAt":null,"items":[{"id":1,"productName":"Test Product","quantity":2,"price":10.0,"order":{"id":1,"customerName":"Test Customer","customerEmail":"test@example.com","status":"PENDING","createdAt":null,"updatedAt":null,"items":[{"id":1,"productName":"Test Product","quantity":2,"price":10.0,"order":{"id":1,"customerName":"Test Customer","customerEmail":"test@example.com","status":"PENDING","createdAt":null,"updatedAt":null,"items":[{"id":1,"productName":"Test Product","quantity":2,"price":10.0,"order":{"id":1,"customerName":"Test Customer","customerEmail":"test@example.com","status":"PENDING","createdAt":null,"updatedAt":null,"items":[{"id":1,"productName":"Test Product","quantity":2,"price":10.0,"order":{"id":1,"customerName":"Test Customer","customerEmail":"test@example.com","status":"PENDING","createdAt":null,"updatedAt":null,"items":[{"id":1,"productName":"Test Product","quantity":2,"price":10.0,"order":{"id":1,"customerName":"Test Customer","customerEmail":"test@example.com","status":"PENDING","createdAt":null,"updatedAt":null,"items":[{"id":1,"productName":"Test Product","quantity":2,"price":10.0,"order":{"id":1,"customerName":"Test Customer","customerEmail":"test@example.com","status":"PENDING","createdAt":null,"updatedAt":null,"items":[{"id":1,"productName":"Test Product","quantity":2,"price":10.0,"order":{"id":1,"customerName":"Test Customer","customerEmail":"test@example.com","status":"PENDING","createdAt":null,"updatedAt":null,"items":[{"id":1,"productName":"Test Product","quantity":2,"price":10.0,"order":{"id":1,"customerName":"Test Customer","customerEmail":"test@example.com","status":"PENDING","createdAt":null,"updatedAt":null,"items":[{"id":1,"productName":"Test Product","quantity":2,"price":10.0,"order":{"id":1,"customerName":"Test Customer","customerEmail":"test@example.com","status":"PENDING","createdAt":null,"updatedAt":null,"items":[{"id":1,"productName":"Test Product","quantity":2,"price":10.0,"order":{"id":1,"customerName":"Test Customer","customerEmail":"test@example.com","status":"PENDING","createdAt":null,"updatedAt":null,"items":[{"id":1,"productName":"Test Product","quantity":2,"price":10.0,"order":{"id":1,"customerName":"Test Customer","customerEmail":"test@example.com","status":"PENDING","createdAt":null,"updatedAt":null,"items":[{"id":1,"productName":"Test Product","quantity":2,"price":10.0,"order":{"id":1,"customerName":"Test Customer","customerEmail":"test@example.com","status":"PENDING","createdAt":null,"updatedAt":null,"items":[{"id":1,"productName":"Test Product","quantity":2,"price":10.0,"order":{"id":1,"customerName":"Test Customer","customerEmail":"test@example.com","status":"PENDING","createdAt":null,"updatedAt":null,"items":[{"id":1,"productName":"Test Product","quantity":2,"price":10.0,"order":{"id":1,"customerName":"Test Customer","customerEmail":"test@example.com","status":"PENDING","createdAt":null,"updatedAt":null,"items":[{"id":1,"productName":"Test Product","quantity":2,"price":10.0,"order":{"id":1,"customerName":"Test Customer","customerEmail":"test@example.com","status":"PENDING","createdAt":null,"updatedAt":null,"items":[{"id":1,"productName":"Test Product","quantity":2,"price":10.0,"order":{"id":1,"customerName":"Test Customer","customerEmail":"test@example.com","status":"PENDING","createdAt":null,"updatedAt":null,"items":[{"id":1,"productName":"Test Product","quantity":2,"price":10.0,"order":{"id":1,"customerName":"Test Customer","customerEmail":"test@example.com","status":"PENDING","createdAt":null,"updatedAt":null,"items":[{"id":1,"productName":"Test Product","quantity":2,"price":10.0,"order":{"id":1,"customerName":"Test Customer","customerEmail":"test@example.com","status":"PENDING","createdAt":null,"updatedAt":null,"items":[{"id":1,"productName":"Test Product","quantity":2,"price":10.0,"order":{"id":1,"customerName":"Test Customer","customerEmail":"test@example.com","status":"PENDING","createdAt":null,"updatedAt":null,"items":[{"id":1,"productName":"Test Product","quantity":2,"price":10.0,"order":{"id":1,"customerName":"Test Customer","customerEmail":"test@example.com","status":"PENDING","createdAt":null,"updatedAt":null,"items":[{"id":1,"productName":"Test Product","quantity":2,"price":10.0,"order":{"id":1,"customerName":"Test Customer","customerEmail":"test@example.com","status":"PENDING","createdAt":null,"updatedAt":null,"items":[{"id":1,"productName":"Test Product","quantity":2,"price":10.0,"order":{"id":1,"customerName":"Test Customer","customerEmail":"test@example.com","status":"PENDING","createdAt":null,"updatedAt":null,"items":[{"id":1,"productName":"Test Product","quantity":2,"price":10.0,"order":{"id":1,"customerName":"Test Customer","customerEmail":"test@example.com","status":"PENDING","createdAt":null,"updatedAt":null,"items":[{"id":1,"productName":"Test Product","quantity":2,"price":10.0,"order":{"id":1,"customerName":"Test Customer","customerEmail":"test@example.com","status":"PENDING","createdAt":null,"updatedAt":null,"items":[{"id":1,"productName":"Test Product","quantity":2,"price":10.0,"order":{"id":1,"customerName":"Test Customer","customerEmail":"test@example.com","status":"PENDING","createdAt":null,"updatedAt":null,"items":[{"id":1,"productName":"Test Product","quantity":2,"price":10.0,"order":{"id":1,"customerName":"Test Customer","customerEmail":"test@example.com","status":"PENDING","createdAt":null,"updatedAt":null,"items":[{"id":1,"productName":"Test Product","quantity":2,"price":10.0,"order":{"id":1,"customerName":"Test Customer","customerEmail":"test@example.com","status":"PENDING","createdAt":null,"updatedAt":null,"items":[{"id":1,"productName":"Test Product","quantity":2,"price":10.0,"order":{"id":1,"customerName":"Test Customer","customerEmail":"test@example.com","status":"PENDING","createdAt":null,"updatedAt":null,"items":[{"id":1,"productName":"Test Product","quantity":2,"price":10.0,"order":{"id":1,"customerName":"Test Customer","customerEmail":"test@example.com","status":"PENDING","createdAt":null,"updatedAt":null,"items":[{"id":1,"productName":"Test Product","quantity":2,"price":10.0,"order":{"id":1,"customerName":"Test Customer","customerEmail":"test@example.com","status":"PENDING","createdAt":null,"updatedAt":null,"items":[{"id":1,"productName":"Test Product","quantity":2,"price":10.0,"order":{"id":1,"customerName":"Test Customer","customerEmail":"test@example.com","status":"PENDING","createdAt":null,"updatedAt":null,"items":[{"id":1,"productName":"Test Product","quantity":2,"price":10.0,"order":{"id":1,"customerName":"Test Customer","customerEmail":"test@example.com","status":"PENDING","createdAt":null,"updatedAt":null,"items":[{"id":1,"productName":"Test Product","quantity":2,"price":10.0,"order":{"id":1,"customerName":"Test Customer","customerEmail":"test@example.com","status":"PENDING","createdAt":null,"updatedAt":null,"items":[{"id":1,"productName":"Test Product","quantity":2,"price":10.0,"order":{"id":1,"customerName":"Test Customer","customerEmail":"test@example.com","status":"PENDING","createdAt":null,"updatedAt":null,"items":[{"id":1,"productName":"Test Product","quantity":2,"price":10.0,"order":{"id":1,"customerName":"Test Customer","customerEmail":"test@example.com","status":"PENDING","createdAt":null,"updatedAt":null,"items":[{"id":1,"productName":"Test Product","quantity":2,"price":10.0,"order":{"id":1,"customerName":"Test Customer","customerEmail":"test@example.com","status":"PENDING","createdAt":null,"updatedAt":null,"items":[{"id":1,"productName":"Test Product","quantity":2,"price":10.0,"order":{"id":1,"customerName":"Test Customer","customerEmail":"test@example.com","status":"PENDING","createdAt":null,"updatedAt":null,"items":[{"id":1,"productName":"Test Product","quantity":2,"price":10.0,"order":{"id":1,"customerName":"Test Customer","customerEmail":"test@example.com","status":"PENDING","createdAt":null,"updatedAt":null,"items":[{"id":1,"productName":"Test Product","quantity":2,"price":10.0,"order":{"id":1,"customerName":"Test Customer","customerEmail":"test@example.com","status":"PENDING","createdAt":null,"updatedAt":null,"items":[{"id":1,"productName":"Test Product","quantity":2,"price":10.0,"order":{"id":1,"customerName":"Test Customer","customerEmail":"test@example.com","status":"PENDING","createdAt":null,"updatedAt":null,"items":[{"id":1,"productName":"Test Product","quantity":2,"price":10.0,"order":{"id":1,"customerName":"Test Customer","customerEmail":"test@example.com","status":"PENDING","createdAt":null,"updatedAt":null,"items":[{"id":1,"productName":"Test Product","quantity":2,"price":10.0,"order":{"id":1,"customerName":"Test Customer","customerEmail":"test@example.com","status":"PENDING","createdAt":null,"updatedAt":null,"items":[{"id":1,"productName":"Test Product","quantity":2,"price":10.0,"order":{"id":1,"customerName":"Test Customer","customerEmail":"test@example.com","status":"PENDING","createdAt":null,"updatedAt":null,"items":[{"id":1,"productName":"Test Product","quantity":2,"price":10.0,"order":{"id":1,"customerName":"Test Customer","customerEmail":"test@example.com","status":"PENDING","createdAt":null,"updatedAt":null,"items":[{"id":1,"productName":"Test Product","quantity":2,"price":10.0,"order":{"id":1,"customerName":"Test Customer","customerEmail":"test@example.com","status":"PENDING","createdAt":null,"updatedAt":null,"items":[{"id":1,"productName":"Test Product","quantity":2,"price":10.0,"order":{"id":1,"customerName":"Test Customer","customerEmail":"test@example.com","status":"PENDING","createdAt":null,"updatedAt":null,"items":[{"id":1,"productName":"Test Product","quantity":2,"price":10.0,"order":{"id":1,"customerName":"Test Customer","customerEmail":"test@example.com","status":"PENDING","createdAt":null,"updatedAt":null,"items":[{"id":1,"productName":"Test Product","quantity":2,"price":10.0,"order":{"id":1,"customerName":"Test Customer","customerEmail":"test@example.com","status":"PENDING","createdAt":null,"updatedAt":null,"items":[{"id":1,"productName":"Test Product","quantity":2,"price":10.0,"order":{"id":1,"customerName":"Test Customer","customerEmail":"test@example.com","status":"PENDING","createdAt":null,"updatedAt":null,"items":[{"id":1,"productName":"Test Product","quantity":2,"price":10.0,"order":{"id":1,"customerName":"Test Customer","customerEmail":"test@example.com","status":"PENDING","createdAt":null,"updatedAt":null,"items":[{"id":1,"productName":"Test Product","quantity":2,"price":10.0,"order":{"id":1,"customerName":"Test Customer","customerEmail":"test@example.com","status":"PENDING","createdAt":null,"updatedAt":null,"items":[{"id":1,"productName":"Test Product","quantity":2,"price":10.0,"order":{"id":1,"customerName":"Test Customer","customerEmail":"test@example.com","status":"PENDING","createdAt":null,"updatedAt":null,"items":[{"id":1,"productName":"Test Product","quantity":2,"price":10.0,"order":{"id":1,"customerName":"Test Customer","customerEmail":"test@example.com","status":"PENDING","createdAt":null,"updatedAt":null,"items":[{"id":1,"productName":"Test Product","quantity":2,"price":10.0,"order":{"id":1,"customerName":"Test Customer","customerEmail":"test@example.com","status":"PENDING","createdAt":null,"updatedAt":null,"items":[{"id":1,"productName":"Test Product","quantity":2,"price":10.0,"order":{"id":1,"customerName":"Test Customer","customerEmail":"test@example.com","status":"PENDING","createdAt":null,"updatedAt":null,"items":[{"id":1,"productName":"Test Product","quantity":2,"price":10.0,"order":{"id":1,"customerName":"Test Customer","customerEmail":"test@example.com","status":"PENDING","createdAt":null,"updatedAt":null,"items":[{"id":1,"productName":"Test Product","quantity":2,"price":10.0,"order":{"id":1,"customerName":"Test Customer","customerEmail":"test@example.com","status":"PENDING","createdAt":null,"updatedAt":null,"items":[{"id":1,"productName":"Test Product","quantity":2,"price":10.0,"order":{"id":1,"customerName":"Test Customer","customerEmail":"test@example.com","status":"PENDING","createdAt":null,"updatedAt":null,"items":[{"id":1,"productName":"Test Product","quantity":2,"price":10.0,"order":{"id":1,"customerName":"Test Customer","customerEmail":"test@example.com","status":"PENDING","createdAt":null,"updatedAt":null,"items":[{"id":1,"productName":"Test Product","quantity":2,"price":10.0,"order":{"id":1,"customerName":"Test Customer","customerEmail":"test@example.com","status":"PENDING","createdAt":null,"updatedAt":null,"items":[{"id":1,"productName":"Test Product","quantity":2,"price":10.0,"order":{"id":1,"customerName":"Test Customer","customerEmail":"test@example.com","status":"PENDING","createdAt":null,"updatedAt":null,"items":[{"id":1,"productName":"Test Product","quantity":2,"price":10.0,"order":{"id":1,"customerName":"Test Customer","customerEmail":"test@example.com","status":"PENDING","createdAt":null,"updatedAt":null,"items":[{"id":1,"productName":"Test Product","quantity":2,"price":10.0,"order":{"id":1,"customerName":"Test Customer","customerEmail":"test@example.com","status":"PENDING","createdAt":null,"updatedAt":null,"items":[{"id":1,"productName":"Test Product","quantity":2,"price":10.0,"order":{"id":1,"customerName":"Test Customer","customerEmail":"test@example.com","status":"PENDING","createdAt":null,"updatedAt":null,"items":[{"id":1,"productName":"Test Product","quantity":2,"price":10.0,"order":{"id":1,"customerName":"Test Customer","customerEmail":"test@example.com","status":"PENDING","createdAt":null,"updatedAt":null,"items":[{"id":1,"productName":"Test Product","quantity":2,"price":10.0,"order":{"id":1,"customerName":"Test Customer","customerEmail":"test@example.com","status":"PENDING","createdAt":null,"updatedAt":null,"items":[{"id":1,"productName":"Test Product","quantity":2,"price":10.0,"order":{"id":1,"customerName":"Test Customer","customerEmail":"test@example.com","status":"PENDING","createdAt":null,"updatedAt":null,"items":[{"id":1,"productName":"Test Product","quantity":2,"price":10.0,"order":{"id":1,"customerName":"Test Customer","customerEmail":"test@example.com","status":"PENDING","createdAt":null,"updatedAt":null,"items":[{"id":1,"productName":"Test Product","quantity":2,"price":10.0,"order":{"id":1,"customerName":"Test Customer","customerEmail":"test@example.com","status":"PENDING","createdAt":null,"updatedAt":null,"items":[{"id":1,"productName":"Test Product","quantity":2,"price":10.0,"order":{"id":1,"customerName":"Test Customer","customerEmail":"test@example.com","status":"PENDING","createdAt":null,"updatedAt":null,"items":[{"id":1,"productName":"Test Product","quantity":2,"price":10.0,"order":{"id":1,"customerName":"Test Customer","customerEmail":"test@example.com","status":"PENDING","createdAt":null,"updatedAt":null,"items":[{"id":1,"productName":"Test Product","quantity":2,"price":10.0,"order":{"id":1,"customerName":"Test Customer","customerEmail":"test@example.com","status":"PENDING","createdAt":null,"updatedAt":null,"items":[{"id":1,"productName":"Test Product","quantity":2,"price":10.0,"order":{"id":1,"customerName":"Test Customer","customerEmail":"test@example.com","status":"PENDING","createdAt":null,"updatedAt":null,"items":[{"id":1,"productName":"Test Product","quantity":2,"price":10.0,"order":{"id":1,"customerName":"Test Customer","customerEmail":"test@example.com","status":"PENDING","createdAt":null,"updatedAt":null,"items":[{"id":1,"productName":"Test Product","quantity":2,"price":10.0,"order":{"id":1,"customerName":"Test Customer","customerEmail":"test@example.com","status":"PENDING","createdAt":null,"updatedAt":null,"items":[{"id":1,"productName":"Test Product","quantity":2,"price":10.0,"order":{"id":1,"customerName":"Test Customer","customerEmail":"test@example.com","status":"PENDING","createdAt":null,"updatedAt":null,"items":[{"id":1,"productName":"Test Product","quantity":2,"price":10.0,"order":{"id":1,"customerName":"Test Customer","customerEmail":"test@example.com","status":"PENDING","createdAt":null,"updatedAt":null,"items":[{"id":1,"productName":"Test Product","quantity":2,"price":10.0,"order":{"id":1,"customerName":"Test Customer","customerEmail":"test@example.com","status":"PENDING","createdAt":null,"updatedAt":null,"items":[{"id":1,"productName":"Test Product","quantity":2,"price":10.0,"order":{"id":1,"customerName":"Test Customer","customerEmail":"test@example.com","status":"PENDING","createdAt":null,"updatedAt":null,"items":[{"id":1,"productName":"Test Product","quantity":2,"price":10.0,"order":{"id":1,"customerName":"Test Customer","customerEmail":"test@example.com","status":"PENDING","createdAt":null,"updatedAt":null,"items":[{"id":1,"productName":"Test Product","quantity":2,"price":10.0,"order":{"id":1,"customerName":"Test Customer","customerEmail":"test@example.com","status":"PENDING","createdAt":null,"updatedAt":null,"items":[{"id":1,"productName":"Test Product","quantity":2,"price":10.0,"order":{"id":1,"customerName":"Test Customer","customerEmail":"test@example.com","status":"PENDING","createdAt":null,"updatedAt":null,"items":[{"id":1,"productName":"Test Product","quantity":2,"price":10.0,"order":{"id":1,"customerName":"Test Customer","customerEmail":"test@example.com","status":"PENDING","createdAt":null,"updatedAt":null,"items":[{"id":1,"productName":"Test Product","quantity":2,"price":10.0,"order":{"id":1,"customerName":"Test Customer","customerEmail":"test@example.com","status":"PENDING","createdAt":null,"updatedAt":null,"items":[{"id":1,"productName":"Test Product","quantity":2,"price":10.0,"order":{"id":1,"customerName":"Test Customer","customerEmail":"test@example.com","status":"PENDING","createdAt":null,"updatedAt":null,"items":[{"id":1,"productName":"Test Product","quantity":2,"price":10.0,"order":{"id":1,"customerName":"Test Customer","customerEmail":"test@example.com","status":"PENDING","createdAt":null,"updatedAt":null,"items":[{"id":1,"productName":"Test Product","quantity":2,"price":10.0,"order":{"id":1,"customerName":"Test Customer","customerEmail":"test@example.com","status":"PENDING","createdAt":null,"updatedAt":null,"items":[{"id":1,"productName":"Test Product","quantity":2,"price":10.0,"order":{"id":1,"customerName":"Test Customer","customerEmail":"test@example.com","status":"PENDING","createdAt":null,"updatedAt":null,"items":[{"id":1,"productName":"Test Product","quantity":2,"price":10.0,"order":{"id":1,"customerName":"Test Customer","customerEmail":"test@example.com","status":"PENDING","createdAt":null,"updatedAt":null,"items":[{"id":1,"productName":"Test Product","quantity":2,"price":10.0,"order":{"id":1,"customerName":"Test Customer","customerEmail":"test@example.com","status":"PENDING","createdAt":null,"updatedAt":null,"items":[{"id":1,"productName":"Test Product","quantity":2,"price":10.0,"order":{"id":1,"customerName":"Test Customer","customerEmail":"test@example.com","status":"PENDING","createdAt":null,"updatedAt":null,"items":[{"id":1,"productName":"Test Product","quantity":2,"price":10.0,"order":{"id":1,"customerName":"Test Customer","customerEmail":"test@example.com","status":"PENDING","createdAt":null,"updatedAt":null,"items":[{"id":1,"productName":"Test Product","quantity":2,"price":10.0,"order":{"id":1,"customerName":"Test Customer","customerEmail":"test@example.com","status":"PENDING","createdAt":null,"updatedAt":null,"items":[{"id":1,"productName":"Test Product","quantity":2,"price":10.0,"order":{"id":1,"customerName":"Test Customer","customerEmail":"test@example.com","status":"PENDING","createdAt":null,"updatedAt":null,"items":[{"id":1,"productName":"Test Product","quantity":2,"price":10.0,"order":{"id":1,"customerName":"Test Customer","customerEmail":"test@example.com","status":"PENDING","createdAt":null,"updatedAt":null,"items":[{"id":1,"productName":"Test Product","quantity":2,"price":10.0,"order":{"id":1,"customerName":"Test Customer","customerEmail":"test@example.com","status":"PENDING","createdAt":null,"updatedAt":null,"items":[{"id":1,"productName":"Test Product","quantity":2,"price":10.0,"order":{"id":1,"customerName":"Test Customer","customerEmail":"test@example.com","status":"PENDING","createdAt":null,"updatedAt":null,"items":[{"id":1,"productName":"Test Product","quantity":2,"price":10.0,"order":{"id":1,"customerName":"Test Customer","customerEmail":"test@example.com","status":"PENDING","createdAt":null,"updatedAt":null,"items":[{"id":1,"productName":"Test Product","quantity":2,"price":10.0,"order":{"id":1,"customerName":"Test Customer","customerEmail":"test@example.com","status":"PENDING","createdAt":null,"updatedAt":null,"items":[{"id":1,"productName":"Test Product","quantity":2,"price":10.0,"order":{"id":1,"customerName":"Test Customer","customerEmail":"test@example.com","status":"PENDING","createdAt":null,"updatedAt":null,"items":[{"id":1,"productName":"Test Product","quantity":2,"price":10.0,"order":{"id":1,"customerName":"Test Customer","customerEmail":"test@example.com","status":"PENDING","createdAt":null,"updatedAt":null,"items":[{"id":1,"productName":"Test Product","quantity":2,"price":10.0,"order":{"id":1,"customerName":"Test Customer","customerEmail":"test@example.com","status":"PENDING","createdAt":null,"updatedAt":null,"items":[{"id":1,"productName":"Test Product","quantity":2,"price":10.0,"order":{"id":1,"customerName":"Test Customer","customerEmail":"test@example.com","status":"PENDING","createdAt":null,"updatedAt":null,"items":[{"id":1,"productName":"Test Product","quantity":2,"price":10.0,"order":{"id":1,"customerName":"Test Customer","customerEmail":"test@example.com","status":"PENDING","createdAt":null,"updatedAt":null,"items":[{"id":1,"productName":"Test Product","quantity":2,"price":10.0,"order":{"id":1,"customerName":"Test Customer","customerEmail":"test@example.com","status":"PENDING","createdAt":null,"updatedAt":null,"items":[{"id":1,"productName":"Test Product","quantity":2,"price":10.0,"order":{"id":1,"customerName":"Test Customer","customerEmail":"test@example.com","status":"PENDING","createdAt":null,"updatedAt":null,"items":[{"id":1,"productName":"Test Product","quantity":2,"price":10.0,"order":{"id":1,"customerName":"Test Customer","customerEmail":"test@example.com","status":"PENDING","createdAt":null,"updatedAt":null,"items":[{"id":1,"productName":"Test Product","quantity":2,"price":10.0,"order":{"id":1,"customerName":"Test Customer","customerEmail":"test@example.com","status":"PENDING","createdAt":null,"updatedAt":null,"items":[{"id":1,"productName":"Test Product","quantity":2,"price":10.0,"order":{"id":1,"customerName":"Test Customer","customerEmail":"test@example.com","status":"PENDING","createdAt":null,"updatedAt":null,"items":[{"id":1,"productName":"Test Product","quantity":2,"price":10.0,"order":{"id":1,"customerName":"Test Customer","customerEmail":"test@example.com","status":"PENDING","createdAt":null,"updatedAt":null,"items":[{"id":1,"productName":"Test Product","quantity":2,"price":10.0,"order":{"id":1,"customerName":"Test Customer","customerEmail":"test@example.com","status":"PENDING","createdAt":null,"updatedAt":null,"items":[{"id":1,"productName":"Test Product","quantity":2,"price":10.0,"order":{"id":1,"customerName":"Test Customer","customerEmail":"test@example.com","status":"PENDING","createdAt":null,"updatedAt":null,"items":[{"id":1,"productName":"Test Product","quantity":2,"price":10.0,"order":{"id":1,"customerName":"Test Customer","customerEmail":"test@example.com","status":"PENDING","createdAt":null,"updatedAt":null,"items":[{"id":1,"productName":"Test Product","quantity":2,"price":10.0,"order":{"id":1,"customerName":"Test Customer","customerEmail":"test@example.com","status":"PENDING","createdAt":null,"updatedAt":null,"items":[{"id":1,"productName":"Test Product","quantity":2,"price":10.0,"order":{"id":1,"customerName":"Test Customer","customerEmail":"test@example.com","status":"PENDING","createdAt":null,"updatedAt":null,"items":[{"id":1,"productName":"Test Product","quantity":2,"price":10.0,"order":{"id":1,"customerName":"Test Customer","customerEmail":"test@example.com","status":"PENDING","createdAt":null,"updatedAt":null,"items":[{"id":1,"productName":"Test Product","quantity":2,"price":10.0,"order":{"id":1,"customerName":"Test Customer","customerEmail":"test@example.com","status":"PENDING","createdAt":null,"updatedAt":null,"items":[{"id":1,"productName":"Test Product","quantity":2,"price":10.0,"order":{"id":1,"customerName":"Test Customer","customerEmail":"test@example.com","status":"PENDING","createdAt":null,"updatedAt":null,"items":[{"id":1,"productName":"Test Product","quantity":2,"price":10.0,"order":{"id":1,"customerName":"Test Customer","customerEmail":"test@example.com","status":"PENDING","createdAt":null,"updatedAt":null,"items":[{"id":1,"productName":"Test Product","quantity":2,"price":10.0,"order":{"id":1,"customerName":"Test Customer","customerEmail":"test@example.com","status":"PENDING","createdAt":null,"updatedAt":null,"items":[{"id":1,"productName":"Test Product","quantity":2,"price":10.0,"order":{"id":1,"customerName":"Test Customer","customerEmail":"test@example.com","status":"PENDING","createdAt":null,"updatedAt":null,"items":[{"id":1,"productName":"Test Product","quantity":2,"price":10.0,"order":{"id":1,"customerName":"Test Customer","customerEmail":"test@example.com","status":"PENDING","createdAt":null,"updatedAt":null,"items":[{"id":1,"productName":"Test Product","quantity":2,"price":10.0,"order":{"id":1,"customerName":"Test Customer","customerEmail":"test@example.com","status":"PENDING","createdAt":null,"updatedAt":null,"items":[{"id":1,"productName":"Test Product","quantity":2,"price":10.0,"order":{"id":1,"customerName":"Test Customer","customerEmail":"test@example.com","status":"PENDING","createdAt":null,"updatedAt":null,"items":[{"id":1,"productName":"Test Product","quantity":2,"price":10.0,"order":{"id":1,"customerName":"Test Customer","customerEmail":"test@example.com","status":"PENDING","createdAt":null,"updatedAt":null,"items":[{"id":1,"productName":"Test Product","quantity":2,"price":10.0,"order":{"id":1,"customerName":"Test Customer","customerEmail":"test@example.com","status":"PENDING","createdAt":null,"updatedAt":null,"items":[{"id":1,"productName":"Test Product","quantity":2,"price":10.0,"order":{"id":1,"customerName":"Test Customer","customerEmail":"test@example.com","status":"PENDING","createdAt":null,"updatedAt":null,"items":[{"id":1,"productName":"Test Product","quantity":2,"price":10.0,"order":{"id":1,"customerName":"Test Customer","customerEmail":"test@example.com","status":"PENDING","createdAt":null,"updatedAt":null,"items":[{"id":1,"productName":"Test Product","quantity":2,"price":10.0,"order":{"id":1,"customerName":"Test Customer","customerEmail":"test@example.com","status":"PENDING","createdAt":null,"updatedAt":null,"items":[{"id":1,"productName":"Test Product","quantity":2,"price":10.0,"order":{"id":1,"customerName":"Test Customer","customerEmail":"test@example.com","status":"PENDING","createdAt":null,"updatedAt":null,"items":[{"id":1,"productName":"Test Product","quantity":2,"price":10.0,"order":{"id":1,"customerName":"Test Customer","customerEmail":"test@example.com","status":"PENDING","createdAt":null,"updatedAt":null,"items":[{"id":1,"productName":"Test Product","quantity":2,"price":10.0,"order":{"id":1,"customerName":"Test Customer","customerEmail":"test@example.com","status":"PENDING","createdAt":null,"updatedAt":null,"items":[{"id":1,"productName":"Test Product","quantity":2,"price":10.0,"order":{"id":1,"customerName":"Test Customer","customerEmail":"test@example.com","status":"PENDING","createdAt":null,"updatedAt":null,"items":[{"id":1,"productName":"Test Product","quantity":2,"price":10.0,"order":{"id":1,"customerName":"Test Customer","customerEmail":"test@example.com","status":"PENDING","createdAt":null,"updatedAt":null,"items":[{"id":1,"productName":"Test Product","quantity":2,"price":10.0,"order":{"id":1,"customerName":"Test Customer","customerEmail":"test@example.com","status":"PENDING","createdAt":null,"updatedAt":null,"items":[{"id":1,"productName":"Test Product","quantity":2,"price":10.0,"order":{"id":1,"customerName":"Test Customer","customerEmail":"test@example.com","status":"PENDING","createdAt":null,"updatedAt":null,"items":[{"id":1,"productName":"Test Product","quantity":2,"price":10.0,"order":{"id":1,"customerName":"Test Customer","customerEmail":"test@example.com","status":"PENDING","createdAt":null,"updatedAt":null,"items":[{"id":1,"productName":"Test Product","quantity":2,"price":10.0,"order":{"id":1,"customerName":"Test Customer","customerEmail":"test@example.com","status":"PENDING","createdAt":null,"updatedAt":null,"items":[{"id":1,"productName":"Test Product","quantity":2,"price":10.0,"order":{"id":1,"customerName":"Test Customer","customerEmail":"test@example.com","status":"PENDING","createdAt":null,"updatedAt":null,"items":[{"id":1,"productName":"Test Product","quantity":2,"price":10.0,"order":{"id":1,"customerName":"Test Customer","customerEmail":"test@example.com","status":"PENDING","createdAt":null,"updatedAt":null,"items":[{"id":1,"productName":"Test Product","quantity":2,"price":10.0,"order":{"id":1,"customerName":"Test Customer","customerEmail":"test@example.com","status":"PENDING","createdAt":null,"updatedAt":null,"items":[{"id":1,"productName":"Test Product","quantity":2,"price":10.0,"order":{"id":1,"customerName":"Test Customer","customerEmail":"test@example.com","status":"PENDING","createdAt":null,"updatedAt":null,"items":[{"id":1,"productName":"Test Product","quantity":2,"price":10.0,"order":{"id":1,"customerName":"Test Customer","customerEmail":"test@example.com","status":"PENDING","createdAt":null,"updatedAt":null,"items":[{"id":1,"productName":"Test Product","quantity":2,"price":10.0,"order":{"id":1,"customerName":"Test Customer","customerEmail":"test@example.com","status":"PENDING","createdAt":null,"updatedAt":null,"items":[{"id":1,"productName":"Test Product","quantity":2,"price":10.0,"order":{"id":1,"customerName":"Test Customer","customerEmail":"test@example.com","status":"PENDING","createdAt":null,"updatedAt":null,"items":[{"id":1,"productName":"Test Product","quantity":2,"price":10.0,"order":{"id":1,"customerName":"Test Customer","customerEmail":"test@example.com","status":"PENDING","createdAt":null,"updatedAt":null,"items":[{"id":1,"productName":"Test Product","quantity":2,"price":10.0,"order":{"id":1,"customerName":"Test Customer","customerEmail":"test@example.com","status":"PENDING","createdAt":null,"updatedAt":null,"items":[{"id":1,"productName":"Test Product","quantity":2,"price":10.0,"order":{"id":1,"customerName":"Test Customer","customerEmail":"test@example.com","status":"PENDING","createdAt":null,"updatedAt":null,"items":[{"id":1,"productName":"Test Product","quantity":2,"price":10.0,"order":{"id":1,"customerName":"Test Customer","customerEmail":"test@example.com","status":"PENDING","createdAt":null,"updatedAt":null,"items":[{"id":1,"productName":"Test Product","quantity":2,"price":10.0,"order":{"id":1,"customerName":"Test Customer","customerEmail":"test@example.com","status":"PENDING","createdAt":null,"updatedAt":null,"items":[{"id":1,"productName":"Test Product","quantity":2,"price":10.0,"order":{"id":1,"customerName":"Test Customer","customerEmail":"test@example.com","status":"PENDING","createdAt":null,"updatedAt":null,"items":[{"id":1,"productName":"Test Product","quantity":2,"price":10.0,"order":{"id":1,"customerName":"Test Customer","customerEmail":"test@example.com","status":"PENDING","createdAt":null,"updatedAt":null,"items":[{"id":1,"productName":"Test Product","quantity":2,"price":10.0,"order":{"id":1,"customerName":"Test Customer","customerEmail":"test@example.com","status":"PENDING","createdAt":null,"updatedAt":null,"items":[{"id":1,"productName":"Test Product","quantity":2,"price":10.0,"order":{"id":1,"customerName":"Test Customer","customerEmail":"test@example.com","status":"PENDING","createdAt":null,"updatedAt":null,"items":[{"id":1,"productName":"Test Product","quantity":2,"price":10.0,"order":{"id":1,"customerName":"Test Customer","customerEmail":"test@example.com","status":"PENDING","createdAt":null,"updatedAt":null,"items":[{"id":1,"productName":"Test Product","quantity":2,"price":10.0,"order":{"id":1,"customerName":"Test Customer","customerEmail":"test@example.com","status":"PENDING","createdAt":null,"updatedAt":null,"items":[{"id":1,"productName":"Test Product","quantity":2,"price":10.0,"order":{"id":1,"customerName":"Test Customer","customerEmail":"test@example.com","status":"PENDING","createdAt":null,"updatedAt":null,"items":[{"id":1,"productName":"Test Product","quantity":2,"price":10.0,"order":{"id":1,"customerName":"Test Customer","customerEmail":"test@example.com","status":"PENDING","createdAt":null,"updatedAt":null,"items":[{"id":1,"productName":"Test Product","quantity":2,"price":10.0,"order":{"id":1,"customerName":"Test Customer","customerEmail":"test@example.com","status":"PENDING","createdAt":null,"updatedAt":null,"items":[{"id":1,"productName":"Test Product","quantity":2,"price":10.0,"order":{"id":1,"customerName":"Test Customer","customerEmail":"test@example.com","status":"PENDING","createdAt":null,"updatedAt":null,"items":[{"id":1,"productName":"Test Product","quantity":2,"price":10.0,"order":{"id":1,"customerName":"Test Customer","customerEmail":"test@example.com","status":"PENDING","createdAt":null,"updatedAt":null,"items":[{"id":1,"productName":"Test Product","quantity":2,"price":10.0,"order":{"id":1,"customerName":"Test Customer","customerEmail":"test@example.com","status":"PENDING","createdAt":null,"updatedAt":null,"items":[{"id":1,"productName":"Test Product","quantity":2,"price":10.0,"order":{"id":1,"customerName":"Test Customer","customerEmail":"test@example.com","status":"PENDING","createdAt":null,"updatedAt":null,"items":[{"id":1,"productName":"Test Product","quantity":2,"price":10.0,"order":{"id":1,"customerName":"Test Customer","customerEmail":"test@example.com","status":"PENDING","createdAt":null,"updatedAt":null,"items":[{"id":1,"productName":"Test Product","quantity":2,"price":10.0,"order":{"id":1,"customerName":"Test Customer","customerEmail":"test@example.com","status":"PENDING","createdAt":null,"updatedAt":null,"items":[{"id":1,"productName":"Test Product","quantity":2,"price":10.0,"order":{"id":1,"customerName":"Test Customer","customerEmail":"test@example.com","status":"PENDING","createdAt":null,"updatedAt":null,"items":[{"id":1,"productName":"Test Product","quantity":2,"price":10.0,"order":{"id":1,"customerName":"Test Customer","customerEmail":"test@example.com","status":"PENDING","createdAt":null,"updatedAt":null,"items":[{"id":1,"productName":"Test Product","quantity":2,"price":10.0,"order":{"id":1,"customerName":"Test Customer","customerEmail":"test@example.com","status":"PENDING","createdAt":null,"updatedAt":null,"items":[{"id":1,"productName":"Test Product","quantity":2,"price":10.0,"order":{"id":1,"customerName":"Test Customer","customerEmail":"test@example.com","status":"PENDING","createdAt":null,"updatedAt":null,"items":[{"id":1,"productName":"Test Product","quantity":2,"price":10.0,"order":{"id":1,"customerName":"Test Customer","customerEmail":"test@example.com","status":"PENDING","createdAt":null,"updatedAt":null,"items":[{"id":1,"productName":"Test Product","quantity":2,"price":10.0,"order":{"id":1,"customerName":"Test Customer","customerEmail":"test@example.com","status":"PENDING","createdAt":null,"updatedAt":null,"items":[{"id":1,"productName":"Test Product","quantity":2,"price":10.0,"order":{"id":1,"customerName":"Test Customer","customerEmail":"test@example.com","status":"PENDING","createdAt":null,"updatedAt":null,"items":[{"id":1,"productName":"Test Product","quantity":2,"price":10.0,"order":{"id":1,"customerName":"Test Customer","customerEmail":"test@example.com","status":"PENDING","createdAt":null,"updatedAt":null,"items":[{"id":1,"productName":"Test Product","quantity":2,"price":10.0,"order":{"id":1,"customerName":"Test Customer","customerEmail":"test@example.com","status":"PENDING","createdAt":null,"updatedAt":null,"items":[{"id":1,"productName":"Test Product","quantity":2,"price":10.0,"order":{"id":1,"customerName":"Test Customer","customerEmail":"test@example.com","status":"PENDING","createdAt":null,"updatedAt":null,"items":[{"id":1,"productName":"Test Product","quantity":2,"price":10.0,"order":{"id":1,"customerName":"Test Customer","customerEmail":"test@example.com","status":"PENDING","createdAt":null,"updatedAt":null,"items":[{"id":1,"productName":"Test Product","quantity":2,"price":10.0,"order":{"id":1,"customerName":"Test Customer","customerEmail":"test@example.com","status":"PENDING","createdAt":null,"updatedAt":null,"items":[{"id":1,"productName":"Test Product","quantity":2,"price":10.0,"order":{"id":1,"customerName":"Test Customer","customerEmail":"test@example.com","status":"PENDING","createdAt":null,"updatedAt":null,"items":[{"id":1,"productName":"Test Product","quantity":2,"price":10.0,"order":{"id":1,"customerName":"Test Customer","customerEmail":"test@example.com","status":"PENDING","createdAt":null,"updatedAt":null,"items":[{"id":1,"productName":"Test Product","quantity":2,"price":10.0,"order":{"id":1,"customerName":"Test Customer","customerEmail":"test@example.com","status":"PENDING","createdAt":null,"updatedAt":null,"items":[{"id":1,"productName":"Test Product","quantity":2,"price":10.0,"order":{"id":1,"customerName":"Test Customer","customerEmail":"test@example.com","status":"PENDING","createdAt":null,"updatedAt":null,"items":[{"id":1,"productName":"Test Product","quantity":2,"price":10.0,"order":{"id":1,"customerName":"Test Customer","customerEmail":"test@example.com","status":"PENDING","createdAt":null,"updatedAt":null,"items":[{"id":1,"productName":"Test Product","quantity":2,"price":10.0,"order":{"id":1,"customerName":"Test Customer","customerEmail":"test@example.com","status":"PENDING","createdAt":null,"updatedAt":null,"items":[{"id":1,"productName":"Test Product","quantity":2,"price":10.0,"order":{"id":1,"customerName":"Test Customer","customerEmail":"test@example.com","status":"PENDING","createdAt":null,"updatedAt":null,"items":[{"id":1,"productName":"Test Product","quantity":2,"price":10.0,"order":{"id":1,"customerName":"Test Customer","customerEmail":"test@example.com","status":"PENDING","createdAt":null,"updatedAt":null,"items":[{"id":1,"productName":"Test Product","quantity":2,"price":10.0,"order":{"id":1,"customerName":"Test Customer","customerEmail":"test@example.com","status":"PENDING","createdAt":null,"updatedAt":null,"items":[{"id":1,"productName":"Test Product","quantity":2,"price":10.0,"order":{"id":1,"customerName":"Test Customer","customerEmail":"test@example.com","status":"PENDING","createdAt":null,"updatedAt":null,"items":[{"id":1,"productName":"Test Product","quantity":2,"price":10.0,"order":{"id":1,"customerName":"Test Customer","customerEmail":"test@example.com","status":"PENDING","createdAt":null,"updatedAt":null,"items":[{"id":1,"productName":"Test Product","quantity":2,"price":10.0,"order":{"id":1,"customerName":"Test Customer","customerEmail":"test@example.com","status":"PENDING","createdAt":null,"updatedAt":null,"items":[{"id":1,"productName":"Test Product","quantity":2,"price":10.0,"order":{"id":1,"customerName":"Test Customer","customerEmail":"test@example.com","status":"PENDING","createdAt":null,"updatedAt":null,"items":[{"id":1,"productName":"Test Product","quantity":2,"price":10.0,"order":{"id":1,"customerName":"Test Customer","customerEmail":"test@example.com","status":"PENDING","createdAt":null,"updatedAt":null,"items":[{"id":1,"productName":"Test Product","quantity":2,"price":10.0,"order":{"id":1,"customerName":"Test Customer","customerEmail":"test@example.com","status":"PENDING","createdAt":null,"updatedAt":null,"items":[{"id":1,"productName":"Test Product","quantity":2,"price":10.0,"order":{"id":1,"customerName":"Test Customer","customerEmail":"test@example.com","status":"PENDING","createdAt":null,"updatedAt":null,"items":[{"id":1,"productName":"Test Product","quantity":2,"price":10.0,"order":{"id":1,"customerName":"Test Customer","customerEmail":"test@example.com","status":"PENDING","createdAt":null,"updatedAt":null,"items":[{"id":1,"productName":"Test Product","quantity":2,"price":10.0,"order":{"id":1,"customerName":"Test Customer","customerEmail":"test@example.com","status":"PENDING","createdAt":null,"updatedAt":null,"items":[{"id":1,"productName":"Test Product","quantity":2,"price":10.0,"order":{"id":1,"customerName":"Test Customer","customerEmail":"test@example.com","status":"PENDING","createdAt":null,"updatedAt":null,"items":[{"id":1,"productName":"Test Product","quantity":2,"price":10.0,"order":{"id":1,"customerName":"Test Customer","customerEmail":"test@example.com","status":"PENDING","createdAt":null,"updatedAt":null,"items":[{"id":1,"productName":"Test Product","quantity":2,"price":10.0,"order":{"id":1,"customerName":"Test Customer","customerEmail":"test@example.com","status":"PENDING","createdAt":null,"updatedAt":null,"items":[{"id":1,"productName":"Test Product","quantity":2,"price":10.0,"order":{"id":1,"customerName":"Test Customer","customerEmail":"test@example.com","status":"PENDING","createdAt":null,"updatedAt":null,"items":[{"id":1,"productName":"Test Product","quantity":2,"price":10.0,"order":{"id":1,"customerName":"Test Customer","customerEmail":"test@example.com","status":"PENDING","createdAt":null,"updatedAt":null,"items":[{"id":1,"productName":"Test Product","quantity":2,"price":10.0,"order":{"id":1,"customerName":"Test Customer","customerEmail":"test@example.com","status":"PENDING","createdAt":null,"updatedAt":null,"items":[{"id":1,"productName":"Test Product","quantity":2,"price":10.0,"order":{"id":1,"customerName":"Test Customer","customerEmail":"test@example.com","status":"PENDING","createdAt":null,"updatedAt":null,"items":[{"id":1,"productName":"Test Product","quantity":2,"price":10.0,"order":{"id":1,"customerName":"Test Customer","customerEmail":"test@example.com","status":"PENDING","createdAt":null,"updatedAt":null,"items":[{"id":1,"productName":"Test Product","quantity":2,"price":10.0,"order":{"id":1,"customerName":"Test Customer","customerEmail":"test@example.com","status":"PENDING","createdAt":null,"updatedAt":null,"items":[{"id":1,"productName":"Test Product","quantity":2,"price":10.0,"order":{"id":1,"customerName":"Test Customer","customerEmail":"test@example.com","status":"PENDING","createdAt":null,"updatedAt":null,"items":[{"id":1,"productName":"Test Product","quantity":2,"price":10.0,"order":{"id":1,"customerName":"Test Customer","customerEmail":"test@example.com","status":"PENDING","createdAt":null,"updatedAt":null,"items":[{"id":1,"productName":"Test Product","quantity":2,"price":10.0,"order":{"id":1,"customerName":"Test Customer","customerEmail":"test@example.com","status":"PENDING","createdAt":null,"updatedAt":null,"items":[{"id":1,"productName":"Test Product","quantity":2,"price":10.0,"order":{"id":1,"customerName":"Test Customer","customerEmail":"test@example.com","status":"PENDING","createdAt":null,"updatedAt":null,"items":[{"id":1,"productName":"Test Product","quantity":2,"price":10.0,"order":{"id":1,"customerName":"Test Customer","customerEmail":"test@example.com","status":"PENDING","createdAt":null,"updatedAt":null,"items":[{"id":1,"productName":"Test Product","quantity":2,"price":10.0,"order":{"id":1,"customerName":"Test Customer","customerEmail":"test@example.com","status":"PENDING","createdAt":null,"updatedAt":null,"items":[{"id":1,"productName":"Test Product","quantity":2,"price":10.0,"order":{"id":1,"customerName":"Test Customer","customerEmail":"test@example.com","status":"PENDING","createdAt":null,"updatedAt":null,"items":[{"id":1,"productName":"Test Product","quantity":2,"price":10.0,"order":{"id":1,"customerName":"Test Customer","customerEmail":"test@example.com","status":"PENDING","createdAt":null,"updatedAt":null,"items":[{"id":1,"productName":"Test Product","quantity":2,"price":10.0,"order":{"id":1,"customerName":"Test Customer","customerEmail":"test@example.com","status":"PENDING","createdAt":null,"updatedAt":null,"items":[{"id":1,"productName":"Test Product","quantity":2,"price":10.0,"order":{"id":1,"customerName":"Test Customer","customerEmail":"test@example.com","status":"PENDING","createdAt":null,"updatedAt":null,"items":[{"id":1,"productName":"Test Product","quantity":2,"price":10.0,"order":{"id":1,"customerName":"Test Customer","customerEmail":"test@example.com","status":"PENDING","createdAt":null,"updatedAt":null,"items":[{"id":1,"productName":"Test Product","quantity":2,"price":10.0,"order":{"id":1,"customerName":"Test Customer","customerEmail":"test@example.com","status":"PENDING","createdAt":null,"updatedAt":null,"items":[{"id":1,"productName":"Test Product","quantity":2,"price":10.0,"order":{"id":1,"customerName":"Test Customer","customerEmail":"test@example.com","status":"PENDING","createdAt":null,"updatedAt":null,"items":[{"id":1,"productName":"Test Product","quantity":2,"price":10.0,"order":{"id":1,"customerName":"Test Customer","customerEmail":"test@example.com","status":"PENDING","createdAt":null,"updatedAt":null,"items":[{"id":1,"productName":"Test Product","quantity":2,"price":10.0,"order":{"id":1,"customerName":"Test Customer","customerEmail":"test@example.com","status":"PENDING","createdAt":null,"updatedAt":null,"items":[{"id":1,"productName":"Test Product","quantity":2,"price":10.0,"order":{"id":1,"customerName":"Test Customer","customerEmail":"test@example.com","status":"PENDING","createdAt":null,"updatedAt":null,"items":[{"id":1,"productName":"Test Product","quantity":2,"price":10.0,"order":{"id":1,"customerName":"Test Customer","customerEmail":"test@example.com","status":"PENDING","createdAt":null,"updatedAt":null,"items":[{"id":1,"productName":"Test Product","quantity":2,"price":10.0,"order":{"id":1,"customerName":"Test Customer","customerEmail":"test@example.com","status":"PENDING","createdAt":null,"updatedAt":null,"items":[{"id":1,"productName":"Test Product","quantity":2,"price":10.0,"order":{"id":1,"customerName":"Test Customer","customerEmail":"test@example.com","status":"PENDING","createdAt":null,"updatedAt":null,"items":[{"id":1,"productName":"Test Product","quantity":2,"price":10.0,"order":{"id":1,"customerName":"Test Customer","customerEmail":"test@example.com","status":"PENDING","createdAt":null,"updatedAt":null,"items":[{"id":1,"productName":"Test Product","quantity":2,"price":10.0,"order":{"id":1,"customerName":"Test Customer","customerEmail":"test@example.com","status":"PENDING","createdAt":null,"updatedAt":null,"items":[{"id":1,"productName":"Test Product","quantity":2,"price":10.0,"order":{"id":1,"customerName":"Test Customer","customerEmail":"test@example.com","status":"PENDING","createdAt":null,"updatedAt":null,"items":[{"id":1,"productName":"Test Product","quantity":2,"price":10.0,"order":{"id":1,"customerName":"Test Customer","customerEmail":"test@example.com","status":"PENDING","createdAt":null,"updatedAt":null,"items":[{"id":1,"productName":"Test Product","quantity":2,"price":10.0,"order":{"id":1,"customerName":"Test Customer","customerEmail":"test@example.com","status":"PENDING","createdAt":null,"updatedAt":null,"items":[{"id":1,"productName":"Test Product","quantity":2,"price":10.0,"order":{"id":1,"customerName":"Test Customer","customerEmail":"test@example.com","status":"PENDING","createdAt":null,"updatedAt":null,"items":[{"id":1,"productName":"Test Product","quantity":2,"price":10.0,"order":{"id":1,"customerName":"Test Customer","customerEmail":"test@example.com","status":"PENDING","createdAt":null,"updatedAt":null,"items":[{"id":1,"productName":"Test Product","quantity":2,"price":10.0,"order":{"id":1,"customerName":"Test Customer","customerEmail":"test@example.com","status":"PENDING","createdAt":null,"updatedAt":null,"items":[{"id":1,"productName":"Test Product","quantity":2,"price":10.0,"order":{"id":1,"customerName":"Test Customer","customerEmail":"test@example.com","status":"PENDING","createdAt":null,"updatedAt":null,"items":[{"id":1,"productName":"Test Product","quantity":2,"price":10.0,"order":{"id":1,"customerName":"Test Customer","customerEmail":"test@example.com","status":"PENDING","createdAt":null,"updatedAt":null,"items":[{"id":1,"productName":"Test Product","quantity":2,"price":10.0,"order":{"id":1,"customerName":"Test Customer","customerEmail":"test@example.com","status":"PENDING","createdAt":null,"updatedAt":null,"items":[{"id":1,"productName":"Test Product","quantity":2,"price":10.0,"order":{"id":1,"customerName":"Test Customer","customerEmail":"test@example.com","status":"PENDING","createdAt":null,"updatedAt":null,"items":[{"id":1,"productName":"Test Product","quantity":2,"price":10.0,"order":{"id":1,"customerName":"Test Customer","customerEmail":"test@example.com","status":"PENDING","createdAt":null,"updatedAt":null,"items":[{"id":1,"productName":"Test Product","quantity":2,"price":10.0,"order":{"id":1,"customerName":"Test Customer","customerEmail":"test@example.com","status":"PENDING","createdAt":null,"updatedAt":null,"items":[{"id":1,"productName":"Test Product","quantity":2,"price":10.0,"order":{"id":1,"customerName":"Test Customer","customerEmail":"test@example.com","status":"PENDING","createdAt":null,"updatedAt":null,"items":[{"id":1,"productName":"Test Product","quantity":2,"price":10.0,"order":{"id":1,"customerName":"Test Customer","customerEmail":"test@example.com","status":"PENDING","createdAt":null,"updatedAt":null,"items":[{"id":1,"productName":"Test Product","quantity":2,"price":10.0,"order":{"id":1,"customerName":"Test Customer","customerEmail":"test@example.com","status":"PENDING","createdAt":null,"updatedAt":null,"items":[{"id":1,"productName":"Test Product","quantity":2,"price":10.0,"order":{"id":1,"customerName":"Test Customer","customerEmail":"test@example.com","status":"PENDING","createdAt":null,"updatedAt":null,"items":[{"id":1,"productName":"Test Product","quantity":2,"price":10.0,"order":{"id":1,"customerName":"Test Customer","customerEmail":"test@example.com","status":"PENDING","createdAt":null,"updatedAt":null,"items":[{"id":1,"productName":"Test Product","quantity":2,"price":10.0,"order":{"id":1,"customerName":"Test Customer","customerEmail":"test@example.com","status":"PENDING","createdAt":null,"updatedAt":null,"items":[{"id":1,"productName":"Test Product","quantity":2,"price":10.0,"order":{"id":1,"customerName":"Test Customer","customerEmail":"test@example.com","status":"PENDING","createdAt":null,"updatedAt":null,"items":[{"id":1,"productName":"Test Product","quantity":2,"price":10.0,"order":{"id":1,"customerName":"Test Customer","customerEmail":"test@example.com","status":"PENDING","createdAt":null,"updatedAt":null,"items":[{"id":1,"productName":"Test Product","quantity":2,"price":10.0,"order":{"id":1,"customerName":"Test Customer","customerEmail":"test@example.com","status":"PENDING","createdAt":null,"updatedAt":null,"items":[{"id":1,"productName":"Test Product","quantity":2,"price":10.0,"order":{"id":1,"customerName":"Test Customer","customerEmail":"test@example.com","status":"PENDING","createdAt":null,"updatedAt":null,"items":[{"id":1,"productName":"Test Product","quantity":2,"price":10.0,"order":{"id":1,"customerName":"Test Customer","customerEmail":"test@example.com","status":"PENDING","createdAt":null,"updatedAt":null,"items":[{"id":1,"productName":"Test Product","quantity":2,"price":10.0,"order":{"id":1,"customerName":"Test Customer","customerEmail":"test@example.com","status":"PENDING","createdAt":null,"updatedAt":null,"items":[{"id":1,"productName":"Test Product","quantity":2,"price":10.0,"order":{"id":1,"customerName":"Test Customer","customerEmail":"test@example.com","status":"PENDING","createdAt":null,"updatedAt":null,"items":[{"id":1,"productName":"Test Product","quantity":2,"price":10.0,"order":{"id":1,"customerName":"Test Customer","customerEmail":"test@example.com","status":"PENDING","createdAt":null,"updatedAt":null,"items":[{"id":1,"productName":"Test Product","quantity":2,"price":10.0,"order":{"id":1,"customerName":"Test Customer","customerEmail":"test@example.com","status":"PENDING","createdAt":null,"updatedAt":null,"items":[{"id":1,"productName":"Test Product","quantity":2,"price":10.0,"order":{"id":1,"customerName":"Test Customer","customerEmail":"test@example.com","status":"PENDING","createdAt":null,"updatedAt":null,"items":[{"id":1,"productName":"Test Product","quantity":2,"price":10.0,"order":{"id":1,"customerName":"Test Customer","customerEmail":"test@example.com","status":"PENDING","createdAt":null,"updatedAt":null,"items":[{"id":1,"productName":"Test Product","quantity":2,"price":10.0,"order":{"id":1,"customerName":"Test Customer","customerEmail":"test@example.com","status":"PENDING","createdAt":null,"updatedAt":null,"items":[{"id":1,"productName":"Test Product","quantity":2,"price":10.0,"order":{"id":1,"customerName":"Test Customer","customerEmail":"test@example.com","status":"PENDING","createdAt":null,"updatedAt":null,"items":[{"id":1,"productName":"Test Product","quantity":2,"price":10.0,"order":{"id":1,"customerName":"Test Customer","customerEmail":"test@example.com","status":"PENDING","createdAt":null,"updatedAt":null,"items":[{"id":1,"productName":"Test Product","quantity":2,"price":10.0,"order":{"id":1,"customerName":"Test Customer","customerEmail":"test@example.com","status":"PENDING","createdAt":null,"updatedAt":null,"items":[{"id":1,"productName":"Test Product","quantity":2,"price":10.0,"order":{"id":1,"customerName":"Test Customer","customerEmail":"test@example.com","status":"PENDING","createdAt":null,"updatedAt":null,"items":[{"id":1,"productName":"Test Product","quantity":2,"price":10.0,"order":{"id":1,"customerName":"Test Customer","customerEmail":"test@example.com","status":"PENDING","createdAt":null,"updatedAt":null,"items":[{"id":1,"productName":"Test Product","quantity":2,"price":10.0,"order":{"id":1,"customerName":"Test Customer","customerEmail":"test@example.com","status":"PENDING","createdAt":null,"updatedAt":null,"items":[{"id":1,"productName":"Test Product","quantity":2,"price":10.0,"order":{"id":1,"customerName":"Test Customer","customerEmail":"test@example.com","status":"PENDING","createdAt":null,"updatedAt":null,"items":[{"id":1,"productName":"Test Product","quantity":2,"price":10.0,"order":{"id":1,"customerName":"Test Customer","customerEmail":"test@example.com","status":"PENDING","createdAt":null,"updatedAt":null,"items":[{"id":1,"productName":"Test Product","quantity":2,"price":10.0,"order":{"id":1,"customerName":"Test Customer","customerEmail":"test@example.com","status":"PENDING","createdAt":null,"updatedAt":null,"items":[{"id":1,"productName":"Test Product","quantity":2,"price":10.0,"order":{"id":1,"customerName":"Test Customer","customerEmail":"test@example.com","status":"PENDING","createdAt":null,"updatedAt":null,"items":[{"id":1,"productName":"Test Product","quantity":2,"price":10.0,"order":{"id":1,"customerName":"Test Customer","customerEmail":"test@example.com","status":"PENDING","createdAt":null,"updatedAt":null,"items":[{"id":1,"productName":"Test Product","quantity":2,"price":10.0,"order":{"id":1,"customerName":"Test Customer","customerEmail":"test@example.com","status":"PENDING","createdAt":null,"updatedAt":null,"items":[{"id":1,"productName":"Test Product","quantity":2,"price":10.0,"order":{"id":1,"customerName":"Test Customer","customerEmail":"test@example.com","status":"PENDING","createdAt":null,"updatedAt":null,"items":[{"id":1,"productName":"Test Product","quantity":2,"price":10.0,"order":{"id":1,"customerName":"Test Customer","customerEmail":"test@example.com","status":"PENDING","createdAt":null,"updatedAt":null,"items":[{"id":1,"productName":"Test Product","quantity":2,"price":10.0,"order":{"id":1,"customerName":"Test Customer","customerEmail":"test@example.com","status":"PENDING","createdAt":null,"updatedAt":null,"items":[{"id":1,"productName":"Test Product","quantity":2,"price":10.0,"order":{"id":1,"customerName":"Test Customer","customerEmail":"test@example.com","status":"PENDING","createdAt":null,"updatedAt":null,"items":[{"id":1,"productName":"Test Product","quantity":2,"price":10.0,"order":{"id":1,"customerName":"Test Customer","customerEmail":"test@example.com","status":"PENDING","createdAt":null,"updatedAt":null,"items":[{"id":1,"productName":"Test Product","quantity":2,"price":10.0,"order":{"id":1,"customerName":"Test Customer","customerEmail":"test@example.com","status":"PENDING","createdAt":null,"updatedAt":null,"items":[{"id":1,"productName":"Test Product","quantity":2,"price":10.0,"order":{"id":1,"customerName":"Test Customer","customerEmail":"test@example.com","status":"PENDING","createdAt":null,"updatedAt":null,"items":[{"id":1,"productName":"Test Product","quantity":2,"price":10.0,"order":{"id":1,"customerName":"Test Customer","customerEmail":"test@example.com","status":"PENDING","createdAt":null,"updatedAt":null,"items":[{"id":1,"productName":"Test Product","quantity":2,"price":10.0,"order":{"id":1,"customerName":"Test Customer","customerEmail":"test@example.com","status":"PENDING","createdAt":null,"updatedAt":null,"items":[{"id":1,"productName":"Test Product","quantity":2,"price":10.0,"order":{"id":1,"customerName":"Test Customer","customerEmail":"test@example.com","status":"PENDING","createdAt":null,"updatedAt":null,"items":[{"id":1,"productName":"Test Product","quantity":2,"price":10.0,"order":{"id":1,"customerName":"Test Customer","customerEmail":"test@example.com","status":"PENDING","createdAt":null,"updatedAt":null,"items":[{"id":1,"productName":"Test Product","quantity":2,"price":10.0,"order":{"id":1,"customerName":"Test Customer","customerEmail":"test@example.com","status":"PENDING","createdAt":null,"updatedAt":null,"items":[{"id":1,"productName":"Test Product","quantity":2,"price":10.0,"order":{"id":1,"customerName":"Test Customer","customerEmail":"test@example.com","status":"PENDING","createdAt":null,"updatedAt":null,"items":[{"id":1,"productName":"Test Product","quantity":2,"price":10.0,"order":{"id":1,"customerName":"Test Customer","customerEmail":"test@example.com","status":"PENDING","createdAt":null,"updatedAt":null,"items":[{"id":1,"productName":"Test Product","quantity":2,"price":10.0,"order":{"id":1,"customerName":"Test Customer","customerEmail":"test@example.com","status":"PENDING","createdAt":null,"updatedAt":null,"items":[{"id":1,"productName":"Test Product","quantity":2,"price":10.0,"order":{"id":1,"customerName":"Test Customer","customerEmail":"test@example.com","status":"PENDING","createdAt":null,"updatedAt":null,"items":[{"id":1,"productName":"Test Product","quantity":2,"price":10.0,"order":{"id":1,"customerName":"Test Customer","customerEmail":"test@example.com","status":"PENDING","createdAt":null,"updatedAt":null,"items":[{"id":1,"productName":"Test Product","quantity":2,"price":10.0,"order":{"id":1,"customerName":"Test Customer","customerEmail":"test@example.com","status":"PENDING","createdAt":null,"updatedAt":null,"items":[{"id":1,"productName":"Test Product","quantity":2,"price":10.0,"order":{"id":1,"customerName":"Test Customer","customerEmail":"test@example.com","status":"PENDING","createdAt":null,"updatedAt":null,"items":[{"id":1,"productName":"Test Product","quantity":2,"price":10.0,"order":{"id":1,"customerName":"Test Customer","customerEmail":"test@example.com","status":"PENDING","createdAt":null,"updatedAt":null,"items":[{"id":1,"productName":"Test Product","quantity":2,"price":10.0,"order":{"id":1,"customerName":"Test Customer","customerEmail":"test@example.com","status":"PENDING","createdAt":null,"updatedAt":null,"items":[{"id":1,"productName":"Test Product","quantity":2,"price":10.0,"order":{"id":1,"customerName":"Test Customer","customerEmail":"test@example.com","status":"PENDING","createdAt":null,"updatedAt":null,"items":[{"id":1,"productName":"Test Product","quantity":2,"price":10.0,"order":{"id":1,"customerName":"Test Customer","customerEmail":"test@example.com","status":"PENDING","createdAt":null,"updatedAt":null,"items":[{"id":1,"productName":"Test Product","quantity":2,"price":10.0,"order":{"id":1,"customerName":"Test Customer","customerEmail":"test@example.com","status":"PENDING","createdAt":null,"updatedAt":null,"items":[{"id":1,"productName":"Test Product","quantity":2,"price":10.0,"order":{"id":1,"customerName":"Test Customer","customerEmail":"test@example.com","status":"PENDING","createdAt":null,"updatedAt":null,"items":[{"id":1,"productName":"Test Product","quantity":2,"price":10.0,"order":{"id":1,"customerName":"Test Customer","customerEmail":"test@example.com","status":"PENDING","createdAt":null,"updatedAt":null,"items":[{"id":1,"productName":"Test Product","quantity":2,"price":10.0,"order":{"id":1,"customerName":"Test Customer","customerEmail":"test@example.com","status":"PENDING","createdAt":null,"updatedAt":null,"items":[{"id":1,"productName":"Test Product","quantity":2,"price":10.0,"order":{"id":1,"customerName":"Test Customer","customerEmail":"test@example.com","status":"PENDING","createdAt":null,"updatedAt":null,"items":[{"id":1,"productName":"Test Product","quantity":2,"price":10.0,"order":{"id":1,"customerName":"Test Customer","customerEmail":"test@example.com","status":"PENDING","createdAt":null,"updatedAt":null,"items":[{"id":1,"productName":"Test Product","quantity":2,"price":10.0,"order":{"id":1,"customerName":"Test Customer","customerEmail":"test@example.com","status":"PENDING","createdAt":null,"updatedAt":null,"items":[{"id":1,"productName":"Test Product","quantity":2,"price":10.0,"order":{"id":1,"customerName":"Test Customer","customerEmail":"test@example.com","status":"PENDING","createdAt":null,"updatedAt":null,"items":[{"id":1,"productName":"Test Product","quantity":2,"price":10.0,"order":{"id":1,"customerName":"Test Customer","customerEmail":"test@example.com","status":"PENDING","createdAt":null,"updatedAt":null,"items":[{"id":1,"productName":"Test Product","quantity":2,"price":10.0,"order":{"id":1,"customerName":"Test Customer","customerEmail":"test@example.com","status":"PENDING","createdAt":null,"updatedAt":null,"items":[{"id":1,"productName":"Test Product","quantity":2,"price":10.0,"order":{"id":1,"customerName":"Test Customer","customerEmail":"test@example.com","status":"PENDING","createdAt":null,"updatedAt":null,"items":[{"id":1,"productName":"Test Product","quantity":2,"price":10.0,"order":{"id":1,"customerName":"Test Customer","customerEmail":"test@example.com","status":"PENDING","createdAt":null,"updatedAt":null,"items":[{"id":1,"productName":"Test Product","quantity":2,"price":10.0,"order":{"id":1,"customerName":"Test Customer","customerEmail":"test@example.com","status":"PENDING","createdAt":null,"updatedAt":null,"items":[{"id":1,"productName":"Test Product","quantity":2,"price":10.0,"order":{"id":1,"customerName":"Test Customer","customerEmail":"test@example.com","status":"PENDING","createdAt":null,"updatedAt":null,"items":[{"id":1,"productName":"Test Product","quantity":2,"price":10.0,"order":{"id":1,"customerName":"Test Customer","customerEmail":"test@example.com","status":"PENDING","createdAt":null,"updatedAt":null,"items":[{"id":1,"productName":"Test Product","quantity":2,"price":10.0,"order":{"id":1,"customerName":"Test Customer","customerEmail":"test@example.com","status":"PENDING","createdAt":null,"updatedAt":null,"items":[{"id":1,"productName":"Test Product","quantity":2,"price":10.0,"order":{"id":1,"customerName":"Test Customer","customerEmail":"test@example.com","status":"PENDING","createdAt":null,"updatedAt":null,"items":[{"id":1,"productName":"Test Product","quantity":2,"price":10.0,"order":{"id":1,"customerName":"Test Customer","customerEmail":"test@example.com","status":"PENDING","createdAt":null,"updatedAt":null,"items":[{"id":1,"productName":"Test Product","quantity":2,"price":10.0,"order":{"id":1,"customerName":"Test Customer","customerEmail":"test@example.com","status":"PENDING","createdAt":null,"updatedAt":null,"items":[{"id":1,"productName":"Test Product","quantity":2,"price":10.0,"order":{"id":1,"customerName":"Test Customer","customerEmail":"test@example.com","status":"PENDING","createdAt":null,"updatedAt":null,"items":[{"id":1,"productName":"Test Product","quantity":2,"price":10.0,"order":{"id":1,"customerName":"Test Customer","customerEmail":"test@example.com","status":"PENDING","createdAt":null,"updatedAt":null,"items":[{"id":1,"productName":"Test Product","quantity":2,"price":10.0,"order":{"id":1,"customerName":"Test Customer","customerEmail":"test@example.com","status":"PENDING","createdAt":null,"updatedAt":null,"items":[{"id":1,"productName":"Test Product","quantity":2,"price":10.0,"order":{"id":1,"customerName":"Test Customer","customerEmail":"test@example.com","status":"PENDING","createdAt":null,"updatedAt":null,"items":[{"id":1,"productName":"Test Product","quantity":2,"price":10.0,"order":{"id":1,"customerName":"Test Customer","customerEmail":"test@example.com","status":"PENDING","createdAt":null,"updatedAt":null,"items":[{"id":1,"productName":"Test Product","quantity":2,"price":10.0,"order":{"id":1,"customerName":"Test Customer","customerEmail":"test@example.com","status":"PENDING","createdAt":null,"updatedAt":null,"items":[{"id":1,"productName":"Test Product","quantity":2,"price":10.0,"order":{"id":1,"customerName":"Test Customer","customerEmail":"test@example.com","status":"PENDING","createdAt":null,"updatedAt":null,"items":[{"id":1,"productName":"Test Product","quantity":2,"price":10.0,"order":{"id":1,"customerName":"Test Customer","customerEmail":"test@example.com","status":"PENDING","createdAt":null,"updatedAt":null,"items":[{"id":1,"productName":"Test Product","quantity":2,"price":10.0,"order":{"id":1,"customerName":"Test Customer","customerEmail":"test@example.com","status":"PENDING","createdAt":null,"updatedAt":null,"items":[{"id":1,"productName":"Test Product","quantity":2,"price":10.0,"order":{"id":1,"customerName":"Test Customer","customerEmail":"test@example.com","status":"PENDING","createdAt":null,"updatedAt":null,"items":[{"id":1,"productName":"Test Product","quantity":2,"price":10.0,"order":{"id":1,"customerName":"Test Customer","customerEmail":"test@example.com","status":"PENDING","createdAt":null,"updatedAt":null,"items":[{"id":1,"productName":"Test Product","quantity":2,"price":10.0,"order":{"id":1,"customerName":"Test Customer","customerEmail":"test@example.com","status":"PENDING","createdAt":null,"updatedAt":null,"items":[{"id":1,"productName":"Test Product","quantity":2,"price":10.0,"order":{"id":1,"customerName":"Test Customer","customerEmail":"test@example.com","status":"PENDING","createdAt":null,"updatedAt":null,"items":[{"id":1,"productName":"Test Product","quantity":2,"price":10.0,"order":{"id":1,"customerName":"Test Customer","customerEmail":"test@example.com","status":"PENDING","createdAt":null,"updatedAt":null,"items":[{"id":1,"productName":"Test Product","quantity":2,"price":10.0,"order":{"id":1,"customerName":"Test Customer","customerEmail":"test@example.com","status":"PENDING","createdAt":null,"updatedAt":null,"items":[{"id":1,"productName":"Test Product","quantity":2,"price":10.0,"order":{"id":1,"customerName":"Test Customer","customerEmail":"test@example.com","status":"PENDING","createdAt":null,"updatedAt":null,"items":[{"id":1,"productName":"Test Product","quantity":2,"price":10.0,"order":{"id":1,"customerName":"Test Customer","customerEmail":"test@example.com","status":"PENDING","createdAt":null,"updatedAt":null,"items":[{"id":1,"productName":"Test Product","quantity":2,"price":10.0,"order":{"id":1,"customerName":"Test Customer","customerEmail":"test@example.com","status":"PENDING","createdAt":null,"updatedAt":null,"items":[{"id":1,"productName":"Test Product","quantity":2,"price":10.0,"order":{"id":1,"customerName":"Test Customer","customerEmail":"test@example.com","status":"PENDING","createdAt":null,"updatedAt":null,"items":[{"id":1,"productName":"Test Product","quantity":2,"price":10.0,"order":{"id":1,"customerName":"Test Customer","customerEmail":"test@example.com","status":"PENDING","createdAt":null,"updatedAt":null,"items":[{"id":1,"productName":"Test Product","quantity":2,"price":10.0,"order":{"id":1,"customerName":"Test Customer","customerEmail":"test@example.com","status":"PENDING","createdAt":null,"updatedAt":null,"items":[{"id":1,"productName":"Test Product","quantity":2,"price":10.0,"order":{"id":1,"customerName":"Test Customer","customerEmail":"test@example.com","status":"PENDING","createdAt":null,"updatedAt":null,"items":[{"id":1,"productName":"Test Product","quantity":2,"price":10.0,"order":{"id":1,"customerName":"Test Customer","customerEmail":"test@example.com","status":"PENDING","createdAt":null,"updatedAt":null,"items":[{"id":1,"productName":"Test Product","quantity":2,"price":10.0,"order":{"id":1,"customerName":"Test Customer","customerEmail":"test@example.com","status":"PENDING","createdAt":null,"updatedAt":null,"items":[{"id":1,"productName":"Test Product","quantity":2,"price":10.0,"order":{"id":1,"customerName":"Test Customer","customerEmail":"test@example.com","status":"PENDING","createdAt":null,"updatedAt":null,"items":[{"id":1,"productName":"Test Product","quantity":2,"price":10.0,"order":{"id":1,"customerName":"Test Customer","customerEmail":"test@example.com","status":"PENDING","createdAt":null,"updatedAt":null,"items":[{"id":1,"productName":"Test Product","quantity":2,"price":10.0,"order":{"id":1,"customerName":"Test Customer","customerEmail":"test@example.com","status":"PENDING","createdAt":null,"updatedAt":null,"items":[{"id":1,"productName":"Test Product","quantity":2,"price":10.0,"order":{"id":1,"customerName":"Test Customer","customerEmail":"test@example.com","status":"PENDING","createdAt":null,"updatedAt":null,"items":[{"id":1,"productName":"Test Product","quantity":2,"price":10.0,"order":{"id":1,"customerName":"Test Customer","customerEmail":"test@example.com","status":"PENDING","createdAt":null,"updatedAt":null,"items":[{"id":1,"productName":"Test Product","quantity":2,"price":10.0,"order":{"id":1,"customerName":"Test Customer","customerEmail":"test@example.com","status":"PENDING","createdAt":null,"updatedAt":null,"items":[{"id":1,"productName":"Test Product","quantity":2,"price":10.0,"order":{"id":1,"customerName":"Test Customer","customerEmail":"test@example.com","status":"PENDING","createdAt":null,"updatedAt":null,"items":[{"id":1,"productName":"Test Product","quantity":2,"price":10.0,"order":{"id":1,"customerName":"Test Customer","customerEmail":"test@example.com","status":"PENDING","createdAt":null,"updatedAt":null,"items":[{"id":1,"productName":"Test Product","quantity":2,"price":10.0,"order":{"id":1,"customerName":"Test Customer","customerEmail":"test@example.com","status":"PENDING","createdAt":null,"updatedAt":null,"items":[{"id":1,"productName":"Test Product","quantity":2,"price":10.0,"order":{"id":1,"customerName":"Test Customer","customerEmail":"test@example.com","status":"PENDING","createdAt":null,"updatedAt":null,"items":[{"id":1,"productName":"Test Product","quantity":2,"price":10.0,"order":{"id":1,"customerName":"Test Customer","customerEmail":"test@example.com","status":"PENDING","createdAt":null,"updatedAt":null,"items":[{"id":1,"productName":"Test Product","quantity":2,"price":10.0,"order":{"id":1,"customerName":"Test Customer","customerEmail":"test@example.com","status":"PENDING","createdAt":null,"updatedAt":null,"items":[{"id":1,"productName":"Test Product","quantity":2,"price":10.0,"order":{"id":1,"customerName":"Test Customer","customerEmail":"test@example.com","status":"PENDING","createdAt":null,"updatedAt":null,"items":[{"id":1,"productName":"Test Product","quantity":2,"price":10.0,"order":{"id":1,"customerName":"Test Customer","customerEmail":"test@example.com","status":"PENDING","createdAt":null,"updatedAt":null,"items":[{"id":1,"productName":"Test Product","quantity":2,"price":10.0,"order":{"id":1,"customerName":"Test Customer","customerEmail":"test@example.com","status":"PENDING","createdAt":null,"updatedAt":null,"items":[{"id":1,"productName":"Test Product","quantity":2,"price":10.0,"order":{"id":1,"customerName":"Test Customer","customerEmail":"test@example.com","status":"PENDING","createdAt":null,"updatedAt":null,"items":[{"id":1,"productName":"Test Product","quantity":2,"price":10.0,"order":{"id":1,"customerName":"Test Customer","customerEmail":"test@example.com","status":"PENDING","createdAt":null,"updatedAt":null,"items":[{"id":1,"productName":"Test Product","quantity":2,"price":10.0,"order":{"id":1,"customerName":"Test Customer","customerEmail":"test@example.com","status":"PENDING","createdAt":null,"updatedAt":null,"items":[{"id":1,"productName":"Test Product","quantity":2,"price":10.0,"order":{"id":1,"customerName":"Test Customer","customerEmail":"test@example.com","status":"PENDING","createdAt":null,"updatedAt":null,"items":[{"id":1,"productName":"Test Product","quantity":2,"price":10.0,"order":{"id":1,"customerName":"Test Customer","customerEmail":"test@example.com","status":"PENDING","createdAt":null,"updatedAt":null,"items":[{"id":1,"productName":"Test Product","quantity":2,"price":10.0,"order":{"id":1,"customerName":"Test Customer","customerEmail":"test@example.com","status":"PENDING","createdAt":null,"updatedAt":null,"items":[{"id":1,"productName":"Test Product","quantity":2,"price":10.0,"order":{"id":1,"customerName":"Test Customer","customerEmail":"test@example.com","status":"PENDING","createdAt":null,"updatedAt":null,"items":[{"id":1,"productName":"Test Product","quantity":2,"price":10.0,"order":{"id":1,"customerName":"Test Customer","customerEmail":"test@example.com","status":"PENDING","createdAt":null,"updatedAt":null,"items":[{"id":1,"productName":"Test Product","quantity":2,"price":10.0,"order":{"id":1,"customerName":"Test Customer","customerEmail":"test@example.com","status":"PENDING","createdAt":null,"updatedAt":null,"items":[{"id":1,"productName":"Test Product","quantity":2,"price":10.0,"order":{"id":1,"customerName":"Test Customer","customerEmail":"test@example.com","status":"PENDING","createdAt":null,"updatedAt":null,"items":[{"id":1,"productName":"Test Product","quantity":2,"price":10.0,"order":{"id":1,"customerName":"Test Customer","customerEmail":"test@example.com","status":"PENDING","createdAt":null,"updatedAt":null,"items":[{"id":1,"productName":"Test Product","quantity":2,"price":10.0,"order":{"id":1,"customerName":"Test Customer","customerEmail":"test@example.com","status":"PENDING","createdAt":null,"updatedAt":null,"items":[{"id":1,"productName":"Test Product","quantity":2,"price":10.0,"order":{"id":1,"customerName":"Test Customer","customerEmail":"test@example.com","status":"PENDING","createdAt":null,"updatedAt":null,"items":[{"id":1,"productName":"Test Product","quantity":2,"price":10.0,"order":{"id":1,"customerName":"Test Customer","customerEmail":"test@example.com","status":"PENDING","createdAt":null,"updatedAt":null,"items":[{"id":1,"productName":"Test Product","quantity":2,"price":10.0,"order":{"id":1,"customerName":"Test Customer","customerEmail":"test@example.com","status":"PENDING","createdAt":null,"updatedAt":null,"items":[{"id":1,"productName":"Test Product","quantity":2,"price":10.0,"order":{"id":1,"customerName":"Test Customer","customerEmail":"test@example.com","status":"PENDING","createdAt":null,"updatedAt":null,"items":[{"id":1,"productName":"Test Product","quantity":2,"price":10.0,"order":{"id":1,"customerName":"Test Customer","customerEmail":"test@example.com","status":"PENDING","createdAt":null,"updatedAt":null,"items":[{"id":1,"productName":"Test Product","quantity":2,"price":10.0,"order":{"id":1,"customerName":"Test Customer","customerEmail":"test@example.com","status":"PENDING","createdAt":null,"updatedAt":null,"items":[{"id":1,"productName":"Test Product","quantity":2,"price":10.0,"order":{"id":1,"customerName":"Test Customer","customerEmail":"test@example.com","status":"PENDING","createdAt":null,"updatedAt":null,"items":[{"id":1,"productName":"Test Product","quantity":2,"price":10.0,"order":{"id":1,"customerName":"Test Customer","customerEmail":"test@example.com","status":"PENDING","createdAt":null,"updatedAt":null,"items":[{"id":1,"productName":"Test Product","quantity":2,"price":10.0,"order":{"id":1,"customerName":"Test Customer","customerEmail":"test@example.com","status":"PENDING","createdAt":null,"updatedAt":null,"items":[{"id":1,"productName":"Test Product","quantity":2,"price":10.0,"order":{"id":1,"customerName":"Test Customer","customerEmail":"test@example.com","status":"PENDING","createdAt":null,"updatedAt":null,"items":[{"id":1,"productName":"Test Product","quantity":2,"price":10.0,"order":{"id":1,"customerName":"Test Customer","customerEmail":"test@example.com","status":"PENDING","createdAt":null,"updatedAt":null,"items":[{"id":1,"productName":"Test Product","quantity":2,"price":10.0,"order":{"id":1,"customerName":"Test Customer","customerEmail":"test@example.com","status":"PENDING","createdAt":null,"updatedAt":null,"items":[{"id":1,"productName":"Test Product","quantity":2,"price":10.0,"order":{"id":1,"customerName":"Test Customer","customerEmail":"test@example.com","status":"PENDING","createdAt":null,"updatedAt":null,"items":[{"id":1,"productName":"Test Product","quantity":2,"price":10.0,"order":{"id":1,"customerName":"Test Customer","customerEmail":"test@example.com","status":"PENDING","createdAt":null,"updatedAt":null,"items":[{"id":1,"productName":"Test Product","quantity":2,"price":10.0,"order":{"id":1,"customerName":"Test Customer","customerEmail":"test@example.com","status":"PENDING","createdAt":null,"updatedAt":null,"items":[{"id":1,"productName":"Test Product","quantity":2,"price":10.0,"order":{"id":1,"customerName":"Test Customer","customerEmail":"test@example.com","status":"PENDING","createdAt":null,"updatedAt":null,"items":[{"id":1,"productName":"Test Product","quantity":2,"price":10.0,"order":{"id":1,"customerName":"Test Customer","customerEmail":"test@example.com","status":"PENDING","createdAt":null,"updatedAt":null,"items":[{"id":1,"productName":"Test Product","quantity":2,"price":10.0,"order":{"id":1,"customerName":"Test Customer","customerEmail":"test@example.com","status":"PENDING","createdAt":null,"updatedAt":null,"items":[{"id":1,"productName":"Test Product","quantity":2,"price":10.0,"order":{"id":1,"customerName":"Test Customer","customerEmail":"test@example.com","status":"PENDING","createdAt":null,"updatedAt":null,"items":[{"id":1,"productName":"Test Product","quantity":2,"price":10.0,"order":{"id":1,"customerName":"Test Customer","customerEmail":"test@example.com","status":"PENDING","createdAt":null,"updatedAt":null,"items":[{"id":1,"productName":"Test Product","quantity":2,"price":10.0,"order":{"id":1,"customerName":"Test Customer","customerEmail":"test@example.com","status":"PENDING","createdAt":null,"updatedAt":null,"items":[{"id":1,"productName":"Test Product","quantity":2,"price":10.0,"order":{"id":1,"customerName":"Test Customer","customerEmail":"test@example.com","status":"PENDING","createdAt":null,"updatedAt":null,"items":[{"id":1,"productName":"Test Product","quantity":2,"price":10.0,"order":{"id":1,"customerName":"Test Customer","customerEmail":"test@example.com","status":"PENDING","createdAt":null,"updatedAt":null,"items":[{"id":1,"productName":"Test Product","quantity":2,"price":10.0,"order":{"id":1,"customerName":"Test Customer","customerEmail":"test@example.com","status":"PENDING","createdAt":null,"updatedAt":null,"items":[{"id":1,"productName":"Test Product","quantity":2,"price":10.0,"order":{"id":1,"customerName":"Test Customer","customerEmail":"test@example.com","status":"PENDING","createdAt":null,"updatedAt":null,"items":[{"id":1,"productName":"Test Product","quantity":2,"price":10.0,"order":{"id":1,"customerName":"Test Customer","customerEmail":"test@example.com","status":"PENDING","createdAt":null,"updatedAt":null,"items":[{"id":1,"productName":"Test Product","quantity":2,"price":10.0,"order":{"id":1,"customerName":"Test Customer","customerEmail":"test@example.com","status":"PENDING","createdAt":null,"updatedAt":null,"items":[{"id":1,"productName":"Test Product","quantity":2,"price":10.0,"order":{"id":1,"customerName":"Test Customer","customerEmail":"test@example.com","status":"PENDING","createdAt":null,"updatedAt":null,"items":[{"id":1,"productName":"Test Product","quantity":2,"price":10.0,"order":{"id":1,"customerName":"Test Customer","customerEmail":"test@example.com","status":"PENDING","createdAt":null,"updatedAt":null,"items":[{"id":1,"productName":"Test Product","quantity":2,"price":10.0,"order":{"id":1,"customerName":"Test Customer","customerEmail":"test@example.com","status":"PENDING","createdAt":null,"updatedAt":null,"items":[{"id":1,"productName":"Test Product","quantity":2,"price":10.0,"order":{"id":1,"customerName":"Test Customer","customerEmail":"test@example.com","status":"PENDING","createdAt":null,"updatedAt":null,"items":[{"id":1,"productName":"Test Product","quantity":2,"price":10.0,"order":{"id":1,"customerName":"Test Customer","customerEmail":"test@example.com","status":"PENDING","createdAt":null,"updatedAt":null,"items":[{"id":1,"productName":"Test Product","quantity":2,"price":10.0,"order":{"id":1,"customerName":"Test Customer","customerEmail":"test@example.com","status":"PENDING","createdAt":null,"updatedAt":null,"items":[{"id":1,"productName":"Test Product","quantity":2,"price":10.0,"order":{"id":1,"customerName":"Test Customer","customerEmail":"test@example.com","status":"PENDING","createdAt":null,"updatedAt":null,"items":[{"id":1,"productName":"Test Product","quantity":2,"price":10.0,"order":{"id":1,"customerName":"Test Customer","customerEmail":"test@example.com","status":"PENDING","createdAt":null,"updatedAt":null,"items":[{"id":1,"productName":"Test Product","quantity":2,"price":10.0,"order":{"id":1,"customerName":"Test Customer","customerEmail":"test@example.com","status":"PENDING","createdAt":null,"updatedAt":null,"items":[{"id":1,"productName":"Test Product","quantity":2,"price":10.0,"order":{"id":1,"customerName":"Test Customer","customerEmail":"test@example.com","status":"PENDING","createdAt":null,"updatedAt":null,"items":[{"id":1,"productName":"Test Product","quantity":2,"price":10.0,"order":{"id":1,"customerName":"Test Customer","customerEmail":"test@example.com","status":"PENDING","createdAt":null,"updatedAt":null,"items":[{"id":1,"productName":"Test Product","quantity":2,"price":10.0,"order":{"id":1,"customerName":"Test Customer","customerEmail":"test@example.com","status":"PENDING","createdAt":null,"updatedAt":null,"items":[{"id":1,"productName":"Test Product","quantity":2,"price":10.0,"order":{"id":1,"customerName":"Test Customer","customerEmail":"test@example.com","status":"PENDING","createdAt":null,"updatedAt":null,"items":[{"id":1,"productName":"Test Product","quantity":2,"price":10.0,"order":{"id":1,"customerName":"Test Customer","customerEmail":"test@example.com","status":"PENDING","createdAt":null,"updatedAt":null,"items":[{"id":1,"productName":"Test Product","quantity":2,"price":10.0,"order":{"id":1,"customerName":"Test Customer","customerEmail":"test@example.com","status":"PENDING","createdAt":null,"updatedAt":null,"items":[{"id":1,"productName":"Test Product","quantity":2,"price":10.0,"order":{"id":1,"customerName":"Test Customer","customerEmail":"test@example.com","status":"PENDING","createdAt":null,"updatedAt":null,"items":[{"id":1,"productName":"Test Product","quantity":2,"price":10.0,"order":{"id":1,"customerName":"Test Customer","customerEmail":"test@example.com","status":"PENDING","createdAt":null,"updatedAt":null,"items":[{"id":1,"productName":"Test Product","quantity":2,"price":10.0,"order":{"id":1,"customerName":"Test Customer","customerEmail":"test@example.com","status":"PENDING","createdAt":null,"updatedAt":null,"items":[{"id":1,"productName":"Test Product","quantity":2,"price":10.0,"order":{"id":1,"customerName":"Test Customer","customerEmail":"test@example.com","status":"PENDING","createdAt":null,"updatedAt":null,"items":[{"id":1,"productName":"Test Product","quantity":2,"price":10.0,"order":{"id":1,"customerName":"Test Customer","customerEmail":"test@example.com","status":"PENDING","createdAt":null,"updatedAt":null,"items":[{"id":1,"productName":"Test Product","quantity":2,"price":10.0,"order":{"id":1,"customerName":"Test Customer","customerEmail":"test@example.com","status":"PENDING","createdAt":null,"updatedAt":null,"items":[{"id":1,"productName":"Test Product","quantity":2,"price":10.0,"order":{"id":1,"customerName":"Test Customer","customerEmail":"test@example.com","status":"PENDING","createdAt":null,"updatedAt":null,"items":[{"id":1,"productName":"Test Product","quantity":2,"price":10.0,"order":{"id":1,"customerName":"Test Customer","customerEmail":"test@example.com","status":"PENDING","createdAt":null,"updatedAt":null,"items":[{"id":1,"productName":"Test Product","quantity":2,"price":10.0,"order":{"id":1,"customerName":"Test Customer","customerEmail":"test@example.com","status":"PENDING","createdAt":null,"updatedAt":null,"items":[{"id":1,"productName":"Test Product","quantity":2,"price":10.0,"order":{"id":1,"customerName":"Test Customer","customerEmail":"test@example.com","status":"PENDING","createdAt":null,"updatedAt":null,"items":[{"id":1,"productName":"Test Product","quantity":2,"price":10.0,"order":{"id":1,"customerName":"Test Customer","customerEmail":"test@example.com","status":"PENDING","createdAt":null,"updatedAt":null,"items":[{"id":1,"productName":"Test Product","quantity":2,"price":10.0,"order":{"id":1,"customerName":"Test Customer","customerEmail":"test@example.com","status":"PENDING","createdAt":null,"updatedAt":null,"items":[{"id":1,"productName":"Test Product","quantity":2,"price":10.0,"order":{"id":1,"customerName":"Test Customer","customerEmail":"test@example.com","status":"PENDING","createdAt":null,"updatedAt":null,"items":[{"id":1,"productName":"Test Product","quantity":2,"price":10.0,"order":{"id":1,"customerName":"Test Customer","customerEmail":"test@example.com","status":"PENDING","createdAt":null,"updatedAt":null,"items":[{"id":1,"productName":"Test Product","quantity":2,"price":10.0,"order":{"id":1,"customerName":"Test Customer","customerEmail":"test@example.com","status":"PENDING","createdAt":null,"updatedAt":null,"items":[{"id":1,"productName":"Test Product","quantity":2,"price":10.0,"order":{"id":1,"customerName":"Test Customer","customerEmail":"test@example.com","status":"PENDING","createdAt":null,"updatedAt":null,"items":[{"id":1,"productName":"Test Product","quantity":2,"price":10.0,"order":{"id":1,"customerName":"Test Customer","customerEmail":"test@example.com","status":"PENDING","createdAt":null,"updatedAt":null,"items":[{"id":1,"productName":"Test Product","quantity":2,"price":10.0,"order":{"id":1,"customerName":"Test Customer","customerEmail":"test@example.com","status":"PENDING","createdAt":null,"updatedAt":null,"items":[{"id":1,"productName":"Test Product","quantity":2,"price":10.0,"order":{"id":1,"customerName":"Test Customer","customerEmail":"test@example.com","status":"PENDING","createdAt":null,"updatedAt":null,"items":[{"id":1,"productName":"Test Product","quantity":2,"price":10.0,"order":{"id":1,"customerName":"Test Customer","customerEmail":"test@example.com","status":"PENDING","createdAt":null,"updatedAt":null,"items":[{"id":1,"productName":"Test Product","quantity":2,"price":10.0,"order":{"id":1,"customerName":"Test Customer","customerEmail":"test@example.com","status":"PENDING","createdAt":null,"updatedAt":null,"items":[{"id":1,"productName":"Test Product","quantity":2,"price":10.0,"order":{"id":1,"customerName":"Test Customer","customerEmail":"test@example.com","status":"PENDING","createdAt":null,"updatedAt":null,"items":[{"id":1,"productName":"Test Product","quantity":2,"price":10.0,"order":{"id":1,"customerName":"Test Customer","customerEmail":"test@example.com","status":"PENDING","createdAt":null,"updatedAt":null,"items":[{"id":1,"productName":"Test Product","quantity":2,"price":10.0,"order":{"id":1,"customerName":"Test Customer","customerEmail":"test@example.com","status":"PENDING","createdAt":null,"updatedAt":null,"items":[{"id":1,"productName":"Test Product","quantity":2,"price":10.0,"order":{"id":1,"customerName":"Test Customer","customerEmail":"test@example.com","status":"PENDING","createdAt":null,"updatedAt":null,"items":[{"id":1,"productName":"Test Product","quantity":2,"price":10.0,"order":{"id":1,"customerName":"Test Customer","customerEmail":"test@example.com","status":"PENDING","createdAt":null,"updatedAt":null,"items":[{"id":1,"productName":"Test Product","quantity":2,"price":10.0,"order":{"id":1,"customerName":"Test Customer","customerEmail":"test@example.com","status":"PENDING","createdAt":null,"updatedAt":null,"items":[{"id":1,"productName":"Test Product","quantity":2,"price":10.0,"order":{"id":1,"customerName":"Test Customer","customerEmail":"test@example.com","status":"PENDING","createdAt":null,"updatedAt":null,"items":[{"id":1,"productName":"Test Product","quantity":2,"price":10.0,"order":{"id":1,"customerName":"Test Customer","customerEmail":"test@example.com","status":"PENDING","createdAt":null,"updatedAt":null,"items":[{"id":1,"productName":"Test Product","quantity":2,"price":10.0,"order":{"id":1,"customerName":"Test Customer","customerEmail":"test@example.com","status":"PENDING","createdAt":null,"updatedAt":null,"items":[{"id":1,"productName":"Test Product","quantity":2,"price":10.0,"order":{"id":1,"customerName":"Test Customer","customerEmail":"test@example.com","status":"PENDING","createdAt":null,"updatedAt":null,"items":[{"id":1,"productName":"Test Product","quantity":2,"price":10.0,"order":{"id":1,"customerName":"Test Customer","customerEmail":"test@example.com","status":"PENDING","createdAt":null,"updatedAt":null,"items":[{"id":1,"productName":"Test Product","quantity":2,"price":10.0,"order":{"id":1,"customerName":"Test Customer","customerEmail":"test@example.com","status":"PENDING","createdAt":null,"updatedAt":null,"items":[{"id":1,"productName":"Test Product","quantity":2,"price":10.0,"order":{"id":1,"customerName":"Test Customer","customerEmail":"test@example.com","status":"PENDING","createdAt":null,"updatedAt":null,"items":[{"id":1,"productName":"Test Product","quantity":2,"price":10.0,"order":{"id":1,"customerName":"Test Customer","customerEmail":"test@example.com","status":"PENDING","createdAt":null,"updatedAt":null,"items":[{"id":1,"productName":"Test Product","quantity":2,"price":10.0,"order":{"id":1,"customerName":"Test Customer","customerEmail":"test@example.com","status":"PENDING","createdAt":null,"updatedAt":null,"items":[{"id":1,"productName":"Test Product","quantity":2,"price":10.0,"order":{"id":1,"customerName":"Test Customer","customerEmail":"test@example.com","status":"PENDING","createdAt":null,"updatedAt":null,"items":[{"id":1,"productName":"Test Product","quantity":2,"price":10.0,"order":{"id":1,"customerName":"Test Customer","customerEmail":"test@example.com","status":"PENDING","createdAt":null,"updatedAt":null,"items":[{"id":1,"productName":"Test Product","quantity":2,"price":10.0,"order":{"id":1,"customerName":"Test Customer","customerEmail":"test@example.com","status":"PENDING","createdAt":null,"updatedAt":null,"items":[{"id":1,"productName":"Test Product","quantity":2,"price":10.0,"order":{"id":1,"customerName":"Test Customer","customerEmail":"test@example.com","status":"PENDING","createdAt":null,"updatedAt":null,"items":[{"id":1,"productName":"Test Product","quantity":2,"price":10.0,"order":{"id":1,"customerName":"Test Customer","customerEmail":"test@example.com","status":"PENDING","createdAt":null,"updatedAt":null,"items":[{"id":1,"productName":"Test Product","quantity":2,"price":10.0,"order":{"id":1,"customerName":"Test Customer","customerEmail":"test@example.com","status":"PENDING","createdAt":null,"updatedAt":null,"items":[{"id":1,"productName":"Test Product","quantity":2,"price":10.0,"order":{"id":1,"customerName":"Test Customer","customerEmail":"test@example.com","status":"PENDING","createdAt":null,"updatedAt":null,"items":[{"id":1,"productName":"Test Product","quantity":2,"price":10.0,"order":{"id":1,"customerName":"Test Customer","customerEmail":"test@example.com","status":"PENDING","createdAt":null,"updatedAt":null,"items":[{"id":1,"productName":"Test Product","quantity":2,"price":10.0,"order":{"id":1,"customerName":"Test Customer","customerEmail":"test@example.com","status":"PENDING","createdAt":null,"updatedAt":null,"items":[{"id":1,"productName":"Test Product","quantity":2,"price":10.0,"order":{"id":1,"customerName":"Test Customer","customerEmail":"test@example.com","status":"PENDING","createdAt":null,"updatedAt":null,"items":[{"id":1,"productName":"Test Product","quantity":2,"price":10.0,"order":{"id":1,"customerName":"Test Customer","customerEmail":"test@example.com","status":"PENDING","createdAt":null,"updatedAt":null,"items":[{"id":1,"productName":"Test Product","quantity":2,"price":10.0,"order":{"id":1,"customerName":"Test Customer","customerEmail":"test@example.com","status":"PENDING","createdAt":null,"updatedAt":null,"items":[{"id":1,"productName":"Test Product","quantity":2,"price":10.0,"order":{"id":1,"customerName":"Test Customer","customerEmail":"test@example.com","status":"PENDING","createdAt":null,"updatedAt":null,"items":[{"id":1,"productName":"Test Product","quantity":2,"price":10.0,"order":{"id":1,"customerName":"Test Customer","customerEmail":"test@example.com","status":"PENDING","createdAt":null,"updatedAt":null,"items":[{"id":1,"productName":"Test Product","quantity":2,"price":10.0,"order":{"id":1,"customerName":"Test Customer","customerEmail":"test@example.com","status":"PENDING","createdAt":null,"updatedAt":null,"items":[{"id":1,"productName":"Test Product","quantity":2,"price":10.0,"order":{"id":1,"customerName":"Test Customer","customerEmail":"test@example.com","status":"PENDING","createdAt":null,"updatedAt":null,"items":[{"id":1,"productName":"Test Product","quantity":2,"price":10.0,"order":{"id":1,"customerName":"Test Customer","customerEmail":"test@example.com","status":"PENDING","createdAt":null,"updatedAt":null,"items":[{"id":1,"productName":"Test Product","quantity":2,"price":10.0,"order":{"id":1,"customerName":"Test Customer","customerEmail":"test@example.com","status":"PENDING","createdAt":null,"updatedAt":null,"items":[{"id":1,"productName":"Test Product","quantity":2,"price":10.0,"order":{"id":1,"customerName":"Test Customer","customerEmail":"test@example.com","status":"PENDING","createdAt":null,"updatedAt":null,"items":[{"id":1,"productName":"Test Product","quantity":2,"price":10.0,"order":{"id":1,"customerName":"Test Customer","customerEmail":"test@example.com","status":"PENDING","createdAt":null,"updatedAt":null,"items":[{"id":1,"productName":"Test Product","quantity":2,"price":10.0,"order":{"id":1,"customerName":"Test Customer","customerEmail":"test@example.com","status":"PENDING","createdAt":null,"updatedAt":null,"items":[{"id":1,"productName":"Test Product","quantity":2,"price":10.0,"order":{"id":1,"customerName":"Test Customer","customerEmail":"test@example.com","status":"PENDING","createdAt":null,"updatedAt":null,"items":[{"id":1,"productName":"Test Product","quantity":2,"price":10.0,"order":{"id":1,"customerName":"Test Customer","customerEmail":"test@example.com","status":"PENDING","createdAt":null,"updatedAt":null,"items":[{"id":1,"productName":"Test Product","quantity":2,"price":10.0,"order":{"id":1,"customerName":"Test Customer","customerEmail":"test@example.com","status":"PENDING","createdAt":null,"updatedAt":null,"items":[{"id":1,"productName":"Test Product","quantity":2,"price":10.0,"order":{"id":1,"customerName":"Test Customer","customerEmail":"test@example.com","status":"PENDING","createdAt":null,"updatedAt":null,"items":[{"id":1,"productName":"Test Product","quantity":2,"price":10.0,"order":{"id":1,"customerName":"Test Customer","customerEmail":"test@example.com","status":"PENDING","createdAt":null,"updatedAt":null,"items":[{"id":1,"productName":"Test Product","quantity":2,"price":10.0,"order":{"id":1,"customerName":"Test Customer","customerEmail":"test@example.com","status":"PENDING","createdAt":null,"updatedAt":null,"items":[{"id":1,"productName":"Test Product","quantity":2,"price":10.0,"order":{"id":1,"customerName":"Test Customer","customerEmail":"test@example.com","status":"PENDING","createdAt":null,"updatedAt":null,"items":[{"id":1,"productName":"Test Product","quantity":2,"price":10.0,"order":{"id":1,"customerName":"Test Customer","customerEmail":"test@example.com","status":"PENDING","createdAt":null,"updatedAt":null,"items":[{"id":1,"productName":"Test Product","quantity":2,"price":10.0,"order":{"id":1,"customerName":"Test Customer","customerEmail":"test@example.com","status":"PENDING","createdAt":null,"updatedAt":null,"items":[{"id":1,"productName":"Test Product","quantity":2,"price":10.0,"order":{"id":1,"customerName":"Test Customer","customerEmail":"test@example.com","status":"PENDING","createdAt":null,"updatedAt":null,"items":[{"id":1,"productName":"Test Product","quantity":2,"price":10.0,"order":{"id":1,"customerName":"Test Customer","customerEmail":"test@example.com","status":"PENDING","createdAt":null,"updatedAt":null,"items":[{"id":1,"productName":"Test Product","quantity":2,"price":10.0,"order":{"id":1,"customerName":"Test Customer","customerEmail":"test@example.com","status":"PENDING","createdAt":null,"updatedAt":null,"items":[{"id":1,"productName":"Test Product","quantity":2,"price":10.0,"order":{"id":1,"customerName":"Test Customer","customerEmail":"test@example.com","status":"PENDING","createdAt":null,"updatedAt":null,"items":[{"id":1,"productName":"Test Product","quantity":2,"price":10.0,"order":{"id":1,"customerName":"Test Customer","customerEmail":"test@example.com","status":"PENDING","createdAt":null,"updatedAt":null,"items":[{"id":1,"productName":"Test Product","quantity":2,"price":10.0,"order":{"id":1,"customerName":"Test Customer","customerEmail":"test@example.com","status":"PENDING","createdAt":null,"updatedAt":null,"items":[{"id":1,"productName":"Test Product","quantity":2,"price":10.0,"order":{"id":1,"customerName":"Test Customer","customerEmail":"test@example.com","status":"PENDING","createdAt":null,"updatedAt":null,"items":[{"id":1,"productName":"Test Product","quantity":2,"price":10.0,"order":{"id":1,"customerName":"Test Customer","customerEmail":"test@example.com","status":"PENDING","createdAt":null,"updatedAt":null,"items":[{"id":1,"productName":"Test Product","quantity":2,"price":10.0,"order":{"id":1,"customerName":"Test Customer","customerEmail":"test@example.com","status":"PENDING","createdAt":null,"updatedAt":null,"items":[{"id":1,"productName":"Test Product","quantity":2,"price":10.0,"order":{"id":1,"customerName":"Test Customer","customerEmail":"test@example.com","status":"PENDING","createdAt":null,"updatedAt":null,"items":[{"id":1,"productName":"Test Product","quantity":2,"price":10.0,"order":{"id":1,"customerName":"Test Customer","customerEmail":"test@example.com","status":"PENDING","createdAt":null,"updatedAt":null,"items":[{"id":1,"productName":"Test Product","quantity":2,"price":10.0,"order":{"id":1,"customerName":"Test Customer","customerEmail":"test@example.com","status":"PENDING","createdAt":null,"updatedAt":null,"items":[{"id":1,"productName":"Test Product","quantity":2,"price":10.0,"order":{"id":1,"customerName":"Test Customer","customerEmail":"test@example.com","status":"PENDING","createdAt":null,"updatedAt":null,"items":[{"id":1,"productName":"Test Product","quantity":2,"price":10.0,"order":{"id":1,"customerName":"Test Customer","customerEmail":"test@example.com","status":"PENDING","createdAt":null,"updatedAt":null,"items":[{"id":1,"productName":"Test Product","quantity":2,"price":10.0,"order":{"id":1,"customerName":"Test Customer","customerEmail":"test@example.com","status":"PENDING","createdAt":null,"updatedAt":null,"items":[{"id":1,"productName":"Test Product","quantity":2,"price":10.0,"order":{"id":1,"customerName":"Test Customer","customerEmail":"test@example.com","status":"PENDING","createdAt":null,"updatedAt":null,"items":[{"id":1,"productName":"Test Product","quantity":2,"price":10.0,"order":{"id":1,"customerName":"Test Customer","customerEmail":"test@example.com","status":"PENDING","createdAt":null,"updatedAt":null,"items":[{"id":1,"productName":"Test Product","quantity":2,"price":10.0,"order":{"id":1,"customerName":"Test Customer","customerEmail":"test@example.com","status":"PENDING","createdAt":null,"updatedAt":null,"items":[{"id":1,"productName":"Test Product","quantity":2,"price":10.0,"order":{"id":1,"customerName":"Test Customer","customerEmail":"test@example.com","status":"PENDING","createdAt":null,"updatedAt":null,"items":[{"id":1,"productName":"Test Product","quantity":2,"price":10.0,"order":{"id":1,"customerName":"Test Customer","customerEmail":"test@example.com","status":"PENDING","createdAt":null,"updatedAt":null,"items":[{"id":1,"productName":"Test Product","quantity":2,"price":10.0,"order":{"id":1,"customerName":"Test Customer","customerEmail":"test@example.com","status":"PENDING","createdAt":null,"updatedAt":null,"items":[{"id":1,"productName":"Test Product","quantity":2,"price":10.0,"order":{"id":1,"customerName":"Test Customer","customerEmail":"test@example.com","status":"PENDING","createdAt":null,"updatedAt":null,"items":[{"id":1,"productName":"Test Product","quantity":2,"price":10.0,"order":{"id":1,"customerName":"Test Customer","customerEmail":"test@example.com","status":"PENDING","createdAt":null,"updatedAt":null,"items":[{"id":1,"productName":"Test Product","quantity":2,"price":10.0,"order":{"id":1,"customerName":"Test Customer","customerEmail":"test@example.com","status":"PENDING","createdAt":null,"updatedAt":null,"items":[{"id":1,"productName":"Test Product","quantity":2,"price":10.0,"order":{"id":1,"customerName":"Test Customer","customerEmail":"test@example.com","status":"PENDING","createdAt":null,"updatedAt":null,"items":[{"id":1,"productName":"Test Product","quantity":2,"price":10.0,"order":{"id":1,"customerName":"Test Customer","customerEmail":"test@example.com","status":"PENDING","createdAt":null,"updatedAt":null,"items":[{"id":1,"productName":"Test Product","quantity":2,"price":10.0,"order":{"id":1,"customerName":"Test Customer","customerEmail":"test@example.com","status":"PENDING","createdAt":null,"updatedAt":null,"items":[{"id":1,"productName":"Test Product","quantity":2,"price":10.0,"order":{"id":1,"customerName":"Test Customer","customerEmail":"test@example.com","status":"PENDING","createdAt":null,"updatedAt":null,"items":[{"id":1,"productName":"Test Product","quantity":2,"price":10.0,"order":{"id":1,"customerName":"Test Customer","customerEmail":"test@example.com","status":"PENDING","createdAt":null,"updatedAt":null,"items":[{"id":1,"productName":"Test Product","quantity":2,"price":10.0,"order":{"id":1,"customerName":"Test Customer","customerEmail":"test@example.com","status":"PENDING","createdAt":null,"updatedAt":null,"items":[{"id":1,"productName":"Test Product","quantity":2,"price":10.0,"order":{"id":1,"customerName":"Test Customer","customerEmail":"test@example.com","status":"PENDING","createdAt":null,"updatedAt":null,"items":[{"id":1,"productName":"Test Product","quantity":2,"price":10.0,"order":{"id":1,"customerName":"Test Customer","customerEmail":"test@example.com","status":"PENDING","createdAt":null,"updatedAt":null,"items":[{"id":1,"productName":"Test Product","quantity":2,"price":10.0,"order":{"id":1,"customerName":"Test Customer","customerEmail":"test@example.com","status":"PENDING","createdAt":null,"updatedAt":null,"items":[{"id":1,"productName":"Test Product","quantity":2,"price":10.0,"order":{"id":1,"customerName":"Test Customer","customerEmail":"test@example.com","status":"PENDING","createdAt":null,"updatedAt":null,"items":[{"id":1,"productName":"Test Product","quantity":2,"price":10.0,"order":{"id":1,"customerName":"Test Customer","customerEmail":"test@example.com","status":"PENDING","createdAt":null,"updatedAt":null,"items":[{"id":1,"productName":"Test Product","quantity":2,"price":10.0,"order":{"id":1,"customerName":"Test Customer","customerEmail":"test@example.com","status":"PENDING","createdAt":null,"updatedAt":null,"items":[{"id":1,"productName":"Test Product","quantity":2,"price":10.0,"order":{"id":1,"customerName":"Test Customer","customerEmail":"test@example.com","status":"PENDING","createdAt":null,"updatedAt":null,"items":[{"id":1,"productName":"Test Product","quantity":2,"price":10.0,"order":{"id":1,"customerName":"Test Customer","customerEmail":"test@example.com","status":"PENDING","createdAt":null,"updatedAt":null,"items":[{"id":1,"productName":"Test Product","quantity":2,"price":10.0,"order":{"id":1,"customerName":"Test Customer","customerEmail":"test@example.com","status":"PENDING","createdAt":null,"updatedAt":null,"items":[{"id":1,"productName":"Test Product","quantity":2,"price":10.0,"order":{"id":1,"customerName":"Test Customer","customerEmail":"test@example.com","status":"PENDING","createdAt":null,"updatedAt":null,"items":[{"id":1,"productName":"Test Product","quantity":2,"price":10.0,"order":{"id":1,"customerName":"Test Customer","customerEmail":"test@example.com","status":"PENDING","createdAt":null,"updatedAt":null,"items":[{"id":1,"productName":"Test Product","quantity":2,"price":10.0,"order":{"id":1,"customerName":"Test Customer","customerEmail":"test@example.com","status":"PENDING","createdAt":null,"updatedAt":null,"items":[{"id":1,"productName":"Test Product","quantity":2,"price":10.0,"order":{"id":1,"customerName":"Test Customer","customerEmail":"test@example.com","status":"PENDING","createdAt":null,"updatedAt":null,"items":[{"id":1,"productName":"Test Product","quantity":2,"price":10.0,"order":{"id":1,"customerName":"Test Customer","customerEmail":"test@example.com","status":"PENDING","createdAt":null,"updatedAt":null,"items":[{"id":1,"productName":"Test Product","quantity":2,"price":10.0,"order":{"id":1,"customerName":"Test Customer","customerEmail":"test@example.com","status":"PENDING","createdAt":null,"updatedAt":null,"items":[{"id":1,"productName":"Test Product","quantity":2,"price":10.0,"order":{"id":1,"customerName":"Test Customer","customerEmail":"test@example.com","status":"PENDING","createdAt":null,"updatedAt":null,"items":[{"id":1,"productName":"Test Product","quantity":2,"price":10.0,"order":{"id":1,"customerName":"Test Customer","customerEmail":"test@example.com","status":"PENDING","createdAt":null,"updatedAt":null,"items":[{"id":1,"productName":"Test Product","quantity":2,"price":10.0,"order":{"id":1,"customerName":"Test Customer","customerEmail":"test@example.com","status":"PENDING","createdAt":null,"updatedAt":null,"items":[{"id":1,"productName":"Test Product","quantity":2,"price":10.0,"order":{"id":1,"customerName":"Test Customer","customerEmail":"test@example.com","status":"PENDING","createdAt":null,"updatedAt":null,"items":[{"id":1,"productName":"Test Product","quantity":2,"price":10.0,"order":{"id":1,"customerName":"Test Customer","customerEmail":"test@example.com","status":"PENDING","createdAt":null,"updatedAt":null,"items":[{"id":1,"productName":"Test Product","quantity":2,"price":10.0,"order":{"id":1,"customerName":"Test Customer","customerEmail":"test@example.com","status":"PENDING","createdAt":null,"updatedAt":null,"items":[{"id":1,"productName":"Test Product","quantity":2,"price":10.0,"order":{"id":1,"customerName":"Test Customer","customerEmail":"test@example.com","status":"PENDING","createdAt":null,"updatedAt":null,"items":[{"id":1,"productName":"Test Product","quantity":2,"price":10.0,"order":{"id":1,"customerName":"Test Customer","customerEmail":"test@example.com","status":"PENDING","createdAt":null,"updatedAt":null,"items":[{"id":1,"productName":"Test Product","quantity":2,"price":10.0,"order":{"id":1,"customerName":"Test Customer","customerEmail":"test@example.com","status":"PENDING","createdAt":null,"updatedAt":null,"items":[{"id":1,"productName":"Test Product","quantity":2,"price":10.0,"order":{"id":1,"customerName":"Test Customer","customerEmail":"test@example.com","status":"PENDING","createdAt":null,"updatedAt":null,"items":[{"id":1,"productName":"Test Product","quantity":2,"price":10.0,"order":{"id":1,"customerName":"Test Customer","customerEmail":"test@example.com","status":"PENDING","createdAt":null,"updatedAt":null,"items":[{"id":1,"productName":"Test Product","quantity":2,"price":10.0,"order":{"id":1,"customerName":"Test Customer","customerEmail":"test@example.com","status":"PENDING","createdAt":null,"updatedAt":null,"items":[{"id":1,"productName":"Test Product","quantity":2,"price":10.0,"order":{"id":1,"customerName":"Test Customer","customerEmail":"test@example.com","status":"PENDING","createdAt":null,"updatedAt":null,"items":[{"id":1,"productName":"Test Product","quantity":2,"price":10.0,"order":{"id":1,"customerName":"Test Customer","customerEmail":"test@example.com","status":"PENDING","createdAt":null,"updatedAt":null,"items":[{"id":1,"productName":"Test Product","quantity":2,"price":10.0,"order":{"id":1,"customerName":"Test Customer","customerEmail":"test@example.com","status":"PENDING","createdAt":null,"updatedAt":null,"items":[{"id":1,"productName":"Test Product","quantity":2,"price":10.0,"order":{"id":1,"customerName":"Test Customer","customerEmail":"test@example.com","status":"PENDING","createdAt":null,"updatedAt":null,"items":[{"id":1,"productName":"Test Product","quantity":2,"price":10.0,"order":{"id":1,"customerName":"Test Customer","customerEmail":"test@example.com","status":"PENDING","createdAt":null,"updatedAt":null,"items":[{"id":1,"productName":"Test Product","quantity":2,"price":10.0,"order":{"id":1,"customerName":"Test Customer","customerEmail":"test@example.com","status":"PENDING","createdAt":null,"updatedAt":null,"items":[{"id":1,"productName":"Test Product","quantity":2,"price":10.0,"order":{"id":1,"customerName":"Test Customer","customerEmail":"test@example.com","status":"PENDING","createdAt":null,"updatedAt":null,"items":[{"id":1,"productName":"Test Product","quantity":2,"price":10.0,"order":{"id":1,"customerName":"Test Customer","customerEmail":"test@example.com","status":"PENDING","createdAt":null,"updatedAt":null,"items":[{"id":1,"productName":"Test Product","quantity":2,"price":10.0,"order":{"id":1,"customerName":"Test Customer","customerEmail":"test@example.com","status":"PENDING","createdAt":null,"updatedAt":null,"items":[{"id":1,"productName":"Test Product","quantity":2,"price":10.0,"order":{"id":1,"customerName":"Test Customer","customerEmail":"test@example.com","status":"PENDING","createdAt":null,"updatedAt":null,"items":[{"id":1,"productName":"Test Product","quantity":2,"price":10.0,"order":{"id":1,"customerName":"Test Customer","customerEmail":"test@example.com","status":"PENDING","createdAt":null,"updatedAt":null,"items":[{"id":1,"productName":"Test Product","quantity":2,"price":10.0,"order":{"id":1,"customerName":"Test Customer","customerEmail":"test@example.com","status":"PENDING","createdAt":null,"updatedAt":null,"items":[{"id":1,"productName":"Test Product","quantity":2,"price":10.0,"order":{"id":1,"customerName":"Test Customer","customerEmail":"test@example.com","status":"PENDING","createdAt":null,"updatedAt":null,"items":[{"id":1,"productName":"Test Product","quantity":2,"price":10.0,"order":{"id":1,"customerName":"Test Customer","customerEmail":"test@example.com","status":"PENDING","createdAt":null,"updatedAt":null,"items":[{"id":1,"productName":"Test Product","quantity":2,"price":10.0,"order":{"id":1,"customerName":"Test Customer","customerEmail":"test@example.com","status":"PENDING","createdAt":null,"updatedAt":null,"items":[{"id":1,"productName":"Test Product","quantity":2,"price":10.0,"order":{"id":1,"customerName":"Test Customer","customerEmail":"test@example.com","status":"PENDING","createdAt":null,"updatedAt":null,"items":[{"id":1,"productName":"Test Product","quantity":2,"price":10.0,"order":{"id":1,"customerName":"Test Customer","customerEmail":"test@example.com","status":"PENDING","createdAt":null,"updatedAt":null,"items":[{"id":1,"productName":"Test Product","quantity":2,"price":10.0,"order":{"id":1,"customerName":"Test Customer","customerEmail":"test@example.com","status":"PENDING","createdAt":null,"updatedAt":null,"items":[{"id":1,"productName":"Test Product","quantity":2,"price":10.0,"order":{"id":1,"customerName":"Test Customer","customerEmail":"test@example.com","status":"PENDING","createdAt":null,"updatedAt":null,"items":[{"id":1,"productName":"Test Product","quantity":2,"price":10.0,"order":{"id":1,"customerName":"Test Customer","customerEmail":"test@example.com","status":"PENDING","createdAt":null,"updatedAt":null,"items":[{"id":1,"productName":"Test Product","quantity":2,"price":10.0,"order":{"id":1,"customerName":"Test Customer","customerEmail":"test@example.com","status":"PENDING","createdAt":null,"updatedAt":null,"items":[{"id":1,"productName":"Test Product","quantity":2,"price":10.0,"order":{"id":1,"customerName":"Test Customer","customerEmail":"test@example.com","status":"PENDING","createdAt":null,"updatedAt":null,"items":[{"id":1,"productName":"Test Product","quantity":2,"price":10.0,"order":{"id":1,"customerName":"Test Customer","customerEmail":"test@example.com","status":"PENDING","createdAt":null,"updatedAt":null,"items":[{"id":1,"productName":"Test Product","quantity":2,"price":10.0,"order":{"id":1,"customerName":"Test Customer","customerEmail":"test@example.com","status":"PENDING","createdAt":null,"updatedAt":null,"items":[{"id":1,"productName":"Test Product","quantity":2,"price":10.0,"order":{"id":1,"customerName":"Test Customer","customerEmail":"test@example.com","status":"PENDING","createdAt":null,"updatedAt":null,"items":[{"id":1,"productName":"Test Product","quantity":2,"price":10.0,"order":{"id":1,"customerName":"Test Customer","customerEmail":"test@example.com","status":"PENDING","createdAt":null,"updatedAt":null,"items":[{"id":1,"productName":"Test Product","quantity":2,"price":10.0,"order":{"id":1,"customerName":"Test Customer","customerEmail":"test@example.com","status":"PENDING","createdAt":null,"updatedAt":null,"items":[{"id":1,"productName":"Test Product","quantity":2,"price":10.0,"order":{"id":1,"customerName":"Test Customer","customerEmail":"test@example.com","status":"PENDING","createdAt":null,"updatedAt":null,"items":[{"id":1,"productName":"Test Product","quantity":2,"price":10.0,"order":{"id":1,"customerName":"Test Customer","customerEmail":"test@example.com","status":"PENDING","createdAt":null,"updatedAt":null,"items":[{"id":1,"productName":"Test Product","quantity":2,"price":10.0,"order":{"id":1,"customerName":"Test Customer","customerEmail":"test@example.com","status":"PENDING","createdAt":null,"updatedAt":null,"items":[{"id":1,"productName":"Test Product","quantity":2,"price":10.0,"order":{"id":1,"customerName":"Test Customer","customerEmail":"test@example.com","status":"PENDING","createdAt":null,"updatedAt":null,"items":[{"id":1,"productName":"Test Product","quantity":2,"price":10.0,"order":{"id":1,"customerName":"Test Customer","customerEmail":"test@example.com","status":"PENDING","createdAt":null,"updatedAt":null,"items":[{"id":1,"productName":"Test Product","quantity":2,"price":10.0,"order":{"id":1,"customerName":"Test Customer","customerEmail":"test@example.com","status":"PENDING","createdAt":null,"updatedAt":null,"items":[{"id":1,"productName":"Test Product","quantity":2,"price":10.0,"order":{"id":1,"customerName":"Test Customer","customerEmail":"test@example.com","status":"PENDING","createdAt":null,"updatedAt":null,"items":[{"id":1,"productName":"Test Product","quantity":2,"price":10.0,"order":{"id":1,"customerName":"Test Customer","customerEmail":"test@example.com","status":"PENDING","createdAt":null,"updatedAt":null,"items":[{"id":1,"productName":"Test Product","quantity":2,"price":10.0,"order":{"id":1,"customerName":"Test Customer","customerEmail":"test@example.com","status":"PENDING","createdAt":null,"updatedAt":null,"items":[{"id":1,"productName":"Test Product","quantity":2,"price":10.0,"order":{"id":1,"customerName":"Test Customer","customerEmail":"test@example.com","status":"PENDING","createdAt":null,"updatedAt":null,"items":[{"id":1,"productName":"Test Product","quantity":2,"price":10.0,"order":{"id":1,"customerName":"Test Customer","customerEmail":"test@example.com","status":"PENDING","createdAt":null,"updatedAt":null,"items":[{"id":1,"productName":"Test Product","quantity":2,"price":10.0,"order":{"id":1,"customerName":"Test Customer","customerEmail":"test@example.com","status":"PENDING","createdAt":null,"updatedAt":null,"items":[{"id"}]}}]}}]}}]}}]}}]}}]}}]}}]}}]}}]}}]}}]}}]}}]}}]}}]}}]}}]}}]}}]}}]}}]}}]}}]}}]}}]}}]}}]}}]}}]}}]}}]}}]}}]}}]}}]}}]}}]}}]}}]}}]}}]}}]}}]}}]}}]}}]}}]}}]}}]}}]}}]}}]}}]}}]}}]}}]}}]}}]}}]}}]}}]}}]}}]}}]}}]}}]}}]}}]}}]}}]}}]}}]}}]}}]}}]}}]}}]}}]}}]}}]}}]}}]}}]}}]}}]}}]}}]}}]}}]}}]}}]}}]}}]}}]}}]}}]}}]}}]}}]}}]}}]}}]}}]}}]}}]}}]}}]}}]}}]}}]}}]}}]}}]}}]}}]}}]}}]}}]}}]}}]}}]}}]}}]}}]}}]}}]}}]}}]}}]}}]}}]}}]}}]}}]}}]}}]}}]}}]}}]}}]}}]}}]}}]}}]}}]}}]}}]}}]}}]}}]}}]}}]}}]}}]}}]}}]}}]}}]}}]}}]}}]}}]}}]}}]}}]}}]}}]}}]}}]}}]}}]}}]}}]}}]}}]}}]}}]}}]}}]}}]}}]}}]}}]}}]}}]}}]}}]}}]}}]}}]}}]}}]}}]}}]}}]}}]}}]}}]}}]}}]}}]}}]}}]}}]}}]}}]}}]}}]}}]}}]}}]}}]}}]}}]}}]}}]}}]}}]}}]}}]}}]}}]}}]}}]}}]}}]}}]}}]}}]}}]}}]}}]}}]}}]}}]}}]}}]}}]}}]}}]}}]}}]}}]}}]}}]}}]}}]}}]}}]}}]}}]}}]}}]}}]}}]}}]}}]}}]}}]}}]}}]}}]}}]}}]}}]}}]}}]}}]}}]}}]}}]}}]}}]}}]}}]}}]}}]}}]}}]}}]}}]}}]}}]}}]}}]}}]}}]}}]}}]}}]}}]}}]}}]}}]}}]}}]}}]}}]}}]}}]}}]}}]}}]}}]}}]}}]}}]}}]}}]}}]}}]}}]}}]}}]}}]}}]}}]}}]}}]}}]}}]}}]}}]}}]}}]}}]}}]}}]}}]}}]}}]}}]}}]}}]}}]}}]}}]}}]}}]}}]}}]}}]}}]}}]}}]}}]}}]}}]}}]}}]}}]}}]}}]}}]}}]}}]}}]}}]}}]}}]}}]}}]}}]}}]}}]}}]}}]}}]}}]}}]}}]}}]}}]}}]}}]}}]}}]}}]}}]}}]}}]}}]}}]}}]}}]}}]}}]}}]}}]}}]}}]}}]}}]}}]}}]}}]}}]}}]}}]}}]}}]}}]}}]}}]}}]}}]}}]}}]}}]}}]}}]}}]}}]}}]}}]}}]}}]}}]}}]}}]}}]}}]}}]}}]}}]}}]}}]}}]}}]}}]}}]}}]}}]}}]}}]}}]}}]}}]}}]}}]}}]}}]}}]}}]}}]}}]}}]}}]}}]}}]}}]}}]}}]}}]}}]}}]}}]}}]}}]}}]}}]}}]}}]}}]}}]}}]}}]}}]}}]}}]}}]}}]}}]}}]}}]}}]}}]}}]}}]}}]}}]}}]}}]}}]}}]}}]}}]}}]}}]}}]}}]}}]}}]}}]}}]}}]}}]}}]}}]}}]}}]}}]}}]}}]}}]}}]}}]}}]}}]}}]}}]}}]}}]}}]}}]}}]}}]}}]}}]}}]}}]}}]}}]}}]}}]}}]}}]}}]}}]}}]}}]}}]}}]}}]}}]}}]}}]}}]}}]}}]}}]}}]}}]}}]}}]}}]}}]}}]}}]}}]}}]}}]}}]}}]}}]}}]}}]}}]}}]}}]}}]}}]}}]}}]}}]}}]}}]}}]}}]}}]}}]}}]}}]}}]}}]}}]}}]}}]}}]}}]}}]}}]}}]}}]}}]}}]}}]}}]}}]}}]}}]}}]}}]}}]}}]}}]}}]}}]}}]}}]}}]}}]}}]}}]}}]}}]}}]}}]}}]}}]}}]}}]}}]}}]}}]}}]}}]}}]}}]}}]}}]}}]}}]}}]}}]}}]}}]}}]}}]}}]}}]}}]}}]}}]}}]}}]}}]}}]}}]}}]}}]}}]}}]}}]}}]}}]}}]}}]}}]}}]}}]}}]}}]}}]}}]}}]}}]}}]}}]}}]}}]}}]}}]}}]}}]}}]}
    Forwarded URL = null
   Redirected URL = null
          Cookies = []
]]></system-out>
  </testcase>
  <testcase name="createOrder_ShouldReturnCreatedOrder" classname="com.example.ordermanagement.controller.OrderControllerTest" time="0.058">
    <error message="Infinite recursion (StackOverflowError) (through reference chain: com.example.ordermanagement.model.OrderItem[&quot;order&quot;]-&gt;com.example.ordermanagement.model.Order[&quot;items&quot;]-&gt;java.util.ArrayList[0]-&gt;com.example.ordermanagement.model.OrderItem[&quot;order&quot;]-&gt;com.example.ordermanagement.model.Order[&quot;items&quot;]-&gt;java.util.ArrayList[0]-&gt;com.example.ordermanagement.model.OrderItem[&quot;order&quot;]-&gt;com.example.ordermanagement.model.Order[&quot;items&quot;]-&gt;java.util.ArrayList[0]-&gt;com.example.ordermanagement.model.OrderItem[&quot;order&quot;]-&gt;com.example.ordermanagement.model.Order[&quot;items&quot;]-&gt;java.util.ArrayList[0]-&gt;com.example.ordermanagement.model.OrderItem[&quot;order&quot;]-&gt;com.example.ordermanagement.model.Order[&quot;items&quot;]-&gt;java.util.ArrayList[0]-&gt;com.example.ordermanagement.model.OrderItem[&quot;order&quot;]-&gt;com.example.ordermanagement.model.Order[&quot;items&quot;]-&gt;java.util.ArrayList[0]-&gt;com.example.ordermanagement.model.OrderItem[&quot;order&quot;]-&gt;com.example.ordermanagement.model.Order[&quot;items&quot;]-&gt;java.util.ArrayList[0]-&gt;com.example.ordermanagement.model.OrderItem[&quot;order&quot;]-&gt;com.example.ordermanagement.model.Order[&quot;items&quot;]-&gt;java.util.ArrayList[0]-&gt;com.example.ordermanagement.model.OrderItem[&quot;order&quot;]-&gt;com.example.ordermanagement.model.Order[&quot;items&quot;]-&gt;java.util.ArrayList[0]-&gt;com.example.ordermanagement.model.OrderItem[&quot;order&quot;]-&gt;com.example.ordermanagement.model.Order[&quot;items&quot;]-&gt;java.util.ArrayList[0]-&gt;com.example.ordermanagement.model.OrderItem[&quot;order&quot;]-&gt;com.example.ordermanagement.model.Order[&quot;items&quot;]-&gt;java.util.ArrayList[0]-&gt;com.example.ordermanagement.model.OrderItem[&quot;order&quot;]-&gt;com.example.ordermanagement.model.Order[&quot;items&quot;]-&gt;java.util.ArrayList[0]-&gt;com.example.ordermanagement.model.OrderItem[&quot;order&quot;]-&gt;com.example.ordermanagement.model.Order[&quot;items&quot;]-&gt;java.util.ArrayList[0]-&gt;com.example.ordermanagement.model.OrderItem[&quot;order&quot;]-&gt;com.example.ordermanagement.model.Order[&quot;items&quot;]-&gt;java.util.ArrayList[0]-&gt;com.example.ordermanagement.model.OrderItem[&quot;order&quot;]-&gt;com.example.ordermanagement.model.Order[&quot;items&quot;]-&gt;java.util.ArrayList[0]-&gt;com.example.ordermanagement.model.OrderItem[&quot;order&quot;]-&gt;com.example.ordermanagement.model.Order[&quot;items&quot;]-&gt;java.util.ArrayList[0]-&gt;com.example.ordermanagement.model.OrderItem[&quot;order&quot;]-&gt;com.example.ordermanagement.model.Order[&quot;items&quot;]-&gt;java.util.ArrayList[0]-&gt;com.example.ordermanagement.model.OrderItem[&quot;order&quot;]-&gt;com.example.ordermanagement.model.Order[&quot;items&quot;]-&gt;java.util.ArrayList[0]-&gt;com.example.ordermanagement.model.OrderItem[&quot;order&quot;]-&gt;com.example.ordermanagement.model.Order[&quot;items&quot;]-&gt;java.util.ArrayList[0]-&gt;com.example.ordermanagement.model.OrderItem[&quot;order&quot;]-&gt;com.example.ordermanagement.model.Order[&quot;items&quot;]-&gt;java.util.ArrayList[0]-&gt;com.example.ordermanagement.model.OrderItem[&quot;order&quot;]-&gt;com.example.ordermanagement.model.Order[&quot;items&quot;]-&gt;java.util.ArrayList[0]-&gt;com.example.ordermanagement.model.OrderItem[&quot;order&quot;]-&gt;com.example.ordermanagement.model.Order[&quot;items&quot;]-&gt;java.util.ArrayList[0]-&gt;com.example.ordermanagement.model.OrderItem[&quot;order&quot;]-&gt;com.example.ordermanagement.model.Order[&quot;items&quot;]-&gt;java.util.ArrayList[0]-&gt;com.example.ordermanagement.model.OrderItem[&quot;order&quot;]-&gt;com.example.ordermanagement.model.Order[&quot;items&quot;]-&gt;java.util.ArrayList[0]-&gt;com.example.ordermanagement.model.OrderItem[&quot;order&quot;]-&gt;com.example.ordermanagement.model.Order[&quot;items&quot;]-&gt;java.util.ArrayList[0]-&gt;com.example.ordermanagement.model.OrderItem[&quot;order&quot;]-&gt;com.example.ordermanagement.model.Order[&quot;items&quot;]-&gt;java.util.ArrayList[0]-&gt;com.example.ordermanagement.model.OrderItem[&quot;order&quot;]-&gt;com.example.ordermanagement.model.Order[&quot;items&quot;]-&gt;java.util.ArrayList[0]-&gt;com.example.ordermanagement.model.OrderItem[&quot;order&quot;]-&gt;com.example.ordermanagement.model.Order[&quot;items&quot;]-&gt;java.util.ArrayList[0]-&gt;com.example.ordermanagement.model.OrderItem[&quot;order&quot;]-&gt;com.example.ordermanagement.model.Order[&quot;items&quot;]-&gt;java.util.ArrayList[0]-&gt;com.example.ordermanagement.model.OrderItem[&quot;order&quot;]-&gt;com.example.ordermanagement.model.Order[&quot;items&quot;]-&gt;java.util.ArrayList[0]-&gt;com.example.ordermanagement.model.OrderItem[&quot;order&quot;]-&gt;com.example.ordermanagement.model.Order[&quot;items&quot;]-&gt;java.util.ArrayList[0]-&gt;com.example.ordermanagement.model.OrderItem[&quot;order&quot;]-&gt;com.example.ordermanagement.model.Order[&quot;items&quot;]-&gt;java.util.ArrayList[0]-&gt;com.example.ordermanagement.model.OrderItem[&quot;order&quot;]-&gt;com.example.ordermanagement.model.Order[&quot;items&quot;]-&gt;java.util.ArrayList[0]-&gt;com.example.ordermanagement.model.OrderItem[&quot;order&quot;]-&gt;com.example.ordermanagement.model.Order[&quot;items&quot;]-&gt;java.util.ArrayList[0]-&gt;com.example.ordermanagement.model.OrderItem[&quot;order&quot;]-&gt;com.example.ordermanagement.model.Order[&quot;items&quot;]-&gt;java.util.ArrayList[0]-&gt;com.example.ordermanagement.model.OrderItem[&quot;order&quot;]-&gt;com.example.ordermanagement.model.Order[&quot;items&quot;]-&gt;java.util.ArrayList[0]-&gt;com.example.ordermanagement.model.OrderItem[&quot;order&quot;]-&gt;com.example.ordermanagement.model.Order[&quot;items&quot;]-&gt;java.util.ArrayList[0]-&gt;com.example.ordermanagement.model.OrderItem[&quot;order&quot;]-&gt;com.example.ordermanagement.model.Order[&quot;items&quot;]-&gt;java.util.ArrayList[0]-&gt;com.example.ordermanagement.model.OrderItem[&quot;order&quot;]-&gt;com.example.ordermanagement.model.Order[&quot;items&quot;]-&gt;java.util.ArrayList[0]-&gt;com.example.ordermanagement.model.OrderItem[&quot;order&quot;]-&gt;com.example.ordermanagement.model.Order[&quot;items&quot;]-&gt;java.util.ArrayList[0]-&gt;com.example.ordermanagement.model.OrderItem[&quot;order&quot;]-&gt;com.example.ordermanagement.model.Order[&quot;items&quot;]-&gt;java.util.ArrayList[0]-&gt;com.example.ordermanagement.model.OrderItem[&quot;order&quot;]-&gt;com.example.ordermanagement.model.Order[&quot;items&quot;]-&gt;java.util.ArrayList[0]-&gt;com.example.ordermanagement.model.OrderItem[&quot;order&quot;]-&gt;com.example.ordermanagement.model.Order[&quot;items&quot;]-&gt;java.util.ArrayList[0]-&gt;com.example.ordermanagement.model.OrderItem[&quot;order&quot;]-&gt;com.example.ordermanagement.model.Order[&quot;items&quot;]-&gt;java.util.ArrayList[0]-&gt;com.example.ordermanagement.model.OrderItem[&quot;order&quot;]-&gt;com.example.ordermanagement.model.Order[&quot;items&quot;]-&gt;java.util.ArrayList[0]-&gt;com.example.ordermanagement.model.OrderItem[&quot;order&quot;]-&gt;com.example.ordermanagement.model.Order[&quot;items&quot;]-&gt;java.util.ArrayList[0]-&gt;com.example.ordermanagement.model.OrderItem[&quot;order&quot;]-&gt;com.example.ordermanagement.model.Order[&quot;items&quot;]-&gt;java.util.ArrayList[0]-&gt;com.example.ordermanagement.model.OrderItem[&quot;order&quot;]-&gt;com.example.ordermanagement.model.Order[&quot;items&quot;]-&gt;java.util.ArrayList[0]-&gt;com.example.ordermanagement.model.OrderItem[&quot;order&quot;]-&gt;com.example.ordermanagement.model.Order[&quot;items&quot;]-&gt;java.util.ArrayList[0]-&gt;com.example.ordermanagement.model.OrderItem[&quot;order&quot;]-&gt;com.example.ordermanagement.model.Order[&quot;items&quot;]-&gt;java.util.ArrayList[0]-&gt;com.example.ordermanagement.model.OrderItem[&quot;order&quot;]-&gt;com.example.ordermanagement.model.Order[&quot;items&quot;]-&gt;java.util.ArrayList[0]-&gt;com.example.ordermanagement.model.OrderItem[&quot;order&quot;]-&gt;com.example.ordermanagement.model.Order[&quot;items&quot;]-&gt;java.util.ArrayList[0]-&gt;com.example.ordermanagement.model.OrderItem[&quot;order&quot;]-&gt;com.example.ordermanagement.model.Order[&quot;items&quot;]-&gt;java.util.ArrayList[0]-&gt;com.example.ordermanagement.model.OrderItem[&quot;order&quot;]-&gt;com.example.ordermanagement.model.Order[&quot;items&quot;]-&gt;java.util.ArrayList[0]-&gt;com.example.ordermanagement.model.OrderItem[&quot;order&quot;]-&gt;com.example.ordermanagement.model.Order[&quot;items&quot;]-&gt;java.util.ArrayList[0]-&gt;com.example.ordermanagement.model.OrderItem[&quot;order&quot;]-&gt;com.example.ordermanagement.model.Order[&quot;items&quot;]-&gt;java.util.ArrayList[0]-&gt;com.example.ordermanagement.model.OrderItem[&quot;order&quot;]-&gt;com.example.ordermanagement.model.Order[&quot;items&quot;]-&gt;java.util.ArrayList[0]-&gt;com.example.ordermanagement.model.OrderItem[&quot;order&quot;]-&gt;com.example.ordermanagement.model.Order[&quot;items&quot;]-&gt;java.util.ArrayList[0]-&gt;com.example.ordermanagement.model.OrderItem[&quot;order&quot;]-&gt;com.example.ordermanagement.model.Order[&quot;items&quot;]-&gt;java.util.ArrayList[0]-&gt;com.example.ordermanagement.model.OrderItem[&quot;order&quot;]-&gt;com.example.ordermanagement.model.Order[&quot;items&quot;]-&gt;java.util.ArrayList[0]-&gt;com.example.ordermanagement.model.OrderItem[&quot;order&quot;]-&gt;com.example.ordermanagement.model.Order[&quot;items&quot;]-&gt;java.util.ArrayList[0]-&gt;com.example.ordermanagement.model.OrderItem[&quot;order&quot;]-&gt;com.example.ordermanagement.model.Order[&quot;items&quot;]-&gt;java.util.ArrayList[0]-&gt;com.example.ordermanagement.model.OrderItem[&quot;order&quot;]-&gt;com.example.ordermanagement.model.Order[&quot;items&quot;]-&gt;java.util.ArrayList[0]-&gt;com.example.ordermanagement.model.OrderItem[&quot;order&quot;]-&gt;com.example.ordermanagement.model.Order[&quot;items&quot;]-&gt;java.util.ArrayList[0]-&gt;com.example.ordermanagement.model.OrderItem[&quot;order&quot;]-&gt;com.example.ordermanagement.model.Order[&quot;items&quot;]-&gt;java.util.ArrayList[0]-&gt;com.example.ordermanagement.model.OrderItem[&quot;order&quot;]-&gt;com.example.ordermanagement.model.Order[&quot;items&quot;]-&gt;java.util.ArrayList[0]-&gt;com.example.ordermanagement.model.OrderItem[&quot;order&quot;]-&gt;com.example.ordermanagement.model.Order[&quot;items&quot;]-&gt;java.util.ArrayList[0]-&gt;com.example.ordermanagement.model.OrderItem[&quot;order&quot;]-&gt;com.example.ordermanagement.model.Order[&quot;items&quot;]-&gt;java.util.ArrayList[0]-&gt;com.example.ordermanagement.model.OrderItem[&quot;order&quot;]-&gt;com.example.ordermanagement.model.Order[&quot;items&quot;]-&gt;java.util.ArrayList[0]-&gt;com.example.ordermanagement.model.OrderItem[&quot;order&quot;]-&gt;com.example.ordermanagement.model.Order[&quot;items&quot;]-&gt;java.util.ArrayList[0]-&gt;com.example.ordermanagement.model.OrderItem[&quot;order&quot;]-&gt;com.example.ordermanagement.model.Order[&quot;items&quot;]-&gt;java.util.ArrayList[0]-&gt;com.example.ordermanagement.model.OrderItem[&quot;order&quot;]-&gt;com.example.ordermanagement.model.Order[&quot;items&quot;]-&gt;java.util.ArrayList[0]-&gt;com.example.ordermanagement.model.OrderItem[&quot;order&quot;]-&gt;com.example.ordermanagement.model.Order[&quot;items&quot;]-&gt;java.util.ArrayList[0]-&gt;com.example.ordermanagement.model.OrderItem[&quot;order&quot;]-&gt;com.example.ordermanagement.model.Order[&quot;items&quot;]-&gt;java.util.ArrayList[0]-&gt;com.example.ordermanagement.model.OrderItem[&quot;order&quot;]-&gt;com.example.ordermanagement.model.Order[&quot;items&quot;]-&gt;java.util.ArrayList[0]-&gt;com.example.ordermanagement.model.OrderItem[&quot;order&quot;]-&gt;com.example.ordermanagement.model.Order[&quot;items&quot;]-&gt;java.util.ArrayList[0]-&gt;com.example.ordermanagement.model.OrderItem[&quot;order&quot;]-&gt;com.example.ordermanagement.model.Order[&quot;items&quot;]-&gt;java.util.ArrayList[0]-&gt;com.example.ordermanagement.model.OrderItem[&quot;order&quot;]-&gt;com.example.ordermanagement.model.Order[&quot;items&quot;]-&gt;java.util.ArrayList[0]-&gt;com.example.ordermanagement.model.OrderItem[&quot;order&quot;]-&gt;com.example.ordermanagement.model.Order[&quot;items&quot;]-&gt;java.util.ArrayList[0]-&gt;com.example.ordermanagement.model.OrderItem[&quot;order&quot;]-&gt;com.example.ordermanagement.model.Order[&quot;items&quot;]-&gt;java.util.ArrayList[0]-&gt;com.example.ordermanagement.model.OrderItem[&quot;order&quot;]-&gt;com.example.ordermanagement.model.Order[&quot;items&quot;]-&gt;java.util.ArrayList[0]-&gt;com.example.ordermanagement.model.OrderItem[&quot;order&quot;]-&gt;com.example.ordermanagement.model.Order[&quot;items&quot;]-&gt;java.util.ArrayList[0]-&gt;com.example.ordermanagement.model.OrderItem[&quot;order&quot;]-&gt;com.example.ordermanagement.model.Order[&quot;items&quot;]-&gt;java.util.ArrayList[0]-&gt;com.example.ordermanagement.model.OrderItem[&quot;order&quot;]-&gt;com.example.ordermanagement.model.Order[&quot;items&quot;]-&gt;java.util.ArrayList[0]-&gt;com.example.ordermanagement.model.OrderItem[&quot;order&quot;]-&gt;com.example.ordermanagement.model.Order[&quot;items&quot;]-&gt;java.util.ArrayList[0]-&gt;com.example.ordermanagement.model.OrderItem[&quot;order&quot;]-&gt;com.example.ordermanagement.model.Order[&quot;items&quot;]-&gt;java.util.ArrayList[0]-&gt;com.example.ordermanagement.model.OrderItem[&quot;order&quot;]-&gt;com.example.ordermanagement.model.Order[&quot;items&quot;]-&gt;java.util.ArrayList[0]-&gt;com.example.ordermanagement.model.OrderItem[&quot;order&quot;]-&gt;com.example.ordermanagement.model.Order[&quot;items&quot;]-&gt;java.util.ArrayList[0]-&gt;com.example.ordermanagement.model.OrderItem[&quot;order&quot;]-&gt;com.example.ordermanagement.model.Order[&quot;items&quot;]-&gt;java.util.ArrayList[0]-&gt;com.example.ordermanagement.model.OrderItem[&quot;order&quot;]-&gt;com.example.ordermanagement.model.Order[&quot;items&quot;]-&gt;java.util.ArrayList[0]-&gt;com.example.ordermanagement.model.OrderItem[&quot;order&quot;]-&gt;com.example.ordermanagement.model.Order[&quot;items&quot;]-&gt;java.util.ArrayList[0]-&gt;com.example.ordermanagement.model.OrderItem[&quot;order&quot;]-&gt;com.example.ordermanagement.model.Order[&quot;items&quot;]-&gt;java.util.ArrayList[0]-&gt;com.example.ordermanagement.model.OrderItem[&quot;order&quot;]-&gt;com.example.ordermanagement.model.Order[&quot;items&quot;]-&gt;java.util.ArrayList[0]-&gt;com.example.ordermanagement.model.OrderItem[&quot;order&quot;]-&gt;com.example.ordermanagement.model.Order[&quot;items&quot;]-&gt;java.util.ArrayList[0]-&gt;com.example.ordermanagement.model.OrderItem[&quot;order&quot;]-&gt;com.example.ordermanagement.model.Order[&quot;items&quot;]-&gt;java.util.ArrayList[0]-&gt;com.example.ordermanagement.model.OrderItem[&quot;order&quot;]-&gt;com.example.ordermanagement.model.Order[&quot;items&quot;]-&gt;java.util.ArrayList[0]-&gt;com.example.ordermanagement.model.OrderItem[&quot;order&quot;]-&gt;com.example.ordermanagement.model.Order[&quot;items&quot;]-&gt;java.util.ArrayList[0]-&gt;com.example.ordermanagement.model.OrderItem[&quot;order&quot;]-&gt;com.example.ordermanagement.model.Order[&quot;items&quot;]-&gt;java.util.ArrayList[0]-&gt;com.example.ordermanagement.model.OrderItem[&quot;order&quot;]-&gt;com.example.ordermanagement.model.Order[&quot;items&quot;]-&gt;java.util.ArrayList[0]-&gt;com.example.ordermanagement.model.OrderItem[&quot;order&quot;]-&gt;com.example.ordermanagement.model.Order[&quot;items&quot;]-&gt;java.util.ArrayList[0]-&gt;com.example.ordermanagement.model.OrderItem[&quot;order&quot;]-&gt;com.example.ordermanagement.model.Order[&quot;items&quot;]-&gt;java.util.ArrayList[0]-&gt;com.example.ordermanagement.model.OrderItem[&quot;order&quot;]-&gt;com.example.ordermanagement.model.Order[&quot;items&quot;]-&gt;java.util.ArrayList[0]-&gt;com.example.ordermanagement.model.OrderItem[&quot;order&quot;]-&gt;com.example.ordermanagement.model.Order[&quot;items&quot;]-&gt;java.util.ArrayList[0]-&gt;com.example.ordermanagement.model.OrderItem[&quot;order&quot;]-&gt;com.example.ordermanagement.model.Order[&quot;items&quot;]-&gt;java.util.ArrayList[0]-&gt;com.example.ordermanagement.model.OrderItem[&quot;order&quot;]-&gt;com.example.ordermanagement.model.Order[&quot;items&quot;]-&gt;java.util.ArrayList[0]-&gt;com.example.ordermanagement.model.OrderItem[&quot;order&quot;]-&gt;com.example.ordermanagement.model.Order[&quot;items&quot;]-&gt;java.util.ArrayList[0]-&gt;com.example.ordermanagement.model.OrderItem[&quot;order&quot;]-&gt;com.example.ordermanagement.model.Order[&quot;items&quot;]-&gt;java.util.ArrayList[0]-&gt;com.example.ordermanagement.model.OrderItem[&quot;order&quot;]-&gt;com.example.ordermanagement.model.Order[&quot;items&quot;]-&gt;java.util.ArrayList[0]-&gt;com.example.ordermanagement.model.OrderItem[&quot;order&quot;]-&gt;com.example.ordermanagement.model.Order[&quot;items&quot;]-&gt;java.util.ArrayList[0]-&gt;com.example.ordermanagement.model.OrderItem[&quot;order&quot;]-&gt;com.example.ordermanagement.model.Order[&quot;items&quot;]-&gt;java.util.ArrayList[0]-&gt;com.example.ordermanagement.model.OrderItem[&quot;order&quot;]-&gt;com.example.ordermanagement.model.Order[&quot;items&quot;]-&gt;java.util.ArrayList[0]-&gt;com.example.ordermanagement.model.OrderItem[&quot;order&quot;]-&gt;com.example.ordermanagement.model.Order[&quot;items&quot;]-&gt;java.util.ArrayList[0]-&gt;com.example.ordermanagement.model.OrderItem[&quot;order&quot;]-&gt;com.example.ordermanagement.model.Order[&quot;items&quot;]-&gt;java.util.ArrayList[0]-&gt;com.example.ordermanagement.model.OrderItem[&quot;order&quot;]-&gt;com.example.ordermanagement.model.Order[&quot;items&quot;]-&gt;java.util.ArrayList[0]-&gt;com.example.ordermanagement.model.OrderItem[&quot;order&quot;]-&gt;com.example.ordermanagement.model.Order[&quot;items&quot;]-&gt;java.util.ArrayList[0]-&gt;com.example.ordermanagement.model.OrderItem[&quot;order&quot;]-&gt;com.example.ordermanagement.model.Order[&quot;items&quot;]-&gt;java.util.ArrayList[0]-&gt;com.example.ordermanagement.model.OrderItem[&quot;order&quot;]-&gt;com.example.ordermanagement.model.Order[&quot;items&quot;]-&gt;java.util.ArrayList[0]-&gt;com.example.ordermanagement.model.OrderItem[&quot;order&quot;]-&gt;com.example.ordermanagement.model.Order[&quot;items&quot;]-&gt;java.util.ArrayList[0]-&gt;com.example.ordermanagement.model.OrderItem[&quot;order&quot;]-&gt;com.example.ordermanagement.model.Order[&quot;items&quot;]-&gt;java.util.ArrayList[0]-&gt;com.example.ordermanagement.model.OrderItem[&quot;order&quot;]-&gt;com.example.ordermanagement.model.Order[&quot;items&quot;]-&gt;java.util.ArrayList[0]-&gt;com.example.ordermanagement.model.OrderItem[&quot;order&quot;]-&gt;com.example.ordermanagement.model.Order[&quot;items&quot;]-&gt;java.util.ArrayList[0]-&gt;com.example.ordermanagement.model.OrderItem[&quot;order&quot;]-&gt;com.example.ordermanagement.model.Order[&quot;items&quot;]-&gt;java.util.ArrayList[0]-&gt;com.example.ordermanagement.model.OrderItem[&quot;order&quot;]-&gt;com.example.ordermanagement.model.Order[&quot;items&quot;]-&gt;java.util.ArrayList[0]-&gt;com.example.ordermanagement.model.OrderItem[&quot;order&quot;]-&gt;com.example.ordermanagement.model.Order[&quot;items&quot;]-&gt;java.util.ArrayList[0]-&gt;com.example.ordermanagement.model.OrderItem[&quot;order&quot;]-&gt;com.example.ordermanagement.model.Order[&quot;items&quot;]-&gt;java.util.ArrayList[0]-&gt;com.example.ordermanagement.model.OrderItem[&quot;order&quot;]-&gt;com.example.ordermanagement.model.Order[&quot;items&quot;]-&gt;java.util.ArrayList[0]-&gt;com.example.ordermanagement.model.OrderItem[&quot;order&quot;]-&gt;com.example.ordermanagement.model.Order[&quot;items&quot;]-&gt;java.util.ArrayList[0]-&gt;com.example.ordermanagement.model.OrderItem[&quot;order&quot;]-&gt;com.example.ordermanagement.model.Order[&quot;items&quot;]-&gt;java.util.ArrayList[0]-&gt;com.example.ordermanagement.model.OrderItem[&quot;order&quot;]-&gt;com.example.ordermanagement.model.Order[&quot;items&quot;]-&gt;java.util.ArrayList[0]-&gt;com.example.ordermanagement.model.OrderItem[&quot;order&quot;]-&gt;com.example.ordermanagement.model.Order[&quot;items&quot;]-&gt;java.util.ArrayList[0]-&gt;com.example.ordermanagement.model.OrderItem[&quot;order&quot;]-&gt;com.example.ordermanagement.model.Order[&quot;items&quot;]-&gt;java.util.ArrayList[0]-&gt;com.example.ordermanagement.model.OrderItem[&quot;order&quot;]-&gt;com.example.ordermanagement.model.Order[&quot;items&quot;]-&gt;java.util.ArrayList[0]-&gt;com.example.ordermanagement.model.OrderItem[&quot;order&quot;]-&gt;com.example.ordermanagement.model.Order[&quot;items&quot;]-&gt;java.util.ArrayList[0]-&gt;com.example.ordermanagement.model.OrderItem[&quot;order&quot;]-&gt;com.example.ordermanagement.model.Order[&quot;items&quot;]-&gt;java.util.ArrayList[0]-&gt;com.example.ordermanagement.model.OrderItem[&quot;order&quot;]-&gt;com.example.ordermanagement.model.Order[&quot;items&quot;]-&gt;java.util.ArrayList[0]-&gt;com.example.ordermanagement.model.OrderItem[&quot;order&quot;]-&gt;com.example.ordermanagement.model.Order[&quot;items&quot;]-&gt;java.util.ArrayList[0]-&gt;com.example.ordermanagement.model.OrderItem[&quot;order&quot;]-&gt;com.example.ordermanagement.model.Order[&quot;items&quot;]-&gt;java.util.ArrayList[0]-&gt;com.example.ordermanagement.model.OrderItem[&quot;order&quot;]-&gt;com.example.ordermanagement.model.Order[&quot;items&quot;]-&gt;java.util.ArrayList[0]-&gt;com.example.ordermanagement.model.OrderItem[&quot;order&quot;]-&gt;com.example.ordermanagement.model.Order[&quot;items&quot;]-&gt;java.util.ArrayList[0]-&gt;com.example.ordermanagement.model.OrderItem[&quot;order&quot;]-&gt;com.example.ordermanagement.model.Order[&quot;items&quot;]-&gt;java.util.ArrayList[0]-&gt;com.example.ordermanagement.model.OrderItem[&quot;order&quot;]-&gt;com.example.ordermanagement.model.Order[&quot;items&quot;]-&gt;java.util.ArrayList[0]-&gt;com.example.ordermanagement.model.OrderItem[&quot;order&quot;]-&gt;com.example.ordermanagement.model.Order[&quot;items&quot;]-&gt;java.util.ArrayList[0]-&gt;com.example.ordermanagement.model.OrderItem[&quot;order&quot;]-&gt;com.example.ordermanagement.model.Order[&quot;items&quot;]-&gt;java.util.ArrayList[0]-&gt;com.example.ordermanagement.model.OrderItem[&quot;order&quot;]-&gt;com.example.ordermanagement.model.Order[&quot;items&quot;]-&gt;java.util.ArrayList[0]-&gt;com.example.ordermanagement.model.OrderItem[&quot;order&quot;]-&gt;com.example.ordermanagement.model.Order[&quot;items&quot;]-&gt;java.util.ArrayList[0]-&gt;com.example.ordermanagement.model.OrderItem[&quot;order&quot;]-&gt;com.example.ordermanagement.model.Order[&quot;items&quot;]-&gt;java.util.ArrayList[0]-&gt;com.example.ordermanagement.model.OrderItem[&quot;order&quot;]-&gt;com.example.ordermanagement.model.Order[&quot;items&quot;]-&gt;java.util.ArrayList[0]-&gt;com.example.ordermanagement.model.OrderItem[&quot;order&quot;]-&gt;com.example.ordermanagement.model.Order[&quot;items&quot;]-&gt;java.util.ArrayList[0]-&gt;com.example.ordermanagement.model.OrderItem[&quot;order&quot;]-&gt;com.example.ordermanagement.model.Order[&quot;items&quot;]-&gt;java.util.ArrayList[0]-&gt;com.example.ordermanagement.model.OrderItem[&quot;order&quot;]-&gt;com.example.ordermanagement.model.Order[&quot;items&quot;]-&gt;java.util.ArrayList[0]-&gt;com.example.ordermanagement.model.OrderItem[&quot;order&quot;]-&gt;com.example.ordermanagement.model.Order[&quot;items&quot;]-&gt;java.util.ArrayList[0]-&gt;com.example.ordermanagement.model.OrderItem[&quot;order&quot;]-&gt;com.example.ordermanagement.model.Order[&quot;items&quot;]-&gt;java.util.ArrayList[0]-&gt;com.example.ordermanagement.model.OrderItem[&quot;order&quot;]-&gt;com.example.ordermanagement.model.Order[&quot;items&quot;]-&gt;java.util.ArrayList[0]-&gt;com.example.ordermanagement.model.OrderItem[&quot;order&quot;]-&gt;com.example.ordermanagement.model.Order[&quot;items&quot;]-&gt;java.util.ArrayList[0]-&gt;com.example.ordermanagement.model.OrderItem[&quot;order&quot;]-&gt;com.example.ordermanagement.model.Order[&quot;items&quot;]-&gt;java.util.ArrayList[0]-&gt;com.example.ordermanagement.model.OrderItem[&quot;order&quot;]-&gt;com.example.ordermanagement.model.Order[&quot;items&quot;]-&gt;java.util.ArrayList[0]-&gt;com.example.ordermanagement.model.OrderItem[&quot;order&quot;]-&gt;com.example.ordermanagement.model.Order[&quot;items&quot;]-&gt;java.util.ArrayList[0]-&gt;com.example.ordermanagement.model.OrderItem[&quot;order&quot;]-&gt;com.example.ordermanagement.model.Order[&quot;items&quot;]-&gt;java.util.ArrayList[0]-&gt;com.example.ordermanagement.model.OrderItem[&quot;order&quot;]-&gt;com.example.ordermanagement.model.Order[&quot;items&quot;]-&gt;java.util.ArrayList[0]-&gt;com.example.ordermanagement.model.OrderItem[&quot;order&quot;]-&gt;com.example.ordermanagement.model.Order[&quot;items&quot;]-&gt;java.util.ArrayList[0]-&gt;com.example.ordermanagement.model.OrderItem[&quot;order&quot;]-&gt;com.example.ordermanagement.model.Order[&quot;items&quot;]-&gt;java.util.ArrayList[0]-&gt;com.example.ordermanagement.model.OrderItem[&quot;order&quot;]-&gt;com.example.ordermanagement.model.Order[&quot;items&quot;]-&gt;java.util.ArrayList[0]-&gt;com.example.ordermanagement.model.OrderItem[&quot;order&quot;]-&gt;com.example.ordermanagement.model.Order[&quot;items&quot;]-&gt;java.util.ArrayList[0]-&gt;com.example.ordermanagement.model.OrderItem[&quot;order&quot;]-&gt;com.example.ordermanagement.model.Order[&quot;items&quot;]-&gt;java.util.ArrayList[0]-&gt;com.example.ordermanagement.model.OrderItem[&quot;order&quot;]-&gt;com.example.ordermanagement.model.Order[&quot;items&quot;]-&gt;java.util.ArrayList[0]-&gt;com.example.ordermanagement.model.OrderItem[&quot;order&quot;]-&gt;com.example.ordermanagement.model.Order[&quot;items&quot;]-&gt;java.util.ArrayList[0]-&gt;com.example.ordermanagement.model.OrderItem[&quot;order&quot;]-&gt;com.example.ordermanagement.model.Order[&quot;items&quot;]-&gt;java.util.ArrayList[0]-&gt;com.example.ordermanagement.model.OrderItem[&quot;order&quot;]-&gt;com.example.ordermanagement.model.Order[&quot;items&quot;]-&gt;java.util.ArrayList[0]-&gt;com.example.ordermanagement.model.OrderItem[&quot;order&quot;]-&gt;com.example.ordermanagement.model.Order[&quot;items&quot;]-&gt;java.util.ArrayList[0]-&gt;com.example.ordermanagement.model.OrderItem[&quot;order&quot;]-&gt;com.example.ordermanagement.model.Order[&quot;items&quot;]-&gt;java.util.ArrayList[0]-&gt;com.example.ordermanagement.model.OrderItem[&quot;order&quot;]-&gt;com.example.ordermanagement.model.Order[&quot;items&quot;]-&gt;java.util.ArrayList[0]-&gt;com.example.ordermanagement.model.OrderItem[&quot;order&quot;]-&gt;com.example.ordermanagement.model.Order[&quot;items&quot;]-&gt;java.util.ArrayList[0]-&gt;com.example.ordermanagement.model.OrderItem[&quot;order&quot;]-&gt;com.example.ordermanagement.model.Order[&quot;items&quot;]-&gt;java.util.ArrayList[0]-&gt;com.example.ordermanagement.model.OrderItem[&quot;order&quot;]-&gt;com.example.ordermanagement.model.Order[&quot;items&quot;]-&gt;java.util.ArrayList[0]-&gt;com.example.ordermanagement.model.OrderItem[&quot;order&quot;]-&gt;com.example.ordermanagement.model.Order[&quot;items&quot;]-&gt;java.util.ArrayList[0]-&gt;com.example.ordermanagement.model.OrderItem[&quot;order&quot;]-&gt;com.example.ordermanagement.model.Order[&quot;items&quot;]-&gt;java.util.ArrayList[0]-&gt;com.example.ordermanagement.model.OrderItem[&quot;order&quot;]-&gt;com.example.ordermanagement.model.Order[&quot;items&quot;]-&gt;java.util.ArrayList[0]-&gt;com.example.ordermanagement.model.OrderItem[&quot;order&quot;]-&gt;com.example.ordermanagement.model.Order[&quot;items&quot;]-&gt;java.util.ArrayList[0]-&gt;com.example.ordermanagement.model.OrderItem[&quot;order&quot;]-&gt;com.example.ordermanagement.model.Order[&quot;items&quot;]-&gt;java.util.ArrayList[0]-&gt;com.example.ordermanagement.model.OrderItem[&quot;order&quot;]-&gt;com.example.ordermanagement.model.Order[&quot;items&quot;]-&gt;java.util.ArrayList[0]-&gt;com.example.ordermanagement.model.OrderItem[&quot;order&quot;]-&gt;com.example.ordermanagement.model.Order[&quot;items&quot;]-&gt;java.util.ArrayList[0]-&gt;com.example.ordermanagement.model.OrderItem[&quot;order&quot;]-&gt;com.example.ordermanagement.model.Order[&quot;items&quot;]-&gt;java.util.ArrayList[0]-&gt;com.example.ordermanagement.model.OrderItem[&quot;order&quot;]-&gt;com.example.ordermanagement.model.Order[&quot;items&quot;]-&gt;java.util.ArrayList[0]-&gt;com.example.ordermanagement.model.OrderItem[&quot;order&quot;]-&gt;com.example.ordermanagement.model.Order[&quot;items&quot;]-&gt;java.util.ArrayList[0]-&gt;com.example.ordermanagement.model.OrderItem[&quot;order&quot;]-&gt;com.example.ordermanagement.model.Order[&quot;items&quot;]-&gt;java.util.ArrayList[0]-&gt;com.example.ordermanagement.model.OrderItem[&quot;order&quot;]-&gt;com.example.ordermanagement.model.Order[&quot;items&quot;]-&gt;java.util.ArrayList[0]-&gt;com.example.ordermanagement.model.OrderItem[&quot;order&quot;]-&gt;com.example.ordermanagement.model.Order[&quot;items&quot;]-&gt;java.util.ArrayList[0]-&gt;com.example.ordermanagement.model.OrderItem[&quot;order&quot;]-&gt;com.example.ordermanagement.model.Order[&quot;items&quot;]-&gt;java.util.ArrayList[0]-&gt;com.example.ordermanagement.model.OrderItem[&quot;order&quot;]-&gt;com.example.ordermanagement.model.Order[&quot;items&quot;]-&gt;java.util.ArrayList[0]-&gt;com.example.ordermanagement.model.OrderItem[&quot;order&quot;]-&gt;com.example.ordermanagement.model.Order[&quot;items&quot;]-&gt;java.util.ArrayList[0]-&gt;com.example.ordermanagement.model.OrderItem[&quot;order&quot;]-&gt;com.example.ordermanagement.model.Order[&quot;items&quot;]-&gt;java.util.ArrayList[0]-&gt;com.example.ordermanagement.model.OrderItem[&quot;order&quot;]-&gt;com.example.ordermanagement.model.Order[&quot;items&quot;]-&gt;java.util.ArrayList[0]-&gt;com.example.ordermanagement.model.OrderItem[&quot;order&quot;]-&gt;com.example.ordermanagement.model.Order[&quot;items&quot;]-&gt;java.util.ArrayList[0]-&gt;com.example.ordermanagement.model.OrderItem[&quot;order&quot;]-&gt;com.example.ordermanagement.model.Order[&quot;items&quot;]-&gt;java.util.ArrayList[0]-&gt;com.example.ordermanagement.model.OrderItem[&quot;order&quot;]-&gt;com.example.ordermanagement.model.Order[&quot;items&quot;]-&gt;java.util.ArrayList[0]-&gt;com.example.ordermanagement.model.OrderItem[&quot;order&quot;]-&gt;com.example.ordermanagement.model.Order[&quot;items&quot;]-&gt;java.util.ArrayList[0]-&gt;com.example.ordermanagement.model.OrderItem[&quot;order&quot;]-&gt;com.example.ordermanagement.model.Order[&quot;items&quot;]-&gt;java.util.ArrayList[0]-&gt;com.example.ordermanagement.model.OrderItem[&quot;order&quot;]-&gt;com.example.ordermanagement.model.Order[&quot;items&quot;]-&gt;java.util.ArrayList[0]-&gt;com.example.ordermanagement.model.OrderItem[&quot;order&quot;]-&gt;com.example.ordermanagement.model.Order[&quot;items&quot;]-&gt;java.util.ArrayList[0]-&gt;com.example.ordermanagement.model.OrderItem[&quot;order&quot;]-&gt;com.example.ordermanagement.model.Order[&quot;items&quot;]-&gt;java.util.ArrayList[0]-&gt;com.example.ordermanagement.model.OrderItem[&quot;order&quot;]-&gt;com.example.ordermanagement.model.Order[&quot;items&quot;]-&gt;java.util.ArrayList[0]-&gt;com.example.ordermanagement.model.OrderItem[&quot;order&quot;]-&gt;com.example.ordermanagement.model.Order[&quot;items&quot;]-&gt;java.util.ArrayList[0]-&gt;com.example.ordermanagement.model.OrderItem[&quot;order&quot;]-&gt;com.example.ordermanagement.model.Order[&quot;items&quot;]-&gt;java.util.ArrayList[0]-&gt;com.example.ordermanagement.model.OrderItem[&quot;order&quot;]-&gt;com.example.ordermanagement.model.Order[&quot;items&quot;]-&gt;java.util.ArrayList[0]-&gt;com.example.ordermanagement.model.OrderItem[&quot;order&quot;]-&gt;com.example.ordermanagement.model.Order[&quot;items&quot;]-&gt;java.util.ArrayList[0]-&gt;com.example.ordermanagement.model.OrderItem[&quot;order&quot;]-&gt;com.example.ordermanagement.model.Order[&quot;items&quot;]-&gt;java.util.ArrayList[0]-&gt;com.example.ordermanagement.model.OrderItem[&quot;order&quot;]-&gt;com.example.ordermanagement.model.Order[&quot;items&quot;]-&gt;java.util.ArrayList[0]-&gt;com.example.ordermanagement.model.OrderItem[&quot;order&quot;]-&gt;com.example.ordermanagement.model.Order[&quot;items&quot;]-&gt;java.util.ArrayList[0]-&gt;com.example.ordermanagement.model.OrderItem[&quot;order&quot;]-&gt;com.example.ordermanagement.model.Order[&quot;items&quot;]-&gt;java.util.ArrayList[0]-&gt;com.example.ordermanagement.model.OrderItem[&quot;order&quot;]-&gt;com.example.ordermanagement.model.Order[&quot;items&quot;]-&gt;java.util.ArrayList[0]-&gt;com.example.ordermanagement.model.OrderItem[&quot;order&quot;]-&gt;com.example.ordermanagement.model.Order[&quot;items&quot;]-&gt;java.util.ArrayList[0]-&gt;com.example.ordermanagement.model.OrderItem[&quot;order&quot;]-&gt;com.example.ordermanagement.model.Order[&quot;items&quot;]-&gt;java.util.ArrayList[0]-&gt;com.example.ordermanagement.model.OrderItem[&quot;order&quot;]-&gt;com.example.ordermanagement.model.Order[&quot;items&quot;]-&gt;java.util.ArrayList[0]-&gt;com.example.ordermanagement.model.OrderItem[&quot;order&quot;]-&gt;com.example.ordermanagement.model.Order[&quot;items&quot;]-&gt;java.util.ArrayList[0]-&gt;com.example.ordermanagement.model.OrderItem[&quot;order&quot;]-&gt;com.example.ordermanagement.model.Order[&quot;items&quot;]-&gt;java.util.ArrayList[0]-&gt;com.example.ordermanagement.model.OrderItem[&quot;order&quot;]-&gt;com.example.ordermanagement.model.Order[&quot;items&quot;]-&gt;java.util.ArrayList[0]-&gt;com.example.ordermanagement.model.OrderItem[&quot;order&quot;]-&gt;com.example.ordermanagement.model.Order[&quot;items&quot;]-&gt;java.util.ArrayList[0]-&gt;com.example.ordermanagement.model.OrderItem[&quot;order&quot;]-&gt;com.example.ordermanagement.model.Order[&quot;items&quot;]-&gt;java.util.ArrayList[0]-&gt;com.example.ordermanagement.model.OrderItem[&quot;order&quot;]-&gt;com.example.ordermanagement.model.Order[&quot;items&quot;]-&gt;java.util.ArrayList[0]-&gt;com.example.ordermanagement.model.OrderItem[&quot;order&quot;]-&gt;com.example.ordermanagement.model.Order[&quot;items&quot;]-&gt;java.util.ArrayList[0]-&gt;com.example.ordermanagement.model.OrderItem[&quot;order&quot;]-&gt;com.example.ordermanagement.model.Order[&quot;items&quot;]-&gt;java.util.ArrayList[0]-&gt;com.example.ordermanagement.model.OrderItem[&quot;order&quot;]-&gt;com.example.ordermanagement.model.Order[&quot;items&quot;]-&gt;java.util.ArrayList[0]-&gt;com.example.ordermanagement.model.OrderItem[&quot;order&quot;]-&gt;com.example.ordermanagement.model.Order[&quot;items&quot;]-&gt;java.util.ArrayList[0]-&gt;com.example.ordermanagement.model.OrderItem[&quot;order&quot;]-&gt;com.example.ordermanagement.model.Order[&quot;items&quot;]-&gt;java.util.ArrayList[0]-&gt;com.example.ordermanagement.model.OrderItem[&quot;order&quot;]-&gt;com.example.ordermanagement.model.Order[&quot;items&quot;]-&gt;java.util.ArrayList[0]-&gt;com.example.ordermanagement.model.OrderItem[&quot;order&quot;]-&gt;com.example.ordermanagement.model.Order[&quot;items&quot;]-&gt;java.util.ArrayList[0]-&gt;com.example.ordermanagement.model.OrderItem[&quot;order&quot;]-&gt;com.example.ordermanagement.model.Order[&quot;items&quot;]-&gt;java.util.ArrayList[0]-&gt;com.example.ordermanagement.model.OrderItem[&quot;order&quot;]-&gt;com.example.ordermanagement.model.Order[&quot;items&quot;]-&gt;java.util.ArrayList[0]-&gt;com.example.ordermanagement.model.OrderItem[&quot;order&quot;]-&gt;com.example.ordermanagement.model.Order[&quot;items&quot;]-&gt;java.util.ArrayList[0]-&gt;com.example.ordermanagement.model.OrderItem[&quot;order&quot;]-&gt;com.example.ordermanagement.model.Order[&quot;items&quot;]-&gt;java.util.ArrayList[0]-&gt;com.example.ordermanagement.model.OrderItem[&quot;order&quot;]-&gt;com.example.ordermanagement.model.Order[&quot;items&quot;]-&gt;java.util.ArrayList[0]-&gt;com.example.ordermanagement.model.OrderItem[&quot;order&quot;]-&gt;com.example.ordermanagement.model.Order[&quot;items&quot;]-&gt;java.util.ArrayList[0]-&gt;com.example.ordermanagement.model.OrderItem[&quot;order&quot;]-&gt;com.example.ordermanagement.model.Order[&quot;items&quot;]-&gt;java.util.ArrayList[0]-&gt;com.example.ordermanagement.model.OrderItem[&quot;order&quot;]-&gt;com.example.ordermanagement.model.Order[&quot;items&quot;]-&gt;java.util.ArrayList[0]-&gt;com.example.ordermanagement.model.OrderItem[&quot;order&quot;]-&gt;com.example.ordermanagement.model.Order[&quot;items&quot;]-&gt;java.util.ArrayList[0]-&gt;com.example.ordermanagement.model.OrderItem[&quot;order&quot;]-&gt;com.example.ordermanagement.model.Order[&quot;items&quot;]-&gt;java.util.ArrayList[0]-&gt;com.example.ordermanagement.model.OrderItem[&quot;order&quot;]-&gt;com.example.ordermanagement.model.Order[&quot;items&quot;]-&gt;java.util.ArrayList[0]-&gt;com.example.ordermanagement.model.OrderItem[&quot;order&quot;]-&gt;com.example.ordermanagement.model.Order[&quot;items&quot;]-&gt;java.util.ArrayList[0]-&gt;com.example.ordermanagement.model.OrderItem[&quot;order&quot;]-&gt;com.example.ordermanagement.model.Order[&quot;items&quot;]-&gt;java.util.ArrayList[0]-&gt;com.example.ordermanagement.model.OrderItem[&quot;order&quot;]-&gt;com.example.ordermanagement.model.Order[&quot;items&quot;]-&gt;java.util.ArrayList[0]-&gt;com.example.ordermanagement.model.OrderItem[&quot;order&quot;]-&gt;com.example.ordermanagement.model.Order[&quot;items&quot;]-&gt;java.util.ArrayList[0]-&gt;com.example.ordermanagement.model.OrderItem[&quot;order&quot;]-&gt;com.example.ordermanagement.model.Order[&quot;items&quot;]-&gt;java.util.ArrayList[0]-&gt;com.example.ordermanagement.model.OrderItem[&quot;order&quot;]-&gt;com.example.ordermanagement.model.Order[&quot;items&quot;]-&gt;java.util.ArrayList[0]-&gt;com.example.ordermanagement.model.OrderItem[&quot;order&quot;]-&gt;com.example.ordermanagement.model.Order[&quot;items&quot;]-&gt;java.util.ArrayList[0]-&gt;com.example.ordermanagement.model.OrderItem[&quot;order&quot;]-&gt;com.example.ordermanagement.model.Order[&quot;items&quot;]-&gt;java.util.ArrayList[0]-&gt;com.example.ordermanagement.model.OrderItem[&quot;order&quot;]-&gt;com.example.ordermanagement.model.Order[&quot;items&quot;]-&gt;java.util.ArrayList[0]-&gt;com.example.ordermanagement.model.OrderItem[&quot;order&quot;]-&gt;com.example.ordermanagement.model.Order[&quot;items&quot;]-&gt;java.util.ArrayList[0]-&gt;com.example.ordermanagement.model.OrderItem[&quot;order&quot;]-&gt;com.example.ordermanagement.model.Order[&quot;items&quot;]-&gt;java.util.ArrayList[0]-&gt;com.example.ordermanagement.model.OrderItem[&quot;order&quot;]-&gt;com.example.ordermanagement.model.Order[&quot;items&quot;]-&gt;java.util.ArrayList[0]-&gt;com.example.ordermanagement.model.OrderItem[&quot;order&quot;]-&gt;com.example.ordermanagement.model.Order[&quot;items&quot;]-&gt;java.util.ArrayList[0]-&gt;com.example.ordermanagement.model.OrderItem[&quot;order&quot;]-&gt;com.example.ordermanagement.model.Order[&quot;items&quot;]-&gt;java.util.ArrayList[0]-&gt;com.example.ordermanagement.model.OrderItem[&quot;order&quot;]-&gt;com.example.ordermanagement.model.Order[&quot;items&quot;]-&gt;java.util.ArrayList[0]-&gt;com.example.ordermanagement.model.OrderItem[&quot;order&quot;]-&gt;com.example.ordermanagement.model.Order[&quot;items&quot;]-&gt;java.util.ArrayList[0]-&gt;com.example.ordermanagement.model.OrderItem[&quot;order&quot;]-&gt;com.example.ordermanagement.model.Order[&quot;items&quot;]-&gt;java.util.ArrayList[0]-&gt;com.example.ordermanagement.model.OrderItem[&quot;order&quot;]-&gt;com.example.ordermanagement.model.Order[&quot;items&quot;]-&gt;java.util.ArrayList[0]-&gt;com.example.ordermanagement.model.OrderItem[&quot;order&quot;]-&gt;com.example.ordermanagement.model.Order[&quot;items&quot;]-&gt;java.util.ArrayList[0]-&gt;com.example.ordermanagement.model.OrderItem[&quot;order&quot;]-&gt;com.example.ordermanagement.model.Order[&quot;items&quot;]-&gt;java.util.ArrayList[0]-&gt;com.example.ordermanagement.model.OrderItem[&quot;order&quot;]-&gt;com.example.ordermanagement.model.Order[&quot;items&quot;]-&gt;java.util.ArrayList[0]-&gt;com.example.ordermanagement.model.OrderItem[&quot;order&quot;]-&gt;com.example.ordermanagement.model.Order[&quot;items&quot;]-&gt;java.util.ArrayList[0]-&gt;com.example.ordermanagement.model.OrderItem[&quot;order&quot;]-&gt;com.example.ordermanagement.model.Order[&quot;items&quot;]-&gt;java.util.ArrayList[0]-&gt;com.example.ordermanagement.model.OrderItem[&quot;order&quot;]-&gt;com.example.ordermanagement.model.Order[&quot;items&quot;]-&gt;java.util.ArrayList[0]-&gt;com.example.ordermanagement.model.OrderItem[&quot;order&quot;]-&gt;com.example.ordermanagement.model.Order[&quot;items&quot;]-&gt;java.util.ArrayList[0]-&gt;com.example.ordermanagement.model.OrderItem[&quot;order&quot;]-&gt;com.example.ordermanagement.model.Order[&quot;items&quot;]-&gt;java.util.ArrayList[0]-&gt;com.example.ordermanagement.model.OrderItem[&quot;order&quot;]-&gt;com.example.ordermanagement.model.Order[&quot;items&quot;]-&gt;java.util.ArrayList[0]-&gt;com.example.ordermanagement.model.OrderItem[&quot;order&quot;]-&gt;com.example.ordermanagement.model.Order[&quot;items&quot;]-&gt;java.util.ArrayList[0]-&gt;com.example.ordermanagement.model.OrderItem[&quot;order&quot;]-&gt;com.example.ordermanagement.model.Order[&quot;items&quot;]-&gt;java.util.ArrayList[0]-&gt;com.example.ordermanagement.model.OrderItem[&quot;order&quot;]-&gt;com.example.ordermanagement.model.Order[&quot;items&quot;]-&gt;java.util.ArrayList[0]-&gt;com.example.ordermanagement.model.OrderItem[&quot;order&quot;]-&gt;com.example.ordermanagement.model.Order[&quot;items&quot;]-&gt;java.util.ArrayList[0]-&gt;com.example.ordermanagement.model.OrderItem[&quot;order&quot;]-&gt;com.example.ordermanagement.model.Order[&quot;items&quot;]-&gt;java.util.ArrayList[0]-&gt;com.example.ordermanagement.model.OrderItem[&quot;order&quot;]-&gt;com.example.ordermanagement.model.Order[&quot;items&quot;]-&gt;java.util.ArrayList[0]-&gt;com.example.ordermanagement.model.OrderItem[&quot;order&quot;]-&gt;com.example.ordermanagement.model.Order[&quot;items&quot;]-&gt;java.util.ArrayList[0]-&gt;com.example.ordermanagement.model.OrderItem[&quot;order&quot;]-&gt;com.example.ordermanagement.model.Order[&quot;items&quot;]-&gt;java.util.ArrayList[0]-&gt;com.example.ordermanagement.model.OrderItem[&quot;order&quot;]-&gt;com.example.ordermanagement.model.Order[&quot;items&quot;]-&gt;java.util.ArrayList[0]-&gt;com.example.ordermanagement.model.OrderItem[&quot;order&quot;]-&gt;com.example.ordermanagement.model.Order[&quot;items&quot;]-&gt;java.util.ArrayList[0]-&gt;com.example.ordermanagement.model.OrderItem[&quot;order&quot;]-&gt;com.example.ordermanagement.model.Order[&quot;items&quot;]-&gt;java.util.ArrayList[0]-&gt;com.example.ordermanagement.model.OrderItem[&quot;order&quot;]-&gt;com.example.ordermanagement.model.Order[&quot;items&quot;]-&gt;java.util.ArrayList[0]-&gt;com.example.ordermanagement.model.OrderItem[&quot;order&quot;]-&gt;com.example.ordermanagement.model.Order[&quot;items&quot;]-&gt;java.util.ArrayList[0]-&gt;com.example.ordermanagement.model.OrderItem[&quot;order&quot;]-&gt;com.example.ordermanagement.model.Order[&quot;items&quot;]-&gt;java.util.ArrayList[0]-&gt;com.example.ordermanagement.model.OrderItem[&quot;order&quot;]-&gt;com.example.ordermanagement.model.Order[&quot;items&quot;]-&gt;java.util.ArrayList[0]-&gt;com.example.ordermanagement.model.OrderItem[&quot;order&quot;]-&gt;com.example.ordermanagement.model.Order[&quot;items&quot;]-&gt;java.util.ArrayList[0]-&gt;com.example.ordermanagement.model.OrderItem[&quot;order&quot;]-&gt;com.example.ordermanagement.model.Order[&quot;items&quot;]-&gt;java.util.ArrayList[0]-&gt;com.example.ordermanagement.model.OrderItem[&quot;order&quot;]-&gt;com.example.ordermanagement.model.Order[&quot;items&quot;]-&gt;java.util.ArrayList[0]-&gt;com.example.ordermanagement.model.OrderItem[&quot;order&quot;]-&gt;com.example.ordermanagement.model.Order[&quot;items&quot;]-&gt;java.util.ArrayList[0]-&gt;com.example.ordermanagement.model.OrderItem[&quot;order&quot;]-&gt;com.example.ordermanagement.model.Order[&quot;items&quot;]-&gt;java.util.ArrayList[0]-&gt;com.example.ordermanagement.model.OrderItem[&quot;order&quot;]-&gt;com.example.ordermanagement.model.Order[&quot;items&quot;]-&gt;java.util.ArrayList[0]-&gt;com.example.ordermanagement.model.OrderItem[&quot;order&quot;]-&gt;com.example.ordermanagement.model.Order[&quot;items&quot;]-&gt;java.util.ArrayList[0]-&gt;com.example.ordermanagement.model.OrderItem[&quot;order&quot;]-&gt;com.example.ordermanagement.model.Order[&quot;items&quot;]-&gt;java.util.ArrayList[0]-&gt;com.example.ordermanagement.model.OrderItem[&quot;order&quot;]-&gt;com.example.ordermanagement.model.Order[&quot;items&quot;]-&gt;java.util.ArrayList[0]-&gt;com.example.ordermanagement.model.OrderItem[&quot;order&quot;]-&gt;com.example.ordermanagement.model.Order[&quot;items&quot;]-&gt;java.util.ArrayList[0]-&gt;com.example.ordermanagement.model.OrderItem[&quot;order&quot;]-&gt;com.example.ordermanagement.model.Order[&quot;items&quot;]-&gt;java.util.ArrayList[0]-&gt;com.example.ordermanagement.model.OrderItem[&quot;order&quot;]-&gt;com.example.ordermanagement.model.Order[&quot;items&quot;]-&gt;java.util.ArrayList[0]-&gt;com.example.ordermanagement.model.OrderItem[&quot;order&quot;]-&gt;com.example.ordermanagement.model.Order[&quot;items&quot;]-&gt;java.util.ArrayList[0]-&gt;com.example.ordermanagement.model.OrderItem[&quot;order&quot;]-&gt;com.example.ordermanagement.model.Order[&quot;items&quot;]-&gt;java.util.ArrayList[0]-&gt;com.example.ordermanagement.model.OrderItem[&quot;order&quot;]-&gt;com.example.ordermanagement.model.Order[&quot;items&quot;]-&gt;java.util.ArrayList[0]-&gt;com.example.ordermanagement.model.OrderItem[&quot;order&quot;]-&gt;com.example.ordermanagement.model.Order[&quot;items&quot;]-&gt;java.util.ArrayList[0]-&gt;com.example.ordermanagement.model.OrderItem[&quot;order&quot;]-&gt;com.example.ordermanagement.model.Order[&quot;items&quot;]-&gt;java.util.ArrayList[0]-&gt;com.example.ordermanagement.model.OrderItem[&quot;order&quot;]-&gt;com.example.ordermanagement.model.Order[&quot;items&quot;]-&gt;java.util.ArrayList[0]-&gt;com.example.ordermanagement.model.OrderItem[&quot;order&quot;]-&gt;com.example.ordermanagement.model.Order[&quot;items&quot;]-&gt;java.util.ArrayList[0]-&gt;com.example.ordermanagement.model.OrderItem[&quot;order&quot;]-&gt;com.example.ordermanagement.model.Order[&quot;items&quot;]-&gt;java.util.ArrayList[0]-&gt;com.example.ordermanagement.model.OrderItem[&quot;order&quot;]-&gt;com.example.ordermanagement.model.Order[&quot;items&quot;]-&gt;java.util.ArrayList[0]-&gt;com.example.ordermanagement.model.OrderItem[&quot;order&quot;]-&gt;com.example.ordermanagement.model.Order[&quot;items&quot;]-&gt;java.util.ArrayList[0]-&gt;com.example.ordermanagement.model.OrderItem[&quot;order&quot;]-&gt;com.example.ordermanagement.model.Order[&quot;items&quot;]-&gt;java.util.ArrayList[0]-&gt;com.example.ordermanagement.model.OrderItem[&quot;order&quot;]-&gt;com.example.ordermanagement.model.Order[&quot;items&quot;]-&gt;java.util.ArrayList[0]-&gt;com.example.ordermanagement.model.OrderItem[&quot;order&quot;]-&gt;com.example.ordermanagement.model.Order[&quot;items&quot;]-&gt;java.util.ArrayList[0]-&gt;com.example.ordermanagement.model.OrderItem[&quot;order&quot;]-&gt;com.example.ordermanagement.model.Order[&quot;items&quot;]-&gt;java.util.ArrayList[0]-&gt;com.example.ordermanagement.model.OrderItem[&quot;order&quot;]-&gt;com.example.ordermanagement.model.Order[&quot;items&quot;]-&gt;java.util.ArrayList[0]-&gt;com.example.ordermanagement.model.OrderItem[&quot;order&quot;]-&gt;com.example.ordermanagement.model.Order[&quot;items&quot;]-&gt;java.util.ArrayList[0]-&gt;com.example.ordermanagement.model.OrderItem[&quot;order&quot;]-&gt;com.example.ordermanagement.model.Order[&quot;items&quot;]-&gt;java.util.ArrayList[0]-&gt;com.example.ordermanagement.model.OrderItem[&quot;order&quot;]-&gt;com.example.ordermanagement.model.Order[&quot;items&quot;]-&gt;java.util.ArrayList[0]-&gt;com.example.ordermanagement.model.OrderItem[&quot;order&quot;]-&gt;com.example.ordermanagement.model.Order[&quot;items&quot;]-&gt;java.util.ArrayList[0]-&gt;com.example.ordermanagement.model.OrderItem[&quot;order&quot;]-&gt;com.example.ordermanagement.model.Order[&quot;items&quot;]-&gt;java.util.ArrayList[0]-&gt;com.example.ordermanagement.model.OrderItem[&quot;order&quot;]-&gt;com.example.ordermanagement.model.Order[&quot;items&quot;]-&gt;java.util.ArrayList[0]-&gt;com.example.ordermanagement.model.OrderItem[&quot;order&quot;]-&gt;com.example.ordermanagement.model.Order[&quot;items&quot;]-&gt;java.util.ArrayList[0]-&gt;com.example.ordermanagement.model.OrderItem[&quot;order&quot;]-&gt;com.example.ordermanagement.model.Order[&quot;items&quot;]-&gt;java.util.ArrayList[0]-&gt;com.example.ordermanagement.model.OrderItem[&quot;order&quot;]-&gt;com.example.ordermanagement.model.Order[&quot;items&quot;]-&gt;java.util.ArrayList[0]-&gt;com.example.ordermanagement.model.OrderItem[&quot;order&quot;]-&gt;com.example.ordermanagement.model.Order[&quot;items&quot;]-&gt;java.util.ArrayList[0]-&gt;com.example.ordermanagement.model.OrderItem[&quot;order&quot;]-&gt;com.example.ordermanagement.model.Order[&quot;items&quot;]-&gt;java.util.ArrayList[0]-&gt;com.example.ordermanagement.model.OrderItem[&quot;order&quot;]-&gt;com.example.ordermanagement.model.Order[&quot;items&quot;]-&gt;java.util.ArrayList[0]-&gt;com.example.ordermanagement.model.OrderItem[&quot;order&quot;]-&gt;com.example.ordermanagement.model.Order[&quot;items&quot;]-&gt;java.util.ArrayList[0]-&gt;com.example.ordermanagement.model.OrderItem[&quot;order&quot;]-&gt;com.example.ordermanagement.model.Order[&quot;items&quot;]-&gt;java.util.ArrayList[0]-&gt;com.example.ordermanagement.model.OrderItem[&quot;order&quot;]-&gt;com.example.ordermanagement.model.Order[&quot;items&quot;]-&gt;java.util.ArrayList[0]-&gt;com.example.ordermanagement.model.OrderItem[&quot;order&quot;]-&gt;com.example.ordermanagement.model.Order[&quot;items&quot;]-&gt;java.util.ArrayList[0]-&gt;com.example.ordermanagement.model.OrderItem[&quot;order&quot;]-&gt;com.example.ordermanagement.model.Order[&quot;items&quot;]-&gt;java.util.ArrayList[0]-&gt;com.example.ordermanagement.model.OrderItem[&quot;order&quot;]-&gt;com.example.ordermanagement.model.Order[&quot;items&quot;]-&gt;java.util.ArrayList[0]-&gt;com.example.ordermanagement.model.OrderItem[&quot;order&quot;]-&gt;com.example.ordermanagement.model.Order[&quot;items&quot;]-&gt;java.util.ArrayList[0]-&gt;com.example.ordermanagement.model.OrderItem[&quot;order&quot;]-&gt;com.example.ordermanagement.model.Order[&quot;items&quot;]-&gt;java.util.ArrayList[0]-&gt;com.example.ordermanagement.model.OrderItem[&quot;order&quot;]-&gt;com.example.ordermanagement.model.Order[&quot;items&quot;]-&gt;java.util.ArrayList[0]-&gt;com.example.ordermanagement.model.OrderItem[&quot;order&quot;]-&gt;com.example.ordermanagement.model.Order[&quot;items&quot;]-&gt;java.util.ArrayList[0]-&gt;com.example.ordermanagement.model.OrderItem[&quot;order&quot;]-&gt;com.example.ordermanagement.model.Order[&quot;items&quot;]-&gt;java.util.ArrayList[0]-&gt;com.example.ordermanagement.model.OrderItem[&quot;order&quot;]-&gt;com.example.ordermanagement.model.Order[&quot;items&quot;]-&gt;java.util.ArrayList[0]-&gt;com.example.ordermanagement.model.OrderItem[&quot;order&quot;]-&gt;com.example.ordermanagement.model.Order[&quot;items&quot;]-&gt;java.util.ArrayList[0]-&gt;com.example.ordermanagement.model.OrderItem[&quot;order&quot;]-&gt;com.example.ordermanagement.model.Order[&quot;items&quot;]-&gt;java.util.ArrayList[0]-&gt;com.example.ordermanagement.model.OrderItem[&quot;order&quot;]-&gt;com.example.ordermanagement.model.Order[&quot;items&quot;]-&gt;java.util.ArrayList[0]-&gt;com.example.ordermanagement.model.OrderItem[&quot;order&quot;])" type="com.fasterxml.jackson.databind.JsonMappingException"><![CDATA[com.fasterxml.jackson.databind.JsonMappingException: Infinite recursion (StackOverflowError) (through reference chain: com.example.ordermanagement.model.OrderItem["order"]->com.example.ordermanagement.model.Order["items"]->java.util.ArrayList[0]->com.example.ordermanagement.model.OrderItem["order"]->com.example.ordermanagement.model.Order["items"]->java.util.ArrayList[0]->com.example.ordermanagement.model.OrderItem["order"]->com.example.ordermanagement.model.Order["items"]->java.util.ArrayList[0]->com.example.ordermanagement.model.OrderItem["order"]->com.example.ordermanagement.model.Order["items"]->java.util.ArrayList[0]->com.example.ordermanagement.model.OrderItem["order"]->com.example.ordermanagement.model.Order["items"]->java.util.ArrayList[0]->com.example.ordermanagement.model.OrderItem["order"]->com.example.ordermanagement.model.Order["items"]->java.util.ArrayList[0]->com.example.ordermanagement.model.OrderItem["order"]->com.example.ordermanagement.model.Order["items"]->java.util.ArrayList[0]->com.example.ordermanagement.model.OrderItem["order"]->com.example.ordermanagement.model.Order["items"]->java.util.ArrayList[0]->com.example.ordermanagement.model.OrderItem["order"]->com.example.ordermanagement.model.Order["items"]->java.util.ArrayList[0]->com.example.ordermanagement.model.OrderItem["order"]->com.example.ordermanagement.model.Order["items"]->java.util.ArrayList[0]->com.example.ordermanagement.model.OrderItem["order"]->com.example.ordermanagement.model.Order["items"]->java.util.ArrayList[0]->com.example.ordermanagement.model.OrderItem["order"]->com.example.ordermanagement.model.Order["items"]->java.util.ArrayList[0]->com.example.ordermanagement.model.OrderItem["order"]->com.example.ordermanagement.model.Order["items"]->java.util.ArrayList[0]->com.example.ordermanagement.model.OrderItem["order"]->com.example.ordermanagement.model.Order["items"]->java.util.ArrayList[0]->com.example.ordermanagement.model.OrderItem["order"]->com.example.ordermanagement.model.Order["items"]->java.util.ArrayList[0]->com.example.ordermanagement.model.OrderItem["order"]->com.example.ordermanagement.model.Order["items"]->java.util.ArrayList[0]->com.example.ordermanagement.model.OrderItem["order"]->com.example.ordermanagement.model.Order["items"]->java.util.ArrayList[0]->com.example.ordermanagement.model.OrderItem["order"]->com.example.ordermanagement.model.Order["items"]->java.util.ArrayList[0]->com.example.ordermanagement.model.OrderItem["order"]->com.example.ordermanagement.model.Order["items"]->java.util.ArrayList[0]->com.example.ordermanagement.model.OrderItem["order"]->com.example.ordermanagement.model.Order["items"]->java.util.ArrayList[0]->com.example.ordermanagement.model.OrderItem["order"]->com.example.ordermanagement.model.Order["items"]->java.util.ArrayList[0]->com.example.ordermanagement.model.OrderItem["order"]->com.example.ordermanagement.model.Order["items"]->java.util.ArrayList[0]->com.example.ordermanagement.model.OrderItem["order"]->com.example.ordermanagement.model.Order["items"]->java.util.ArrayList[0]->com.example.ordermanagement.model.OrderItem["order"]->com.example.ordermanagement.model.Order["items"]->java.util.ArrayList[0]->com.example.ordermanagement.model.OrderItem["order"]->com.example.ordermanagement.model.Order["items"]->java.util.ArrayList[0]->com.example.ordermanagement.model.OrderItem["order"]->com.example.ordermanagement.model.Order["items"]->java.util.ArrayList[0]->com.example.ordermanagement.model.OrderItem["order"]->com.example.ordermanagement.model.Order["items"]->java.util.ArrayList[0]->com.example.ordermanagement.model.OrderItem["order"]->com.example.ordermanagement.model.Order["items"]->java.util.ArrayList[0]->com.example.ordermanagement.model.OrderItem["order"]->com.example.ordermanagement.model.Order["items"]->java.util.ArrayList[0]->com.example.ordermanagement.model.OrderItem["order"]->com.example.ordermanagement.model.Order["items"]->java.util.ArrayList[0]->com.example.ordermanagement.model.OrderItem["order"]->com.example.ordermanagement.model.Order["items"]->java.util.ArrayList[0]->com.example.ordermanagement.model.OrderItem["order"]->com.example.ordermanagement.model.Order["items"]->java.util.ArrayList[0]->com.example.ordermanagement.model.OrderItem["order"]->com.example.ordermanagement.model.Order["items"]->java.util.ArrayList[0]->com.example.ordermanagement.model.OrderItem["order"]->com.example.ordermanagement.model.Order["items"]->java.util.ArrayList[0]->com.example.ordermanagement.model.OrderItem["order"]->com.example.ordermanagement.model.Order["items"]->java.util.ArrayList[0]->com.example.ordermanagement.model.OrderItem["order"]->com.example.ordermanagement.model.Order["items"]->java.util.ArrayList[0]->com.example.ordermanagement.model.OrderItem["order"]->com.example.ordermanagement.model.Order["items"]->java.util.ArrayList[0]->com.example.ordermanagement.model.OrderItem["order"]->com.example.ordermanagement.model.Order["items"]->java.util.ArrayList[0]->com.example.ordermanagement.model.OrderItem["order"]->com.example.ordermanagement.model.Order["items"]->java.util.ArrayList[0]->com.example.ordermanagement.model.OrderItem["order"]->com.example.ordermanagement.model.Order["items"]->java.util.ArrayList[0]->com.example.ordermanagement.model.OrderItem["order"]->com.example.ordermanagement.model.Order["items"]->java.util.ArrayList[0]->com.example.ordermanagement.model.OrderItem["order"]->com.example.ordermanagement.model.Order["items"]->java.util.ArrayList[0]->com.example.ordermanagement.model.OrderItem["order"]->com.example.ordermanagement.model.Order["items"]->java.util.ArrayList[0]->com.example.ordermanagement.model.OrderItem["order"]->com.example.ordermanagement.model.Order["items"]->java.util.ArrayList[0]->com.example.ordermanagement.model.OrderItem["order"]->com.example.ordermanagement.model.Order["items"]->java.util.ArrayList[0]->com.example.ordermanagement.model.OrderItem["order"]->com.example.ordermanagement.model.Order["items"]->java.util.ArrayList[0]->com.example.ordermanagement.model.OrderItem["order"]->com.example.ordermanagement.model.Order["items"]->java.util.ArrayList[0]->com.example.ordermanagement.model.OrderItem["order"]->com.example.ordermanagement.model.Order["items"]->java.util.ArrayList[0]->com.example.ordermanagement.model.OrderItem["order"]->com.example.ordermanagement.model.Order["items"]->java.util.ArrayList[0]->com.example.ordermanagement.model.OrderItem["order"]->com.example.ordermanagement.model.Order["items"]->java.util.ArrayList[0]->com.example.ordermanagement.model.OrderItem["order"]->com.example.ordermanagement.model.Order["items"]->java.util.ArrayList[0]->com.example.ordermanagement.model.OrderItem["order"]->com.example.ordermanagement.model.Order["items"]->java.util.ArrayList[0]->com.example.ordermanagement.model.OrderItem["order"]->com.example.ordermanagement.model.Order["items"]->java.util.ArrayList[0]->com.example.ordermanagement.model.OrderItem["order"]->com.example.ordermanagement.model.Order["items"]->java.util.ArrayList[0]->com.example.ordermanagement.model.OrderItem["order"]->com.example.ordermanagement.model.Order["items"]->java.util.ArrayList[0]->com.example.ordermanagement.model.OrderItem["order"]->com.example.ordermanagement.model.Order["items"]->java.util.ArrayList[0]->com.example.ordermanagement.model.OrderItem["order"]->com.example.ordermanagement.model.Order["items"]->java.util.ArrayList[0]->com.example.ordermanagement.model.OrderItem["order"]->com.example.ordermanagement.model.Order["items"]->java.util.ArrayList[0]->com.example.ordermanagement.model.OrderItem["order"]->com.example.ordermanagement.model.Order["items"]->java.util.ArrayList[0]->com.example.ordermanagement.model.OrderItem["order"]->com.example.ordermanagement.model.Order["items"]->java.util.ArrayList[0]->com.example.ordermanagement.model.OrderItem["order"]->com.example.ordermanagement.model.Order["items"]->java.util.ArrayList[0]->com.example.ordermanagement.model.OrderItem["order"]->com.example.ordermanagement.model.Order["items"]->java.util.ArrayList[0]->com.example.ordermanagement.model.OrderItem["order"]->com.example.ordermanagement.model.Order["items"]->java.util.ArrayList[0]->com.example.ordermanagement.model.OrderItem["order"]->com.example.ordermanagement.model.Order["items"]->java.util.ArrayList[0]->com.example.ordermanagement.model.OrderItem["order"]->com.example.ordermanagement.model.Order["items"]->java.util.ArrayList[0]->com.example.ordermanagement.model.OrderItem["order"]->com.example.ordermanagement.model.Order["items"]->java.util.ArrayList[0]->com.example.ordermanagement.model.OrderItem["order"]->com.example.ordermanagement.model.Order["items"]->java.util.ArrayList[0]->com.example.ordermanagement.model.OrderItem["order"]->com.example.ordermanagement.model.Order["items"]->java.util.ArrayList[0]->com.example.ordermanagement.model.OrderItem["order"]->com.example.ordermanagement.model.Order["items"]->java.util.ArrayList[0]->com.example.ordermanagement.model.OrderItem["order"]->com.example.ordermanagement.model.Order["items"]->java.util.ArrayList[0]->com.example.ordermanagement.model.OrderItem["order"]->com.example.ordermanagement.model.Order["items"]->java.util.ArrayList[0]->com.example.ordermanagement.model.OrderItem["order"]->com.example.ordermanagement.model.Order["items"]->java.util.ArrayList[0]->com.example.ordermanagement.model.OrderItem["order"]->com.example.ordermanagement.model.Order["items"]->java.util.ArrayList[0]->com.example.ordermanagement.model.OrderItem["order"]->com.example.ordermanagement.model.Order["items"]->java.util.ArrayList[0]->com.example.ordermanagement.model.OrderItem["order"]->com.example.ordermanagement.model.Order["items"]->java.util.ArrayList[0]->com.example.ordermanagement.model.OrderItem["order"]->com.example.ordermanagement.model.Order["items"]->java.util.ArrayList[0]->com.example.ordermanagement.model.OrderItem["order"]->com.example.ordermanagement.model.Order["items"]->java.util.ArrayList[0]->com.example.ordermanagement.model.OrderItem["order"]->com.example.ordermanagement.model.Order["items"]->java.util.ArrayList[0]->com.example.ordermanagement.model.OrderItem["order"]->com.example.ordermanagement.model.Order["items"]->java.util.ArrayList[0]->com.example.ordermanagement.model.OrderItem["order"]->com.example.ordermanagement.model.Order["items"]->java.util.ArrayList[0]->com.example.ordermanagement.model.OrderItem["order"]->com.example.ordermanagement.model.Order["items"]->java.util.ArrayList[0]->com.example.ordermanagement.model.OrderItem["order"]->com.example.ordermanagement.model.Order["items"]->java.util.ArrayList[0]->com.example.ordermanagement.model.OrderItem["order"]->com.example.ordermanagement.model.Order["items"]->java.util.ArrayList[0]->com.example.ordermanagement.model.OrderItem["order"]->com.example.ordermanagement.model.Order["items"]->java.util.ArrayList[0]->com.example.ordermanagement.model.OrderItem["order"]->com.example.ordermanagement.model.Order["items"]->java.util.ArrayList[0]->com.example.ordermanagement.model.OrderItem["order"]->com.example.ordermanagement.model.Order["items"]->java.util.ArrayList[0]->com.example.ordermanagement.model.OrderItem["order"]->com.example.ordermanagement.model.Order["items"]->java.util.ArrayList[0]->com.example.ordermanagement.model.OrderItem["order"]->com.example.ordermanagement.model.Order["items"]->java.util.ArrayList[0]->com.example.ordermanagement.model.OrderItem["order"]->com.example.ordermanagement.model.Order["items"]->java.util.ArrayList[0]->com.example.ordermanagement.model.OrderItem["order"]->com.example.ordermanagement.model.Order["items"]->java.util.ArrayList[0]->com.example.ordermanagement.model.OrderItem["order"]->com.example.ordermanagement.model.Order["items"]->java.util.ArrayList[0]->com.example.ordermanagement.model.OrderItem["order"]->com.example.ordermanagement.model.Order["items"]->java.util.ArrayList[0]->com.example.ordermanagement.model.OrderItem["order"]->com.example.ordermanagement.model.Order["items"]->java.util.ArrayList[0]->com.example.ordermanagement.model.OrderItem["order"]->com.example.ordermanagement.model.Order["items"]->java.util.ArrayList[0]->com.example.ordermanagement.model.OrderItem["order"]->com.example.ordermanagement.model.Order["items"]->java.util.ArrayList[0]->com.example.ordermanagement.model.OrderItem["order"]->com.example.ordermanagement.model.Order["items"]->java.util.ArrayList[0]->com.example.ordermanagement.model.OrderItem["order"]->com.example.ordermanagement.model.Order["items"]->java.util.ArrayList[0]->com.example.ordermanagement.model.OrderItem["order"]->com.example.ordermanagement.model.Order["items"]->java.util.ArrayList[0]->com.example.ordermanagement.model.OrderItem["order"]->com.example.ordermanagement.model.Order["items"]->java.util.ArrayList[0]->com.example.ordermanagement.model.OrderItem["order"]->com.example.ordermanagement.model.Order["items"]->java.util.ArrayList[0]->com.example.ordermanagement.model.OrderItem["order"]->com.example.ordermanagement.model.Order["items"]->java.util.ArrayList[0]->com.example.ordermanagement.model.OrderItem["order"]->com.example.ordermanagement.model.Order["items"]->java.util.ArrayList[0]->com.example.ordermanagement.model.OrderItem["order"]->com.example.ordermanagement.model.Order["items"]->java.util.ArrayList[0]->com.example.ordermanagement.model.OrderItem["order"]->com.example.ordermanagement.model.Order["items"]->java.util.ArrayList[0]->com.example.ordermanagement.model.OrderItem["order"]->com.example.ordermanagement.model.Order["items"]->java.util.ArrayList[0]->com.example.ordermanagement.model.OrderItem["order"]->com.example.ordermanagement.model.Order["items"]->java.util.ArrayList[0]->com.example.ordermanagement.model.OrderItem["order"]->com.example.ordermanagement.model.Order["items"]->java.util.ArrayList[0]->com.example.ordermanagement.model.OrderItem["order"]->com.example.ordermanagement.model.Order["items"]->java.util.ArrayList[0]->com.example.ordermanagement.model.OrderItem["order"]->com.example.ordermanagement.model.Order["items"]->java.util.ArrayList[0]->com.example.ordermanagement.model.OrderItem["order"]->com.example.ordermanagement.model.Order["items"]->java.util.ArrayList[0]->com.example.ordermanagement.model.OrderItem["order"]->com.example.ordermanagement.model.Order["items"]->java.util.ArrayList[0]->com.example.ordermanagement.model.OrderItem["order"]->com.example.ordermanagement.model.Order["items"]->java.util.ArrayList[0]->com.example.ordermanagement.model.OrderItem["order"]->com.example.ordermanagement.model.Order["items"]->java.util.ArrayList[0]->com.example.ordermanagement.model.OrderItem["order"]->com.example.ordermanagement.model.Order["items"]->java.util.ArrayList[0]->com.example.ordermanagement.model.OrderItem["order"]->com.example.ordermanagement.model.Order["items"]->java.util.ArrayList[0]->com.example.ordermanagement.model.OrderItem["order"]->com.example.ordermanagement.model.Order["items"]->java.util.ArrayList[0]->com.example.ordermanagement.model.OrderItem["order"]->com.example.ordermanagement.model.Order["items"]->java.util.ArrayList[0]->com.example.ordermanagement.model.OrderItem["order"]->com.example.ordermanagement.model.Order["items"]->java.util.ArrayList[0]->com.example.ordermanagement.model.OrderItem["order"]->com.example.ordermanagement.model.Order["items"]->java.util.ArrayList[0]->com.example.ordermanagement.model.OrderItem["order"]->com.example.ordermanagement.model.Order["items"]->java.util.ArrayList[0]->com.example.ordermanagement.model.OrderItem["order"]->com.example.ordermanagement.model.Order["items"]->java.util.ArrayList[0]->com.example.ordermanagement.model.OrderItem["order"]->com.example.ordermanagement.model.Order["items"]->java.util.ArrayList[0]->com.example.ordermanagement.model.OrderItem["order"]->com.example.ordermanagement.model.Order["items"]->java.util.ArrayList[0]->com.example.ordermanagement.model.OrderItem["order"]->com.example.ordermanagement.model.Order["items"]->java.util.ArrayList[0]->com.example.ordermanagement.model.OrderItem["order"]->com.example.ordermanagement.model.Order["items"]->java.util.ArrayList[0]->com.example.ordermanagement.model.OrderItem["order"]->com.example.ordermanagement.model.Order["items"]->java.util.ArrayList[0]->com.example.ordermanagement.model.OrderItem["order"]->com.example.ordermanagement.model.Order["items"]->java.util.ArrayList[0]->com.example.ordermanagement.model.OrderItem["order"]->com.example.ordermanagement.model.Order["items"]->java.util.ArrayList[0]->com.example.ordermanagement.model.OrderItem["order"]->com.example.ordermanagement.model.Order["items"]->java.util.ArrayList[0]->com.example.ordermanagement.model.OrderItem["order"]->com.example.ordermanagement.model.Order["items"]->java.util.ArrayList[0]->com.example.ordermanagement.model.OrderItem["order"]->com.example.ordermanagement.model.Order["items"]->java.util.ArrayList[0]->com.example.ordermanagement.model.OrderItem["order"]->com.example.ordermanagement.model.Order["items"]->java.util.ArrayList[0]->com.example.ordermanagement.model.OrderItem["order"]->com.example.ordermanagement.model.Order["items"]->java.util.ArrayList[0]->com.example.ordermanagement.model.OrderItem["order"]->com.example.ordermanagement.model.Order["items"]->java.util.ArrayList[0]->com.example.ordermanagement.model.OrderItem["order"]->com.example.ordermanagement.model.Order["items"]->java.util.ArrayList[0]->com.example.ordermanagement.model.OrderItem["order"]->com.example.ordermanagement.model.Order["items"]->java.util.ArrayList[0]->com.example.ordermanagement.model.OrderItem["order"]->com.example.ordermanagement.model.Order["items"]->java.util.ArrayList[0]->com.example.ordermanagement.model.OrderItem["order"]->com.example.ordermanagement.model.Order["items"]->java.util.ArrayList[0]->com.example.ordermanagement.model.OrderItem["order"]->com.example.ordermanagement.model.Order["items"]->java.util.ArrayList[0]->com.example.ordermanagement.model.OrderItem["order"]->com.example.ordermanagement.model.Order["items"]->java.util.ArrayList[0]->com.example.ordermanagement.model.OrderItem["order"]->com.example.ordermanagement.model.Order["items"]->java.util.ArrayList[0]->com.example.ordermanagement.model.OrderItem["order"]->com.example.ordermanagement.model.Order["items"]->java.util.ArrayList[0]->com.example.ordermanagement.model.OrderItem["order"]->com.example.ordermanagement.model.Order["items"]->java.util.ArrayList[0]->com.example.ordermanagement.model.OrderItem["order"]->com.example.ordermanagement.model.Order["items"]->java.util.ArrayList[0]->com.example.ordermanagement.model.OrderItem["order"]->com.example.ordermanagement.model.Order["items"]->java.util.ArrayList[0]->com.example.ordermanagement.model.OrderItem["order"]->com.example.ordermanagement.model.Order["items"]->java.util.ArrayList[0]->com.example.ordermanagement.model.OrderItem["order"]->com.example.ordermanagement.model.Order["items"]->java.util.ArrayList[0]->com.example.ordermanagement.model.OrderItem["order"]->com.example.ordermanagement.model.Order["items"]->java.util.ArrayList[0]->com.example.ordermanagement.model.OrderItem["order"]->com.example.ordermanagement.model.Order["items"]->java.util.ArrayList[0]->com.example.ordermanagement.model.OrderItem["order"]->com.example.ordermanagement.model.Order["items"]->java.util.ArrayList[0]->com.example.ordermanagement.model.OrderItem["order"]->com.example.ordermanagement.model.Order["items"]->java.util.ArrayList[0]->com.example.ordermanagement.model.OrderItem["order"]->com.example.ordermanagement.model.Order["items"]->java.util.ArrayList[0]->com.example.ordermanagement.model.OrderItem["order"]->com.example.ordermanagement.model.Order["items"]->java.util.ArrayList[0]->com.example.ordermanagement.model.OrderItem["order"]->com.example.ordermanagement.model.Order["items"]->java.util.ArrayList[0]->com.example.ordermanagement.model.OrderItem["order"]->com.example.ordermanagement.model.Order["items"]->java.util.ArrayList[0]->com.example.ordermanagement.model.OrderItem["order"]->com.example.ordermanagement.model.Order["items"]->java.util.ArrayList[0]->com.example.ordermanagement.model.OrderItem["order"]->com.example.ordermanagement.model.Order["items"]->java.util.ArrayList[0]->com.example.ordermanagement.model.OrderItem["order"]->com.example.ordermanagement.model.Order["items"]->java.util.ArrayList[0]->com.example.ordermanagement.model.OrderItem["order"]->com.example.ordermanagement.model.Order["items"]->java.util.ArrayList[0]->com.example.ordermanagement.model.OrderItem["order"]->com.example.ordermanagement.model.Order["items"]->java.util.ArrayList[0]->com.example.ordermanagement.model.OrderItem["order"]->com.example.ordermanagement.model.Order["items"]->java.util.ArrayList[0]->com.example.ordermanagement.model.OrderItem["order"]->com.example.ordermanagement.model.Order["items"]->java.util.ArrayList[0]->com.example.ordermanagement.model.OrderItem["order"]->com.example.ordermanagement.model.Order["items"]->java.util.ArrayList[0]->com.example.ordermanagement.model.OrderItem["order"]->com.example.ordermanagement.model.Order["items"]->java.util.ArrayList[0]->com.example.ordermanagement.model.OrderItem["order"]->com.example.ordermanagement.model.Order["items"]->java.util.ArrayList[0]->com.example.ordermanagement.model.OrderItem["order"]->com.example.ordermanagement.model.Order["items"]->java.util.ArrayList[0]->com.example.ordermanagement.model.OrderItem["order"]->com.example.ordermanagement.model.Order["items"]->java.util.ArrayList[0]->com.example.ordermanagement.model.OrderItem["order"]->com.example.ordermanagement.model.Order["items"]->java.util.ArrayList[0]->com.example.ordermanagement.model.OrderItem["order"]->com.example.ordermanagement.model.Order["items"]->java.util.ArrayList[0]->com.example.ordermanagement.model.OrderItem["order"]->com.example.ordermanagement.model.Order["items"]->java.util.ArrayList[0]->com.example.ordermanagement.model.OrderItem["order"]->com.example.ordermanagement.model.Order["items"]->java.util.ArrayList[0]->com.example.ordermanagement.model.OrderItem["order"]->com.example.ordermanagement.model.Order["items"]->java.util.ArrayList[0]->com.example.ordermanagement.model.OrderItem["order"]->com.example.ordermanagement.model.Order["items"]->java.util.ArrayList[0]->com.example.ordermanagement.model.OrderItem["order"]->com.example.ordermanagement.model.Order["items"]->java.util.ArrayList[0]->com.example.ordermanagement.model.OrderItem["order"]->com.example.ordermanagement.model.Order["items"]->java.util.ArrayList[0]->com.example.ordermanagement.model.OrderItem["order"]->com.example.ordermanagement.model.Order["items"]->java.util.ArrayList[0]->com.example.ordermanagement.model.OrderItem["order"]->com.example.ordermanagement.model.Order["items"]->java.util.ArrayList[0]->com.example.ordermanagement.model.OrderItem["order"]->com.example.ordermanagement.model.Order["items"]->java.util.ArrayList[0]->com.example.ordermanagement.model.OrderItem["order"]->com.example.ordermanagement.model.Order["items"]->java.util.ArrayList[0]->com.example.ordermanagement.model.OrderItem["order"]->com.example.ordermanagement.model.Order["items"]->java.util.ArrayList[0]->com.example.ordermanagement.model.OrderItem["order"]->com.example.ordermanagement.model.Order["items"]->java.util.ArrayList[0]->com.example.ordermanagement.model.OrderItem["order"]->com.example.ordermanagement.model.Order["items"]->java.util.ArrayList[0]->com.example.ordermanagement.model.OrderItem["order"]->com.example.ordermanagement.model.Order["items"]->java.util.ArrayList[0]->com.example.ordermanagement.model.OrderItem["order"]->com.example.ordermanagement.model.Order["items"]->java.util.ArrayList[0]->com.example.ordermanagement.model.OrderItem["order"]->com.example.ordermanagement.model.Order["items"]->java.util.ArrayList[0]->com.example.ordermanagement.model.OrderItem["order"]->com.example.ordermanagement.model.Order["items"]->java.util.ArrayList[0]->com.example.ordermanagement.model.OrderItem["order"]->com.example.ordermanagement.model.Order["items"]->java.util.ArrayList[0]->com.example.ordermanagement.model.OrderItem["order"]->com.example.ordermanagement.model.Order["items"]->java.util.ArrayList[0]->com.example.ordermanagement.model.OrderItem["order"]->com.example.ordermanagement.model.Order["items"]->java.util.ArrayList[0]->com.example.ordermanagement.model.OrderItem["order"]->com.example.ordermanagement.model.Order["items"]->java.util.ArrayList[0]->com.example.ordermanagement.model.OrderItem["order"]->com.example.ordermanagement.model.Order["items"]->java.util.ArrayList[0]->com.example.ordermanagement.model.OrderItem["order"]->com.example.ordermanagement.model.Order["items"]->java.util.ArrayList[0]->com.example.ordermanagement.model.OrderItem["order"]->com.example.ordermanagement.model.Order["items"]->java.util.ArrayList[0]->com.example.ordermanagement.model.OrderItem["order"]->com.example.ordermanagement.model.Order["items"]->java.util.ArrayList[0]->com.example.ordermanagement.model.OrderItem["order"]->com.example.ordermanagement.model.Order["items"]->java.util.ArrayList[0]->com.example.ordermanagement.model.OrderItem["order"]->com.example.ordermanagement.model.Order["items"]->java.util.ArrayList[0]->com.example.ordermanagement.model.OrderItem["order"]->com.example.ordermanagement.model.Order["items"]->java.util.ArrayList[0]->com.example.ordermanagement.model.OrderItem["order"]->com.example.ordermanagement.model.Order["items"]->java.util.ArrayList[0]->com.example.ordermanagement.model.OrderItem["order"]->com.example.ordermanagement.model.Order["items"]->java.util.ArrayList[0]->com.example.ordermanagement.model.OrderItem["order"]->com.example.ordermanagement.model.Order["items"]->java.util.ArrayList[0]->com.example.ordermanagement.model.OrderItem["order"]->com.example.ordermanagement.model.Order["items"]->java.util.ArrayList[0]->com.example.ordermanagement.model.OrderItem["order"]->com.example.ordermanagement.model.Order["items"]->java.util.ArrayList[0]->com.example.ordermanagement.model.OrderItem["order"]->com.example.ordermanagement.model.Order["items"]->java.util.ArrayList[0]->com.example.ordermanagement.model.OrderItem["order"]->com.example.ordermanagement.model.Order["items"]->java.util.ArrayList[0]->com.example.ordermanagement.model.OrderItem["order"]->com.example.ordermanagement.model.Order["items"]->java.util.ArrayList[0]->com.example.ordermanagement.model.OrderItem["order"]->com.example.ordermanagement.model.Order["items"]->java.util.ArrayList[0]->com.example.ordermanagement.model.OrderItem["order"]->com.example.ordermanagement.model.Order["items"]->java.util.ArrayList[0]->com.example.ordermanagement.model.OrderItem["order"]->com.example.ordermanagement.model.Order["items"]->java.util.ArrayList[0]->com.example.ordermanagement.model.OrderItem["order"]->com.example.ordermanagement.model.Order["items"]->java.util.ArrayList[0]->com.example.ordermanagement.model.OrderItem["order"]->com.example.ordermanagement.model.Order["items"]->java.util.ArrayList[0]->com.example.ordermanagement.model.OrderItem["order"]->com.example.ordermanagement.model.Order["items"]->java.util.ArrayList[0]->com.example.ordermanagement.model.OrderItem["order"]->com.example.ordermanagement.model.Order["items"]->java.util.ArrayList[0]->com.example.ordermanagement.model.OrderItem["order"]->com.example.ordermanagement.model.Order["items"]->java.util.ArrayList[0]->com.example.ordermanagement.model.OrderItem["order"]->com.example.ordermanagement.model.Order["items"]->java.util.ArrayList[0]->com.example.ordermanagement.model.OrderItem["order"]->com.example.ordermanagement.model.Order["items"]->java.util.ArrayList[0]->com.example.ordermanagement.model.OrderItem["order"]->com.example.ordermanagement.model.Order["items"]->java.util.ArrayList[0]->com.example.ordermanagement.model.OrderItem["order"]->com.example.ordermanagement.model.Order["items"]->java.util.ArrayList[0]->com.example.ordermanagement.model.OrderItem["order"]->com.example.ordermanagement.model.Order["items"]->java.util.ArrayList[0]->com.example.ordermanagement.model.OrderItem["order"]->com.example.ordermanagement.model.Order["items"]->java.util.ArrayList[0]->com.example.ordermanagement.model.OrderItem["order"]->com.example.ordermanagement.model.Order["items"]->java.util.ArrayList[0]->com.example.ordermanagement.model.OrderItem["order"]->com.example.ordermanagement.model.Order["items"]->java.util.ArrayList[0]->com.example.ordermanagement.model.OrderItem["order"]->com.example.ordermanagement.model.Order["items"]->java.util.ArrayList[0]->com.example.ordermanagement.model.OrderItem["order"]->com.example.ordermanagement.model.Order["items"]->java.util.ArrayList[0]->com.example.ordermanagement.model.OrderItem["order"]->com.example.ordermanagement.model.Order["items"]->java.util.ArrayList[0]->com.example.ordermanagement.model.OrderItem["order"]->com.example.ordermanagement.model.Order["items"]->java.util.ArrayList[0]->com.example.ordermanagement.model.OrderItem["order"]->com.example.ordermanagement.model.Order["items"]->java.util.ArrayList[0]->com.example.ordermanagement.model.OrderItem["order"]->com.example.ordermanagement.model.Order["items"]->java.util.ArrayList[0]->com.example.ordermanagement.model.OrderItem["order"]->com.example.ordermanagement.model.Order["items"]->java.util.ArrayList[0]->com.example.ordermanagement.model.OrderItem["order"]->com.example.ordermanagement.model.Order["items"]->java.util.ArrayList[0]->com.example.ordermanagement.model.OrderItem["order"]->com.example.ordermanagement.model.Order["items"]->java.util.ArrayList[0]->com.example.ordermanagement.model.OrderItem["order"]->com.example.ordermanagement.model.Order["items"]->java.util.ArrayList[0]->com.example.ordermanagement.model.OrderItem["order"]->com.example.ordermanagement.model.Order["items"]->java.util.ArrayList[0]->com.example.ordermanagement.model.OrderItem["order"]->com.example.ordermanagement.model.Order["items"]->java.util.ArrayList[0]->com.example.ordermanagement.model.OrderItem["order"]->com.example.ordermanagement.model.Order["items"]->java.util.ArrayList[0]->com.example.ordermanagement.model.OrderItem["order"]->com.example.ordermanagement.model.Order["items"]->java.util.ArrayList[0]->com.example.ordermanagement.model.OrderItem["order"]->com.example.ordermanagement.model.Order["items"]->java.util.ArrayList[0]->com.example.ordermanagement.model.OrderItem["order"]->com.example.ordermanagement.model.Order["items"]->java.util.ArrayList[0]->com.example.ordermanagement.model.OrderItem["order"]->com.example.ordermanagement.model.Order["items"]->java.util.ArrayList[0]->com.example.ordermanagement.model.OrderItem["order"]->com.example.ordermanagement.model.Order["items"]->java.util.ArrayList[0]->com.example.ordermanagement.model.OrderItem["order"]->com.example.ordermanagement.model.Order["items"]->java.util.ArrayList[0]->com.example.ordermanagement.model.OrderItem["order"]->com.example.ordermanagement.model.Order["items"]->java.util.ArrayList[0]->com.example.ordermanagement.model.OrderItem["order"]->com.example.ordermanagement.model.Order["items"]->java.util.ArrayList[0]->com.example.ordermanagement.model.OrderItem["order"]->com.example.ordermanagement.model.Order["items"]->java.util.ArrayList[0]->com.example.ordermanagement.model.OrderItem["order"]->com.example.ordermanagement.model.Order["items"]->java.util.ArrayList[0]->com.example.ordermanagement.model.OrderItem["order"]->com.example.ordermanagement.model.Order["items"]->java.util.ArrayList[0]->com.example.ordermanagement.model.OrderItem["order"]->com.example.ordermanagement.model.Order["items"]->java.util.ArrayList[0]->com.example.ordermanagement.model.OrderItem["order"]->com.example.ordermanagement.model.Order["items"]->java.util.ArrayList[0]->com.example.ordermanagement.model.OrderItem["order"]->com.example.ordermanagement.model.Order["items"]->java.util.ArrayList[0]->com.example.ordermanagement.model.OrderItem["order"]->com.example.ordermanagement.model.Order["items"]->java.util.ArrayList[0]->com.example.ordermanagement.model.OrderItem["order"]->com.example.ordermanagement.model.Order["items"]->java.util.ArrayList[0]->com.example.ordermanagement.model.OrderItem["order"]->com.example.ordermanagement.model.Order["items"]->java.util.ArrayList[0]->com.example.ordermanagement.model.OrderItem["order"]->com.example.ordermanagement.model.Order["items"]->java.util.ArrayList[0]->com.example.ordermanagement.model.OrderItem["order"]->com.example.ordermanagement.model.Order["items"]->java.util.ArrayList[0]->com.example.ordermanagement.model.OrderItem["order"]->com.example.ordermanagement.model.Order["items"]->java.util.ArrayList[0]->com.example.ordermanagement.model.OrderItem["order"]->com.example.ordermanagement.model.Order["items"]->java.util.ArrayList[0]->com.example.ordermanagement.model.OrderItem["order"]->com.example.ordermanagement.model.Order["items"]->java.util.ArrayList[0]->com.example.ordermanagement.model.OrderItem["order"]->com.example.ordermanagement.model.Order["items"]->java.util.ArrayList[0]->com.example.ordermanagement.model.OrderItem["order"]->com.example.ordermanagement.model.Order["items"]->java.util.ArrayList[0]->com.example.ordermanagement.model.OrderItem["order"]->com.example.ordermanagement.model.Order["items"]->java.util.ArrayList[0]->com.example.ordermanagement.model.OrderItem["order"]->com.example.ordermanagement.model.Order["items"]->java.util.ArrayList[0]->com.example.ordermanagement.model.OrderItem["order"]->com.example.ordermanagement.model.Order["items"]->java.util.ArrayList[0]->com.example.ordermanagement.model.OrderItem["order"]->com.example.ordermanagement.model.Order["items"]->java.util.ArrayList[0]->com.example.ordermanagement.model.OrderItem["order"]->com.example.ordermanagement.model.Order["items"]->java.util.ArrayList[0]->com.example.ordermanagement.model.OrderItem["order"]->com.example.ordermanagement.model.Order["items"]->java.util.ArrayList[0]->com.example.ordermanagement.model.OrderItem["order"]->com.example.ordermanagement.model.Order["items"]->java.util.ArrayList[0]->com.example.ordermanagement.model.OrderItem["order"]->com.example.ordermanagement.model.Order["items"]->java.util.ArrayList[0]->com.example.ordermanagement.model.OrderItem["order"]->com.example.ordermanagement.model.Order["items"]->java.util.ArrayList[0]->com.example.ordermanagement.model.OrderItem["order"]->com.example.ordermanagement.model.Order["items"]->java.util.ArrayList[0]->com.example.ordermanagement.model.OrderItem["order"]->com.example.ordermanagement.model.Order["items"]->java.util.ArrayList[0]->com.example.ordermanagement.model.OrderItem["order"]->com.example.ordermanagement.model.Order["items"]->java.util.ArrayList[0]->com.example.ordermanagement.model.OrderItem["order"]->com.example.ordermanagement.model.Order["items"]->java.util.ArrayList[0]->com.example.ordermanagement.model.OrderItem["order"]->com.example.ordermanagement.model.Order["items"]->java.util.ArrayList[0]->com.example.ordermanagement.model.OrderItem["order"]->com.example.ordermanagement.model.Order["items"]->java.util.ArrayList[0]->com.example.ordermanagement.model.OrderItem["order"]->com.example.ordermanagement.model.Order["items"]->java.util.ArrayList[0]->com.example.ordermanagement.model.OrderItem["order"]->com.example.ordermanagement.model.Order["items"]->java.util.ArrayList[0]->com.example.ordermanagement.model.OrderItem["order"]->com.example.ordermanagement.model.Order["items"]->java.util.ArrayList[0]->com.example.ordermanagement.model.OrderItem["order"]->com.example.ordermanagement.model.Order["items"]->java.util.ArrayList[0]->com.example.ordermanagement.model.OrderItem["order"]->com.example.ordermanagement.model.Order["items"]->java.util.ArrayList[0]->com.example.ordermanagement.model.OrderItem["order"]->com.example.ordermanagement.model.Order["items"]->java.util.ArrayList[0]->com.example.ordermanagement.model.OrderItem["order"]->com.example.ordermanagement.model.Order["items"]->java.util.ArrayList[0]->com.example.ordermanagement.model.OrderItem["order"]->com.example.ordermanagement.model.Order["items"]->java.util.ArrayList[0]->com.example.ordermanagement.model.OrderItem["order"]->com.example.ordermanagement.model.Order["items"]->java.util.ArrayList[0]->com.example.ordermanagement.model.OrderItem["order"]->com.example.ordermanagement.model.Order["items"]->java.util.ArrayList[0]->com.example.ordermanagement.model.OrderItem["order"]->com.example.ordermanagement.model.Order["items"]->java.util.ArrayList[0]->com.example.ordermanagement.model.OrderItem["order"]->com.example.ordermanagement.model.Order["items"]->java.util.ArrayList[0]->com.example.ordermanagement.model.OrderItem["order"]->com.example.ordermanagement.model.Order["items"]->java.util.ArrayList[0]->com.example.ordermanagement.model.OrderItem["order"]->com.example.ordermanagement.model.Order["items"]->java.util.ArrayList[0]->com.example.ordermanagement.model.OrderItem["order"]->com.example.ordermanagement.model.Order["items"]->java.util.ArrayList[0]->com.example.ordermanagement.model.OrderItem["order"]->com.example.ordermanagement.model.Order["items"]->java.util.ArrayList[0]->com.example.ordermanagement.model.OrderItem["order"]->com.example.ordermanagement.model.Order["items"]->java.util.ArrayList[0]->com.example.ordermanagement.model.OrderItem["order"]->com.example.ordermanagement.model.Order["items"]->java.util.ArrayList[0]->com.example.ordermanagement.model.OrderItem["order"]->com.example.ordermanagement.model.Order["items"]->java.util.ArrayList[0]->com.example.ordermanagement.model.OrderItem["order"]->com.example.ordermanagement.model.Order["items"]->java.util.ArrayList[0]->com.example.ordermanagement.model.OrderItem["order"]->com.example.ordermanagement.model.Order["items"]->java.util.ArrayList[0]->com.example.ordermanagement.model.OrderItem["order"]->com.example.ordermanagement.model.Order["items"]->java.util.ArrayList[0]->com.example.ordermanagement.model.OrderItem["order"]->com.example.ordermanagement.model.Order["items"]->java.util.ArrayList[0]->com.example.ordermanagement.model.OrderItem["order"]->com.example.ordermanagement.model.Order["items"]->java.util.ArrayList[0]->com.example.ordermanagement.model.OrderItem["order"]->com.example.ordermanagement.model.Order["items"]->java.util.ArrayList[0]->com.example.ordermanagement.model.OrderItem["order"]->com.example.ordermanagement.model.Order["items"]->java.util.ArrayList[0]->com.example.ordermanagement.model.OrderItem["order"]->com.example.ordermanagement.model.Order["items"]->java.util.ArrayList[0]->com.example.ordermanagement.model.OrderItem["order"]->com.example.ordermanagement.model.Order["items"]->java.util.ArrayList[0]->com.example.ordermanagement.model.OrderItem["order"]->com.example.ordermanagement.model.Order["items"]->java.util.ArrayList[0]->com.example.ordermanagement.model.OrderItem["order"]->com.example.ordermanagement.model.Order["items"]->java.util.ArrayList[0]->com.example.ordermanagement.model.OrderItem["order"]->com.example.ordermanagement.model.Order["items"]->java.util.ArrayList[0]->com.example.ordermanagement.model.OrderItem["order"]->com.example.ordermanagement.model.Order["items"]->java.util.ArrayList[0]->com.example.ordermanagement.model.OrderItem["order"]->com.example.ordermanagement.model.Order["items"]->java.util.ArrayList[0]->com.example.ordermanagement.model.OrderItem["order"]->com.example.ordermanagement.model.Order["items"]->java.util.ArrayList[0]->com.example.ordermanagement.model.OrderItem["order"]->com.example.ordermanagement.model.Order["items"]->java.util.ArrayList[0]->com.example.ordermanagement.model.OrderItem["order"]->com.example.ordermanagement.model.Order["items"]->java.util.ArrayList[0]->com.example.ordermanagement.model.OrderItem["order"]->com.example.ordermanagement.model.Order["items"]->java.util.ArrayList[0]->com.example.ordermanagement.model.OrderItem["order"]->com.example.ordermanagement.model.Order["items"]->java.util.ArrayList[0]->com.example.ordermanagement.model.OrderItem["order"]->com.example.ordermanagement.model.Order["items"]->java.util.ArrayList[0]->com.example.ordermanagement.model.OrderItem["order"]->com.example.ordermanagement.model.Order["items"]->java.util.ArrayList[0]->com.example.ordermanagement.model.OrderItem["order"]->com.example.ordermanagement.model.Order["items"]->java.util.ArrayList[0]->com.example.ordermanagement.model.OrderItem["order"]->com.example.ordermanagement.model.Order["items"]->java.util.ArrayList[0]->com.example.ordermanagement.model.OrderItem["order"]->com.example.ordermanagement.model.Order["items"]->java.util.ArrayList[0]->com.example.ordermanagement.model.OrderItem["order"]->com.example.ordermanagement.model.Order["items"]->java.util.ArrayList[0]->com.example.ordermanagement.model.OrderItem["order"]->com.example.ordermanagement.model.Order["items"]->java.util.ArrayList[0]->com.example.ordermanagement.model.OrderItem["order"]->com.example.ordermanagement.model.Order["items"]->java.util.ArrayList[0]->com.example.ordermanagement.model.OrderItem["order"]->com.example.ordermanagement.model.Order["items"]->java.util.ArrayList[0]->com.example.ordermanagement.model.OrderItem["order"]->com.example.ordermanagement.model.Order["items"]->java.util.ArrayList[0]->com.example.ordermanagement.model.OrderItem["order"]->com.example.ordermanagement.model.Order["items"]->java.util.ArrayList[0]->com.example.ordermanagement.model.OrderItem["order"]->com.example.ordermanagement.model.Order["items"]->java.util.ArrayList[0]->com.example.ordermanagement.model.OrderItem["order"]->com.example.ordermanagement.model.Order["items"]->java.util.ArrayList[0]->com.example.ordermanagement.model.OrderItem["order"]->com.example.ordermanagement.model.Order["items"]->java.util.ArrayList[0]->com.example.ordermanagement.model.OrderItem["order"]->com.example.ordermanagement.model.Order["items"]->java.util.ArrayList[0]->com.example.ordermanagement.model.OrderItem["order"]->com.example.ordermanagement.model.Order["items"]->java.util.ArrayList[0]->com.example.ordermanagement.model.OrderItem["order"]->com.example.ordermanagement.model.Order["items"]->java.util.ArrayList[0]->com.example.ordermanagement.model.OrderItem["order"]->com.example.ordermanagement.model.Order["items"]->java.util.ArrayList[0]->com.example.ordermanagement.model.OrderItem["order"]->com.example.ordermanagement.model.Order["items"]->java.util.ArrayList[0]->com.example.ordermanagement.model.OrderItem["order"]->com.example.ordermanagement.model.Order["items"]->java.util.ArrayList[0]->com.example.ordermanagement.model.OrderItem["order"]->com.example.ordermanagement.model.Order["items"]->java.util.ArrayList[0]->com.example.ordermanagement.model.OrderItem["order"]->com.example.ordermanagement.model.Order["items"]->java.util.ArrayList[0]->com.example.ordermanagement.model.OrderItem["order"])
	at com.fasterxml.jackson.databind.ser.std.BeanSerializerBase.serializeFields(BeanSerializerBase.java:787)
	at com.fasterxml.jackson.databind.ser.BeanSerializer.serialize(BeanSerializer.java:178)
	at com.fasterxml.jackson.databind.ser.impl.IndexedListSerializer.serializeContents(IndexedListSerializer.java:119)
	at com.fasterxml.jackson.databind.ser.impl.IndexedListSerializer.serialize(IndexedListSerializer.java:79)
	at com.fasterxml.jackson.databind.ser.impl.IndexedListSerializer.serialize(IndexedListSerializer.java:18)
	at com.fasterxml.jackson.databind.ser.BeanPropertyWriter.serializeAsField(BeanPropertyWriter.java:732)
	at com.fasterxml.jackson.databind.ser.std.BeanSerializerBase.serializeFields(BeanSerializerBase.java:772)
	at com.fasterxml.jackson.databind.ser.BeanSerializer.serialize(BeanSerializer.java:178)
	at com.fasterxml.jackson.databind.ser.BeanPropertyWriter.serializeAsField(BeanPropertyWriter.java:732)
	at com.fasterxml.jackson.databind.ser.std.BeanSerializerBase.serializeFields(BeanSerializerBase.java:772)
	at com.fasterxml.jackson.databind.ser.BeanSerializer.serialize(BeanSerializer.java:178)
	at com.fasterxml.jackson.databind.ser.impl.IndexedListSerializer.serializeContents(IndexedListSerializer.java:119)
	at com.fasterxml.jackson.databind.ser.impl.IndexedListSerializer.serialize(IndexedListSerializer.java:79)
	at com.fasterxml.jackson.databind.ser.impl.IndexedListSerializer.serialize(IndexedListSerializer.java:18)
	at com.fasterxml.jackson.databind.ser.BeanPropertyWriter.serializeAsField(BeanPropertyWriter.java:732)
	at com.fasterxml.jackson.databind.ser.std.BeanSerializerBase.serializeFields(BeanSerializerBase.java:772)
	at com.fasterxml.jackson.databind.ser.BeanSerializer.serialize(BeanSerializer.java:178)
	at com.fasterxml.jackson.databind.ser.BeanPropertyWriter.serializeAsField(BeanPropertyWriter.java:732)
	at com.fasterxml.jackson.databind.ser.std.BeanSerializerBase.serializeFields(BeanSerializerBase.java:772)
	at com.fasterxml.jackson.databind.ser.BeanSerializer.serialize(BeanSerializer.java:178)
	at com.fasterxml.jackson.databind.ser.impl.IndexedListSerializer.serializeContents(IndexedListSerializer.java:119)
	at com.fasterxml.jackson.databind.ser.impl.IndexedListSerializer.serialize(IndexedListSerializer.java:79)
	at com.fasterxml.jackson.databind.ser.impl.IndexedListSerializer.serialize(IndexedListSerializer.java:18)
	at com.fasterxml.jackson.databind.ser.BeanPropertyWriter.serializeAsField(BeanPropertyWriter.java:732)
	at com.fasterxml.jackson.databind.ser.std.BeanSerializerBase.serializeFields(BeanSerializerBase.java:772)
	at com.fasterxml.jackson.databind.ser.BeanSerializer.serialize(BeanSerializer.java:178)
	at com.fasterxml.jackson.databind.ser.BeanPropertyWriter.serializeAsField(BeanPropertyWriter.java:732)
	at com.fasterxml.jackson.databind.ser.std.BeanSerializerBase.serializeFields(BeanSerializerBase.java:772)
	at com.fasterxml.jackson.databind.ser.BeanSerializer.serialize(BeanSerializer.java:178)
	at com.fasterxml.jackson.databind.ser.impl.IndexedListSerializer.serializeContents(IndexedListSerializer.java:119)
	at com.fasterxml.jackson.databind.ser.impl.IndexedListSerializer.serialize(IndexedListSerializer.java:79)
	at com.fasterxml.jackson.databind.ser.impl.IndexedListSerializer.serialize(IndexedListSerializer.java:18)
	at com.fasterxml.jackson.databind.ser.BeanPropertyWriter.serializeAsField(BeanPropertyWriter.java:732)
	at com.fasterxml.jackson.databind.ser.std.BeanSerializerBase.serializeFields(BeanSerializerBase.java:772)
	at com.fasterxml.jackson.databind.ser.BeanSerializer.serialize(BeanSerializer.java:178)
	at com.fasterxml.jackson.databind.ser.BeanPropertyWriter.serializeAsField(BeanPropertyWriter.java:732)
	at com.fasterxml.jackson.databind.ser.std.BeanSerializerBase.serializeFields(BeanSerializerBase.java:772)
	at com.fasterxml.jackson.databind.ser.BeanSerializer.serialize(BeanSerializer.java:178)
	at com.fasterxml.jackson.databind.ser.impl.IndexedListSerializer.serializeContents(IndexedListSerializer.java:119)
	at com.fasterxml.jackson.databind.ser.impl.IndexedListSerializer.serialize(IndexedListSerializer.java:79)
	at com.fasterxml.jackson.databind.ser.impl.IndexedListSerializer.serialize(IndexedListSerializer.java:18)
	at com.fasterxml.jackson.databind.ser.BeanPropertyWriter.serializeAsField(BeanPropertyWriter.java:732)
	at com.fasterxml.jackson.databind.ser.std.BeanSerializerBase.serializeFields(BeanSerializerBase.java:772)
	at com.fasterxml.jackson.databind.ser.BeanSerializer.serialize(BeanSerializer.java:178)
	at com.fasterxml.jackson.databind.ser.BeanPropertyWriter.serializeAsField(BeanPropertyWriter.java:732)
	at com.fasterxml.jackson.databind.ser.std.BeanSerializerBase.serializeFields(BeanSerializerBase.java:772)
	at com.fasterxml.jackson.databind.ser.BeanSerializer.serialize(BeanSerializer.java:178)
	at com.fasterxml.jackson.databind.ser.impl.IndexedListSerializer.serializeContents(IndexedListSerializer.java:119)
	at com.fasterxml.jackson.databind.ser.impl.IndexedListSerializer.serialize(IndexedListSerializer.java:79)
	at com.fasterxml.jackson.databind.ser.impl.IndexedListSerializer.serialize(IndexedListSerializer.java:18)
	at com.fasterxml.jackson.databind.ser.BeanPropertyWriter.serializeAsField(BeanPropertyWriter.java:732)
	at com.fasterxml.jackson.databind.ser.std.BeanSerializerBase.serializeFields(BeanSerializerBase.java:772)
	at com.fasterxml.jackson.databind.ser.BeanSerializer.serialize(BeanSerializer.java:178)
	at com.fasterxml.jackson.databind.ser.BeanPropertyWriter.serializeAsField(BeanPropertyWriter.java:732)
	at com.fasterxml.jackson.databind.ser.std.BeanSerializerBase.serializeFields(BeanSerializerBase.java:772)
	at com.fasterxml.jackson.databind.ser.BeanSerializer.serialize(BeanSerializer.java:178)
	at com.fasterxml.jackson.databind.ser.impl.IndexedListSerializer.serializeContents(IndexedListSerializer.java:119)
	at com.fasterxml.jackson.databind.ser.impl.IndexedListSerializer.serialize(IndexedListSerializer.java:79)
	at com.fasterxml.jackson.databind.ser.impl.IndexedListSerializer.serialize(IndexedListSerializer.java:18)
	at com.fasterxml.jackson.databind.ser.BeanPropertyWriter.serializeAsField(BeanPropertyWriter.java:732)
	at com.fasterxml.jackson.databind.ser.std.BeanSerializerBase.serializeFields(BeanSerializerBase.java:772)
	at com.fasterxml.jackson.databind.ser.BeanSerializer.serialize(BeanSerializer.java:178)
	at com.fasterxml.jackson.databind.ser.BeanPropertyWriter.serializeAsField(BeanPropertyWriter.java:732)
	at com.fasterxml.jackson.databind.ser.std.BeanSerializerBase.serializeFields(BeanSerializerBase.java:772)
	at com.fasterxml.jackson.databind.ser.BeanSerializer.serialize(BeanSerializer.java:178)
	at com.fasterxml.jackson.databind.ser.impl.IndexedListSerializer.serializeContents(IndexedListSerializer.java:119)
	at com.fasterxml.jackson.databind.ser.impl.IndexedListSerializer.serialize(IndexedListSerializer.java:79)
	at com.fasterxml.jackson.databind.ser.impl.IndexedListSerializer.serialize(IndexedListSerializer.java:18)
	at com.fasterxml.jackson.databind.ser.BeanPropertyWriter.serializeAsField(BeanPropertyWriter.java:732)
	at com.fasterxml.jackson.databind.ser.std.BeanSerializerBase.serializeFields(BeanSerializerBase.java:772)
	at com.fasterxml.jackson.databind.ser.BeanSerializer.serialize(BeanSerializer.java:178)
	at com.fasterxml.jackson.databind.ser.BeanPropertyWriter.serializeAsField(BeanPropertyWriter.java:732)
	at com.fasterxml.jackson.databind.ser.std.BeanSerializerBase.serializeFields(BeanSerializerBase.java:772)
	at com.fasterxml.jackson.databind.ser.BeanSerializer.serialize(BeanSerializer.java:178)
	at com.fasterxml.jackson.databind.ser.impl.IndexedListSerializer.serializeContents(IndexedListSerializer.java:119)
	at com.fasterxml.jackson.databind.ser.impl.IndexedListSerializer.serialize(IndexedListSerializer.java:79)
	at com.fasterxml.jackson.databind.ser.impl.IndexedListSerializer.serialize(IndexedListSerializer.java:18)
	at com.fasterxml.jackson.databind.ser.BeanPropertyWriter.serializeAsField(BeanPropertyWriter.java:732)
	at com.fasterxml.jackson.databind.ser.std.BeanSerializerBase.serializeFields(BeanSerializerBase.java:772)
	at com.fasterxml.jackson.databind.ser.BeanSerializer.serialize(BeanSerializer.java:178)
	at com.fasterxml.jackson.databind.ser.BeanPropertyWriter.serializeAsField(BeanPropertyWriter.java:732)
	at com.fasterxml.jackson.databind.ser.std.BeanSerializerBase.serializeFields(BeanSerializerBase.java:772)
	at com.fasterxml.jackson.databind.ser.BeanSerializer.serialize(BeanSerializer.java:178)
	at com.fasterxml.jackson.databind.ser.impl.IndexedListSerializer.serializeContents(IndexedListSerializer.java:119)
	at com.fasterxml.jackson.databind.ser.impl.IndexedListSerializer.serialize(IndexedListSerializer.java:79)
	at com.fasterxml.jackson.databind.ser.impl.IndexedListSerializer.serialize(IndexedListSerializer.java:18)
	at com.fasterxml.jackson.databind.ser.BeanPropertyWriter.serializeAsField(BeanPropertyWriter.java:732)
	at com.fasterxml.jackson.databind.ser.std.BeanSerializerBase.serializeFields(BeanSerializerBase.java:772)
	at com.fasterxml.jackson.databind.ser.BeanSerializer.serialize(BeanSerializer.java:178)
	at com.fasterxml.jackson.databind.ser.BeanPropertyWriter.serializeAsField(BeanPropertyWriter.java:732)
	at com.fasterxml.jackson.databind.ser.std.BeanSerializerBase.serializeFields(BeanSerializerBase.java:772)
	at com.fasterxml.jackson.databind.ser.BeanSerializer.serialize(BeanSerializer.java:178)
	at com.fasterxml.jackson.databind.ser.impl.IndexedListSerializer.serializeContents(IndexedListSerializer.java:119)
	at com.fasterxml.jackson.databind.ser.impl.IndexedListSerializer.serialize(IndexedListSerializer.java:79)
	at com.fasterxml.jackson.databind.ser.impl.IndexedListSerializer.serialize(IndexedListSerializer.java:18)
	at com.fasterxml.jackson.databind.ser.BeanPropertyWriter.serializeAsField(BeanPropertyWriter.java:732)
	at com.fasterxml.jackson.databind.ser.std.BeanSerializerBase.serializeFields(BeanSerializerBase.java:772)
	at com.fasterxml.jackson.databind.ser.BeanSerializer.serialize(BeanSerializer.java:178)
	at com.fasterxml.jackson.databind.ser.BeanPropertyWriter.serializeAsField(BeanPropertyWriter.java:732)
	at com.fasterxml.jackson.databind.ser.std.BeanSerializerBase.serializeFields(BeanSerializerBase.java:772)
	at com.fasterxml.jackson.databind.ser.BeanSerializer.serialize(BeanSerializer.java:178)
	at com.fasterxml.jackson.databind.ser.impl.IndexedListSerializer.serializeContents(IndexedListSerializer.java:119)
	at com.fasterxml.jackson.databind.ser.impl.IndexedListSerializer.serialize(IndexedListSerializer.java:79)
	at com.fasterxml.jackson.databind.ser.impl.IndexedListSerializer.serialize(IndexedListSerializer.java:18)
	at com.fasterxml.jackson.databind.ser.BeanPropertyWriter.serializeAsField(BeanPropertyWriter.java:732)
	at com.fasterxml.jackson.databind.ser.std.BeanSerializerBase.serializeFields(BeanSerializerBase.java:772)
	at com.fasterxml.jackson.databind.ser.BeanSerializer.serialize(BeanSerializer.java:178)
	at com.fasterxml.jackson.databind.ser.BeanPropertyWriter.serializeAsField(BeanPropertyWriter.java:732)
	at com.fasterxml.jackson.databind.ser.std.BeanSerializerBase.serializeFields(BeanSerializerBase.java:772)
	at com.fasterxml.jackson.databind.ser.BeanSerializer.serialize(BeanSerializer.java:178)
	at com.fasterxml.jackson.databind.ser.impl.IndexedListSerializer.serializeContents(IndexedListSerializer.java:119)
	at com.fasterxml.jackson.databind.ser.impl.IndexedListSerializer.serialize(IndexedListSerializer.java:79)
	at com.fasterxml.jackson.databind.ser.impl.IndexedListSerializer.serialize(IndexedListSerializer.java:18)
	at com.fasterxml.jackson.databind.ser.BeanPropertyWriter.serializeAsField(BeanPropertyWriter.java:732)
	at com.fasterxml.jackson.databind.ser.std.BeanSerializerBase.serializeFields(BeanSerializerBase.java:772)
	at com.fasterxml.jackson.databind.ser.BeanSerializer.serialize(BeanSerializer.java:178)
	at com.fasterxml.jackson.databind.ser.BeanPropertyWriter.serializeAsField(BeanPropertyWriter.java:732)
	at com.fasterxml.jackson.databind.ser.std.BeanSerializerBase.serializeFields(BeanSerializerBase.java:772)
	at com.fasterxml.jackson.databind.ser.BeanSerializer.serialize(BeanSerializer.java:178)
	at com.fasterxml.jackson.databind.ser.impl.IndexedListSerializer.serializeContents(IndexedListSerializer.java:119)
	at com.fasterxml.jackson.databind.ser.impl.IndexedListSerializer.serialize(IndexedListSerializer.java:79)
	at com.fasterxml.jackson.databind.ser.impl.IndexedListSerializer.serialize(IndexedListSerializer.java:18)
	at com.fasterxml.jackson.databind.ser.BeanPropertyWriter.serializeAsField(BeanPropertyWriter.java:732)
	at com.fasterxml.jackson.databind.ser.std.BeanSerializerBase.serializeFields(BeanSerializerBase.java:772)
	at com.fasterxml.jackson.databind.ser.BeanSerializer.serialize(BeanSerializer.java:178)
	at com.fasterxml.jackson.databind.ser.BeanPropertyWriter.serializeAsField(BeanPropertyWriter.java:732)
	at com.fasterxml.jackson.databind.ser.std.BeanSerializerBase.serializeFields(BeanSerializerBase.java:772)
	at com.fasterxml.jackson.databind.ser.BeanSerializer.serialize(BeanSerializer.java:178)
	at com.fasterxml.jackson.databind.ser.impl.IndexedListSerializer.serializeContents(IndexedListSerializer.java:119)
	at com.fasterxml.jackson.databind.ser.impl.IndexedListSerializer.serialize(IndexedListSerializer.java:79)
	at com.fasterxml.jackson.databind.ser.impl.IndexedListSerializer.serialize(IndexedListSerializer.java:18)
	at com.fasterxml.jackson.databind.ser.BeanPropertyWriter.serializeAsField(BeanPropertyWriter.java:732)
	at com.fasterxml.jackson.databind.ser.std.BeanSerializerBase.serializeFields(BeanSerializerBase.java:772)
	at com.fasterxml.jackson.databind.ser.BeanSerializer.serialize(BeanSerializer.java:178)
	at com.fasterxml.jackson.databind.ser.BeanPropertyWriter.serializeAsField(BeanPropertyWriter.java:732)
	at com.fasterxml.jackson.databind.ser.std.BeanSerializerBase.serializeFields(BeanSerializerBase.java:772)
	at com.fasterxml.jackson.databind.ser.BeanSerializer.serialize(BeanSerializer.java:178)
	at com.fasterxml.jackson.databind.ser.impl.IndexedListSerializer.serializeContents(IndexedListSerializer.java:119)
	at com.fasterxml.jackson.databind.ser.impl.IndexedListSerializer.serialize(IndexedListSerializer.java:79)
	at com.fasterxml.jackson.databind.ser.impl.IndexedListSerializer.serialize(IndexedListSerializer.java:18)
	at com.fasterxml.jackson.databind.ser.BeanPropertyWriter.serializeAsField(BeanPropertyWriter.java:732)
	at com.fasterxml.jackson.databind.ser.std.BeanSerializerBase.serializeFields(BeanSerializerBase.java:772)
	at com.fasterxml.jackson.databind.ser.BeanSerializer.serialize(BeanSerializer.java:178)
	at com.fasterxml.jackson.databind.ser.BeanPropertyWriter.serializeAsField(BeanPropertyWriter.java:732)
	at com.fasterxml.jackson.databind.ser.std.BeanSerializerBase.serializeFields(BeanSerializerBase.java:772)
	at com.fasterxml.jackson.databind.ser.BeanSerializer.serialize(BeanSerializer.java:178)
	at com.fasterxml.jackson.databind.ser.impl.IndexedListSerializer.serializeContents(IndexedListSerializer.java:119)
	at com.fasterxml.jackson.databind.ser.impl.IndexedListSerializer.serialize(IndexedListSerializer.java:79)
	at com.fasterxml.jackson.databind.ser.impl.IndexedListSerializer.serialize(IndexedListSerializer.java:18)
	at com.fasterxml.jackson.databind.ser.BeanPropertyWriter.serializeAsField(BeanPropertyWriter.java:732)
	at com.fasterxml.jackson.databind.ser.std.BeanSerializerBase.serializeFields(BeanSerializerBase.java:772)
	at com.fasterxml.jackson.databind.ser.BeanSerializer.serialize(BeanSerializer.java:178)
	at com.fasterxml.jackson.databind.ser.BeanPropertyWriter.serializeAsField(BeanPropertyWriter.java:732)
	at com.fasterxml.jackson.databind.ser.std.BeanSerializerBase.serializeFields(BeanSerializerBase.java:772)
	at com.fasterxml.jackson.databind.ser.BeanSerializer.serialize(BeanSerializer.java:178)
	at com.fasterxml.jackson.databind.ser.impl.IndexedListSerializer.serializeContents(IndexedListSerializer.java:119)
	at com.fasterxml.jackson.databind.ser.impl.IndexedListSerializer.serialize(IndexedListSerializer.java:79)
	at com.fasterxml.jackson.databind.ser.impl.IndexedListSerializer.serialize(IndexedListSerializer.java:18)
	at com.fasterxml.jackson.databind.ser.BeanPropertyWriter.serializeAsField(BeanPropertyWriter.java:732)
	at com.fasterxml.jackson.databind.ser.std.BeanSerializerBase.serializeFields(BeanSerializerBase.java:772)
	at com.fasterxml.jackson.databind.ser.BeanSerializer.serialize(BeanSerializer.java:178)
	at com.fasterxml.jackson.databind.ser.BeanPropertyWriter.serializeAsField(BeanPropertyWriter.java:732)
	at com.fasterxml.jackson.databind.ser.std.BeanSerializerBase.serializeFields(BeanSerializerBase.java:772)
	at com.fasterxml.jackson.databind.ser.BeanSerializer.serialize(BeanSerializer.java:178)
	at com.fasterxml.jackson.databind.ser.impl.IndexedListSerializer.serializeContents(IndexedListSerializer.java:119)
	at com.fasterxml.jackson.databind.ser.impl.IndexedListSerializer.serialize(IndexedListSerializer.java:79)
	at com.fasterxml.jackson.databind.ser.impl.IndexedListSerializer.serialize(IndexedListSerializer.java:18)
	at com.fasterxml.jackson.databind.ser.BeanPropertyWriter.serializeAsField(BeanPropertyWriter.java:732)
	at com.fasterxml.jackson.databind.ser.std.BeanSerializerBase.serializeFields(BeanSerializerBase.java:772)
	at com.fasterxml.jackson.databind.ser.BeanSerializer.serialize(BeanSerializer.java:178)
	at com.fasterxml.jackson.databind.ser.BeanPropertyWriter.serializeAsField(BeanPropertyWriter.java:732)
	at com.fasterxml.jackson.databind.ser.std.BeanSerializerBase.serializeFields(BeanSerializerBase.java:772)
	at com.fasterxml.jackson.databind.ser.BeanSerializer.serialize(BeanSerializer.java:178)
	at com.fasterxml.jackson.databind.ser.impl.IndexedListSerializer.serializeContents(IndexedListSerializer.java:119)
	at com.fasterxml.jackson.databind.ser.impl.IndexedListSerializer.serialize(IndexedListSerializer.java:79)
	at com.fasterxml.jackson.databind.ser.impl.IndexedListSerializer.serialize(IndexedListSerializer.java:18)
	at com.fasterxml.jackson.databind.ser.BeanPropertyWriter.serializeAsField(BeanPropertyWriter.java:732)
	at com.fasterxml.jackson.databind.ser.std.BeanSerializerBase.serializeFields(BeanSerializerBase.java:772)
	at com.fasterxml.jackson.databind.ser.BeanSerializer.serialize(BeanSerializer.java:178)
	at com.fasterxml.jackson.databind.ser.BeanPropertyWriter.serializeAsField(BeanPropertyWriter.java:732)
	at com.fasterxml.jackson.databind.ser.std.BeanSerializerBase.serializeFields(BeanSerializerBase.java:772)
	at com.fasterxml.jackson.databind.ser.BeanSerializer.serialize(BeanSerializer.java:178)
	at com.fasterxml.jackson.databind.ser.impl.IndexedListSerializer.serializeContents(IndexedListSerializer.java:119)
	at com.fasterxml.jackson.databind.ser.impl.IndexedListSerializer.serialize(IndexedListSerializer.java:79)
	at com.fasterxml.jackson.databind.ser.impl.IndexedListSerializer.serialize(IndexedListSerializer.java:18)
	at com.fasterxml.jackson.databind.ser.BeanPropertyWriter.serializeAsField(BeanPropertyWriter.java:732)
	at com.fasterxml.jackson.databind.ser.std.BeanSerializerBase.serializeFields(BeanSerializerBase.java:772)
	at com.fasterxml.jackson.databind.ser.BeanSerializer.serialize(BeanSerializer.java:178)
	at com.fasterxml.jackson.databind.ser.BeanPropertyWriter.serializeAsField(BeanPropertyWriter.java:732)
	at com.fasterxml.jackson.databind.ser.std.BeanSerializerBase.serializeFields(BeanSerializerBase.java:772)
	at com.fasterxml.jackson.databind.ser.BeanSerializer.serialize(BeanSerializer.java:178)
	at com.fasterxml.jackson.databind.ser.impl.IndexedListSerializer.serializeContents(IndexedListSerializer.java:119)
	at com.fasterxml.jackson.databind.ser.impl.IndexedListSerializer.serialize(IndexedListSerializer.java:79)
	at com.fasterxml.jackson.databind.ser.impl.IndexedListSerializer.serialize(IndexedListSerializer.java:18)
	at com.fasterxml.jackson.databind.ser.BeanPropertyWriter.serializeAsField(BeanPropertyWriter.java:732)
	at com.fasterxml.jackson.databind.ser.std.BeanSerializerBase.serializeFields(BeanSerializerBase.java:772)
	at com.fasterxml.jackson.databind.ser.BeanSerializer.serialize(BeanSerializer.java:178)
	at com.fasterxml.jackson.databind.ser.BeanPropertyWriter.serializeAsField(BeanPropertyWriter.java:732)
	at com.fasterxml.jackson.databind.ser.std.BeanSerializerBase.serializeFields(BeanSerializerBase.java:772)
	at com.fasterxml.jackson.databind.ser.BeanSerializer.serialize(BeanSerializer.java:178)
	at com.fasterxml.jackson.databind.ser.impl.IndexedListSerializer.serializeContents(IndexedListSerializer.java:119)
	at com.fasterxml.jackson.databind.ser.impl.IndexedListSerializer.serialize(IndexedListSerializer.java:79)
	at com.fasterxml.jackson.databind.ser.impl.IndexedListSerializer.serialize(IndexedListSerializer.java:18)
	at com.fasterxml.jackson.databind.ser.BeanPropertyWriter.serializeAsField(BeanPropertyWriter.java:732)
	at com.fasterxml.jackson.databind.ser.std.BeanSerializerBase.serializeFields(BeanSerializerBase.java:772)
	at com.fasterxml.jackson.databind.ser.BeanSerializer.serialize(BeanSerializer.java:178)
	at com.fasterxml.jackson.databind.ser.BeanPropertyWriter.serializeAsField(BeanPropertyWriter.java:732)
	at com.fasterxml.jackson.databind.ser.std.BeanSerializerBase.serializeFields(BeanSerializerBase.java:772)
	at com.fasterxml.jackson.databind.ser.BeanSerializer.serialize(BeanSerializer.java:178)
	at com.fasterxml.jackson.databind.ser.impl.IndexedListSerializer.serializeContents(IndexedListSerializer.java:119)
	at com.fasterxml.jackson.databind.ser.impl.IndexedListSerializer.serialize(IndexedListSerializer.java:79)
	at com.fasterxml.jackson.databind.ser.impl.IndexedListSerializer.serialize(IndexedListSerializer.java:18)
	at com.fasterxml.jackson.databind.ser.BeanPropertyWriter.serializeAsField(BeanPropertyWriter.java:732)
	at com.fasterxml.jackson.databind.ser.std.BeanSerializerBase.serializeFields(BeanSerializerBase.java:772)
	at com.fasterxml.jackson.databind.ser.BeanSerializer.serialize(BeanSerializer.java:178)
	at com.fasterxml.jackson.databind.ser.BeanPropertyWriter.serializeAsField(BeanPropertyWriter.java:732)
	at com.fasterxml.jackson.databind.ser.std.BeanSerializerBase.serializeFields(BeanSerializerBase.java:772)
	at com.fasterxml.jackson.databind.ser.BeanSerializer.serialize(BeanSerializer.java:178)
	at com.fasterxml.jackson.databind.ser.impl.IndexedListSerializer.serializeContents(IndexedListSerializer.java:119)
	at com.fasterxml.jackson.databind.ser.impl.IndexedListSerializer.serialize(IndexedListSerializer.java:79)
	at com.fasterxml.jackson.databind.ser.impl.IndexedListSerializer.serialize(IndexedListSerializer.java:18)
	at com.fasterxml.jackson.databind.ser.BeanPropertyWriter.serializeAsField(BeanPropertyWriter.java:732)
	at com.fasterxml.jackson.databind.ser.std.BeanSerializerBase.serializeFields(BeanSerializerBase.java:772)
	at com.fasterxml.jackson.databind.ser.BeanSerializer.serialize(BeanSerializer.java:178)
	at com.fasterxml.jackson.databind.ser.BeanPropertyWriter.serializeAsField(BeanPropertyWriter.java:732)
	at com.fasterxml.jackson.databind.ser.std.BeanSerializerBase.serializeFields(BeanSerializerBase.java:772)
	at com.fasterxml.jackson.databind.ser.BeanSerializer.serialize(BeanSerializer.java:178)
	at com.fasterxml.jackson.databind.ser.impl.IndexedListSerializer.serializeContents(IndexedListSerializer.java:119)
	at com.fasterxml.jackson.databind.ser.impl.IndexedListSerializer.serialize(IndexedListSerializer.java:79)
	at com.fasterxml.jackson.databind.ser.impl.IndexedListSerializer.serialize(IndexedListSerializer.java:18)
	at com.fasterxml.jackson.databind.ser.BeanPropertyWriter.serializeAsField(BeanPropertyWriter.java:732)
	at com.fasterxml.jackson.databind.ser.std.BeanSerializerBase.serializeFields(BeanSerializerBase.java:772)
	at com.fasterxml.jackson.databind.ser.BeanSerializer.serialize(BeanSerializer.java:178)
	at com.fasterxml.jackson.databind.ser.BeanPropertyWriter.serializeAsField(BeanPropertyWriter.java:732)
	at com.fasterxml.jackson.databind.ser.std.BeanSerializerBase.serializeFields(BeanSerializerBase.java:772)
	at com.fasterxml.jackson.databind.ser.BeanSerializer.serialize(BeanSerializer.java:178)
	at com.fasterxml.jackson.databind.ser.impl.IndexedListSerializer.serializeContents(IndexedListSerializer.java:119)
	at com.fasterxml.jackson.databind.ser.impl.IndexedListSerializer.serialize(IndexedListSerializer.java:79)
	at com.fasterxml.jackson.databind.ser.impl.IndexedListSerializer.serialize(IndexedListSerializer.java:18)
	at com.fasterxml.jackson.databind.ser.BeanPropertyWriter.serializeAsField(BeanPropertyWriter.java:732)
	at com.fasterxml.jackson.databind.ser.std.BeanSerializerBase.serializeFields(BeanSerializerBase.java:772)
	at com.fasterxml.jackson.databind.ser.BeanSerializer.serialize(BeanSerializer.java:178)
	at com.fasterxml.jackson.databind.ser.BeanPropertyWriter.serializeAsField(BeanPropertyWriter.java:732)
	at com.fasterxml.jackson.databind.ser.std.BeanSerializerBase.serializeFields(BeanSerializerBase.java:772)
	at com.fasterxml.jackson.databind.ser.BeanSerializer.serialize(BeanSerializer.java:178)
	at com.fasterxml.jackson.databind.ser.impl.IndexedListSerializer.serializeContents(IndexedListSerializer.java:119)
	at com.fasterxml.jackson.databind.ser.impl.IndexedListSerializer.serialize(IndexedListSerializer.java:79)
	at com.fasterxml.jackson.databind.ser.impl.IndexedListSerializer.serialize(IndexedListSerializer.java:18)
	at com.fasterxml.jackson.databind.ser.BeanPropertyWriter.serializeAsField(BeanPropertyWriter.java:732)
	at com.fasterxml.jackson.databind.ser.std.BeanSerializerBase.serializeFields(BeanSerializerBase.java:772)
	at com.fasterxml.jackson.databind.ser.BeanSerializer.serialize(BeanSerializer.java:178)
	at com.fasterxml.jackson.databind.ser.BeanPropertyWriter.serializeAsField(BeanPropertyWriter.java:732)
	at com.fasterxml.jackson.databind.ser.std.BeanSerializerBase.serializeFields(BeanSerializerBase.java:772)
	at com.fasterxml.jackson.databind.ser.BeanSerializer.serialize(BeanSerializer.java:178)
	at com.fasterxml.jackson.databind.ser.impl.IndexedListSerializer.serializeContents(IndexedListSerializer.java:119)
	at com.fasterxml.jackson.databind.ser.impl.IndexedListSerializer.serialize(IndexedListSerializer.java:79)
	at com.fasterxml.jackson.databind.ser.impl.IndexedListSerializer.serialize(IndexedListSerializer.java:18)
	at com.fasterxml.jackson.databind.ser.BeanPropertyWriter.serializeAsField(BeanPropertyWriter.java:732)
	at com.fasterxml.jackson.databind.ser.std.BeanSerializerBase.serializeFields(BeanSerializerBase.java:772)
	at com.fasterxml.jackson.databind.ser.BeanSerializer.serialize(BeanSerializer.java:178)
	at com.fasterxml.jackson.databind.ser.BeanPropertyWriter.serializeAsField(BeanPropertyWriter.java:732)
	at com.fasterxml.jackson.databind.ser.std.BeanSerializerBase.serializeFields(BeanSerializerBase.java:772)
	at com.fasterxml.jackson.databind.ser.BeanSerializer.serialize(BeanSerializer.java:178)
	at com.fasterxml.jackson.databind.ser.impl.IndexedListSerializer.serializeContents(IndexedListSerializer.java:119)
	at com.fasterxml.jackson.databind.ser.impl.IndexedListSerializer.serialize(IndexedListSerializer.java:79)
	at com.fasterxml.jackson.databind.ser.impl.IndexedListSerializer.serialize(IndexedListSerializer.java:18)
	at com.fasterxml.jackson.databind.ser.BeanPropertyWriter.serializeAsField(BeanPropertyWriter.java:732)
	at com.fasterxml.jackson.databind.ser.std.BeanSerializerBase.serializeFields(BeanSerializerBase.java:772)
	at com.fasterxml.jackson.databind.ser.BeanSerializer.serialize(BeanSerializer.java:178)
	at com.fasterxml.jackson.databind.ser.BeanPropertyWriter.serializeAsField(BeanPropertyWriter.java:732)
	at com.fasterxml.jackson.databind.ser.std.BeanSerializerBase.serializeFields(BeanSerializerBase.java:772)
	at com.fasterxml.jackson.databind.ser.BeanSerializer.serialize(BeanSerializer.java:178)
	at com.fasterxml.jackson.databind.ser.impl.IndexedListSerializer.serializeContents(IndexedListSerializer.java:119)
	at com.fasterxml.jackson.databind.ser.impl.IndexedListSerializer.serialize(IndexedListSerializer.java:79)
	at com.fasterxml.jackson.databind.ser.impl.IndexedListSerializer.serialize(IndexedListSerializer.java:18)
	at com.fasterxml.jackson.databind.ser.BeanPropertyWriter.serializeAsField(BeanPropertyWriter.java:732)
	at com.fasterxml.jackson.databind.ser.std.BeanSerializerBase.serializeFields(BeanSerializerBase.java:772)
	at com.fasterxml.jackson.databind.ser.BeanSerializer.serialize(BeanSerializer.java:178)
	at com.fasterxml.jackson.databind.ser.BeanPropertyWriter.serializeAsField(BeanPropertyWriter.java:732)
	at com.fasterxml.jackson.databind.ser.std.BeanSerializerBase.serializeFields(BeanSerializerBase.java:772)
	at com.fasterxml.jackson.databind.ser.BeanSerializer.serialize(BeanSerializer.java:178)
	at com.fasterxml.jackson.databind.ser.impl.IndexedListSerializer.serializeContents(IndexedListSerializer.java:119)
	at com.fasterxml.jackson.databind.ser.impl.IndexedListSerializer.serialize(IndexedListSerializer.java:79)
	at com.fasterxml.jackson.databind.ser.impl.IndexedListSerializer.serialize(IndexedListSerializer.java:18)
	at com.fasterxml.jackson.databind.ser.BeanPropertyWriter.serializeAsField(BeanPropertyWriter.java:732)
	at com.fasterxml.jackson.databind.ser.std.BeanSerializerBase.serializeFields(BeanSerializerBase.java:772)
	at com.fasterxml.jackson.databind.ser.BeanSerializer.serialize(BeanSerializer.java:178)
	at com.fasterxml.jackson.databind.ser.BeanPropertyWriter.serializeAsField(BeanPropertyWriter.java:732)
	at com.fasterxml.jackson.databind.ser.std.BeanSerializerBase.serializeFields(BeanSerializerBase.java:772)
	at com.fasterxml.jackson.databind.ser.BeanSerializer.serialize(BeanSerializer.java:178)
	at com.fasterxml.jackson.databind.ser.impl.IndexedListSerializer.serializeContents(IndexedListSerializer.java:119)
	at com.fasterxml.jackson.databind.ser.impl.IndexedListSerializer.serialize(IndexedListSerializer.java:79)
	at com.fasterxml.jackson.databind.ser.impl.IndexedListSerializer.serialize(IndexedListSerializer.java:18)
	at com.fasterxml.jackson.databind.ser.BeanPropertyWriter.serializeAsField(BeanPropertyWriter.java:732)
	at com.fasterxml.jackson.databind.ser.std.BeanSerializerBase.serializeFields(BeanSerializerBase.java:772)
	at com.fasterxml.jackson.databind.ser.BeanSerializer.serialize(BeanSerializer.java:178)
	at com.fasterxml.jackson.databind.ser.BeanPropertyWriter.serializeAsField(BeanPropertyWriter.java:732)
	at com.fasterxml.jackson.databind.ser.std.BeanSerializerBase.serializeFields(BeanSerializerBase.java:772)
	at com.fasterxml.jackson.databind.ser.BeanSerializer.serialize(BeanSerializer.java:178)
	at com.fasterxml.jackson.databind.ser.impl.IndexedListSerializer.serializeContents(IndexedListSerializer.java:119)
	at com.fasterxml.jackson.databind.ser.impl.IndexedListSerializer.serialize(IndexedListSerializer.java:79)
	at com.fasterxml.jackson.databind.ser.impl.IndexedListSerializer.serialize(IndexedListSerializer.java:18)
	at com.fasterxml.jackson.databind.ser.BeanPropertyWriter.serializeAsField(BeanPropertyWriter.java:732)
	at com.fasterxml.jackson.databind.ser.std.BeanSerializerBase.serializeFields(BeanSerializerBase.java:772)
	at com.fasterxml.jackson.databind.ser.BeanSerializer.serialize(BeanSerializer.java:178)
	at com.fasterxml.jackson.databind.ser.BeanPropertyWriter.serializeAsField(BeanPropertyWriter.java:732)
	at com.fasterxml.jackson.databind.ser.std.BeanSerializerBase.serializeFields(BeanSerializerBase.java:772)
	at com.fasterxml.jackson.databind.ser.BeanSerializer.serialize(BeanSerializer.java:178)
	at com.fasterxml.jackson.databind.ser.impl.IndexedListSerializer.serializeContents(IndexedListSerializer.java:119)
	at com.fasterxml.jackson.databind.ser.impl.IndexedListSerializer.serialize(IndexedListSerializer.java:79)
	at com.fasterxml.jackson.databind.ser.impl.IndexedListSerializer.serialize(IndexedListSerializer.java:18)
	at com.fasterxml.jackson.databind.ser.BeanPropertyWriter.serializeAsField(BeanPropertyWriter.java:732)
	at com.fasterxml.jackson.databind.ser.std.BeanSerializerBase.serializeFields(BeanSerializerBase.java:772)
	at com.fasterxml.jackson.databind.ser.BeanSerializer.serialize(BeanSerializer.java:178)
	at com.fasterxml.jackson.databind.ser.BeanPropertyWriter.serializeAsField(BeanPropertyWriter.java:732)
	at com.fasterxml.jackson.databind.ser.std.BeanSerializerBase.serializeFields(BeanSerializerBase.java:772)
	at com.fasterxml.jackson.databind.ser.BeanSerializer.serialize(BeanSerializer.java:178)
	at com.fasterxml.jackson.databind.ser.impl.IndexedListSerializer.serializeContents(IndexedListSerializer.java:119)
	at com.fasterxml.jackson.databind.ser.impl.IndexedListSerializer.serialize(IndexedListSerializer.java:79)
	at com.fasterxml.jackson.databind.ser.impl.IndexedListSerializer.serialize(IndexedListSerializer.java:18)
	at com.fasterxml.jackson.databind.ser.BeanPropertyWriter.serializeAsField(BeanPropertyWriter.java:732)
	at com.fasterxml.jackson.databind.ser.std.BeanSerializerBase.serializeFields(BeanSerializerBase.java:772)
	at com.fasterxml.jackson.databind.ser.BeanSerializer.serialize(BeanSerializer.java:178)
	at com.fasterxml.jackson.databind.ser.BeanPropertyWriter.serializeAsField(BeanPropertyWriter.java:732)
	at com.fasterxml.jackson.databind.ser.std.BeanSerializerBase.serializeFields(BeanSerializerBase.java:772)
	at com.fasterxml.jackson.databind.ser.BeanSerializer.serialize(BeanSerializer.java:178)
	at com.fasterxml.jackson.databind.ser.impl.IndexedListSerializer.serializeContents(IndexedListSerializer.java:119)
	at com.fasterxml.jackson.databind.ser.impl.IndexedListSerializer.serialize(IndexedListSerializer.java:79)
	at com.fasterxml.jackson.databind.ser.impl.IndexedListSerializer.serialize(IndexedListSerializer.java:18)
	at com.fasterxml.jackson.databind.ser.BeanPropertyWriter.serializeAsField(BeanPropertyWriter.java:732)
	at com.fasterxml.jackson.databind.ser.std.BeanSerializerBase.serializeFields(BeanSerializerBase.java:772)
	at com.fasterxml.jackson.databind.ser.BeanSerializer.serialize(BeanSerializer.java:178)
	at com.fasterxml.jackson.databind.ser.BeanPropertyWriter.serializeAsField(BeanPropertyWriter.java:732)
	at com.fasterxml.jackson.databind.ser.std.BeanSerializerBase.serializeFields(BeanSerializerBase.java:772)
	at com.fasterxml.jackson.databind.ser.BeanSerializer.serialize(BeanSerializer.java:178)
	at com.fasterxml.jackson.databind.ser.impl.IndexedListSerializer.serializeContents(IndexedListSerializer.java:119)
	at com.fasterxml.jackson.databind.ser.impl.IndexedListSerializer.serialize(IndexedListSerializer.java:79)
	at com.fasterxml.jackson.databind.ser.impl.IndexedListSerializer.serialize(IndexedListSerializer.java:18)
	at com.fasterxml.jackson.databind.ser.BeanPropertyWriter.serializeAsField(BeanPropertyWriter.java:732)
	at com.fasterxml.jackson.databind.ser.std.BeanSerializerBase.serializeFields(BeanSerializerBase.java:772)
	at com.fasterxml.jackson.databind.ser.BeanSerializer.serialize(BeanSerializer.java:178)
	at com.fasterxml.jackson.databind.ser.BeanPropertyWriter.serializeAsField(BeanPropertyWriter.java:732)
	at com.fasterxml.jackson.databind.ser.std.BeanSerializerBase.serializeFields(BeanSerializerBase.java:772)
	at com.fasterxml.jackson.databind.ser.BeanSerializer.serialize(BeanSerializer.java:178)
	at com.fasterxml.jackson.databind.ser.impl.IndexedListSerializer.serializeContents(IndexedListSerializer.java:119)
	at com.fasterxml.jackson.databind.ser.impl.IndexedListSerializer.serialize(IndexedListSerializer.java:79)
	at com.fasterxml.jackson.databind.ser.impl.IndexedListSerializer.serialize(IndexedListSerializer.java:18)
	at com.fasterxml.jackson.databind.ser.BeanPropertyWriter.serializeAsField(BeanPropertyWriter.java:732)
	at com.fasterxml.jackson.databind.ser.std.BeanSerializerBase.serializeFields(BeanSerializerBase.java:772)
	at com.fasterxml.jackson.databind.ser.BeanSerializer.serialize(BeanSerializer.java:178)
	at com.fasterxml.jackson.databind.ser.BeanPropertyWriter.serializeAsField(BeanPropertyWriter.java:732)
	at com.fasterxml.jackson.databind.ser.std.BeanSerializerBase.serializeFields(BeanSerializerBase.java:772)
	at com.fasterxml.jackson.databind.ser.BeanSerializer.serialize(BeanSerializer.java:178)
	at com.fasterxml.jackson.databind.ser.impl.IndexedListSerializer.serializeContents(IndexedListSerializer.java:119)
	at com.fasterxml.jackson.databind.ser.impl.IndexedListSerializer.serialize(IndexedListSerializer.java:79)
	at com.fasterxml.jackson.databind.ser.impl.IndexedListSerializer.serialize(IndexedListSerializer.java:18)
	at com.fasterxml.jackson.databind.ser.BeanPropertyWriter.serializeAsField(BeanPropertyWriter.java:732)
	at com.fasterxml.jackson.databind.ser.std.BeanSerializerBase.serializeFields(BeanSerializerBase.java:772)
	at com.fasterxml.jackson.databind.ser.BeanSerializer.serialize(BeanSerializer.java:178)
	at com.fasterxml.jackson.databind.ser.BeanPropertyWriter.serializeAsField(BeanPropertyWriter.java:732)
	at com.fasterxml.jackson.databind.ser.std.BeanSerializerBase.serializeFields(BeanSerializerBase.java:772)
	at com.fasterxml.jackson.databind.ser.BeanSerializer.serialize(BeanSerializer.java:178)
	at com.fasterxml.jackson.databind.ser.impl.IndexedListSerializer.serializeContents(IndexedListSerializer.java:119)
	at com.fasterxml.jackson.databind.ser.impl.IndexedListSerializer.serialize(IndexedListSerializer.java:79)
	at com.fasterxml.jackson.databind.ser.impl.IndexedListSerializer.serialize(IndexedListSerializer.java:18)
	at com.fasterxml.jackson.databind.ser.BeanPropertyWriter.serializeAsField(BeanPropertyWriter.java:732)
	at com.fasterxml.jackson.databind.ser.std.BeanSerializerBase.serializeFields(BeanSerializerBase.java:772)
	at com.fasterxml.jackson.databind.ser.BeanSerializer.serialize(BeanSerializer.java:178)
	at com.fasterxml.jackson.databind.ser.BeanPropertyWriter.serializeAsField(BeanPropertyWriter.java:732)
	at com.fasterxml.jackson.databind.ser.std.BeanSerializerBase.serializeFields(BeanSerializerBase.java:772)
	at com.fasterxml.jackson.databind.ser.BeanSerializer.serialize(BeanSerializer.java:178)
	at com.fasterxml.jackson.databind.ser.impl.IndexedListSerializer.serializeContents(IndexedListSerializer.java:119)
	at com.fasterxml.jackson.databind.ser.impl.IndexedListSerializer.serialize(IndexedListSerializer.java:79)
	at com.fasterxml.jackson.databind.ser.impl.IndexedListSerializer.serialize(IndexedListSerializer.java:18)
	at com.fasterxml.jackson.databind.ser.BeanPropertyWriter.serializeAsField(BeanPropertyWriter.java:732)
	at com.fasterxml.jackson.databind.ser.std.BeanSerializerBase.serializeFields(BeanSerializerBase.java:772)
	at com.fasterxml.jackson.databind.ser.BeanSerializer.serialize(BeanSerializer.java:178)
	at com.fasterxml.jackson.databind.ser.BeanPropertyWriter.serializeAsField(BeanPropertyWriter.java:732)
	at com.fasterxml.jackson.databind.ser.std.BeanSerializerBase.serializeFields(BeanSerializerBase.java:772)
	at com.fasterxml.jackson.databind.ser.BeanSerializer.serialize(BeanSerializer.java:178)
	at com.fasterxml.jackson.databind.ser.impl.IndexedListSerializer.serializeContents(IndexedListSerializer.java:119)
	at com.fasterxml.jackson.databind.ser.impl.IndexedListSerializer.serialize(IndexedListSerializer.java:79)
	at com.fasterxml.jackson.databind.ser.impl.IndexedListSerializer.serialize(IndexedListSerializer.java:18)
	at com.fasterxml.jackson.databind.ser.BeanPropertyWriter.serializeAsField(BeanPropertyWriter.java:732)
	at com.fasterxml.jackson.databind.ser.std.BeanSerializerBase.serializeFields(BeanSerializerBase.java:772)
	at com.fasterxml.jackson.databind.ser.BeanSerializer.serialize(BeanSerializer.java:178)
	at com.fasterxml.jackson.databind.ser.BeanPropertyWriter.serializeAsField(BeanPropertyWriter.java:732)
	at com.fasterxml.jackson.databind.ser.std.BeanSerializerBase.serializeFields(BeanSerializerBase.java:772)
	at com.fasterxml.jackson.databind.ser.BeanSerializer.serialize(BeanSerializer.java:178)
	at com.fasterxml.jackson.databind.ser.impl.IndexedListSerializer.serializeContents(IndexedListSerializer.java:119)
	at com.fasterxml.jackson.databind.ser.impl.IndexedListSerializer.serialize(IndexedListSerializer.java:79)
	at com.fasterxml.jackson.databind.ser.impl.IndexedListSerializer.serialize(IndexedListSerializer.java:18)
	at com.fasterxml.jackson.databind.ser.BeanPropertyWriter.serializeAsField(BeanPropertyWriter.java:732)
	at com.fasterxml.jackson.databind.ser.std.BeanSerializerBase.serializeFields(BeanSerializerBase.java:772)
	at com.fasterxml.jackson.databind.ser.BeanSerializer.serialize(BeanSerializer.java:178)
	at com.fasterxml.jackson.databind.ser.BeanPropertyWriter.serializeAsField(BeanPropertyWriter.java:732)
	at com.fasterxml.jackson.databind.ser.std.BeanSerializerBase.serializeFields(BeanSerializerBase.java:772)
	at com.fasterxml.jackson.databind.ser.BeanSerializer.serialize(BeanSerializer.java:178)
	at com.fasterxml.jackson.databind.ser.impl.IndexedListSerializer.serializeContents(IndexedListSerializer.java:119)
	at com.fasterxml.jackson.databind.ser.impl.IndexedListSerializer.serialize(IndexedListSerializer.java:79)
	at com.fasterxml.jackson.databind.ser.impl.IndexedListSerializer.serialize(IndexedListSerializer.java:18)
	at com.fasterxml.jackson.databind.ser.BeanPropertyWriter.serializeAsField(BeanPropertyWriter.java:732)
	at com.fasterxml.jackson.databind.ser.std.BeanSerializerBase.serializeFields(BeanSerializerBase.java:772)
	at com.fasterxml.jackson.databind.ser.BeanSerializer.serialize(BeanSerializer.java:178)
	at com.fasterxml.jackson.databind.ser.BeanPropertyWriter.serializeAsField(BeanPropertyWriter.java:732)
	at com.fasterxml.jackson.databind.ser.std.BeanSerializerBase.serializeFields(BeanSerializerBase.java:772)
	at com.fasterxml.jackson.databind.ser.BeanSerializer.serialize(BeanSerializer.java:178)
	at com.fasterxml.jackson.databind.ser.impl.IndexedListSerializer.serializeContents(IndexedListSerializer.java:119)
	at com.fasterxml.jackson.databind.ser.impl.IndexedListSerializer.serialize(IndexedListSerializer.java:79)
	at com.fasterxml.jackson.databind.ser.impl.IndexedListSerializer.serialize(IndexedListSerializer.java:18)
	at com.fasterxml.jackson.databind.ser.BeanPropertyWriter.serializeAsField(BeanPropertyWriter.java:732)
	at com.fasterxml.jackson.databind.ser.std.BeanSerializerBase.serializeFields(BeanSerializerBase.java:772)
	at com.fasterxml.jackson.databind.ser.BeanSerializer.serialize(BeanSerializer.java:178)
	at com.fasterxml.jackson.databind.ser.BeanPropertyWriter.serializeAsField(BeanPropertyWriter.java:732)
	at com.fasterxml.jackson.databind.ser.std.BeanSerializerBase.serializeFields(BeanSerializerBase.java:772)
	at com.fasterxml.jackson.databind.ser.BeanSerializer.serialize(BeanSerializer.java:178)
	at com.fasterxml.jackson.databind.ser.impl.IndexedListSerializer.serializeContents(IndexedListSerializer.java:119)
	at com.fasterxml.jackson.databind.ser.impl.IndexedListSerializer.serialize(IndexedListSerializer.java:79)
	at com.fasterxml.jackson.databind.ser.impl.IndexedListSerializer.serialize(IndexedListSerializer.java:18)
	at com.fasterxml.jackson.databind.ser.BeanPropertyWriter.serializeAsField(BeanPropertyWriter.java:732)
	at com.fasterxml.jackson.databind.ser.std.BeanSerializerBase.serializeFields(BeanSerializerBase.java:772)
	at com.fasterxml.jackson.databind.ser.BeanSerializer.serialize(BeanSerializer.java:178)
	at com.fasterxml.jackson.databind.ser.BeanPropertyWriter.serializeAsField(BeanPropertyWriter.java:732)
	at com.fasterxml.jackson.databind.ser.std.BeanSerializerBase.serializeFields(BeanSerializerBase.java:772)
	at com.fasterxml.jackson.databind.ser.BeanSerializer.serialize(BeanSerializer.java:178)
	at com.fasterxml.jackson.databind.ser.impl.IndexedListSerializer.serializeContents(IndexedListSerializer.java:119)
	at com.fasterxml.jackson.databind.ser.impl.IndexedListSerializer.serialize(IndexedListSerializer.java:79)
	at com.fasterxml.jackson.databind.ser.impl.IndexedListSerializer.serialize(IndexedListSerializer.java:18)
	at com.fasterxml.jackson.databind.ser.BeanPropertyWriter.serializeAsField(BeanPropertyWriter.java:732)
	at com.fasterxml.jackson.databind.ser.std.BeanSerializerBase.serializeFields(BeanSerializerBase.java:772)
	at com.fasterxml.jackson.databind.ser.BeanSerializer.serialize(BeanSerializer.java:178)
	at com.fasterxml.jackson.databind.ser.BeanPropertyWriter.serializeAsField(BeanPropertyWriter.java:732)
	at com.fasterxml.jackson.databind.ser.std.BeanSerializerBase.serializeFields(BeanSerializerBase.java:772)
	at com.fasterxml.jackson.databind.ser.BeanSerializer.serialize(BeanSerializer.java:178)
	at com.fasterxml.jackson.databind.ser.impl.IndexedListSerializer.serializeContents(IndexedListSerializer.java:119)
	at com.fasterxml.jackson.databind.ser.impl.IndexedListSerializer.serialize(IndexedListSerializer.java:79)
	at com.fasterxml.jackson.databind.ser.impl.IndexedListSerializer.serialize(IndexedListSerializer.java:18)
	at com.fasterxml.jackson.databind.ser.BeanPropertyWriter.serializeAsField(BeanPropertyWriter.java:732)
	at com.fasterxml.jackson.databind.ser.std.BeanSerializerBase.serializeFields(BeanSerializerBase.java:772)
	at com.fasterxml.jackson.databind.ser.BeanSerializer.serialize(BeanSerializer.java:178)
	at com.fasterxml.jackson.databind.ser.BeanPropertyWriter.serializeAsField(BeanPropertyWriter.java:732)
	at com.fasterxml.jackson.databind.ser.std.BeanSerializerBase.serializeFields(BeanSerializerBase.java:772)
	at com.fasterxml.jackson.databind.ser.BeanSerializer.serialize(BeanSerializer.java:178)
	at com.fasterxml.jackson.databind.ser.impl.IndexedListSerializer.serializeContents(IndexedListSerializer.java:119)
	at com.fasterxml.jackson.databind.ser.impl.IndexedListSerializer.serialize(IndexedListSerializer.java:79)
	at com.fasterxml.jackson.databind.ser.impl.IndexedListSerializer.serialize(IndexedListSerializer.java:18)
	at com.fasterxml.jackson.databind.ser.BeanPropertyWriter.serializeAsField(BeanPropertyWriter.java:732)
	at com.fasterxml.jackson.databind.ser.std.BeanSerializerBase.serializeFields(BeanSerializerBase.java:772)
	at com.fasterxml.jackson.databind.ser.BeanSerializer.serialize(BeanSerializer.java:178)
	at com.fasterxml.jackson.databind.ser.BeanPropertyWriter.serializeAsField(BeanPropertyWriter.java:732)
	at com.fasterxml.jackson.databind.ser.std.BeanSerializerBase.serializeFields(BeanSerializerBase.java:772)
	at com.fasterxml.jackson.databind.ser.BeanSerializer.serialize(BeanSerializer.java:178)
	at com.fasterxml.jackson.databind.ser.impl.IndexedListSerializer.serializeContents(IndexedListSerializer.java:119)
	at com.fasterxml.jackson.databind.ser.impl.IndexedListSerializer.serialize(IndexedListSerializer.java:79)
	at com.fasterxml.jackson.databind.ser.impl.IndexedListSerializer.serialize(IndexedListSerializer.java:18)
	at com.fasterxml.jackson.databind.ser.BeanPropertyWriter.serializeAsField(BeanPropertyWriter.java:732)
	at com.fasterxml.jackson.databind.ser.std.BeanSerializerBase.serializeFields(BeanSerializerBase.java:772)
	at com.fasterxml.jackson.databind.ser.BeanSerializer.serialize(BeanSerializer.java:178)
	at com.fasterxml.jackson.databind.ser.BeanPropertyWriter.serializeAsField(BeanPropertyWriter.java:732)
	at com.fasterxml.jackson.databind.ser.std.BeanSerializerBase.serializeFields(BeanSerializerBase.java:772)
	at com.fasterxml.jackson.databind.ser.BeanSerializer.serialize(BeanSerializer.java:178)
	at com.fasterxml.jackson.databind.ser.impl.IndexedListSerializer.serializeContents(IndexedListSerializer.java:119)
	at com.fasterxml.jackson.databind.ser.impl.IndexedListSerializer.serialize(IndexedListSerializer.java:79)
	at com.fasterxml.jackson.databind.ser.impl.IndexedListSerializer.serialize(IndexedListSerializer.java:18)
	at com.fasterxml.jackson.databind.ser.BeanPropertyWriter.serializeAsField(BeanPropertyWriter.java:732)
	at com.fasterxml.jackson.databind.ser.std.BeanSerializerBase.serializeFields(BeanSerializerBase.java:772)
	at com.fasterxml.jackson.databind.ser.BeanSerializer.serialize(BeanSerializer.java:178)
	at com.fasterxml.jackson.databind.ser.BeanPropertyWriter.serializeAsField(BeanPropertyWriter.java:732)
	at com.fasterxml.jackson.databind.ser.std.BeanSerializerBase.serializeFields(BeanSerializerBase.java:772)
	at com.fasterxml.jackson.databind.ser.BeanSerializer.serialize(BeanSerializer.java:178)
	at com.fasterxml.jackson.databind.ser.impl.IndexedListSerializer.serializeContents(IndexedListSerializer.java:119)
	at com.fasterxml.jackson.databind.ser.impl.IndexedListSerializer.serialize(IndexedListSerializer.java:79)
	at com.fasterxml.jackson.databind.ser.impl.IndexedListSerializer.serialize(IndexedListSerializer.java:18)
	at com.fasterxml.jackson.databind.ser.BeanPropertyWriter.serializeAsField(BeanPropertyWriter.java:732)
	at com.fasterxml.jackson.databind.ser.std.BeanSerializerBase.serializeFields(BeanSerializerBase.java:772)
	at com.fasterxml.jackson.databind.ser.BeanSerializer.serialize(BeanSerializer.java:178)
	at com.fasterxml.jackson.databind.ser.BeanPropertyWriter.serializeAsField(BeanPropertyWriter.java:732)
	at com.fasterxml.jackson.databind.ser.std.BeanSerializerBase.serializeFields(BeanSerializerBase.java:772)
	at com.fasterxml.jackson.databind.ser.BeanSerializer.serialize(BeanSerializer.java:178)
	at com.fasterxml.jackson.databind.ser.impl.IndexedListSerializer.serializeContents(IndexedListSerializer.java:119)
	at com.fasterxml.jackson.databind.ser.impl.IndexedListSerializer.serialize(IndexedListSerializer.java:79)
	at com.fasterxml.jackson.databind.ser.impl.IndexedListSerializer.serialize(IndexedListSerializer.java:18)
	at com.fasterxml.jackson.databind.ser.BeanPropertyWriter.serializeAsField(BeanPropertyWriter.java:732)
	at com.fasterxml.jackson.databind.ser.std.BeanSerializerBase.serializeFields(BeanSerializerBase.java:772)
	at com.fasterxml.jackson.databind.ser.BeanSerializer.serialize(BeanSerializer.java:178)
	at com.fasterxml.jackson.databind.ser.BeanPropertyWriter.serializeAsField(BeanPropertyWriter.java:732)
	at com.fasterxml.jackson.databind.ser.std.BeanSerializerBase.serializeFields(BeanSerializerBase.java:772)
	at com.fasterxml.jackson.databind.ser.BeanSerializer.serialize(BeanSerializer.java:178)
	at com.fasterxml.jackson.databind.ser.impl.IndexedListSerializer.serializeContents(IndexedListSerializer.java:119)
	at com.fasterxml.jackson.databind.ser.impl.IndexedListSerializer.serialize(IndexedListSerializer.java:79)
	at com.fasterxml.jackson.databind.ser.impl.IndexedListSerializer.serialize(IndexedListSerializer.java:18)
	at com.fasterxml.jackson.databind.ser.BeanPropertyWriter.serializeAsField(BeanPropertyWriter.java:732)
	at com.fasterxml.jackson.databind.ser.std.BeanSerializerBase.serializeFields(BeanSerializerBase.java:772)
	at com.fasterxml.jackson.databind.ser.BeanSerializer.serialize(BeanSerializer.java:178)
	at com.fasterxml.jackson.databind.ser.BeanPropertyWriter.serializeAsField(BeanPropertyWriter.java:732)
	at com.fasterxml.jackson.databind.ser.std.BeanSerializerBase.serializeFields(BeanSerializerBase.java:772)
	at com.fasterxml.jackson.databind.ser.BeanSerializer.serialize(BeanSerializer.java:178)
	at com.fasterxml.jackson.databind.ser.impl.IndexedListSerializer.serializeContents(IndexedListSerializer.java:119)
	at com.fasterxml.jackson.databind.ser.impl.IndexedListSerializer.serialize(IndexedListSerializer.java:79)
	at com.fasterxml.jackson.databind.ser.impl.IndexedListSerializer.serialize(IndexedListSerializer.java:18)
	at com.fasterxml.jackson.databind.ser.BeanPropertyWriter.serializeAsField(BeanPropertyWriter.java:732)
	at com.fasterxml.jackson.databind.ser.std.BeanSerializerBase.serializeFields(BeanSerializerBase.java:772)
	at com.fasterxml.jackson.databind.ser.BeanSerializer.serialize(BeanSerializer.java:178)
	at com.fasterxml.jackson.databind.ser.BeanPropertyWriter.serializeAsField(BeanPropertyWriter.java:732)
	at com.fasterxml.jackson.databind.ser.std.BeanSerializerBase.serializeFields(BeanSerializerBase.java:772)
	at com.fasterxml.jackson.databind.ser.BeanSerializer.serialize(BeanSerializer.java:178)
	at com.fasterxml.jackson.databind.ser.impl.IndexedListSerializer.serializeContents(IndexedListSerializer.java:119)
	at com.fasterxml.jackson.databind.ser.impl.IndexedListSerializer.serialize(IndexedListSerializer.java:79)
	at com.fasterxml.jackson.databind.ser.impl.IndexedListSerializer.serialize(IndexedListSerializer.java:18)
	at com.fasterxml.jackson.databind.ser.BeanPropertyWriter.serializeAsField(BeanPropertyWriter.java:732)
	at com.fasterxml.jackson.databind.ser.std.BeanSerializerBase.serializeFields(BeanSerializerBase.java:772)
	at com.fasterxml.jackson.databind.ser.BeanSerializer.serialize(BeanSerializer.java:178)
	at com.fasterxml.jackson.databind.ser.BeanPropertyWriter.serializeAsField(BeanPropertyWriter.java:732)
	at com.fasterxml.jackson.databind.ser.std.BeanSerializerBase.serializeFields(BeanSerializerBase.java:772)
	at com.fasterxml.jackson.databind.ser.BeanSerializer.serialize(BeanSerializer.java:178)
	at com.fasterxml.jackson.databind.ser.impl.IndexedListSerializer.serializeContents(IndexedListSerializer.java:119)
	at com.fasterxml.jackson.databind.ser.impl.IndexedListSerializer.serialize(IndexedListSerializer.java:79)
	at com.fasterxml.jackson.databind.ser.impl.IndexedListSerializer.serialize(IndexedListSerializer.java:18)
	at com.fasterxml.jackson.databind.ser.BeanPropertyWriter.serializeAsField(BeanPropertyWriter.java:732)
	at com.fasterxml.jackson.databind.ser.std.BeanSerializerBase.serializeFields(BeanSerializerBase.java:772)
	at com.fasterxml.jackson.databind.ser.BeanSerializer.serialize(BeanSerializer.java:178)
	at com.fasterxml.jackson.databind.ser.BeanPropertyWriter.serializeAsField(BeanPropertyWriter.java:732)
	at com.fasterxml.jackson.databind.ser.std.BeanSerializerBase.serializeFields(BeanSerializerBase.java:772)
	at com.fasterxml.jackson.databind.ser.BeanSerializer.serialize(BeanSerializer.java:178)
	at com.fasterxml.jackson.databind.ser.impl.IndexedListSerializer.serializeContents(IndexedListSerializer.java:119)
	at com.fasterxml.jackson.databind.ser.impl.IndexedListSerializer.serialize(IndexedListSerializer.java:79)
	at com.fasterxml.jackson.databind.ser.impl.IndexedListSerializer.serialize(IndexedListSerializer.java:18)
	at com.fasterxml.jackson.databind.ser.BeanPropertyWriter.serializeAsField(BeanPropertyWriter.java:732)
	at com.fasterxml.jackson.databind.ser.std.BeanSerializerBase.serializeFields(BeanSerializerBase.java:772)
	at com.fasterxml.jackson.databind.ser.BeanSerializer.serialize(BeanSerializer.java:178)
	at com.fasterxml.jackson.databind.ser.BeanPropertyWriter.serializeAsField(BeanPropertyWriter.java:732)
	at com.fasterxml.jackson.databind.ser.std.BeanSerializerBase.serializeFields(BeanSerializerBase.java:772)
	at com.fasterxml.jackson.databind.ser.BeanSerializer.serialize(BeanSerializer.java:178)
	at com.fasterxml.jackson.databind.ser.impl.IndexedListSerializer.serializeContents(IndexedListSerializer.java:119)
	at com.fasterxml.jackson.databind.ser.impl.IndexedListSerializer.serialize(IndexedListSerializer.java:79)
	at com.fasterxml.jackson.databind.ser.impl.IndexedListSerializer.serialize(IndexedListSerializer.java:18)
	at com.fasterxml.jackson.databind.ser.BeanPropertyWriter.serializeAsField(BeanPropertyWriter.java:732)
	at com.fasterxml.jackson.databind.ser.std.BeanSerializerBase.serializeFields(BeanSerializerBase.java:772)
	at com.fasterxml.jackson.databind.ser.BeanSerializer.serialize(BeanSerializer.java:178)
	at com.fasterxml.jackson.databind.ser.BeanPropertyWriter.serializeAsField(BeanPropertyWriter.java:732)
	at com.fasterxml.jackson.databind.ser.std.BeanSerializerBase.serializeFields(BeanSerializerBase.java:772)
	at com.fasterxml.jackson.databind.ser.BeanSerializer.serialize(BeanSerializer.java:178)
	at com.fasterxml.jackson.databind.ser.impl.IndexedListSerializer.serializeContents(IndexedListSerializer.java:119)
	at com.fasterxml.jackson.databind.ser.impl.IndexedListSerializer.serialize(IndexedListSerializer.java:79)
	at com.fasterxml.jackson.databind.ser.impl.IndexedListSerializer.serialize(IndexedListSerializer.java:18)
	at com.fasterxml.jackson.databind.ser.BeanPropertyWriter.serializeAsField(BeanPropertyWriter.java:732)
	at com.fasterxml.jackson.databind.ser.std.BeanSerializerBase.serializeFields(BeanSerializerBase.java:772)
	at com.fasterxml.jackson.databind.ser.BeanSerializer.serialize(BeanSerializer.java:178)
	at com.fasterxml.jackson.databind.ser.BeanPropertyWriter.serializeAsField(BeanPropertyWriter.java:732)
	at com.fasterxml.jackson.databind.ser.std.BeanSerializerBase.serializeFields(BeanSerializerBase.java:772)
	at com.fasterxml.jackson.databind.ser.BeanSerializer.serialize(BeanSerializer.java:178)
	at com.fasterxml.jackson.databind.ser.impl.IndexedListSerializer.serializeContents(IndexedListSerializer.java:119)
	at com.fasterxml.jackson.databind.ser.impl.IndexedListSerializer.serialize(IndexedListSerializer.java:79)
	at com.fasterxml.jackson.databind.ser.impl.IndexedListSerializer.serialize(IndexedListSerializer.java:18)
	at com.fasterxml.jackson.databind.ser.BeanPropertyWriter.serializeAsField(BeanPropertyWriter.java:732)
	at com.fasterxml.jackson.databind.ser.std.BeanSerializerBase.serializeFields(BeanSerializerBase.java:772)
	at com.fasterxml.jackson.databind.ser.BeanSerializer.serialize(BeanSerializer.java:178)
	at com.fasterxml.jackson.databind.ser.BeanPropertyWriter.serializeAsField(BeanPropertyWriter.java:732)
	at com.fasterxml.jackson.databind.ser.std.BeanSerializerBase.serializeFields(BeanSerializerBase.java:772)
	at com.fasterxml.jackson.databind.ser.BeanSerializer.serialize(BeanSerializer.java:178)
	at com.fasterxml.jackson.databind.ser.impl.IndexedListSerializer.serializeContents(IndexedListSerializer.java:119)
	at com.fasterxml.jackson.databind.ser.impl.IndexedListSerializer.serialize(IndexedListSerializer.java:79)
	at com.fasterxml.jackson.databind.ser.impl.IndexedListSerializer.serialize(IndexedListSerializer.java:18)
	at com.fasterxml.jackson.databind.ser.BeanPropertyWriter.serializeAsField(BeanPropertyWriter.java:732)
	at com.fasterxml.jackson.databind.ser.std.BeanSerializerBase.serializeFields(BeanSerializerBase.java:772)
	at com.fasterxml.jackson.databind.ser.BeanSerializer.serialize(BeanSerializer.java:178)
	at com.fasterxml.jackson.databind.ser.BeanPropertyWriter.serializeAsField(BeanPropertyWriter.java:732)
	at com.fasterxml.jackson.databind.ser.std.BeanSerializerBase.serializeFields(BeanSerializerBase.java:772)
	at com.fasterxml.jackson.databind.ser.BeanSerializer.serialize(BeanSerializer.java:178)
	at com.fasterxml.jackson.databind.ser.impl.IndexedListSerializer.serializeContents(IndexedListSerializer.java:119)
	at com.fasterxml.jackson.databind.ser.impl.IndexedListSerializer.serialize(IndexedListSerializer.java:79)
	at com.fasterxml.jackson.databind.ser.impl.IndexedListSerializer.serialize(IndexedListSerializer.java:18)
	at com.fasterxml.jackson.databind.ser.BeanPropertyWriter.serializeAsField(BeanPropertyWriter.java:732)
	at com.fasterxml.jackson.databind.ser.std.BeanSerializerBase.serializeFields(BeanSerializerBase.java:772)
	at com.fasterxml.jackson.databind.ser.BeanSerializer.serialize(BeanSerializer.java:178)
	at com.fasterxml.jackson.databind.ser.BeanPropertyWriter.serializeAsField(BeanPropertyWriter.java:732)
	at com.fasterxml.jackson.databind.ser.std.BeanSerializerBase.serializeFields(BeanSerializerBase.java:772)
	at com.fasterxml.jackson.databind.ser.BeanSerializer.serialize(BeanSerializer.java:178)
	at com.fasterxml.jackson.databind.ser.impl.IndexedListSerializer.serializeContents(IndexedListSerializer.java:119)
	at com.fasterxml.jackson.databind.ser.impl.IndexedListSerializer.serialize(IndexedListSerializer.java:79)
	at com.fasterxml.jackson.databind.ser.impl.IndexedListSerializer.serialize(IndexedListSerializer.java:18)
	at com.fasterxml.jackson.databind.ser.BeanPropertyWriter.serializeAsField(BeanPropertyWriter.java:732)
	at com.fasterxml.jackson.databind.ser.std.BeanSerializerBase.serializeFields(BeanSerializerBase.java:772)
	at com.fasterxml.jackson.databind.ser.BeanSerializer.serialize(BeanSerializer.java:178)
	at com.fasterxml.jackson.databind.ser.BeanPropertyWriter.serializeAsField(BeanPropertyWriter.java:732)
	at com.fasterxml.jackson.databind.ser.std.BeanSerializerBase.serializeFields(BeanSerializerBase.java:772)
	at com.fasterxml.jackson.databind.ser.BeanSerializer.serialize(BeanSerializer.java:178)
	at com.fasterxml.jackson.databind.ser.impl.IndexedListSerializer.serializeContents(IndexedListSerializer.java:119)
	at com.fasterxml.jackson.databind.ser.impl.IndexedListSerializer.serialize(IndexedListSerializer.java:79)
	at com.fasterxml.jackson.databind.ser.impl.IndexedListSerializer.serialize(IndexedListSerializer.java:18)
	at com.fasterxml.jackson.databind.ser.BeanPropertyWriter.serializeAsField(BeanPropertyWriter.java:732)
	at com.fasterxml.jackson.databind.ser.std.BeanSerializerBase.serializeFields(BeanSerializerBase.java:772)
	at com.fasterxml.jackson.databind.ser.BeanSerializer.serialize(BeanSerializer.java:178)
	at com.fasterxml.jackson.databind.ser.BeanPropertyWriter.serializeAsField(BeanPropertyWriter.java:732)
	at com.fasterxml.jackson.databind.ser.std.BeanSerializerBase.serializeFields(BeanSerializerBase.java:772)
	at com.fasterxml.jackson.databind.ser.BeanSerializer.serialize(BeanSerializer.java:178)
	at com.fasterxml.jackson.databind.ser.impl.IndexedListSerializer.serializeContents(IndexedListSerializer.java:119)
	at com.fasterxml.jackson.databind.ser.impl.IndexedListSerializer.serialize(IndexedListSerializer.java:79)
	at com.fasterxml.jackson.databind.ser.impl.IndexedListSerializer.serialize(IndexedListSerializer.java:18)
	at com.fasterxml.jackson.databind.ser.BeanPropertyWriter.serializeAsField(BeanPropertyWriter.java:732)
	at com.fasterxml.jackson.databind.ser.std.BeanSerializerBase.serializeFields(BeanSerializerBase.java:772)
	at com.fasterxml.jackson.databind.ser.BeanSerializer.serialize(BeanSerializer.java:178)
	at com.fasterxml.jackson.databind.ser.BeanPropertyWriter.serializeAsField(BeanPropertyWriter.java:732)
	at com.fasterxml.jackson.databind.ser.std.BeanSerializerBase.serializeFields(BeanSerializerBase.java:772)
	at com.fasterxml.jackson.databind.ser.BeanSerializer.serialize(BeanSerializer.java:178)
	at com.fasterxml.jackson.databind.ser.impl.IndexedListSerializer.serializeContents(IndexedListSerializer.java:119)
	at com.fasterxml.jackson.databind.ser.impl.IndexedListSerializer.serialize(IndexedListSerializer.java:79)
	at com.fasterxml.jackson.databind.ser.impl.IndexedListSerializer.serialize(IndexedListSerializer.java:18)
	at com.fasterxml.jackson.databind.ser.BeanPropertyWriter.serializeAsField(BeanPropertyWriter.java:732)
	at com.fasterxml.jackson.databind.ser.std.BeanSerializerBase.serializeFields(BeanSerializerBase.java:772)
	at com.fasterxml.jackson.databind.ser.BeanSerializer.serialize(BeanSerializer.java:178)
	at com.fasterxml.jackson.databind.ser.BeanPropertyWriter.serializeAsField(BeanPropertyWriter.java:732)
	at com.fasterxml.jackson.databind.ser.std.BeanSerializerBase.serializeFields(BeanSerializerBase.java:772)
	at com.fasterxml.jackson.databind.ser.BeanSerializer.serialize(BeanSerializer.java:178)
	at com.fasterxml.jackson.databind.ser.impl.IndexedListSerializer.serializeContents(IndexedListSerializer.java:119)
	at com.fasterxml.jackson.databind.ser.impl.IndexedListSerializer.serialize(IndexedListSerializer.java:79)
	at com.fasterxml.jackson.databind.ser.impl.IndexedListSerializer.serialize(IndexedListSerializer.java:18)
	at com.fasterxml.jackson.databind.ser.BeanPropertyWriter.serializeAsField(BeanPropertyWriter.java:732)
	at com.fasterxml.jackson.databind.ser.std.BeanSerializerBase.serializeFields(BeanSerializerBase.java:772)
	at com.fasterxml.jackson.databind.ser.BeanSerializer.serialize(BeanSerializer.java:178)
	at com.fasterxml.jackson.databind.ser.BeanPropertyWriter.serializeAsField(BeanPropertyWriter.java:732)
	at com.fasterxml.jackson.databind.ser.std.BeanSerializerBase.serializeFields(BeanSerializerBase.java:772)
	at com.fasterxml.jackson.databind.ser.BeanSerializer.serialize(BeanSerializer.java:178)
	at com.fasterxml.jackson.databind.ser.impl.IndexedListSerializer.serializeContents(IndexedListSerializer.java:119)
	at com.fasterxml.jackson.databind.ser.impl.IndexedListSerializer.serialize(IndexedListSerializer.java:79)
	at com.fasterxml.jackson.databind.ser.impl.IndexedListSerializer.serialize(IndexedListSerializer.java:18)
	at com.fasterxml.jackson.databind.ser.BeanPropertyWriter.serializeAsField(BeanPropertyWriter.java:732)
	at com.fasterxml.jackson.databind.ser.std.BeanSerializerBase.serializeFields(BeanSerializerBase.java:772)
	at com.fasterxml.jackson.databind.ser.BeanSerializer.serialize(BeanSerializer.java:178)
	at com.fasterxml.jackson.databind.ser.BeanPropertyWriter.serializeAsField(BeanPropertyWriter.java:732)
	at com.fasterxml.jackson.databind.ser.std.BeanSerializerBase.serializeFields(BeanSerializerBase.java:772)
	at com.fasterxml.jackson.databind.ser.BeanSerializer.serialize(BeanSerializer.java:178)
	at com.fasterxml.jackson.databind.ser.impl.IndexedListSerializer.serializeContents(IndexedListSerializer.java:119)
	at com.fasterxml.jackson.databind.ser.impl.IndexedListSerializer.serialize(IndexedListSerializer.java:79)
	at com.fasterxml.jackson.databind.ser.impl.IndexedListSerializer.serialize(IndexedListSerializer.java:18)
	at com.fasterxml.jackson.databind.ser.BeanPropertyWriter.serializeAsField(BeanPropertyWriter.java:732)
	at com.fasterxml.jackson.databind.ser.std.BeanSerializerBase.serializeFields(BeanSerializerBase.java:772)
	at com.fasterxml.jackson.databind.ser.BeanSerializer.serialize(BeanSerializer.java:178)
	at com.fasterxml.jackson.databind.ser.BeanPropertyWriter.serializeAsField(BeanPropertyWriter.java:732)
	at com.fasterxml.jackson.databind.ser.std.BeanSerializerBase.serializeFields(BeanSerializerBase.java:772)
	at com.fasterxml.jackson.databind.ser.BeanSerializer.serialize(BeanSerializer.java:178)
	at com.fasterxml.jackson.databind.ser.impl.IndexedListSerializer.serializeContents(IndexedListSerializer.java:119)
	at com.fasterxml.jackson.databind.ser.impl.IndexedListSerializer.serialize(IndexedListSerializer.java:79)
	at com.fasterxml.jackson.databind.ser.impl.IndexedListSerializer.serialize(IndexedListSerializer.java:18)
	at com.fasterxml.jackson.databind.ser.BeanPropertyWriter.serializeAsField(BeanPropertyWriter.java:732)
	at com.fasterxml.jackson.databind.ser.std.BeanSerializerBase.serializeFields(BeanSerializerBase.java:772)
	at com.fasterxml.jackson.databind.ser.BeanSerializer.serialize(BeanSerializer.java:178)
	at com.fasterxml.jackson.databind.ser.BeanPropertyWriter.serializeAsField(BeanPropertyWriter.java:732)
	at com.fasterxml.jackson.databind.ser.std.BeanSerializerBase.serializeFields(BeanSerializerBase.java:772)
	at com.fasterxml.jackson.databind.ser.BeanSerializer.serialize(BeanSerializer.java:178)
	at com.fasterxml.jackson.databind.ser.impl.IndexedListSerializer.serializeContents(IndexedListSerializer.java:119)
	at com.fasterxml.jackson.databind.ser.impl.IndexedListSerializer.serialize(IndexedListSerializer.java:79)
	at com.fasterxml.jackson.databind.ser.impl.IndexedListSerializer.serialize(IndexedListSerializer.java:18)
	at com.fasterxml.jackson.databind.ser.BeanPropertyWriter.serializeAsField(BeanPropertyWriter.java:732)
	at com.fasterxml.jackson.databind.ser.std.BeanSerializerBase.serializeFields(BeanSerializerBase.java:772)
	at com.fasterxml.jackson.databind.ser.BeanSerializer.serialize(BeanSerializer.java:178)
	at com.fasterxml.jackson.databind.ser.BeanPropertyWriter.serializeAsField(BeanPropertyWriter.java:732)
	at com.fasterxml.jackson.databind.ser.std.BeanSerializerBase.serializeFields(BeanSerializerBase.java:772)
	at com.fasterxml.jackson.databind.ser.BeanSerializer.serialize(BeanSerializer.java:178)
	at com.fasterxml.jackson.databind.ser.impl.IndexedListSerializer.serializeContents(IndexedListSerializer.java:119)
	at com.fasterxml.jackson.databind.ser.impl.IndexedListSerializer.serialize(IndexedListSerializer.java:79)
	at com.fasterxml.jackson.databind.ser.impl.IndexedListSerializer.serialize(IndexedListSerializer.java:18)
	at com.fasterxml.jackson.databind.ser.BeanPropertyWriter.serializeAsField(BeanPropertyWriter.java:732)
	at com.fasterxml.jackson.databind.ser.std.BeanSerializerBase.serializeFields(BeanSerializerBase.java:772)
	at com.fasterxml.jackson.databind.ser.BeanSerializer.serialize(BeanSerializer.java:178)
	at com.fasterxml.jackson.databind.ser.BeanPropertyWriter.serializeAsField(BeanPropertyWriter.java:732)
	at com.fasterxml.jackson.databind.ser.std.BeanSerializerBase.serializeFields(BeanSerializerBase.java:772)
	at com.fasterxml.jackson.databind.ser.BeanSerializer.serialize(BeanSerializer.java:178)
	at com.fasterxml.jackson.databind.ser.impl.IndexedListSerializer.serializeContents(IndexedListSerializer.java:119)
	at com.fasterxml.jackson.databind.ser.impl.IndexedListSerializer.serialize(IndexedListSerializer.java:79)
	at com.fasterxml.jackson.databind.ser.impl.IndexedListSerializer.serialize(IndexedListSerializer.java:18)
	at com.fasterxml.jackson.databind.ser.BeanPropertyWriter.serializeAsField(BeanPropertyWriter.java:732)
	at com.fasterxml.jackson.databind.ser.std.BeanSerializerBase.serializeFields(BeanSerializerBase.java:772)
	at com.fasterxml.jackson.databind.ser.BeanSerializer.serialize(BeanSerializer.java:178)
	at com.fasterxml.jackson.databind.ser.BeanPropertyWriter.serializeAsField(BeanPropertyWriter.java:732)
	at com.fasterxml.jackson.databind.ser.std.BeanSerializerBase.serializeFields(BeanSerializerBase.java:772)
	at com.fasterxml.jackson.databind.ser.BeanSerializer.serialize(BeanSerializer.java:178)
	at com.fasterxml.jackson.databind.ser.impl.IndexedListSerializer.serializeContents(IndexedListSerializer.java:119)
	at com.fasterxml.jackson.databind.ser.impl.IndexedListSerializer.serialize(IndexedListSerializer.java:79)
	at com.fasterxml.jackson.databind.ser.impl.IndexedListSerializer.serialize(IndexedListSerializer.java:18)
	at com.fasterxml.jackson.databind.ser.BeanPropertyWriter.serializeAsField(BeanPropertyWriter.java:732)
	at com.fasterxml.jackson.databind.ser.std.BeanSerializerBase.serializeFields(BeanSerializerBase.java:772)
	at com.fasterxml.jackson.databind.ser.BeanSerializer.serialize(BeanSerializer.java:178)
	at com.fasterxml.jackson.databind.ser.BeanPropertyWriter.serializeAsField(BeanPropertyWriter.java:732)
	at com.fasterxml.jackson.databind.ser.std.BeanSerializerBase.serializeFields(BeanSerializerBase.java:772)
	at com.fasterxml.jackson.databind.ser.BeanSerializer.serialize(BeanSerializer.java:178)
	at com.fasterxml.jackson.databind.ser.impl.IndexedListSerializer.serializeContents(IndexedListSerializer.java:119)
	at com.fasterxml.jackson.databind.ser.impl.IndexedListSerializer.serialize(IndexedListSerializer.java:79)
	at com.fasterxml.jackson.databind.ser.impl.IndexedListSerializer.serialize(IndexedListSerializer.java:18)
	at com.fasterxml.jackson.databind.ser.BeanPropertyWriter.serializeAsField(BeanPropertyWriter.java:732)
	at com.fasterxml.jackson.databind.ser.std.BeanSerializerBase.serializeFields(BeanSerializerBase.java:772)
	at com.fasterxml.jackson.databind.ser.BeanSerializer.serialize(BeanSerializer.java:178)
	at com.fasterxml.jackson.databind.ser.BeanPropertyWriter.serializeAsField(BeanPropertyWriter.java:732)
	at com.fasterxml.jackson.databind.ser.std.BeanSerializerBase.serializeFields(BeanSerializerBase.java:772)
	at com.fasterxml.jackson.databind.ser.BeanSerializer.serialize(BeanSerializer.java:178)
	at com.fasterxml.jackson.databind.ser.impl.IndexedListSerializer.serializeContents(IndexedListSerializer.java:119)
	at com.fasterxml.jackson.databind.ser.impl.IndexedListSerializer.serialize(IndexedListSerializer.java:79)
	at com.fasterxml.jackson.databind.ser.impl.IndexedListSerializer.serialize(IndexedListSerializer.java:18)
	at com.fasterxml.jackson.databind.ser.BeanPropertyWriter.serializeAsField(BeanPropertyWriter.java:732)
	at com.fasterxml.jackson.databind.ser.std.BeanSerializerBase.serializeFields(BeanSerializerBase.java:772)
	at com.fasterxml.jackson.databind.ser.BeanSerializer.serialize(BeanSerializer.java:178)
	at com.fasterxml.jackson.databind.ser.BeanPropertyWriter.serializeAsField(BeanPropertyWriter.java:732)
	at com.fasterxml.jackson.databind.ser.std.BeanSerializerBase.serializeFields(BeanSerializerBase.java:772)
	at com.fasterxml.jackson.databind.ser.BeanSerializer.serialize(BeanSerializer.java:178)
	at com.fasterxml.jackson.databind.ser.impl.IndexedListSerializer.serializeContents(IndexedListSerializer.java:119)
	at com.fasterxml.jackson.databind.ser.impl.IndexedListSerializer.serialize(IndexedListSerializer.java:79)
	at com.fasterxml.jackson.databind.ser.impl.IndexedListSerializer.serialize(IndexedListSerializer.java:18)
	at com.fasterxml.jackson.databind.ser.BeanPropertyWriter.serializeAsField(BeanPropertyWriter.java:732)
	at com.fasterxml.jackson.databind.ser.std.BeanSerializerBase.serializeFields(BeanSerializerBase.java:772)
	at com.fasterxml.jackson.databind.ser.BeanSerializer.serialize(BeanSerializer.java:178)
	at com.fasterxml.jackson.databind.ser.BeanPropertyWriter.serializeAsField(BeanPropertyWriter.java:732)
	at com.fasterxml.jackson.databind.ser.std.BeanSerializerBase.serializeFields(BeanSerializerBase.java:772)
	at com.fasterxml.jackson.databind.ser.BeanSerializer.serialize(BeanSerializer.java:178)
	at com.fasterxml.jackson.databind.ser.impl.IndexedListSerializer.serializeContents(IndexedListSerializer.java:119)
	at com.fasterxml.jackson.databind.ser.impl.IndexedListSerializer.serialize(IndexedListSerializer.java:79)
	at com.fasterxml.jackson.databind.ser.impl.IndexedListSerializer.serialize(IndexedListSerializer.java:18)
	at com.fasterxml.jackson.databind.ser.BeanPropertyWriter.serializeAsField(BeanPropertyWriter.java:732)
	at com.fasterxml.jackson.databind.ser.std.BeanSerializerBase.serializeFields(BeanSerializerBase.java:772)
	at com.fasterxml.jackson.databind.ser.BeanSerializer.serialize(BeanSerializer.java:178)
	at com.fasterxml.jackson.databind.ser.BeanPropertyWriter.serializeAsField(BeanPropertyWriter.java:732)
	at com.fasterxml.jackson.databind.ser.std.BeanSerializerBase.serializeFields(BeanSerializerBase.java:772)
	at com.fasterxml.jackson.databind.ser.BeanSerializer.serialize(BeanSerializer.java:178)
	at com.fasterxml.jackson.databind.ser.impl.IndexedListSerializer.serializeContents(IndexedListSerializer.java:119)
	at com.fasterxml.jackson.databind.ser.impl.IndexedListSerializer.serialize(IndexedListSerializer.java:79)
	at com.fasterxml.jackson.databind.ser.impl.IndexedListSerializer.serialize(IndexedListSerializer.java:18)
	at com.fasterxml.jackson.databind.ser.BeanPropertyWriter.serializeAsField(BeanPropertyWriter.java:732)
	at com.fasterxml.jackson.databind.ser.std.BeanSerializerBase.serializeFields(BeanSerializerBase.java:772)
	at com.fasterxml.jackson.databind.ser.BeanSerializer.serialize(BeanSerializer.java:178)
	at com.fasterxml.jackson.databind.ser.BeanPropertyWriter.serializeAsField(BeanPropertyWriter.java:732)
	at com.fasterxml.jackson.databind.ser.std.BeanSerializerBase.serializeFields(BeanSerializerBase.java:772)
	at com.fasterxml.jackson.databind.ser.BeanSerializer.serialize(BeanSerializer.java:178)
	at com.fasterxml.jackson.databind.ser.impl.IndexedListSerializer.serializeContents(IndexedListSerializer.java:119)
	at com.fasterxml.jackson.databind.ser.impl.IndexedListSerializer.serialize(IndexedListSerializer.java:79)
	at com.fasterxml.jackson.databind.ser.impl.IndexedListSerializer.serialize(IndexedListSerializer.java:18)
	at com.fasterxml.jackson.databind.ser.BeanPropertyWriter.serializeAsField(BeanPropertyWriter.java:732)
	at com.fasterxml.jackson.databind.ser.std.BeanSerializerBase.serializeFields(BeanSerializerBase.java:772)
	at com.fasterxml.jackson.databind.ser.BeanSerializer.serialize(BeanSerializer.java:178)
	at com.fasterxml.jackson.databind.ser.BeanPropertyWriter.serializeAsField(BeanPropertyWriter.java:732)
	at com.fasterxml.jackson.databind.ser.std.BeanSerializerBase.serializeFields(BeanSerializerBase.java:772)
	at com.fasterxml.jackson.databind.ser.BeanSerializer.serialize(BeanSerializer.java:178)
	at com.fasterxml.jackson.databind.ser.impl.IndexedListSerializer.serializeContents(IndexedListSerializer.java:119)
	at com.fasterxml.jackson.databind.ser.impl.IndexedListSerializer.serialize(IndexedListSerializer.java:79)
	at com.fasterxml.jackson.databind.ser.impl.IndexedListSerializer.serialize(IndexedListSerializer.java:18)
	at com.fasterxml.jackson.databind.ser.BeanPropertyWriter.serializeAsField(BeanPropertyWriter.java:732)
	at com.fasterxml.jackson.databind.ser.std.BeanSerializerBase.serializeFields(BeanSerializerBase.java:772)
	at com.fasterxml.jackson.databind.ser.BeanSerializer.serialize(BeanSerializer.java:178)
	at com.fasterxml.jackson.databind.ser.BeanPropertyWriter.serializeAsField(BeanPropertyWriter.java:732)
	at com.fasterxml.jackson.databind.ser.std.BeanSerializerBase.serializeFields(BeanSerializerBase.java:772)
	at com.fasterxml.jackson.databind.ser.BeanSerializer.serialize(BeanSerializer.java:178)
	at com.fasterxml.jackson.databind.ser.impl.IndexedListSerializer.serializeContents(IndexedListSerializer.java:119)
	at com.fasterxml.jackson.databind.ser.impl.IndexedListSerializer.serialize(IndexedListSerializer.java:79)
	at com.fasterxml.jackson.databind.ser.impl.IndexedListSerializer.serialize(IndexedListSerializer.java:18)
	at com.fasterxml.jackson.databind.ser.BeanPropertyWriter.serializeAsField(BeanPropertyWriter.java:732)
	at com.fasterxml.jackson.databind.ser.std.BeanSerializerBase.serializeFields(BeanSerializerBase.java:772)
	at com.fasterxml.jackson.databind.ser.BeanSerializer.serialize(BeanSerializer.java:178)
	at com.fasterxml.jackson.databind.ser.BeanPropertyWriter.serializeAsField(BeanPropertyWriter.java:732)
	at com.fasterxml.jackson.databind.ser.std.BeanSerializerBase.serializeFields(BeanSerializerBase.java:772)
	at com.fasterxml.jackson.databind.ser.BeanSerializer.serialize(BeanSerializer.java:178)
	at com.fasterxml.jackson.databind.ser.impl.IndexedListSerializer.serializeContents(IndexedListSerializer.java:119)
	at com.fasterxml.jackson.databind.ser.impl.IndexedListSerializer.serialize(IndexedListSerializer.java:79)
	at com.fasterxml.jackson.databind.ser.impl.IndexedListSerializer.serialize(IndexedListSerializer.java:18)
	at com.fasterxml.jackson.databind.ser.BeanPropertyWriter.serializeAsField(BeanPropertyWriter.java:732)
	at com.fasterxml.jackson.databind.ser.std.BeanSerializerBase.serializeFields(BeanSerializerBase.java:772)
	at com.fasterxml.jackson.databind.ser.BeanSerializer.serialize(BeanSerializer.java:178)
	at com.fasterxml.jackson.databind.ser.BeanPropertyWriter.serializeAsField(BeanPropertyWriter.java:732)
	at com.fasterxml.jackson.databind.ser.std.BeanSerializerBase.serializeFields(BeanSerializerBase.java:772)
	at com.fasterxml.jackson.databind.ser.BeanSerializer.serialize(BeanSerializer.java:178)
	at com.fasterxml.jackson.databind.ser.impl.IndexedListSerializer.serializeContents(IndexedListSerializer.java:119)
	at com.fasterxml.jackson.databind.ser.impl.IndexedListSerializer.serialize(IndexedListSerializer.java:79)
	at com.fasterxml.jackson.databind.ser.impl.IndexedListSerializer.serialize(IndexedListSerializer.java:18)
	at com.fasterxml.jackson.databind.ser.BeanPropertyWriter.serializeAsField(BeanPropertyWriter.java:732)
	at com.fasterxml.jackson.databind.ser.std.BeanSerializerBase.serializeFields(BeanSerializerBase.java:772)
	at com.fasterxml.jackson.databind.ser.BeanSerializer.serialize(BeanSerializer.java:178)
	at com.fasterxml.jackson.databind.ser.BeanPropertyWriter.serializeAsField(BeanPropertyWriter.java:732)
	at com.fasterxml.jackson.databind.ser.std.BeanSerializerBase.serializeFields(BeanSerializerBase.java:772)
	at com.fasterxml.jackson.databind.ser.BeanSerializer.serialize(BeanSerializer.java:178)
	at com.fasterxml.jackson.databind.ser.impl.IndexedListSerializer.serializeContents(IndexedListSerializer.java:119)
	at com.fasterxml.jackson.databind.ser.impl.IndexedListSerializer.serialize(IndexedListSerializer.java:79)
	at com.fasterxml.jackson.databind.ser.impl.IndexedListSerializer.serialize(IndexedListSerializer.java:18)
	at com.fasterxml.jackson.databind.ser.BeanPropertyWriter.serializeAsField(BeanPropertyWriter.java:732)
	at com.fasterxml.jackson.databind.ser.std.BeanSerializerBase.serializeFields(BeanSerializerBase.java:772)
	at com.fasterxml.jackson.databind.ser.BeanSerializer.serialize(BeanSerializer.java:178)
	at com.fasterxml.jackson.databind.ser.BeanPropertyWriter.serializeAsField(BeanPropertyWriter.java:732)
	at com.fasterxml.jackson.databind.ser.std.BeanSerializerBase.serializeFields(BeanSerializerBase.java:772)
	at com.fasterxml.jackson.databind.ser.BeanSerializer.serialize(BeanSerializer.java:178)
	at com.fasterxml.jackson.databind.ser.impl.IndexedListSerializer.serializeContents(IndexedListSerializer.java:119)
	at com.fasterxml.jackson.databind.ser.impl.IndexedListSerializer.serialize(IndexedListSerializer.java:79)
	at com.fasterxml.jackson.databind.ser.impl.IndexedListSerializer.serialize(IndexedListSerializer.java:18)
	at com.fasterxml.jackson.databind.ser.BeanPropertyWriter.serializeAsField(BeanPropertyWriter.java:732)
	at com.fasterxml.jackson.databind.ser.std.BeanSerializerBase.serializeFields(BeanSerializerBase.java:772)
	at com.fasterxml.jackson.databind.ser.BeanSerializer.serialize(BeanSerializer.java:178)
	at com.fasterxml.jackson.databind.ser.BeanPropertyWriter.serializeAsField(BeanPropertyWriter.java:732)
	at com.fasterxml.jackson.databind.ser.std.BeanSerializerBase.serializeFields(BeanSerializerBase.java:772)
	at com.fasterxml.jackson.databind.ser.BeanSerializer.serialize(BeanSerializer.java:178)
	at com.fasterxml.jackson.databind.ser.impl.IndexedListSerializer.serializeContents(IndexedListSerializer.java:119)
	at com.fasterxml.jackson.databind.ser.impl.IndexedListSerializer.serialize(IndexedListSerializer.java:79)
	at com.fasterxml.jackson.databind.ser.impl.IndexedListSerializer.serialize(IndexedListSerializer.java:18)
	at com.fasterxml.jackson.databind.ser.BeanPropertyWriter.serializeAsField(BeanPropertyWriter.java:732)
	at com.fasterxml.jackson.databind.ser.std.BeanSerializerBase.serializeFields(BeanSerializerBase.java:772)
	at com.fasterxml.jackson.databind.ser.BeanSerializer.serialize(BeanSerializer.java:178)
	at com.fasterxml.jackson.databind.ser.BeanPropertyWriter.serializeAsField(BeanPropertyWriter.java:732)
	at com.fasterxml.jackson.databind.ser.std.BeanSerializerBase.serializeFields(BeanSerializerBase.java:772)
	at com.fasterxml.jackson.databind.ser.BeanSerializer.serialize(BeanSerializer.java:178)
	at com.fasterxml.jackson.databind.ser.impl.IndexedListSerializer.serializeContents(IndexedListSerializer.java:119)
	at com.fasterxml.jackson.databind.ser.impl.IndexedListSerializer.serialize(IndexedListSerializer.java:79)
	at com.fasterxml.jackson.databind.ser.impl.IndexedListSerializer.serialize(IndexedListSerializer.java:18)
	at com.fasterxml.jackson.databind.ser.BeanPropertyWriter.serializeAsField(BeanPropertyWriter.java:732)
	at com.fasterxml.jackson.databind.ser.std.BeanSerializerBase.serializeFields(BeanSerializerBase.java:772)
	at com.fasterxml.jackson.databind.ser.BeanSerializer.serialize(BeanSerializer.java:178)
	at com.fasterxml.jackson.databind.ser.BeanPropertyWriter.serializeAsField(BeanPropertyWriter.java:732)
	at com.fasterxml.jackson.databind.ser.std.BeanSerializerBase.serializeFields(BeanSerializerBase.java:772)
	at com.fasterxml.jackson.databind.ser.BeanSerializer.serialize(BeanSerializer.java:178)
	at com.fasterxml.jackson.databind.ser.impl.IndexedListSerializer.serializeContents(IndexedListSerializer.java:119)
	at com.fasterxml.jackson.databind.ser.impl.IndexedListSerializer.serialize(IndexedListSerializer.java:79)
	at com.fasterxml.jackson.databind.ser.impl.IndexedListSerializer.serialize(IndexedListSerializer.java:18)
	at com.fasterxml.jackson.databind.ser.BeanPropertyWriter.serializeAsField(BeanPropertyWriter.java:732)
	at com.fasterxml.jackson.databind.ser.std.BeanSerializerBase.serializeFields(BeanSerializerBase.java:772)
	at com.fasterxml.jackson.databind.ser.BeanSerializer.serialize(BeanSerializer.java:178)
	at com.fasterxml.jackson.databind.ser.BeanPropertyWriter.serializeAsField(BeanPropertyWriter.java:732)
	at com.fasterxml.jackson.databind.ser.std.BeanSerializerBase.serializeFields(BeanSerializerBase.java:772)
	at com.fasterxml.jackson.databind.ser.BeanSerializer.serialize(BeanSerializer.java:178)
	at com.fasterxml.jackson.databind.ser.impl.IndexedListSerializer.serializeContents(IndexedListSerializer.java:119)
	at com.fasterxml.jackson.databind.ser.impl.IndexedListSerializer.serialize(IndexedListSerializer.java:79)
	at com.fasterxml.jackson.databind.ser.impl.IndexedListSerializer.serialize(IndexedListSerializer.java:18)
	at com.fasterxml.jackson.databind.ser.BeanPropertyWriter.serializeAsField(BeanPropertyWriter.java:732)
	at com.fasterxml.jackson.databind.ser.std.BeanSerializerBase.serializeFields(BeanSerializerBase.java:772)
	at com.fasterxml.jackson.databind.ser.BeanSerializer.serialize(BeanSerializer.java:178)
	at com.fasterxml.jackson.databind.ser.BeanPropertyWriter.serializeAsField(BeanPropertyWriter.java:732)
	at com.fasterxml.jackson.databind.ser.std.BeanSerializerBase.serializeFields(BeanSerializerBase.java:772)
	at com.fasterxml.jackson.databind.ser.BeanSerializer.serialize(BeanSerializer.java:178)
	at com.fasterxml.jackson.databind.ser.impl.IndexedListSerializer.serializeContents(IndexedListSerializer.java:119)
	at com.fasterxml.jackson.databind.ser.impl.IndexedListSerializer.serialize(IndexedListSerializer.java:79)
	at com.fasterxml.jackson.databind.ser.impl.IndexedListSerializer.serialize(IndexedListSerializer.java:18)
	at com.fasterxml.jackson.databind.ser.BeanPropertyWriter.serializeAsField(BeanPropertyWriter.java:732)
	at com.fasterxml.jackson.databind.ser.std.BeanSerializerBase.serializeFields(BeanSerializerBase.java:772)
	at com.fasterxml.jackson.databind.ser.BeanSerializer.serialize(BeanSerializer.java:178)
	at com.fasterxml.jackson.databind.ser.BeanPropertyWriter.serializeAsField(BeanPropertyWriter.java:732)
	at com.fasterxml.jackson.databind.ser.std.BeanSerializerBase.serializeFields(BeanSerializerBase.java:772)
	at com.fasterxml.jackson.databind.ser.BeanSerializer.serialize(BeanSerializer.java:178)
	at com.fasterxml.jackson.databind.ser.impl.IndexedListSerializer.serializeContents(IndexedListSerializer.java:119)
	at com.fasterxml.jackson.databind.ser.impl.IndexedListSerializer.serialize(IndexedListSerializer.java:79)
	at com.fasterxml.jackson.databind.ser.impl.IndexedListSerializer.serialize(IndexedListSerializer.java:18)
	at com.fasterxml.jackson.databind.ser.BeanPropertyWriter.serializeAsField(BeanPropertyWriter.java:732)
	at com.fasterxml.jackson.databind.ser.std.BeanSerializerBase.serializeFields(BeanSerializerBase.java:772)
	at com.fasterxml.jackson.databind.ser.BeanSerializer.serialize(BeanSerializer.java:178)
	at com.fasterxml.jackson.databind.ser.BeanPropertyWriter.serializeAsField(BeanPropertyWriter.java:732)
	at com.fasterxml.jackson.databind.ser.std.BeanSerializerBase.serializeFields(BeanSerializerBase.java:772)
	at com.fasterxml.jackson.databind.ser.BeanSerializer.serialize(BeanSerializer.java:178)
	at com.fasterxml.jackson.databind.ser.impl.IndexedListSerializer.serializeContents(IndexedListSerializer.java:119)
	at com.fasterxml.jackson.databind.ser.impl.IndexedListSerializer.serialize(IndexedListSerializer.java:79)
	at com.fasterxml.jackson.databind.ser.impl.IndexedListSerializer.serialize(IndexedListSerializer.java:18)
	at com.fasterxml.jackson.databind.ser.BeanPropertyWriter.serializeAsField(BeanPropertyWriter.java:732)
	at com.fasterxml.jackson.databind.ser.std.BeanSerializerBase.serializeFields(BeanSerializerBase.java:772)
	at com.fasterxml.jackson.databind.ser.BeanSerializer.serialize(BeanSerializer.java:178)
	at com.fasterxml.jackson.databind.ser.BeanPropertyWriter.serializeAsField(BeanPropertyWriter.java:732)
	at com.fasterxml.jackson.databind.ser.std.BeanSerializerBase.serializeFields(BeanSerializerBase.java:772)
	at com.fasterxml.jackson.databind.ser.BeanSerializer.serialize(BeanSerializer.java:178)
	at com.fasterxml.jackson.databind.ser.impl.IndexedListSerializer.serializeContents(IndexedListSerializer.java:119)
	at com.fasterxml.jackson.databind.ser.impl.IndexedListSerializer.serialize(IndexedListSerializer.java:79)
	at com.fasterxml.jackson.databind.ser.impl.IndexedListSerializer.serialize(IndexedListSerializer.java:18)
	at com.fasterxml.jackson.databind.ser.BeanPropertyWriter.serializeAsField(BeanPropertyWriter.java:732)
	at com.fasterxml.jackson.databind.ser.std.BeanSerializerBase.serializeFields(BeanSerializerBase.java:772)
	at com.fasterxml.jackson.databind.ser.BeanSerializer.serialize(BeanSerializer.java:178)
	at com.fasterxml.jackson.databind.ser.BeanPropertyWriter.serializeAsField(BeanPropertyWriter.java:732)
	at com.fasterxml.jackson.databind.ser.std.BeanSerializerBase.serializeFields(BeanSerializerBase.java:772)
	at com.fasterxml.jackson.databind.ser.BeanSerializer.serialize(BeanSerializer.java:178)
	at com.fasterxml.jackson.databind.ser.impl.IndexedListSerializer.serializeContents(IndexedListSerializer.java:119)
	at com.fasterxml.jackson.databind.ser.impl.IndexedListSerializer.serialize(IndexedListSerializer.java:79)
	at com.fasterxml.jackson.databind.ser.impl.IndexedListSerializer.serialize(IndexedListSerializer.java:18)
	at com.fasterxml.jackson.databind.ser.BeanPropertyWriter.serializeAsField(BeanPropertyWriter.java:732)
	at com.fasterxml.jackson.databind.ser.std.BeanSerializerBase.serializeFields(BeanSerializerBase.java:772)
	at com.fasterxml.jackson.databind.ser.BeanSerializer.serialize(BeanSerializer.java:178)
	at com.fasterxml.jackson.databind.ser.BeanPropertyWriter.serializeAsField(BeanPropertyWriter.java:732)
	at com.fasterxml.jackson.databind.ser.std.BeanSerializerBase.serializeFields(BeanSerializerBase.java:772)
	at com.fasterxml.jackson.databind.ser.BeanSerializer.serialize(BeanSerializer.java:178)
	at com.fasterxml.jackson.databind.ser.impl.IndexedListSerializer.serializeContents(IndexedListSerializer.java:119)
	at com.fasterxml.jackson.databind.ser.impl.IndexedListSerializer.serialize(IndexedListSerializer.java:79)
	at com.fasterxml.jackson.databind.ser.impl.IndexedListSerializer.serialize(IndexedListSerializer.java:18)
	at com.fasterxml.jackson.databind.ser.BeanPropertyWriter.serializeAsField(BeanPropertyWriter.java:732)
	at com.fasterxml.jackson.databind.ser.std.BeanSerializerBase.serializeFields(BeanSerializerBase.java:772)
	at com.fasterxml.jackson.databind.ser.BeanSerializer.serialize(BeanSerializer.java:178)
	at com.fasterxml.jackson.databind.ser.BeanPropertyWriter.serializeAsField(BeanPropertyWriter.java:732)
	at com.fasterxml.jackson.databind.ser.std.BeanSerializerBase.serializeFields(BeanSerializerBase.java:772)
	at com.fasterxml.jackson.databind.ser.BeanSerializer.serialize(BeanSerializer.java:178)
	at com.fasterxml.jackson.databind.ser.impl.IndexedListSerializer.serializeContents(IndexedListSerializer.java:119)
	at com.fasterxml.jackson.databind.ser.impl.IndexedListSerializer.serialize(IndexedListSerializer.java:79)
	at com.fasterxml.jackson.databind.ser.impl.IndexedListSerializer.serialize(IndexedListSerializer.java:18)
	at com.fasterxml.jackson.databind.ser.BeanPropertyWriter.serializeAsField(BeanPropertyWriter.java:732)
	at com.fasterxml.jackson.databind.ser.std.BeanSerializerBase.serializeFields(BeanSerializerBase.java:772)
	at com.fasterxml.jackson.databind.ser.BeanSerializer.serialize(BeanSerializer.java:178)
	at com.fasterxml.jackson.databind.ser.BeanPropertyWriter.serializeAsField(BeanPropertyWriter.java:732)
	at com.fasterxml.jackson.databind.ser.std.BeanSerializerBase.serializeFields(BeanSerializerBase.java:772)
	at com.fasterxml.jackson.databind.ser.BeanSerializer.serialize(BeanSerializer.java:178)
	at com.fasterxml.jackson.databind.ser.impl.IndexedListSerializer.serializeContents(IndexedListSerializer.java:119)
	at com.fasterxml.jackson.databind.ser.impl.IndexedListSerializer.serialize(IndexedListSerializer.java:79)
	at com.fasterxml.jackson.databind.ser.impl.IndexedListSerializer.serialize(IndexedListSerializer.java:18)
	at com.fasterxml.jackson.databind.ser.BeanPropertyWriter.serializeAsField(BeanPropertyWriter.java:732)
	at com.fasterxml.jackson.databind.ser.std.BeanSerializerBase.serializeFields(BeanSerializerBase.java:772)
	at com.fasterxml.jackson.databind.ser.BeanSerializer.serialize(BeanSerializer.java:178)
	at com.fasterxml.jackson.databind.ser.BeanPropertyWriter.serializeAsField(BeanPropertyWriter.java:732)
	at com.fasterxml.jackson.databind.ser.std.BeanSerializerBase.serializeFields(BeanSerializerBase.java:772)
	at com.fasterxml.jackson.databind.ser.BeanSerializer.serialize(BeanSerializer.java:178)
	at com.fasterxml.jackson.databind.ser.impl.IndexedListSerializer.serializeContents(IndexedListSerializer.java:119)
	at com.fasterxml.jackson.databind.ser.impl.IndexedListSerializer.serialize(IndexedListSerializer.java:79)
	at com.fasterxml.jackson.databind.ser.impl.IndexedListSerializer.serialize(IndexedListSerializer.java:18)
	at com.fasterxml.jackson.databind.ser.BeanPropertyWriter.serializeAsField(BeanPropertyWriter.java:732)
	at com.fasterxml.jackson.databind.ser.std.BeanSerializerBase.serializeFields(BeanSerializerBase.java:772)
	at com.fasterxml.jackson.databind.ser.BeanSerializer.serialize(BeanSerializer.java:178)
	at com.fasterxml.jackson.databind.ser.BeanPropertyWriter.serializeAsField(BeanPropertyWriter.java:732)
	at com.fasterxml.jackson.databind.ser.std.BeanSerializerBase.serializeFields(BeanSerializerBase.java:772)
	at com.fasterxml.jackson.databind.ser.BeanSerializer.serialize(BeanSerializer.java:178)
	at com.fasterxml.jackson.databind.ser.impl.IndexedListSerializer.serializeContents(IndexedListSerializer.java:119)
	at com.fasterxml.jackson.databind.ser.impl.IndexedListSerializer.serialize(IndexedListSerializer.java:79)
	at com.fasterxml.jackson.databind.ser.impl.IndexedListSerializer.serialize(IndexedListSerializer.java:18)
	at com.fasterxml.jackson.databind.ser.BeanPropertyWriter.serializeAsField(BeanPropertyWriter.java:732)
	at com.fasterxml.jackson.databind.ser.std.BeanSerializerBase.serializeFields(BeanSerializerBase.java:772)
	at com.fasterxml.jackson.databind.ser.BeanSerializer.serialize(BeanSerializer.java:178)
	at com.fasterxml.jackson.databind.ser.BeanPropertyWriter.serializeAsField(BeanPropertyWriter.java:732)
	at com.fasterxml.jackson.databind.ser.std.BeanSerializerBase.serializeFields(BeanSerializerBase.java:772)
	at com.fasterxml.jackson.databind.ser.BeanSerializer.serialize(BeanSerializer.java:178)
	at com.fasterxml.jackson.databind.ser.impl.IndexedListSerializer.serializeContents(IndexedListSerializer.java:119)
	at com.fasterxml.jackson.databind.ser.impl.IndexedListSerializer.serialize(IndexedListSerializer.java:79)
	at com.fasterxml.jackson.databind.ser.impl.IndexedListSerializer.serialize(IndexedListSerializer.java:18)
	at com.fasterxml.jackson.databind.ser.BeanPropertyWriter.serializeAsField(BeanPropertyWriter.java:732)
	at com.fasterxml.jackson.databind.ser.std.BeanSerializerBase.serializeFields(BeanSerializerBase.java:772)
	at com.fasterxml.jackson.databind.ser.BeanSerializer.serialize(BeanSerializer.java:178)
	at com.fasterxml.jackson.databind.ser.BeanPropertyWriter.serializeAsField(BeanPropertyWriter.java:732)
	at com.fasterxml.jackson.databind.ser.std.BeanSerializerBase.serializeFields(BeanSerializerBase.java:772)
	at com.fasterxml.jackson.databind.ser.BeanSerializer.serialize(BeanSerializer.java:178)
	at com.fasterxml.jackson.databind.ser.impl.IndexedListSerializer.serializeContents(IndexedListSerializer.java:119)
	at com.fasterxml.jackson.databind.ser.impl.IndexedListSerializer.serialize(IndexedListSerializer.java:79)
	at com.fasterxml.jackson.databind.ser.impl.IndexedListSerializer.serialize(IndexedListSerializer.java:18)
	at com.fasterxml.jackson.databind.ser.BeanPropertyWriter.serializeAsField(BeanPropertyWriter.java:732)
	at com.fasterxml.jackson.databind.ser.std.BeanSerializerBase.serializeFields(BeanSerializerBase.java:772)
	at com.fasterxml.jackson.databind.ser.BeanSerializer.serialize(BeanSerializer.java:178)
	at com.fasterxml.jackson.databind.ser.BeanPropertyWriter.serializeAsField(BeanPropertyWriter.java:732)
	at com.fasterxml.jackson.databind.ser.std.BeanSerializerBase.serializeFields(BeanSerializerBase.java:772)
	at com.fasterxml.jackson.databind.ser.BeanSerializer.serialize(BeanSerializer.java:178)
	at com.fasterxml.jackson.databind.ser.impl.IndexedListSerializer.serializeContents(IndexedListSerializer.java:119)
	at com.fasterxml.jackson.databind.ser.impl.IndexedListSerializer.serialize(IndexedListSerializer.java:79)
	at com.fasterxml.jackson.databind.ser.impl.IndexedListSerializer.serialize(IndexedListSerializer.java:18)
	at com.fasterxml.jackson.databind.ser.BeanPropertyWriter.serializeAsField(BeanPropertyWriter.java:732)
	at com.fasterxml.jackson.databind.ser.std.BeanSerializerBase.serializeFields(BeanSerializerBase.java:772)
	at com.fasterxml.jackson.databind.ser.BeanSerializer.serialize(BeanSerializer.java:178)
	at com.fasterxml.jackson.databind.ser.BeanPropertyWriter.serializeAsField(BeanPropertyWriter.java:732)
	at com.fasterxml.jackson.databind.ser.std.BeanSerializerBase.serializeFields(BeanSerializerBase.java:772)
	at com.fasterxml.jackson.databind.ser.BeanSerializer.serialize(BeanSerializer.java:178)
	at com.fasterxml.jackson.databind.ser.impl.IndexedListSerializer.serializeContents(IndexedListSerializer.java:119)
	at com.fasterxml.jackson.databind.ser.impl.IndexedListSerializer.serialize(IndexedListSerializer.java:79)
	at com.fasterxml.jackson.databind.ser.impl.IndexedListSerializer.serialize(IndexedListSerializer.java:18)
	at com.fasterxml.jackson.databind.ser.BeanPropertyWriter.serializeAsField(BeanPropertyWriter.java:732)
	at com.fasterxml.jackson.databind.ser.std.BeanSerializerBase.serializeFields(BeanSerializerBase.java:772)
	at com.fasterxml.jackson.databind.ser.BeanSerializer.serialize(BeanSerializer.java:178)
	at com.fasterxml.jackson.databind.ser.BeanPropertyWriter.serializeAsField(BeanPropertyWriter.java:732)
	at com.fasterxml.jackson.databind.ser.std.BeanSerializerBase.serializeFields(BeanSerializerBase.java:772)
	at com.fasterxml.jackson.databind.ser.BeanSerializer.serialize(BeanSerializer.java:178)
	at com.fasterxml.jackson.databind.ser.impl.IndexedListSerializer.serializeContents(IndexedListSerializer.java:119)
	at com.fasterxml.jackson.databind.ser.impl.IndexedListSerializer.serialize(IndexedListSerializer.java:79)
	at com.fasterxml.jackson.databind.ser.impl.IndexedListSerializer.serialize(IndexedListSerializer.java:18)
	at com.fasterxml.jackson.databind.ser.BeanPropertyWriter.serializeAsField(BeanPropertyWriter.java:732)
	at com.fasterxml.jackson.databind.ser.std.BeanSerializerBase.serializeFields(BeanSerializerBase.java:772)
	at com.fasterxml.jackson.databind.ser.BeanSerializer.serialize(BeanSerializer.java:178)
	at com.fasterxml.jackson.databind.ser.BeanPropertyWriter.serializeAsField(BeanPropertyWriter.java:732)
	at com.fasterxml.jackson.databind.ser.std.BeanSerializerBase.serializeFields(BeanSerializerBase.java:772)
	at com.fasterxml.jackson.databind.ser.BeanSerializer.serialize(BeanSerializer.java:178)
	at com.fasterxml.jackson.databind.ser.impl.IndexedListSerializer.serializeContents(IndexedListSerializer.java:119)
	at com.fasterxml.jackson.databind.ser.impl.IndexedListSerializer.serialize(IndexedListSerializer.java:79)
	at com.fasterxml.jackson.databind.ser.impl.IndexedListSerializer.serialize(IndexedListSerializer.java:18)
	at com.fasterxml.jackson.databind.ser.BeanPropertyWriter.serializeAsField(BeanPropertyWriter.java:732)
	at com.fasterxml.jackson.databind.ser.std.BeanSerializerBase.serializeFields(BeanSerializerBase.java:772)
	at com.fasterxml.jackson.databind.ser.BeanSerializer.serialize(BeanSerializer.java:178)
	at com.fasterxml.jackson.databind.ser.BeanPropertyWriter.serializeAsField(BeanPropertyWriter.java:732)
	at com.fasterxml.jackson.databind.ser.std.BeanSerializerBase.serializeFields(BeanSerializerBase.java:772)
	at com.fasterxml.jackson.databind.ser.BeanSerializer.serialize(BeanSerializer.java:178)
	at com.fasterxml.jackson.databind.ser.impl.IndexedListSerializer.serializeContents(IndexedListSerializer.java:119)
	at com.fasterxml.jackson.databind.ser.impl.IndexedListSerializer.serialize(IndexedListSerializer.java:79)
	at com.fasterxml.jackson.databind.ser.impl.IndexedListSerializer.serialize(IndexedListSerializer.java:18)
	at com.fasterxml.jackson.databind.ser.BeanPropertyWriter.serializeAsField(BeanPropertyWriter.java:732)
	at com.fasterxml.jackson.databind.ser.std.BeanSerializerBase.serializeFields(BeanSerializerBase.java:772)
	at com.fasterxml.jackson.databind.ser.BeanSerializer.serialize(BeanSerializer.java:178)
	at com.fasterxml.jackson.databind.ser.BeanPropertyWriter.serializeAsField(BeanPropertyWriter.java:732)
	at com.fasterxml.jackson.databind.ser.std.BeanSerializerBase.serializeFields(BeanSerializerBase.java:772)
	at com.fasterxml.jackson.databind.ser.BeanSerializer.serialize(BeanSerializer.java:178)
	at com.fasterxml.jackson.databind.ser.impl.IndexedListSerializer.serializeContents(IndexedListSerializer.java:119)
	at com.fasterxml.jackson.databind.ser.impl.IndexedListSerializer.serialize(IndexedListSerializer.java:79)
	at com.fasterxml.jackson.databind.ser.impl.IndexedListSerializer.serialize(IndexedListSerializer.java:18)
	at com.fasterxml.jackson.databind.ser.BeanPropertyWriter.serializeAsField(BeanPropertyWriter.java:732)
	at com.fasterxml.jackson.databind.ser.std.BeanSerializerBase.serializeFields(BeanSerializerBase.java:772)
	at com.fasterxml.jackson.databind.ser.BeanSerializer.serialize(BeanSerializer.java:178)
	at com.fasterxml.jackson.databind.ser.BeanPropertyWriter.serializeAsField(BeanPropertyWriter.java:732)
	at com.fasterxml.jackson.databind.ser.std.BeanSerializerBase.serializeFields(BeanSerializerBase.java:772)
	at com.fasterxml.jackson.databind.ser.BeanSerializer.serialize(BeanSerializer.java:178)
	at com.fasterxml.jackson.databind.ser.impl.IndexedListSerializer.serializeContents(IndexedListSerializer.java:119)
	at com.fasterxml.jackson.databind.ser.impl.IndexedListSerializer.serialize(IndexedListSerializer.java:79)
	at com.fasterxml.jackson.databind.ser.impl.IndexedListSerializer.serialize(IndexedListSerializer.java:18)
	at com.fasterxml.jackson.databind.ser.BeanPropertyWriter.serializeAsField(BeanPropertyWriter.java:732)
	at com.fasterxml.jackson.databind.ser.std.BeanSerializerBase.serializeFields(BeanSerializerBase.java:772)
	at com.fasterxml.jackson.databind.ser.BeanSerializer.serialize(BeanSerializer.java:178)
	at com.fasterxml.jackson.databind.ser.BeanPropertyWriter.serializeAsField(BeanPropertyWriter.java:732)
	at com.fasterxml.jackson.databind.ser.std.BeanSerializerBase.serializeFields(BeanSerializerBase.java:772)
	at com.fasterxml.jackson.databind.ser.BeanSerializer.serialize(BeanSerializer.java:178)
	at com.fasterxml.jackson.databind.ser.impl.IndexedListSerializer.serializeContents(IndexedListSerializer.java:119)
	at com.fasterxml.jackson.databind.ser.impl.IndexedListSerializer.serialize(IndexedListSerializer.java:79)
	at com.fasterxml.jackson.databind.ser.impl.IndexedListSerializer.serialize(IndexedListSerializer.java:18)
	at com.fasterxml.jackson.databind.ser.BeanPropertyWriter.serializeAsField(BeanPropertyWriter.java:732)
	at com.fasterxml.jackson.databind.ser.std.BeanSerializerBase.serializeFields(BeanSerializerBase.java:772)
	at com.fasterxml.jackson.databind.ser.BeanSerializer.serialize(BeanSerializer.java:178)
	at com.fasterxml.jackson.databind.ser.BeanPropertyWriter.serializeAsField(BeanPropertyWriter.java:732)
	at com.fasterxml.jackson.databind.ser.std.BeanSerializerBase.serializeFields(BeanSerializerBase.java:772)
	at com.fasterxml.jackson.databind.ser.BeanSerializer.serialize(BeanSerializer.java:178)
	at com.fasterxml.jackson.databind.ser.impl.IndexedListSerializer.serializeContents(IndexedListSerializer.java:119)
	at com.fasterxml.jackson.databind.ser.impl.IndexedListSerializer.serialize(IndexedListSerializer.java:79)
	at com.fasterxml.jackson.databind.ser.impl.IndexedListSerializer.serialize(IndexedListSerializer.java:18)
	at com.fasterxml.jackson.databind.ser.BeanPropertyWriter.serializeAsField(BeanPropertyWriter.java:732)
	at com.fasterxml.jackson.databind.ser.std.BeanSerializerBase.serializeFields(BeanSerializerBase.java:772)
	at com.fasterxml.jackson.databind.ser.BeanSerializer.serialize(BeanSerializer.java:178)
	at com.fasterxml.jackson.databind.ser.BeanPropertyWriter.serializeAsField(BeanPropertyWriter.java:732)
	at com.fasterxml.jackson.databind.ser.std.BeanSerializerBase.serializeFields(BeanSerializerBase.java:772)
	at com.fasterxml.jackson.databind.ser.BeanSerializer.serialize(BeanSerializer.java:178)
	at com.fasterxml.jackson.databind.ser.impl.IndexedListSerializer.serializeContents(IndexedListSerializer.java:119)
	at com.fasterxml.jackson.databind.ser.impl.IndexedListSerializer.serialize(IndexedListSerializer.java:79)
	at com.fasterxml.jackson.databind.ser.impl.IndexedListSerializer.serialize(IndexedListSerializer.java:18)
	at com.fasterxml.jackson.databind.ser.BeanPropertyWriter.serializeAsField(BeanPropertyWriter.java:732)
	at com.fasterxml.jackson.databind.ser.std.BeanSerializerBase.serializeFields(BeanSerializerBase.java:772)
Caused by: java.lang.StackOverflowError
	at java.base/java.lang.Exception.<init>(Exception.java:85)
	at java.base/java.io.IOException.<init>(IOException.java:80)
	at com.fasterxml.jackson.core.JacksonException.<init>(JacksonException.java:26)
	at com.fasterxml.jackson.core.JsonProcessingException.<init>(JsonProcessingException.java:25)
	at com.fasterxml.jackson.databind.DatabindException.<init>(DatabindException.java:22)
	at com.fasterxml.jackson.databind.DatabindException.<init>(DatabindException.java:34)
	at com.fasterxml.jackson.databind.JsonMappingException.<init>(JsonMappingException.java:247)
	at com.fasterxml.jackson.databind.ser.std.BeanSerializerBase.serializeFields(BeanSerializerBase.java:787)
	at com.fasterxml.jackson.databind.ser.BeanSerializer.serialize(BeanSerializer.java:178)
	at com.fasterxml.jackson.databind.ser.BeanPropertyWriter.serializeAsField(BeanPropertyWriter.java:732)
	at com.fasterxml.jackson.databind.ser.std.BeanSerializerBase.serializeFields(BeanSerializerBase.java:772)
	at com.fasterxml.jackson.databind.ser.BeanSerializer.serialize(BeanSerializer.java:178)
	at com.fasterxml.jackson.databind.ser.impl.IndexedListSerializer.serializeContents(IndexedListSerializer.java:119)
	at com.fasterxml.jackson.databind.ser.impl.IndexedListSerializer.serialize(IndexedListSerializer.java:79)
	at com.fasterxml.jackson.databind.ser.impl.IndexedListSerializer.serialize(IndexedListSerializer.java:18)
	at com.fasterxml.jackson.databind.ser.BeanPropertyWriter.serializeAsField(BeanPropertyWriter.java:732)
	at com.fasterxml.jackson.databind.ser.std.BeanSerializerBase.serializeFields(BeanSerializerBase.java:772)
	at com.fasterxml.jackson.databind.ser.BeanSerializer.serialize(BeanSerializer.java:178)
	at com.fasterxml.jackson.databind.ser.BeanPropertyWriter.serializeAsField(BeanPropertyWriter.java:732)
	at com.fasterxml.jackson.databind.ser.std.BeanSerializerBase.serializeFields(BeanSerializerBase.java:772)
	at com.fasterxml.jackson.databind.ser.BeanSerializer.serialize(BeanSerializer.java:178)
	at com.fasterxml.jackson.databind.ser.impl.IndexedListSerializer.serializeContents(IndexedListSerializer.java:119)
	at com.fasterxml.jackson.databind.ser.impl.IndexedListSerializer.serialize(IndexedListSerializer.java:79)
	at com.fasterxml.jackson.databind.ser.impl.IndexedListSerializer.serialize(IndexedListSerializer.java:18)
	at com.fasterxml.jackson.databind.ser.BeanPropertyWriter.serializeAsField(BeanPropertyWriter.java:732)
	at com.fasterxml.jackson.databind.ser.std.BeanSerializerBase.serializeFields(BeanSerializerBase.java:772)
	at com.fasterxml.jackson.databind.ser.BeanSerializer.serialize(BeanSerializer.java:178)
	at com.fasterxml.jackson.databind.ser.BeanPropertyWriter.serializeAsField(BeanPropertyWriter.java:732)
	at com.fasterxml.jackson.databind.ser.std.BeanSerializerBase.serializeFields(BeanSerializerBase.java:772)
	at com.fasterxml.jackson.databind.ser.BeanSerializer.serialize(BeanSerializer.java:178)
	at com.fasterxml.jackson.databind.ser.impl.IndexedListSerializer.serializeContents(IndexedListSerializer.java:119)
	at com.fasterxml.jackson.databind.ser.impl.IndexedListSerializer.serialize(IndexedListSerializer.java:79)
	at com.fasterxml.jackson.databind.ser.impl.IndexedListSerializer.serialize(IndexedListSerializer.java:18)
	at com.fasterxml.jackson.databind.ser.BeanPropertyWriter.serializeAsField(BeanPropertyWriter.java:732)
	at com.fasterxml.jackson.databind.ser.std.BeanSerializerBase.serializeFields(BeanSerializerBase.java:772)
	at com.fasterxml.jackson.databind.ser.BeanSerializer.serialize(BeanSerializer.java:178)
	at com.fasterxml.jackson.databind.ser.BeanPropertyWriter.serializeAsField(BeanPropertyWriter.java:732)
	at com.fasterxml.jackson.databind.ser.std.BeanSerializerBase.serializeFields(BeanSerializerBase.java:772)
	at com.fasterxml.jackson.databind.ser.BeanSerializer.serialize(BeanSerializer.java:178)
	at com.fasterxml.jackson.databind.ser.impl.IndexedListSerializer.serializeContents(IndexedListSerializer.java:119)
	at com.fasterxml.jackson.databind.ser.impl.IndexedListSerializer.serialize(IndexedListSerializer.java:79)
	at com.fasterxml.jackson.databind.ser.impl.IndexedListSerializer.serialize(IndexedListSerializer.java:18)
	at com.fasterxml.jackson.databind.ser.BeanPropertyWriter.serializeAsField(BeanPropertyWriter.java:732)
	at com.fasterxml.jackson.databind.ser.std.BeanSerializerBase.serializeFields(BeanSerializerBase.java:772)
	at com.fasterxml.jackson.databind.ser.BeanSerializer.serialize(BeanSerializer.java:178)
	at com.fasterxml.jackson.databind.ser.BeanPropertyWriter.serializeAsField(BeanPropertyWriter.java:732)
	at com.fasterxml.jackson.databind.ser.std.BeanSerializerBase.serializeFields(BeanSerializerBase.java:772)
	at com.fasterxml.jackson.databind.ser.BeanSerializer.serialize(BeanSerializer.java:178)
	at com.fasterxml.jackson.databind.ser.impl.IndexedListSerializer.serializeContents(IndexedListSerializer.java:119)
	at com.fasterxml.jackson.databind.ser.impl.IndexedListSerializer.serialize(IndexedListSerializer.java:79)
	at com.fasterxml.jackson.databind.ser.impl.IndexedListSerializer.serialize(IndexedListSerializer.java:18)
	at com.fasterxml.jackson.databind.ser.BeanPropertyWriter.serializeAsField(BeanPropertyWriter.java:732)
	at com.fasterxml.jackson.databind.ser.std.BeanSerializerBase.serializeFields(BeanSerializerBase.java:772)
	at com.fasterxml.jackson.databind.ser.BeanSerializer.serialize(BeanSerializer.java:178)
	at com.fasterxml.jackson.databind.ser.BeanPropertyWriter.serializeAsField(BeanPropertyWriter.java:732)
	at com.fasterxml.jackson.databind.ser.std.BeanSerializerBase.serializeFields(BeanSerializerBase.java:772)
	at com.fasterxml.jackson.databind.ser.BeanSerializer.serialize(BeanSerializer.java:178)
	at com.fasterxml.jackson.databind.ser.impl.IndexedListSerializer.serializeContents(IndexedListSerializer.java:119)
	at com.fasterxml.jackson.databind.ser.impl.IndexedListSerializer.serialize(IndexedListSerializer.java:79)
	at com.fasterxml.jackson.databind.ser.impl.IndexedListSerializer.serialize(IndexedListSerializer.java:18)
	at com.fasterxml.jackson.databind.ser.BeanPropertyWriter.serializeAsField(BeanPropertyWriter.java:732)
	at com.fasterxml.jackson.databind.ser.std.BeanSerializerBase.serializeFields(BeanSerializerBase.java:772)
	at com.fasterxml.jackson.databind.ser.BeanSerializer.serialize(BeanSerializer.java:178)
	at com.fasterxml.jackson.databind.ser.BeanPropertyWriter.serializeAsField(BeanPropertyWriter.java:732)
	at com.fasterxml.jackson.databind.ser.std.BeanSerializerBase.serializeFields(BeanSerializerBase.java:772)
	at com.fasterxml.jackson.databind.ser.BeanSerializer.serialize(BeanSerializer.java:178)
	at com.fasterxml.jackson.databind.ser.impl.IndexedListSerializer.serializeContents(IndexedListSerializer.java:119)
	at com.fasterxml.jackson.databind.ser.impl.IndexedListSerializer.serialize(IndexedListSerializer.java:79)
	at com.fasterxml.jackson.databind.ser.impl.IndexedListSerializer.serialize(IndexedListSerializer.java:18)
	at com.fasterxml.jackson.databind.ser.BeanPropertyWriter.serializeAsField(BeanPropertyWriter.java:732)
	at com.fasterxml.jackson.databind.ser.std.BeanSerializerBase.serializeFields(BeanSerializerBase.java:772)
	at com.fasterxml.jackson.databind.ser.BeanSerializer.serialize(BeanSerializer.java:178)
	at com.fasterxml.jackson.databind.ser.BeanPropertyWriter.serializeAsField(BeanPropertyWriter.java:732)
	at com.fasterxml.jackson.databind.ser.std.BeanSerializerBase.serializeFields(BeanSerializerBase.java:772)
	at com.fasterxml.jackson.databind.ser.BeanSerializer.serialize(BeanSerializer.java:178)
	at com.fasterxml.jackson.databind.ser.impl.IndexedListSerializer.serializeContents(IndexedListSerializer.java:119)
	at com.fasterxml.jackson.databind.ser.impl.IndexedListSerializer.serialize(IndexedListSerializer.java:79)
	at com.fasterxml.jackson.databind.ser.impl.IndexedListSerializer.serialize(IndexedListSerializer.java:18)
	at com.fasterxml.jackson.databind.ser.BeanPropertyWriter.serializeAsField(BeanPropertyWriter.java:732)
	at com.fasterxml.jackson.databind.ser.std.BeanSerializerBase.serializeFields(BeanSerializerBase.java:772)
	at com.fasterxml.jackson.databind.ser.BeanSerializer.serialize(BeanSerializer.java:178)
	at com.fasterxml.jackson.databind.ser.BeanPropertyWriter.serializeAsField(BeanPropertyWriter.java:732)
	at com.fasterxml.jackson.databind.ser.std.BeanSerializerBase.serializeFields(BeanSerializerBase.java:772)
	at com.fasterxml.jackson.databind.ser.BeanSerializer.serialize(BeanSerializer.java:178)
	at com.fasterxml.jackson.databind.ser.impl.IndexedListSerializer.serializeContents(IndexedListSerializer.java:119)
	at com.fasterxml.jackson.databind.ser.impl.IndexedListSerializer.serialize(IndexedListSerializer.java:79)
	at com.fasterxml.jackson.databind.ser.impl.IndexedListSerializer.serialize(IndexedListSerializer.java:18)
	at com.fasterxml.jackson.databind.ser.BeanPropertyWriter.serializeAsField(BeanPropertyWriter.java:732)
	at com.fasterxml.jackson.databind.ser.std.BeanSerializerBase.serializeFields(BeanSerializerBase.java:772)
	at com.fasterxml.jackson.databind.ser.BeanSerializer.serialize(BeanSerializer.java:178)
	at com.fasterxml.jackson.databind.ser.BeanPropertyWriter.serializeAsField(BeanPropertyWriter.java:732)
	at com.fasterxml.jackson.databind.ser.std.BeanSerializerBase.serializeFields(BeanSerializerBase.java:772)
	at com.fasterxml.jackson.databind.ser.BeanSerializer.serialize(BeanSerializer.java:178)
	at com.fasterxml.jackson.databind.ser.impl.IndexedListSerializer.serializeContents(IndexedListSerializer.java:119)
	at com.fasterxml.jackson.databind.ser.impl.IndexedListSerializer.serialize(IndexedListSerializer.java:79)
	at com.fasterxml.jackson.databind.ser.impl.IndexedListSerializer.serialize(IndexedListSerializer.java:18)
	at com.fasterxml.jackson.databind.ser.BeanPropertyWriter.serializeAsField(BeanPropertyWriter.java:732)
	at com.fasterxml.jackson.databind.ser.std.BeanSerializerBase.serializeFields(BeanSerializerBase.java:772)
	at com.fasterxml.jackson.databind.ser.BeanSerializer.serialize(BeanSerializer.java:178)
	at com.fasterxml.jackson.databind.ser.BeanPropertyWriter.serializeAsField(BeanPropertyWriter.java:732)
	at com.fasterxml.jackson.databind.ser.std.BeanSerializerBase.serializeFields(BeanSerializerBase.java:772)
	at com.fasterxml.jackson.databind.ser.BeanSerializer.serialize(BeanSerializer.java:178)
	at com.fasterxml.jackson.databind.ser.impl.IndexedListSerializer.serializeContents(IndexedListSerializer.java:119)
	at com.fasterxml.jackson.databind.ser.impl.IndexedListSerializer.serialize(IndexedListSerializer.java:79)
	at com.fasterxml.jackson.databind.ser.impl.IndexedListSerializer.serialize(IndexedListSerializer.java:18)
	at com.fasterxml.jackson.databind.ser.BeanPropertyWriter.serializeAsField(BeanPropertyWriter.java:732)
	at com.fasterxml.jackson.databind.ser.std.BeanSerializerBase.serializeFields(BeanSerializerBase.java:772)
	at com.fasterxml.jackson.databind.ser.BeanSerializer.serialize(BeanSerializer.java:178)
	at com.fasterxml.jackson.databind.ser.BeanPropertyWriter.serializeAsField(BeanPropertyWriter.java:732)
	at com.fasterxml.jackson.databind.ser.std.BeanSerializerBase.serializeFields(BeanSerializerBase.java:772)
	at com.fasterxml.jackson.databind.ser.BeanSerializer.serialize(BeanSerializer.java:178)
	at com.fasterxml.jackson.databind.ser.impl.IndexedListSerializer.serializeContents(IndexedListSerializer.java:119)
	at com.fasterxml.jackson.databind.ser.impl.IndexedListSerializer.serialize(IndexedListSerializer.java:79)
	at com.fasterxml.jackson.databind.ser.impl.IndexedListSerializer.serialize(IndexedListSerializer.java:18)
	at com.fasterxml.jackson.databind.ser.BeanPropertyWriter.serializeAsField(BeanPropertyWriter.java:732)
	at com.fasterxml.jackson.databind.ser.std.BeanSerializerBase.serializeFields(BeanSerializerBase.java:772)
	at com.fasterxml.jackson.databind.ser.BeanSerializer.serialize(BeanSerializer.java:178)
	at com.fasterxml.jackson.databind.ser.BeanPropertyWriter.serializeAsField(BeanPropertyWriter.java:732)
	at com.fasterxml.jackson.databind.ser.std.BeanSerializerBase.serializeFields(BeanSerializerBase.java:772)
	at com.fasterxml.jackson.databind.ser.BeanSerializer.serialize(BeanSerializer.java:178)
	at com.fasterxml.jackson.databind.ser.impl.IndexedListSerializer.serializeContents(IndexedListSerializer.java:119)
	at com.fasterxml.jackson.databind.ser.impl.IndexedListSerializer.serialize(IndexedListSerializer.java:79)
	at com.fasterxml.jackson.databind.ser.impl.IndexedListSerializer.serialize(IndexedListSerializer.java:18)
	at com.fasterxml.jackson.databind.ser.BeanPropertyWriter.serializeAsField(BeanPropertyWriter.java:732)
	at com.fasterxml.jackson.databind.ser.std.BeanSerializerBase.serializeFields(BeanSerializerBase.java:772)
	at com.fasterxml.jackson.databind.ser.BeanSerializer.serialize(BeanSerializer.java:178)
	at com.fasterxml.jackson.databind.ser.BeanPropertyWriter.serializeAsField(BeanPropertyWriter.java:732)
	at com.fasterxml.jackson.databind.ser.std.BeanSerializerBase.serializeFields(BeanSerializerBase.java:772)
	at com.fasterxml.jackson.databind.ser.BeanSerializer.serialize(BeanSerializer.java:178)
	at com.fasterxml.jackson.databind.ser.impl.IndexedListSerializer.serializeContents(IndexedListSerializer.java:119)
	at com.fasterxml.jackson.databind.ser.impl.IndexedListSerializer.serialize(IndexedListSerializer.java:79)
	at com.fasterxml.jackson.databind.ser.impl.IndexedListSerializer.serialize(IndexedListSerializer.java:18)
	at com.fasterxml.jackson.databind.ser.BeanPropertyWriter.serializeAsField(BeanPropertyWriter.java:732)
	at com.fasterxml.jackson.databind.ser.std.BeanSerializerBase.serializeFields(BeanSerializerBase.java:772)
	at com.fasterxml.jackson.databind.ser.BeanSerializer.serialize(BeanSerializer.java:178)
	at com.fasterxml.jackson.databind.ser.BeanPropertyWriter.serializeAsField(BeanPropertyWriter.java:732)
	at com.fasterxml.jackson.databind.ser.std.BeanSerializerBase.serializeFields(BeanSerializerBase.java:772)
	at com.fasterxml.jackson.databind.ser.BeanSerializer.serialize(BeanSerializer.java:178)
	at com.fasterxml.jackson.databind.ser.impl.IndexedListSerializer.serializeContents(IndexedListSerializer.java:119)
	at com.fasterxml.jackson.databind.ser.impl.IndexedListSerializer.serialize(IndexedListSerializer.java:79)
	at com.fasterxml.jackson.databind.ser.impl.IndexedListSerializer.serialize(IndexedListSerializer.java:18)
	at com.fasterxml.jackson.databind.ser.BeanPropertyWriter.serializeAsField(BeanPropertyWriter.java:732)
	at com.fasterxml.jackson.databind.ser.std.BeanSerializerBase.serializeFields(BeanSerializerBase.java:772)
	at com.fasterxml.jackson.databind.ser.BeanSerializer.serialize(BeanSerializer.java:178)
	at com.fasterxml.jackson.databind.ser.BeanPropertyWriter.serializeAsField(BeanPropertyWriter.java:732)
	at com.fasterxml.jackson.databind.ser.std.BeanSerializerBase.serializeFields(BeanSerializerBase.java:772)
	at com.fasterxml.jackson.databind.ser.BeanSerializer.serialize(BeanSerializer.java:178)
	at com.fasterxml.jackson.databind.ser.impl.IndexedListSerializer.serializeContents(IndexedListSerializer.java:119)
	at com.fasterxml.jackson.databind.ser.impl.IndexedListSerializer.serialize(IndexedListSerializer.java:79)
	at com.fasterxml.jackson.databind.ser.impl.IndexedListSerializer.serialize(IndexedListSerializer.java:18)
	at com.fasterxml.jackson.databind.ser.BeanPropertyWriter.serializeAsField(BeanPropertyWriter.java:732)
	at com.fasterxml.jackson.databind.ser.std.BeanSerializerBase.serializeFields(BeanSerializerBase.java:772)
	at com.fasterxml.jackson.databind.ser.BeanSerializer.serialize(BeanSerializer.java:178)
	at com.fasterxml.jackson.databind.ser.BeanPropertyWriter.serializeAsField(BeanPropertyWriter.java:732)
	at com.fasterxml.jackson.databind.ser.std.BeanSerializerBase.serializeFields(BeanSerializerBase.java:772)
	at com.fasterxml.jackson.databind.ser.BeanSerializer.serialize(BeanSerializer.java:178)
	at com.fasterxml.jackson.databind.ser.impl.IndexedListSerializer.serializeContents(IndexedListSerializer.java:119)
	at com.fasterxml.jackson.databind.ser.impl.IndexedListSerializer.serialize(IndexedListSerializer.java:79)
	at com.fasterxml.jackson.databind.ser.impl.IndexedListSerializer.serialize(IndexedListSerializer.java:18)
	at com.fasterxml.jackson.databind.ser.BeanPropertyWriter.serializeAsField(BeanPropertyWriter.java:732)
	at com.fasterxml.jackson.databind.ser.std.BeanSerializerBase.serializeFields(BeanSerializerBase.java:772)
	at com.fasterxml.jackson.databind.ser.BeanSerializer.serialize(BeanSerializer.java:178)
	at com.fasterxml.jackson.databind.ser.BeanPropertyWriter.serializeAsField(BeanPropertyWriter.java:732)
	at com.fasterxml.jackson.databind.ser.std.BeanSerializerBase.serializeFields(BeanSerializerBase.java:772)
	at com.fasterxml.jackson.databind.ser.BeanSerializer.serialize(BeanSerializer.java:178)
	at com.fasterxml.jackson.databind.ser.impl.IndexedListSerializer.serializeContents(IndexedListSerializer.java:119)
	at com.fasterxml.jackson.databind.ser.impl.IndexedListSerializer.serialize(IndexedListSerializer.java:79)
	at com.fasterxml.jackson.databind.ser.impl.IndexedListSerializer.serialize(IndexedListSerializer.java:18)
	at com.fasterxml.jackson.databind.ser.BeanPropertyWriter.serializeAsField(BeanPropertyWriter.java:732)
	at com.fasterxml.jackson.databind.ser.std.BeanSerializerBase.serializeFields(BeanSerializerBase.java:772)
	at com.fasterxml.jackson.databind.ser.BeanSerializer.serialize(BeanSerializer.java:178)
	at com.fasterxml.jackson.databind.ser.BeanPropertyWriter.serializeAsField(BeanPropertyWriter.java:732)
	at com.fasterxml.jackson.databind.ser.std.BeanSerializerBase.serializeFields(BeanSerializerBase.java:772)
	at com.fasterxml.jackson.databind.ser.BeanSerializer.serialize(BeanSerializer.java:178)
	at com.fasterxml.jackson.databind.ser.impl.IndexedListSerializer.serializeContents(IndexedListSerializer.java:119)
	at com.fasterxml.jackson.databind.ser.impl.IndexedListSerializer.serialize(IndexedListSerializer.java:79)
	at com.fasterxml.jackson.databind.ser.impl.IndexedListSerializer.serialize(IndexedListSerializer.java:18)
	at com.fasterxml.jackson.databind.ser.BeanPropertyWriter.serializeAsField(BeanPropertyWriter.java:732)
	at com.fasterxml.jackson.databind.ser.std.BeanSerializerBase.serializeFields(BeanSerializerBase.java:772)
	at com.fasterxml.jackson.databind.ser.BeanSerializer.serialize(BeanSerializer.java:178)
	at com.fasterxml.jackson.databind.ser.BeanPropertyWriter.serializeAsField(BeanPropertyWriter.java:732)
	at com.fasterxml.jackson.databind.ser.std.BeanSerializerBase.serializeFields(BeanSerializerBase.java:772)
	at com.fasterxml.jackson.databind.ser.BeanSerializer.serialize(BeanSerializer.java:178)
	at com.fasterxml.jackson.databind.ser.impl.IndexedListSerializer.serializeContents(IndexedListSerializer.java:119)
	at com.fasterxml.jackson.databind.ser.impl.IndexedListSerializer.serialize(IndexedListSerializer.java:79)
	at com.fasterxml.jackson.databind.ser.impl.IndexedListSerializer.serialize(IndexedListSerializer.java:18)
	at com.fasterxml.jackson.databind.ser.BeanPropertyWriter.serializeAsField(BeanPropertyWriter.java:732)
	at com.fasterxml.jackson.databind.ser.std.BeanSerializerBase.serializeFields(BeanSerializerBase.java:772)
	at com.fasterxml.jackson.databind.ser.BeanSerializer.serialize(BeanSerializer.java:178)
	at com.fasterxml.jackson.databind.ser.BeanPropertyWriter.serializeAsField(BeanPropertyWriter.java:732)
	at com.fasterxml.jackson.databind.ser.std.BeanSerializerBase.serializeFields(BeanSerializerBase.java:772)
	at com.fasterxml.jackson.databind.ser.BeanSerializer.serialize(BeanSerializer.java:178)
	at com.fasterxml.jackson.databind.ser.impl.IndexedListSerializer.serializeContents(IndexedListSerializer.java:119)
	at com.fasterxml.jackson.databind.ser.impl.IndexedListSerializer.serialize(IndexedListSerializer.java:79)
	at com.fasterxml.jackson.databind.ser.impl.IndexedListSerializer.serialize(IndexedListSerializer.java:18)
	at com.fasterxml.jackson.databind.ser.BeanPropertyWriter.serializeAsField(BeanPropertyWriter.java:732)
	at com.fasterxml.jackson.databind.ser.std.BeanSerializerBase.serializeFields(BeanSerializerBase.java:772)
	at com.fasterxml.jackson.databind.ser.BeanSerializer.serialize(BeanSerializer.java:178)
	at com.fasterxml.jackson.databind.ser.BeanPropertyWriter.serializeAsField(BeanPropertyWriter.java:732)
	at com.fasterxml.jackson.databind.ser.std.BeanSerializerBase.serializeFields(BeanSerializerBase.java:772)
	at com.fasterxml.jackson.databind.ser.BeanSerializer.serialize(BeanSerializer.java:178)
	at com.fasterxml.jackson.databind.ser.impl.IndexedListSerializer.serializeContents(IndexedListSerializer.java:119)
	at com.fasterxml.jackson.databind.ser.impl.IndexedListSerializer.serialize(IndexedListSerializer.java:79)
	at com.fasterxml.jackson.databind.ser.impl.IndexedListSerializer.serialize(IndexedListSerializer.java:18)
	at com.fasterxml.jackson.databind.ser.BeanPropertyWriter.serializeAsField(BeanPropertyWriter.java:732)
	at com.fasterxml.jackson.databind.ser.std.BeanSerializerBase.serializeFields(BeanSerializerBase.java:772)
	at com.fasterxml.jackson.databind.ser.BeanSerializer.serialize(BeanSerializer.java:178)
	at com.fasterxml.jackson.databind.ser.BeanPropertyWriter.serializeAsField(BeanPropertyWriter.java:732)
	at com.fasterxml.jackson.databind.ser.std.BeanSerializerBase.serializeFields(BeanSerializerBase.java:772)
	at com.fasterxml.jackson.databind.ser.BeanSerializer.serialize(BeanSerializer.java:178)
	at com.fasterxml.jackson.databind.ser.impl.IndexedListSerializer.serializeContents(IndexedListSerializer.java:119)
	at com.fasterxml.jackson.databind.ser.impl.IndexedListSerializer.serialize(IndexedListSerializer.java:79)
	at com.fasterxml.jackson.databind.ser.impl.IndexedListSerializer.serialize(IndexedListSerializer.java:18)
	at com.fasterxml.jackson.databind.ser.BeanPropertyWriter.serializeAsField(BeanPropertyWriter.java:732)
	at com.fasterxml.jackson.databind.ser.std.BeanSerializerBase.serializeFields(BeanSerializerBase.java:772)
	at com.fasterxml.jackson.databind.ser.BeanSerializer.serialize(BeanSerializer.java:178)
	at com.fasterxml.jackson.databind.ser.BeanPropertyWriter.serializeAsField(BeanPropertyWriter.java:732)
	at com.fasterxml.jackson.databind.ser.std.BeanSerializerBase.serializeFields(BeanSerializerBase.java:772)
	at com.fasterxml.jackson.databind.ser.BeanSerializer.serialize(BeanSerializer.java:178)
	at com.fasterxml.jackson.databind.ser.impl.IndexedListSerializer.serializeContents(IndexedListSerializer.java:119)
	at com.fasterxml.jackson.databind.ser.impl.IndexedListSerializer.serialize(IndexedListSerializer.java:79)
	at com.fasterxml.jackson.databind.ser.impl.IndexedListSerializer.serialize(IndexedListSerializer.java:18)
	at com.fasterxml.jackson.databind.ser.BeanPropertyWriter.serializeAsField(BeanPropertyWriter.java:732)
	at com.fasterxml.jackson.databind.ser.std.BeanSerializerBase.serializeFields(BeanSerializerBase.java:772)
	at com.fasterxml.jackson.databind.ser.BeanSerializer.serialize(BeanSerializer.java:178)
	at com.fasterxml.jackson.databind.ser.BeanPropertyWriter.serializeAsField(BeanPropertyWriter.java:732)
	at com.fasterxml.jackson.databind.ser.std.BeanSerializerBase.serializeFields(BeanSerializerBase.java:772)
	at com.fasterxml.jackson.databind.ser.BeanSerializer.serialize(BeanSerializer.java:178)
	at com.fasterxml.jackson.databind.ser.impl.IndexedListSerializer.serializeContents(IndexedListSerializer.java:119)
	at com.fasterxml.jackson.databind.ser.impl.IndexedListSerializer.serialize(IndexedListSerializer.java:79)
	at com.fasterxml.jackson.databind.ser.impl.IndexedListSerializer.serialize(IndexedListSerializer.java:18)
	at com.fasterxml.jackson.databind.ser.BeanPropertyWriter.serializeAsField(BeanPropertyWriter.java:732)
	at com.fasterxml.jackson.databind.ser.std.BeanSerializerBase.serializeFields(BeanSerializerBase.java:772)
	at com.fasterxml.jackson.databind.ser.BeanSerializer.serialize(BeanSerializer.java:178)
	at com.fasterxml.jackson.databind.ser.BeanPropertyWriter.serializeAsField(BeanPropertyWriter.java:732)
	at com.fasterxml.jackson.databind.ser.std.BeanSerializerBase.serializeFields(BeanSerializerBase.java:772)
	at com.fasterxml.jackson.databind.ser.BeanSerializer.serialize(BeanSerializer.java:178)
	at com.fasterxml.jackson.databind.ser.impl.IndexedListSerializer.serializeContents(IndexedListSerializer.java:119)
	at com.fasterxml.jackson.databind.ser.impl.IndexedListSerializer.serialize(IndexedListSerializer.java:79)
	at com.fasterxml.jackson.databind.ser.impl.IndexedListSerializer.serialize(IndexedListSerializer.java:18)
	at com.fasterxml.jackson.databind.ser.BeanPropertyWriter.serializeAsField(BeanPropertyWriter.java:732)
	at com.fasterxml.jackson.databind.ser.std.BeanSerializerBase.serializeFields(BeanSerializerBase.java:772)
	at com.fasterxml.jackson.databind.ser.BeanSerializer.serialize(BeanSerializer.java:178)
	at com.fasterxml.jackson.databind.ser.BeanPropertyWriter.serializeAsField(BeanPropertyWriter.java:732)
	at com.fasterxml.jackson.databind.ser.std.BeanSerializerBase.serializeFields(BeanSerializerBase.java:772)
	at com.fasterxml.jackson.databind.ser.BeanSerializer.serialize(BeanSerializer.java:178)
	at com.fasterxml.jackson.databind.ser.impl.IndexedListSerializer.serializeContents(IndexedListSerializer.java:119)
	at com.fasterxml.jackson.databind.ser.impl.IndexedListSerializer.serialize(IndexedListSerializer.java:79)
	at com.fasterxml.jackson.databind.ser.impl.IndexedListSerializer.serialize(IndexedListSerializer.java:18)
	at com.fasterxml.jackson.databind.ser.BeanPropertyWriter.serializeAsField(BeanPropertyWriter.java:732)
	at com.fasterxml.jackson.databind.ser.std.BeanSerializerBase.serializeFields(BeanSerializerBase.java:772)
	at com.fasterxml.jackson.databind.ser.BeanSerializer.serialize(BeanSerializer.java:178)
	at com.fasterxml.jackson.databind.ser.BeanPropertyWriter.serializeAsField(BeanPropertyWriter.java:732)
	at com.fasterxml.jackson.databind.ser.std.BeanSerializerBase.serializeFields(BeanSerializerBase.java:772)
	at com.fasterxml.jackson.databind.ser.BeanSerializer.serialize(BeanSerializer.java:178)
	at com.fasterxml.jackson.databind.ser.impl.IndexedListSerializer.serializeContents(IndexedListSerializer.java:119)
	at com.fasterxml.jackson.databind.ser.impl.IndexedListSerializer.serialize(IndexedListSerializer.java:79)
	at com.fasterxml.jackson.databind.ser.impl.IndexedListSerializer.serialize(IndexedListSerializer.java:18)
	at com.fasterxml.jackson.databind.ser.BeanPropertyWriter.serializeAsField(BeanPropertyWriter.java:732)
	at com.fasterxml.jackson.databind.ser.std.BeanSerializerBase.serializeFields(BeanSerializerBase.java:772)
	at com.fasterxml.jackson.databind.ser.BeanSerializer.serialize(BeanSerializer.java:178)
	at com.fasterxml.jackson.databind.ser.BeanPropertyWriter.serializeAsField(BeanPropertyWriter.java:732)
	at com.fasterxml.jackson.databind.ser.std.BeanSerializerBase.serializeFields(BeanSerializerBase.java:772)
	at com.fasterxml.jackson.databind.ser.BeanSerializer.serialize(BeanSerializer.java:178)
	at com.fasterxml.jackson.databind.ser.impl.IndexedListSerializer.serializeContents(IndexedListSerializer.java:119)
	at com.fasterxml.jackson.databind.ser.impl.IndexedListSerializer.serialize(IndexedListSerializer.java:79)
	at com.fasterxml.jackson.databind.ser.impl.IndexedListSerializer.serialize(IndexedListSerializer.java:18)
	at com.fasterxml.jackson.databind.ser.BeanPropertyWriter.serializeAsField(BeanPropertyWriter.java:732)
	at com.fasterxml.jackson.databind.ser.std.BeanSerializerBase.serializeFields(BeanSerializerBase.java:772)
	at com.fasterxml.jackson.databind.ser.BeanSerializer.serialize(BeanSerializer.java:178)
	at com.fasterxml.jackson.databind.ser.BeanPropertyWriter.serializeAsField(BeanPropertyWriter.java:732)
	at com.fasterxml.jackson.databind.ser.std.BeanSerializerBase.serializeFields(BeanSerializerBase.java:772)
	at com.fasterxml.jackson.databind.ser.BeanSerializer.serialize(BeanSerializer.java:178)
	at com.fasterxml.jackson.databind.ser.impl.IndexedListSerializer.serializeContents(IndexedListSerializer.java:119)
	at com.fasterxml.jackson.databind.ser.impl.IndexedListSerializer.serialize(IndexedListSerializer.java:79)
	at com.fasterxml.jackson.databind.ser.impl.IndexedListSerializer.serialize(IndexedListSerializer.java:18)
	at com.fasterxml.jackson.databind.ser.BeanPropertyWriter.serializeAsField(BeanPropertyWriter.java:732)
	at com.fasterxml.jackson.databind.ser.std.BeanSerializerBase.serializeFields(BeanSerializerBase.java:772)
	at com.fasterxml.jackson.databind.ser.BeanSerializer.serialize(BeanSerializer.java:178)
	at com.fasterxml.jackson.databind.ser.BeanPropertyWriter.serializeAsField(BeanPropertyWriter.java:732)
	at com.fasterxml.jackson.databind.ser.std.BeanSerializerBase.serializeFields(BeanSerializerBase.java:772)
	at com.fasterxml.jackson.databind.ser.BeanSerializer.serialize(BeanSerializer.java:178)
	at com.fasterxml.jackson.databind.ser.impl.IndexedListSerializer.serializeContents(IndexedListSerializer.java:119)
	at com.fasterxml.jackson.databind.ser.impl.IndexedListSerializer.serialize(IndexedListSerializer.java:79)
	at com.fasterxml.jackson.databind.ser.impl.IndexedListSerializer.serialize(IndexedListSerializer.java:18)
	at com.fasterxml.jackson.databind.ser.BeanPropertyWriter.serializeAsField(BeanPropertyWriter.java:732)
	at com.fasterxml.jackson.databind.ser.std.BeanSerializerBase.serializeFields(BeanSerializerBase.java:772)
	at com.fasterxml.jackson.databind.ser.BeanSerializer.serialize(BeanSerializer.java:178)
	at com.fasterxml.jackson.databind.ser.BeanPropertyWriter.serializeAsField(BeanPropertyWriter.java:732)
	at com.fasterxml.jackson.databind.ser.std.BeanSerializerBase.serializeFields(BeanSerializerBase.java:772)
	at com.fasterxml.jackson.databind.ser.BeanSerializer.serialize(BeanSerializer.java:178)
	at com.fasterxml.jackson.databind.ser.impl.IndexedListSerializer.serializeContents(IndexedListSerializer.java:119)
	at com.fasterxml.jackson.databind.ser.impl.IndexedListSerializer.serialize(IndexedListSerializer.java:79)
	at com.fasterxml.jackson.databind.ser.impl.IndexedListSerializer.serialize(IndexedListSerializer.java:18)
	at com.fasterxml.jackson.databind.ser.BeanPropertyWriter.serializeAsField(BeanPropertyWriter.java:732)
	at com.fasterxml.jackson.databind.ser.std.BeanSerializerBase.serializeFields(BeanSerializerBase.java:772)
	at com.fasterxml.jackson.databind.ser.BeanSerializer.serialize(BeanSerializer.java:178)
	at com.fasterxml.jackson.databind.ser.BeanPropertyWriter.serializeAsField(BeanPropertyWriter.java:732)
	at com.fasterxml.jackson.databind.ser.std.BeanSerializerBase.serializeFields(BeanSerializerBase.java:772)
	at com.fasterxml.jackson.databind.ser.BeanSerializer.serialize(BeanSerializer.java:178)
	at com.fasterxml.jackson.databind.ser.impl.IndexedListSerializer.serializeContents(IndexedListSerializer.java:119)
	at com.fasterxml.jackson.databind.ser.impl.IndexedListSerializer.serialize(IndexedListSerializer.java:79)
	at com.fasterxml.jackson.databind.ser.impl.IndexedListSerializer.serialize(IndexedListSerializer.java:18)
	at com.fasterxml.jackson.databind.ser.BeanPropertyWriter.serializeAsField(BeanPropertyWriter.java:732)
	at com.fasterxml.jackson.databind.ser.std.BeanSerializerBase.serializeFields(BeanSerializerBase.java:772)
	at com.fasterxml.jackson.databind.ser.BeanSerializer.serialize(BeanSerializer.java:178)
	at com.fasterxml.jackson.databind.ser.BeanPropertyWriter.serializeAsField(BeanPropertyWriter.java:732)
	at com.fasterxml.jackson.databind.ser.std.BeanSerializerBase.serializeFields(BeanSerializerBase.java:772)
	at com.fasterxml.jackson.databind.ser.BeanSerializer.serialize(BeanSerializer.java:178)
	at com.fasterxml.jackson.databind.ser.impl.IndexedListSerializer.serializeContents(IndexedListSerializer.java:119)
	at com.fasterxml.jackson.databind.ser.impl.IndexedListSerializer.serialize(IndexedListSerializer.java:79)
	at com.fasterxml.jackson.databind.ser.impl.IndexedListSerializer.serialize(IndexedListSerializer.java:18)
	at com.fasterxml.jackson.databind.ser.BeanPropertyWriter.serializeAsField(BeanPropertyWriter.java:732)
	at com.fasterxml.jackson.databind.ser.std.BeanSerializerBase.serializeFields(BeanSerializerBase.java:772)
	at com.fasterxml.jackson.databind.ser.BeanSerializer.serialize(BeanSerializer.java:178)
	at com.fasterxml.jackson.databind.ser.BeanPropertyWriter.serializeAsField(BeanPropertyWriter.java:732)
	at com.fasterxml.jackson.databind.ser.std.BeanSerializerBase.serializeFields(BeanSerializerBase.java:772)
	at com.fasterxml.jackson.databind.ser.BeanSerializer.serialize(BeanSerializer.java:178)
	at com.fasterxml.jackson.databind.ser.impl.IndexedListSerializer.serializeContents(IndexedListSerializer.java:119)
	at com.fasterxml.jackson.databind.ser.impl.IndexedListSerializer.serialize(IndexedListSerializer.java:79)
	at com.fasterxml.jackson.databind.ser.impl.IndexedListSerializer.serialize(IndexedListSerializer.java:18)
	at com.fasterxml.jackson.databind.ser.BeanPropertyWriter.serializeAsField(BeanPropertyWriter.java:732)
	at com.fasterxml.jackson.databind.ser.std.BeanSerializerBase.serializeFields(BeanSerializerBase.java:772)
	at com.fasterxml.jackson.databind.ser.BeanSerializer.serialize(BeanSerializer.java:178)
	at com.fasterxml.jackson.databind.ser.BeanPropertyWriter.serializeAsField(BeanPropertyWriter.java:732)
	at com.fasterxml.jackson.databind.ser.std.BeanSerializerBase.serializeFields(BeanSerializerBase.java:772)
	at com.fasterxml.jackson.databind.ser.BeanSerializer.serialize(BeanSerializer.java:178)
	at com.fasterxml.jackson.databind.ser.impl.IndexedListSerializer.serializeContents(IndexedListSerializer.java:119)
	at com.fasterxml.jackson.databind.ser.impl.IndexedListSerializer.serialize(IndexedListSerializer.java:79)
	at com.fasterxml.jackson.databind.ser.impl.IndexedListSerializer.serialize(IndexedListSerializer.java:18)
	at com.fasterxml.jackson.databind.ser.BeanPropertyWriter.serializeAsField(BeanPropertyWriter.java:732)
	at com.fasterxml.jackson.databind.ser.std.BeanSerializerBase.serializeFields(BeanSerializerBase.java:772)
	at com.fasterxml.jackson.databind.ser.BeanSerializer.serialize(BeanSerializer.java:178)
	at com.fasterxml.jackson.databind.ser.BeanPropertyWriter.serializeAsField(BeanPropertyWriter.java:732)
	at com.fasterxml.jackson.databind.ser.std.BeanSerializerBase.serializeFields(BeanSerializerBase.java:772)
	at com.fasterxml.jackson.databind.ser.BeanSerializer.serialize(BeanSerializer.java:178)
	at com.fasterxml.jackson.databind.ser.impl.IndexedListSerializer.serializeContents(IndexedListSerializer.java:119)
	at com.fasterxml.jackson.databind.ser.impl.IndexedListSerializer.serialize(IndexedListSerializer.java:79)
	at com.fasterxml.jackson.databind.ser.impl.IndexedListSerializer.serialize(IndexedListSerializer.java:18)
	at com.fasterxml.jackson.databind.ser.BeanPropertyWriter.serializeAsField(BeanPropertyWriter.java:732)
	at com.fasterxml.jackson.databind.ser.std.BeanSerializerBase.serializeFields(BeanSerializerBase.java:772)
	at com.fasterxml.jackson.databind.ser.BeanSerializer.serialize(BeanSerializer.java:178)
	at com.fasterxml.jackson.databind.ser.BeanPropertyWriter.serializeAsField(BeanPropertyWriter.java:732)
	at com.fasterxml.jackson.databind.ser.std.BeanSerializerBase.serializeFields(BeanSerializerBase.java:772)
	at com.fasterxml.jackson.databind.ser.BeanSerializer.serialize(BeanSerializer.java:178)
	at com.fasterxml.jackson.databind.ser.impl.IndexedListSerializer.serializeContents(IndexedListSerializer.java:119)
	at com.fasterxml.jackson.databind.ser.impl.IndexedListSerializer.serialize(IndexedListSerializer.java:79)
	at com.fasterxml.jackson.databind.ser.impl.IndexedListSerializer.serialize(IndexedListSerializer.java:18)
	at com.fasterxml.jackson.databind.ser.BeanPropertyWriter.serializeAsField(BeanPropertyWriter.java:732)
	at com.fasterxml.jackson.databind.ser.std.BeanSerializerBase.serializeFields(BeanSerializerBase.java:772)
	at com.fasterxml.jackson.databind.ser.BeanSerializer.serialize(BeanSerializer.java:178)
	at com.fasterxml.jackson.databind.ser.BeanPropertyWriter.serializeAsField(BeanPropertyWriter.java:732)
	at com.fasterxml.jackson.databind.ser.std.BeanSerializerBase.serializeFields(BeanSerializerBase.java:772)
	at com.fasterxml.jackson.databind.ser.BeanSerializer.serialize(BeanSerializer.java:178)
	at com.fasterxml.jackson.databind.ser.impl.IndexedListSerializer.serializeContents(IndexedListSerializer.java:119)
	at com.fasterxml.jackson.databind.ser.impl.IndexedListSerializer.serialize(IndexedListSerializer.java:79)
	at com.fasterxml.jackson.databind.ser.impl.IndexedListSerializer.serialize(IndexedListSerializer.java:18)
	at com.fasterxml.jackson.databind.ser.BeanPropertyWriter.serializeAsField(BeanPropertyWriter.java:732)
	at com.fasterxml.jackson.databind.ser.std.BeanSerializerBase.serializeFields(BeanSerializerBase.java:772)
	at com.fasterxml.jackson.databind.ser.BeanSerializer.serialize(BeanSerializer.java:178)
	at com.fasterxml.jackson.databind.ser.BeanPropertyWriter.serializeAsField(BeanPropertyWriter.java:732)
	at com.fasterxml.jackson.databind.ser.std.BeanSerializerBase.serializeFields(BeanSerializerBase.java:772)
	at com.fasterxml.jackson.databind.ser.BeanSerializer.serialize(BeanSerializer.java:178)
	at com.fasterxml.jackson.databind.ser.impl.IndexedListSerializer.serializeContents(IndexedListSerializer.java:119)
	at com.fasterxml.jackson.databind.ser.impl.IndexedListSerializer.serialize(IndexedListSerializer.java:79)
	at com.fasterxml.jackson.databind.ser.impl.IndexedListSerializer.serialize(IndexedListSerializer.java:18)
	at com.fasterxml.jackson.databind.ser.BeanPropertyWriter.serializeAsField(BeanPropertyWriter.java:732)
	at com.fasterxml.jackson.databind.ser.std.BeanSerializerBase.serializeFields(BeanSerializerBase.java:772)
	at com.fasterxml.jackson.databind.ser.BeanSerializer.serialize(BeanSerializer.java:178)
	at com.fasterxml.jackson.databind.ser.BeanPropertyWriter.serializeAsField(BeanPropertyWriter.java:732)
	at com.fasterxml.jackson.databind.ser.std.BeanSerializerBase.serializeFields(BeanSerializerBase.java:772)
	at com.fasterxml.jackson.databind.ser.BeanSerializer.serialize(BeanSerializer.java:178)
	at com.fasterxml.jackson.databind.ser.impl.IndexedListSerializer.serializeContents(IndexedListSerializer.java:119)
	at com.fasterxml.jackson.databind.ser.impl.IndexedListSerializer.serialize(IndexedListSerializer.java:79)
	at com.fasterxml.jackson.databind.ser.impl.IndexedListSerializer.serialize(IndexedListSerializer.java:18)
	at com.fasterxml.jackson.databind.ser.BeanPropertyWriter.serializeAsField(BeanPropertyWriter.java:732)
	at com.fasterxml.jackson.databind.ser.std.BeanSerializerBase.serializeFields(BeanSerializerBase.java:772)
	at com.fasterxml.jackson.databind.ser.BeanSerializer.serialize(BeanSerializer.java:178)
	at com.fasterxml.jackson.databind.ser.BeanPropertyWriter.serializeAsField(BeanPropertyWriter.java:732)
	at com.fasterxml.jackson.databind.ser.std.BeanSerializerBase.serializeFields(BeanSerializerBase.java:772)
	at com.fasterxml.jackson.databind.ser.BeanSerializer.serialize(BeanSerializer.java:178)
	at com.fasterxml.jackson.databind.ser.impl.IndexedListSerializer.serializeContents(IndexedListSerializer.java:119)
	at com.fasterxml.jackson.databind.ser.impl.IndexedListSerializer.serialize(IndexedListSerializer.java:79)
	at com.fasterxml.jackson.databind.ser.impl.IndexedListSerializer.serialize(IndexedListSerializer.java:18)
	at com.fasterxml.jackson.databind.ser.BeanPropertyWriter.serializeAsField(BeanPropertyWriter.java:732)
	at com.fasterxml.jackson.databind.ser.std.BeanSerializerBase.serializeFields(BeanSerializerBase.java:772)
	at com.fasterxml.jackson.databind.ser.BeanSerializer.serialize(BeanSerializer.java:178)
	at com.fasterxml.jackson.databind.ser.BeanPropertyWriter.serializeAsField(BeanPropertyWriter.java:732)
	at com.fasterxml.jackson.databind.ser.std.BeanSerializerBase.serializeFields(BeanSerializerBase.java:772)
	at com.fasterxml.jackson.databind.ser.BeanSerializer.serialize(BeanSerializer.java:178)
	at com.fasterxml.jackson.databind.ser.impl.IndexedListSerializer.serializeContents(IndexedListSerializer.java:119)
	at com.fasterxml.jackson.databind.ser.impl.IndexedListSerializer.serialize(IndexedListSerializer.java:79)
	at com.fasterxml.jackson.databind.ser.impl.IndexedListSerializer.serialize(IndexedListSerializer.java:18)
	at com.fasterxml.jackson.databind.ser.BeanPropertyWriter.serializeAsField(BeanPropertyWriter.java:732)
	at com.fasterxml.jackson.databind.ser.std.BeanSerializerBase.serializeFields(BeanSerializerBase.java:772)
	at com.fasterxml.jackson.databind.ser.BeanSerializer.serialize(BeanSerializer.java:178)
	at com.fasterxml.jackson.databind.ser.BeanPropertyWriter.serializeAsField(BeanPropertyWriter.java:732)
	at com.fasterxml.jackson.databind.ser.std.BeanSerializerBase.serializeFields(BeanSerializerBase.java:772)
	at com.fasterxml.jackson.databind.ser.BeanSerializer.serialize(BeanSerializer.java:178)
	at com.fasterxml.jackson.databind.ser.impl.IndexedListSerializer.serializeContents(IndexedListSerializer.java:119)
	at com.fasterxml.jackson.databind.ser.impl.IndexedListSerializer.serialize(IndexedListSerializer.java:79)
	at com.fasterxml.jackson.databind.ser.impl.IndexedListSerializer.serialize(IndexedListSerializer.java:18)
	at com.fasterxml.jackson.databind.ser.BeanPropertyWriter.serializeAsField(BeanPropertyWriter.java:732)
	at com.fasterxml.jackson.databind.ser.std.BeanSerializerBase.serializeFields(BeanSerializerBase.java:772)
	at com.fasterxml.jackson.databind.ser.BeanSerializer.serialize(BeanSerializer.java:178)
	at com.fasterxml.jackson.databind.ser.BeanPropertyWriter.serializeAsField(BeanPropertyWriter.java:732)
	at com.fasterxml.jackson.databind.ser.std.BeanSerializerBase.serializeFields(BeanSerializerBase.java:772)
	at com.fasterxml.jackson.databind.ser.BeanSerializer.serialize(BeanSerializer.java:178)
	at com.fasterxml.jackson.databind.ser.impl.IndexedListSerializer.serializeContents(IndexedListSerializer.java:119)
	at com.fasterxml.jackson.databind.ser.impl.IndexedListSerializer.serialize(IndexedListSerializer.java:79)
	at com.fasterxml.jackson.databind.ser.impl.IndexedListSerializer.serialize(IndexedListSerializer.java:18)
	at com.fasterxml.jackson.databind.ser.BeanPropertyWriter.serializeAsField(BeanPropertyWriter.java:732)
	at com.fasterxml.jackson.databind.ser.std.BeanSerializerBase.serializeFields(BeanSerializerBase.java:772)
	at com.fasterxml.jackson.databind.ser.BeanSerializer.serialize(BeanSerializer.java:178)
	at com.fasterxml.jackson.databind.ser.BeanPropertyWriter.serializeAsField(BeanPropertyWriter.java:732)
	at com.fasterxml.jackson.databind.ser.std.BeanSerializerBase.serializeFields(BeanSerializerBase.java:772)
	at com.fasterxml.jackson.databind.ser.BeanSerializer.serialize(BeanSerializer.java:178)
	at com.fasterxml.jackson.databind.ser.impl.IndexedListSerializer.serializeContents(IndexedListSerializer.java:119)
	at com.fasterxml.jackson.databind.ser.impl.IndexedListSerializer.serialize(IndexedListSerializer.java:79)
	at com.fasterxml.jackson.databind.ser.impl.IndexedListSerializer.serialize(IndexedListSerializer.java:18)
	at com.fasterxml.jackson.databind.ser.BeanPropertyWriter.serializeAsField(BeanPropertyWriter.java:732)
	at com.fasterxml.jackson.databind.ser.std.BeanSerializerBase.serializeFields(BeanSerializerBase.java:772)
	at com.fasterxml.jackson.databind.ser.BeanSerializer.serialize(BeanSerializer.java:178)
	at com.fasterxml.jackson.databind.ser.BeanPropertyWriter.serializeAsField(BeanPropertyWriter.java:732)
	at com.fasterxml.jackson.databind.ser.std.BeanSerializerBase.serializeFields(BeanSerializerBase.java:772)
	at com.fasterxml.jackson.databind.ser.BeanSerializer.serialize(BeanSerializer.java:178)
	at com.fasterxml.jackson.databind.ser.impl.IndexedListSerializer.serializeContents(IndexedListSerializer.java:119)
	at com.fasterxml.jackson.databind.ser.impl.IndexedListSerializer.serialize(IndexedListSerializer.java:79)
	at com.fasterxml.jackson.databind.ser.impl.IndexedListSerializer.serialize(IndexedListSerializer.java:18)
	at com.fasterxml.jackson.databind.ser.BeanPropertyWriter.serializeAsField(BeanPropertyWriter.java:732)
	at com.fasterxml.jackson.databind.ser.std.BeanSerializerBase.serializeFields(BeanSerializerBase.java:772)
	at com.fasterxml.jackson.databind.ser.BeanSerializer.serialize(BeanSerializer.java:178)
	at com.fasterxml.jackson.databind.ser.BeanPropertyWriter.serializeAsField(BeanPropertyWriter.java:732)
	at com.fasterxml.jackson.databind.ser.std.BeanSerializerBase.serializeFields(BeanSerializerBase.java:772)
	at com.fasterxml.jackson.databind.ser.BeanSerializer.serialize(BeanSerializer.java:178)
	at com.fasterxml.jackson.databind.ser.impl.IndexedListSerializer.serializeContents(IndexedListSerializer.java:119)
	at com.fasterxml.jackson.databind.ser.impl.IndexedListSerializer.serialize(IndexedListSerializer.java:79)
	at com.fasterxml.jackson.databind.ser.impl.IndexedListSerializer.serialize(IndexedListSerializer.java:18)
	at com.fasterxml.jackson.databind.ser.BeanPropertyWriter.serializeAsField(BeanPropertyWriter.java:732)
	at com.fasterxml.jackson.databind.ser.std.BeanSerializerBase.serializeFields(BeanSerializerBase.java:772)
	at com.fasterxml.jackson.databind.ser.BeanSerializer.serialize(BeanSerializer.java:178)
	at com.fasterxml.jackson.databind.ser.BeanPropertyWriter.serializeAsField(BeanPropertyWriter.java:732)
	at com.fasterxml.jackson.databind.ser.std.BeanSerializerBase.serializeFields(BeanSerializerBase.java:772)
	at com.fasterxml.jackson.databind.ser.BeanSerializer.serialize(BeanSerializer.java:178)
	at com.fasterxml.jackson.databind.ser.impl.IndexedListSerializer.serializeContents(IndexedListSerializer.java:119)
	at com.fasterxml.jackson.databind.ser.impl.IndexedListSerializer.serialize(IndexedListSerializer.java:79)
	at com.fasterxml.jackson.databind.ser.impl.IndexedListSerializer.serialize(IndexedListSerializer.java:18)
	at com.fasterxml.jackson.databind.ser.BeanPropertyWriter.serializeAsField(BeanPropertyWriter.java:732)
	at com.fasterxml.jackson.databind.ser.std.BeanSerializerBase.serializeFields(BeanSerializerBase.java:772)
	at com.fasterxml.jackson.databind.ser.BeanSerializer.serialize(BeanSerializer.java:178)
	at com.fasterxml.jackson.databind.ser.BeanPropertyWriter.serializeAsField(BeanPropertyWriter.java:732)
	at com.fasterxml.jackson.databind.ser.std.BeanSerializerBase.serializeFields(BeanSerializerBase.java:772)
	at com.fasterxml.jackson.databind.ser.BeanSerializer.serialize(BeanSerializer.java:178)
	at com.fasterxml.jackson.databind.ser.impl.IndexedListSerializer.serializeContents(IndexedListSerializer.java:119)
	at com.fasterxml.jackson.databind.ser.impl.IndexedListSerializer.serialize(IndexedListSerializer.java:79)
	at com.fasterxml.jackson.databind.ser.impl.IndexedListSerializer.serialize(IndexedListSerializer.java:18)
	at com.fasterxml.jackson.databind.ser.BeanPropertyWriter.serializeAsField(BeanPropertyWriter.java:732)
	at com.fasterxml.jackson.databind.ser.std.BeanSerializerBase.serializeFields(BeanSerializerBase.java:772)
	at com.fasterxml.jackson.databind.ser.BeanSerializer.serialize(BeanSerializer.java:178)
	at com.fasterxml.jackson.databind.ser.BeanPropertyWriter.serializeAsField(BeanPropertyWriter.java:732)
	at com.fasterxml.jackson.databind.ser.std.BeanSerializerBase.serializeFields(BeanSerializerBase.java:772)
	at com.fasterxml.jackson.databind.ser.BeanSerializer.serialize(BeanSerializer.java:178)
	at com.fasterxml.jackson.databind.ser.impl.IndexedListSerializer.serializeContents(IndexedListSerializer.java:119)
	at com.fasterxml.jackson.databind.ser.impl.IndexedListSerializer.serialize(IndexedListSerializer.java:79)
	at com.fasterxml.jackson.databind.ser.impl.IndexedListSerializer.serialize(IndexedListSerializer.java:18)
	at com.fasterxml.jackson.databind.ser.BeanPropertyWriter.serializeAsField(BeanPropertyWriter.java:732)
	at com.fasterxml.jackson.databind.ser.std.BeanSerializerBase.serializeFields(BeanSerializerBase.java:772)
	at com.fasterxml.jackson.databind.ser.BeanSerializer.serialize(BeanSerializer.java:178)
	at com.fasterxml.jackson.databind.ser.BeanPropertyWriter.serializeAsField(BeanPropertyWriter.java:732)
	at com.fasterxml.jackson.databind.ser.std.BeanSerializerBase.serializeFields(BeanSerializerBase.java:772)
	at com.fasterxml.jackson.databind.ser.BeanSerializer.serialize(BeanSerializer.java:178)
	at com.fasterxml.jackson.databind.ser.impl.IndexedListSerializer.serializeContents(IndexedListSerializer.java:119)
	at com.fasterxml.jackson.databind.ser.impl.IndexedListSerializer.serialize(IndexedListSerializer.java:79)
	at com.fasterxml.jackson.databind.ser.impl.IndexedListSerializer.serialize(IndexedListSerializer.java:18)
	at com.fasterxml.jackson.databind.ser.BeanPropertyWriter.serializeAsField(BeanPropertyWriter.java:732)
	at com.fasterxml.jackson.databind.ser.std.BeanSerializerBase.serializeFields(BeanSerializerBase.java:772)
	at com.fasterxml.jackson.databind.ser.BeanSerializer.serialize(BeanSerializer.java:178)
	at com.fasterxml.jackson.databind.ser.BeanPropertyWriter.serializeAsField(BeanPropertyWriter.java:732)
	at com.fasterxml.jackson.databind.ser.std.BeanSerializerBase.serializeFields(BeanSerializerBase.java:772)
	at com.fasterxml.jackson.databind.ser.BeanSerializer.serialize(BeanSerializer.java:178)
	at com.fasterxml.jackson.databind.ser.impl.IndexedListSerializer.serializeContents(IndexedListSerializer.java:119)
	at com.fasterxml.jackson.databind.ser.impl.IndexedListSerializer.serialize(IndexedListSerializer.java:79)
	at com.fasterxml.jackson.databind.ser.impl.IndexedListSerializer.serialize(IndexedListSerializer.java:18)
	at com.fasterxml.jackson.databind.ser.BeanPropertyWriter.serializeAsField(BeanPropertyWriter.java:732)
	at com.fasterxml.jackson.databind.ser.std.BeanSerializerBase.serializeFields(BeanSerializerBase.java:772)
	at com.fasterxml.jackson.databind.ser.BeanSerializer.serialize(BeanSerializer.java:178)
	at com.fasterxml.jackson.databind.ser.BeanPropertyWriter.serializeAsField(BeanPropertyWriter.java:732)
	at com.fasterxml.jackson.databind.ser.std.BeanSerializerBase.serializeFields(BeanSerializerBase.java:772)
	at com.fasterxml.jackson.databind.ser.BeanSerializer.serialize(BeanSerializer.java:178)
	at com.fasterxml.jackson.databind.ser.impl.IndexedListSerializer.serializeContents(IndexedListSerializer.java:119)
	at com.fasterxml.jackson.databind.ser.impl.IndexedListSerializer.serialize(IndexedListSerializer.java:79)
	at com.fasterxml.jackson.databind.ser.impl.IndexedListSerializer.serialize(IndexedListSerializer.java:18)
	at com.fasterxml.jackson.databind.ser.BeanPropertyWriter.serializeAsField(BeanPropertyWriter.java:732)
	at com.fasterxml.jackson.databind.ser.std.BeanSerializerBase.serializeFields(BeanSerializerBase.java:772)
	at com.fasterxml.jackson.databind.ser.BeanSerializer.serialize(BeanSerializer.java:178)
	at com.fasterxml.jackson.databind.ser.BeanPropertyWriter.serializeAsField(BeanPropertyWriter.java:732)
	at com.fasterxml.jackson.databind.ser.std.BeanSerializerBase.serializeFields(BeanSerializerBase.java:772)
	at com.fasterxml.jackson.databind.ser.BeanSerializer.serialize(BeanSerializer.java:178)
	at com.fasterxml.jackson.databind.ser.impl.IndexedListSerializer.serializeContents(IndexedListSerializer.java:119)
	at com.fasterxml.jackson.databind.ser.impl.IndexedListSerializer.serialize(IndexedListSerializer.java:79)
	at com.fasterxml.jackson.databind.ser.impl.IndexedListSerializer.serialize(IndexedListSerializer.java:18)
	at com.fasterxml.jackson.databind.ser.BeanPropertyWriter.serializeAsField(BeanPropertyWriter.java:732)
	at com.fasterxml.jackson.databind.ser.std.BeanSerializerBase.serializeFields(BeanSerializerBase.java:772)
	at com.fasterxml.jackson.databind.ser.BeanSerializer.serialize(BeanSerializer.java:178)
	at com.fasterxml.jackson.databind.ser.BeanPropertyWriter.serializeAsField(BeanPropertyWriter.java:732)
	at com.fasterxml.jackson.databind.ser.std.BeanSerializerBase.serializeFields(BeanSerializerBase.java:772)
	at com.fasterxml.jackson.databind.ser.BeanSerializer.serialize(BeanSerializer.java:178)
	at com.fasterxml.jackson.databind.ser.impl.IndexedListSerializer.serializeContents(IndexedListSerializer.java:119)
	at com.fasterxml.jackson.databind.ser.impl.IndexedListSerializer.serialize(IndexedListSerializer.java:79)
	at com.fasterxml.jackson.databind.ser.impl.IndexedListSerializer.serialize(IndexedListSerializer.java:18)
	at com.fasterxml.jackson.databind.ser.BeanPropertyWriter.serializeAsField(BeanPropertyWriter.java:732)
	at com.fasterxml.jackson.databind.ser.std.BeanSerializerBase.serializeFields(BeanSerializerBase.java:772)
	at com.fasterxml.jackson.databind.ser.BeanSerializer.serialize(BeanSerializer.java:178)
	at com.fasterxml.jackson.databind.ser.BeanPropertyWriter.serializeAsField(BeanPropertyWriter.java:732)
	at com.fasterxml.jackson.databind.ser.std.BeanSerializerBase.serializeFields(BeanSerializerBase.java:772)
	at com.fasterxml.jackson.databind.ser.BeanSerializer.serialize(BeanSerializer.java:178)
	at com.fasterxml.jackson.databind.ser.impl.IndexedListSerializer.serializeContents(IndexedListSerializer.java:119)
	at com.fasterxml.jackson.databind.ser.impl.IndexedListSerializer.serialize(IndexedListSerializer.java:79)
	at com.fasterxml.jackson.databind.ser.impl.IndexedListSerializer.serialize(IndexedListSerializer.java:18)
	at com.fasterxml.jackson.databind.ser.BeanPropertyWriter.serializeAsField(BeanPropertyWriter.java:732)
	at com.fasterxml.jackson.databind.ser.std.BeanSerializerBase.serializeFields(BeanSerializerBase.java:772)
	at com.fasterxml.jackson.databind.ser.BeanSerializer.serialize(BeanSerializer.java:178)
	at com.fasterxml.jackson.databind.ser.BeanPropertyWriter.serializeAsField(BeanPropertyWriter.java:732)
	at com.fasterxml.jackson.databind.ser.std.BeanSerializerBase.serializeFields(BeanSerializerBase.java:772)
	at com.fasterxml.jackson.databind.ser.BeanSerializer.serialize(BeanSerializer.java:178)
	at com.fasterxml.jackson.databind.ser.impl.IndexedListSerializer.serializeContents(IndexedListSerializer.java:119)
	at com.fasterxml.jackson.databind.ser.impl.IndexedListSerializer.serialize(IndexedListSerializer.java:79)
	at com.fasterxml.jackson.databind.ser.impl.IndexedListSerializer.serialize(IndexedListSerializer.java:18)
	at com.fasterxml.jackson.databind.ser.BeanPropertyWriter.serializeAsField(BeanPropertyWriter.java:732)
	at com.fasterxml.jackson.databind.ser.std.BeanSerializerBase.serializeFields(BeanSerializerBase.java:772)
	at com.fasterxml.jackson.databind.ser.BeanSerializer.serialize(BeanSerializer.java:178)
	at com.fasterxml.jackson.databind.ser.BeanPropertyWriter.serializeAsField(BeanPropertyWriter.java:732)
	at com.fasterxml.jackson.databind.ser.std.BeanSerializerBase.serializeFields(BeanSerializerBase.java:772)
	at com.fasterxml.jackson.databind.ser.BeanSerializer.serialize(BeanSerializer.java:178)
	at com.fasterxml.jackson.databind.ser.impl.IndexedListSerializer.serializeContents(IndexedListSerializer.java:119)
	at com.fasterxml.jackson.databind.ser.impl.IndexedListSerializer.serialize(IndexedListSerializer.java:79)
	at com.fasterxml.jackson.databind.ser.impl.IndexedListSerializer.serialize(IndexedListSerializer.java:18)
	at com.fasterxml.jackson.databind.ser.BeanPropertyWriter.serializeAsField(BeanPropertyWriter.java:732)
	at com.fasterxml.jackson.databind.ser.std.BeanSerializerBase.serializeFields(BeanSerializerBase.java:772)
	at com.fasterxml.jackson.databind.ser.BeanSerializer.serialize(BeanSerializer.java:178)
	at com.fasterxml.jackson.databind.ser.BeanPropertyWriter.serializeAsField(BeanPropertyWriter.java:732)
	at com.fasterxml.jackson.databind.ser.std.BeanSerializerBase.serializeFields(BeanSerializerBase.java:772)
	at com.fasterxml.jackson.databind.ser.BeanSerializer.serialize(BeanSerializer.java:178)
	at com.fasterxml.jackson.databind.ser.impl.IndexedListSerializer.serializeContents(IndexedListSerializer.java:119)
	at com.fasterxml.jackson.databind.ser.impl.IndexedListSerializer.serialize(IndexedListSerializer.java:79)
	at com.fasterxml.jackson.databind.ser.impl.IndexedListSerializer.serialize(IndexedListSerializer.java:18)
	at com.fasterxml.jackson.databind.ser.BeanPropertyWriter.serializeAsField(BeanPropertyWriter.java:732)
	at com.fasterxml.jackson.databind.ser.std.BeanSerializerBase.serializeFields(BeanSerializerBase.java:772)
	at com.fasterxml.jackson.databind.ser.BeanSerializer.serialize(BeanSerializer.java:178)
	at com.fasterxml.jackson.databind.ser.BeanPropertyWriter.serializeAsField(BeanPropertyWriter.java:732)
	at com.fasterxml.jackson.databind.ser.std.BeanSerializerBase.serializeFields(BeanSerializerBase.java:772)
	at com.fasterxml.jackson.databind.ser.BeanSerializer.serialize(BeanSerializer.java:178)
	at com.fasterxml.jackson.databind.ser.impl.IndexedListSerializer.serializeContents(IndexedListSerializer.java:119)
	at com.fasterxml.jackson.databind.ser.impl.IndexedListSerializer.serialize(IndexedListSerializer.java:79)
	at com.fasterxml.jackson.databind.ser.impl.IndexedListSerializer.serialize(IndexedListSerializer.java:18)
	at com.fasterxml.jackson.databind.ser.BeanPropertyWriter.serializeAsField(BeanPropertyWriter.java:732)
	at com.fasterxml.jackson.databind.ser.std.BeanSerializerBase.serializeFields(BeanSerializerBase.java:772)
	at com.fasterxml.jackson.databind.ser.BeanSerializer.serialize(BeanSerializer.java:178)
	at com.fasterxml.jackson.databind.ser.BeanPropertyWriter.serializeAsField(BeanPropertyWriter.java:732)
	at com.fasterxml.jackson.databind.ser.std.BeanSerializerBase.serializeFields(BeanSerializerBase.java:772)
	at com.fasterxml.jackson.databind.ser.BeanSerializer.serialize(BeanSerializer.java:178)
	at com.fasterxml.jackson.databind.ser.impl.IndexedListSerializer.serializeContents(IndexedListSerializer.java:119)
	at com.fasterxml.jackson.databind.ser.impl.IndexedListSerializer.serialize(IndexedListSerializer.java:79)
	at com.fasterxml.jackson.databind.ser.impl.IndexedListSerializer.serialize(IndexedListSerializer.java:18)
	at com.fasterxml.jackson.databind.ser.BeanPropertyWriter.serializeAsField(BeanPropertyWriter.java:732)
	at com.fasterxml.jackson.databind.ser.std.BeanSerializerBase.serializeFields(BeanSerializerBase.java:772)
	at com.fasterxml.jackson.databind.ser.BeanSerializer.serialize(BeanSerializer.java:178)
	at com.fasterxml.jackson.databind.ser.BeanPropertyWriter.serializeAsField(BeanPropertyWriter.java:732)
	at com.fasterxml.jackson.databind.ser.std.BeanSerializerBase.serializeFields(BeanSerializerBase.java:772)
	at com.fasterxml.jackson.databind.ser.BeanSerializer.serialize(BeanSerializer.java:178)
	at com.fasterxml.jackson.databind.ser.impl.IndexedListSerializer.serializeContents(IndexedListSerializer.java:119)
	at com.fasterxml.jackson.databind.ser.impl.IndexedListSerializer.serialize(IndexedListSerializer.java:79)
	at com.fasterxml.jackson.databind.ser.impl.IndexedListSerializer.serialize(IndexedListSerializer.java:18)
	at com.fasterxml.jackson.databind.ser.BeanPropertyWriter.serializeAsField(BeanPropertyWriter.java:732)
	at com.fasterxml.jackson.databind.ser.std.BeanSerializerBase.serializeFields(BeanSerializerBase.java:772)
	at com.fasterxml.jackson.databind.ser.BeanSerializer.serialize(BeanSerializer.java:178)
	at com.fasterxml.jackson.databind.ser.BeanPropertyWriter.serializeAsField(BeanPropertyWriter.java:732)
	at com.fasterxml.jackson.databind.ser.std.BeanSerializerBase.serializeFields(BeanSerializerBase.java:772)
	at com.fasterxml.jackson.databind.ser.BeanSerializer.serialize(BeanSerializer.java:178)
	at com.fasterxml.jackson.databind.ser.impl.IndexedListSerializer.serializeContents(IndexedListSerializer.java:119)
	at com.fasterxml.jackson.databind.ser.impl.IndexedListSerializer.serialize(IndexedListSerializer.java:79)
	at com.fasterxml.jackson.databind.ser.impl.IndexedListSerializer.serialize(IndexedListSerializer.java:18)
	at com.fasterxml.jackson.databind.ser.BeanPropertyWriter.serializeAsField(BeanPropertyWriter.java:732)
	at com.fasterxml.jackson.databind.ser.std.BeanSerializerBase.serializeFields(BeanSerializerBase.java:772)
	at com.fasterxml.jackson.databind.ser.BeanSerializer.serialize(BeanSerializer.java:178)
	at com.fasterxml.jackson.databind.ser.BeanPropertyWriter.serializeAsField(BeanPropertyWriter.java:732)
	at com.fasterxml.jackson.databind.ser.std.BeanSerializerBase.serializeFields(BeanSerializerBase.java:772)
	at com.fasterxml.jackson.databind.ser.BeanSerializer.serialize(BeanSerializer.java:178)
	at com.fasterxml.jackson.databind.ser.impl.IndexedListSerializer.serializeContents(IndexedListSerializer.java:119)
	at com.fasterxml.jackson.databind.ser.impl.IndexedListSerializer.serialize(IndexedListSerializer.java:79)
	at com.fasterxml.jackson.databind.ser.impl.IndexedListSerializer.serialize(IndexedListSerializer.java:18)
	at com.fasterxml.jackson.databind.ser.BeanPropertyWriter.serializeAsField(BeanPropertyWriter.java:732)
	at com.fasterxml.jackson.databind.ser.std.BeanSerializerBase.serializeFields(BeanSerializerBase.java:772)
	at com.fasterxml.jackson.databind.ser.BeanSerializer.serialize(BeanSerializer.java:178)
	at com.fasterxml.jackson.databind.ser.BeanPropertyWriter.serializeAsField(BeanPropertyWriter.java:732)
	at com.fasterxml.jackson.databind.ser.std.BeanSerializerBase.serializeFields(BeanSerializerBase.java:772)
	at com.fasterxml.jackson.databind.ser.BeanSerializer.serialize(BeanSerializer.java:178)
	at com.fasterxml.jackson.databind.ser.impl.IndexedListSerializer.serializeContents(IndexedListSerializer.java:119)
	at com.fasterxml.jackson.databind.ser.impl.IndexedListSerializer.serialize(IndexedListSerializer.java:79)
	at com.fasterxml.jackson.databind.ser.impl.IndexedListSerializer.serialize(IndexedListSerializer.java:18)
	at com.fasterxml.jackson.databind.ser.BeanPropertyWriter.serializeAsField(BeanPropertyWriter.java:732)
	at com.fasterxml.jackson.databind.ser.std.BeanSerializerBase.serializeFields(BeanSerializerBase.java:772)
	at com.fasterxml.jackson.databind.ser.BeanSerializer.serialize(BeanSerializer.java:178)
	at com.fasterxml.jackson.databind.ser.BeanPropertyWriter.serializeAsField(BeanPropertyWriter.java:732)
	at com.fasterxml.jackson.databind.ser.std.BeanSerializerBase.serializeFields(BeanSerializerBase.java:772)
	at com.fasterxml.jackson.databind.ser.BeanSerializer.serialize(BeanSerializer.java:178)
	at com.fasterxml.jackson.databind.ser.impl.IndexedListSerializer.serializeContents(IndexedListSerializer.java:119)
	at com.fasterxml.jackson.databind.ser.impl.IndexedListSerializer.serialize(IndexedListSerializer.java:79)
	at com.fasterxml.jackson.databind.ser.impl.IndexedListSerializer.serialize(IndexedListSerializer.java:18)
	at com.fasterxml.jackson.databind.ser.BeanPropertyWriter.serializeAsField(BeanPropertyWriter.java:732)
	at com.fasterxml.jackson.databind.ser.std.BeanSerializerBase.serializeFields(BeanSerializerBase.java:772)
	at com.fasterxml.jackson.databind.ser.BeanSerializer.serialize(BeanSerializer.java:178)
	at com.fasterxml.jackson.databind.ser.BeanPropertyWriter.serializeAsField(BeanPropertyWriter.java:732)
	at com.fasterxml.jackson.databind.ser.std.BeanSerializerBase.serializeFields(BeanSerializerBase.java:772)
	at com.fasterxml.jackson.databind.ser.BeanSerializer.serialize(BeanSerializer.java:178)
	at com.fasterxml.jackson.databind.ser.impl.IndexedListSerializer.serializeContents(IndexedListSerializer.java:119)
	at com.fasterxml.jackson.databind.ser.impl.IndexedListSerializer.serialize(IndexedListSerializer.java:79)
	at com.fasterxml.jackson.databind.ser.impl.IndexedListSerializer.serialize(IndexedListSerializer.java:18)
	at com.fasterxml.jackson.databind.ser.BeanPropertyWriter.serializeAsField(BeanPropertyWriter.java:732)
	at com.fasterxml.jackson.databind.ser.std.BeanSerializerBase.serializeFields(BeanSerializerBase.java:772)
	at com.fasterxml.jackson.databind.ser.BeanSerializer.serialize(BeanSerializer.java:178)
	at com.fasterxml.jackson.databind.ser.BeanPropertyWriter.serializeAsField(BeanPropertyWriter.java:732)
	at com.fasterxml.jackson.databind.ser.std.BeanSerializerBase.serializeFields(BeanSerializerBase.java:772)
	at com.fasterxml.jackson.databind.ser.BeanSerializer.serialize(BeanSerializer.java:178)
	at com.fasterxml.jackson.databind.ser.impl.IndexedListSerializer.serializeContents(IndexedListSerializer.java:119)
	at com.fasterxml.jackson.databind.ser.impl.IndexedListSerializer.serialize(IndexedListSerializer.java:79)
	at com.fasterxml.jackson.databind.ser.impl.IndexedListSerializer.serialize(IndexedListSerializer.java:18)
	at com.fasterxml.jackson.databind.ser.BeanPropertyWriter.serializeAsField(BeanPropertyWriter.java:732)
	at com.fasterxml.jackson.databind.ser.std.BeanSerializerBase.serializeFields(BeanSerializerBase.java:772)
	at com.fasterxml.jackson.databind.ser.BeanSerializer.serialize(BeanSerializer.java:178)
	at com.fasterxml.jackson.databind.ser.BeanPropertyWriter.serializeAsField(BeanPropertyWriter.java:732)
	at com.fasterxml.jackson.databind.ser.std.BeanSerializerBase.serializeFields(BeanSerializerBase.java:772)
	at com.fasterxml.jackson.databind.ser.BeanSerializer.serialize(BeanSerializer.java:178)
	at com.fasterxml.jackson.databind.ser.impl.IndexedListSerializer.serializeContents(IndexedListSerializer.java:119)
	at com.fasterxml.jackson.databind.ser.impl.IndexedListSerializer.serialize(IndexedListSerializer.java:79)
	at com.fasterxml.jackson.databind.ser.impl.IndexedListSerializer.serialize(IndexedListSerializer.java:18)
	at com.fasterxml.jackson.databind.ser.BeanPropertyWriter.serializeAsField(BeanPropertyWriter.java:732)
	at com.fasterxml.jackson.databind.ser.std.BeanSerializerBase.serializeFields(BeanSerializerBase.java:772)
	at com.fasterxml.jackson.databind.ser.BeanSerializer.serialize(BeanSerializer.java:178)
	at com.fasterxml.jackson.databind.ser.BeanPropertyWriter.serializeAsField(BeanPropertyWriter.java:732)
	at com.fasterxml.jackson.databind.ser.std.BeanSerializerBase.serializeFields(BeanSerializerBase.java:772)
	at com.fasterxml.jackson.databind.ser.BeanSerializer.serialize(BeanSerializer.java:178)
	at com.fasterxml.jackson.databind.ser.impl.IndexedListSerializer.serializeContents(IndexedListSerializer.java:119)
	at com.fasterxml.jackson.databind.ser.impl.IndexedListSerializer.serialize(IndexedListSerializer.java:79)
	at com.fasterxml.jackson.databind.ser.impl.IndexedListSerializer.serialize(IndexedListSerializer.java:18)
	at com.fasterxml.jackson.databind.ser.BeanPropertyWriter.serializeAsField(BeanPropertyWriter.java:732)
	at com.fasterxml.jackson.databind.ser.std.BeanSerializerBase.serializeFields(BeanSerializerBase.java:772)
	at com.fasterxml.jackson.databind.ser.BeanSerializer.serialize(BeanSerializer.java:178)
	at com.fasterxml.jackson.databind.ser.BeanPropertyWriter.serializeAsField(BeanPropertyWriter.java:732)
	at com.fasterxml.jackson.databind.ser.std.BeanSerializerBase.serializeFields(BeanSerializerBase.java:772)
	at com.fasterxml.jackson.databind.ser.BeanSerializer.serialize(BeanSerializer.java:178)
	at com.fasterxml.jackson.databind.ser.impl.IndexedListSerializer.serializeContents(IndexedListSerializer.java:119)
	at com.fasterxml.jackson.databind.ser.impl.IndexedListSerializer.serialize(IndexedListSerializer.java:79)
	at com.fasterxml.jackson.databind.ser.impl.IndexedListSerializer.serialize(IndexedListSerializer.java:18)
	at com.fasterxml.jackson.databind.ser.BeanPropertyWriter.serializeAsField(BeanPropertyWriter.java:732)
	at com.fasterxml.jackson.databind.ser.std.BeanSerializerBase.serializeFields(BeanSerializerBase.java:772)
	at com.fasterxml.jackson.databind.ser.BeanSerializer.serialize(BeanSerializer.java:178)
	at com.fasterxml.jackson.databind.ser.BeanPropertyWriter.serializeAsField(BeanPropertyWriter.java:732)
	at com.fasterxml.jackson.databind.ser.std.BeanSerializerBase.serializeFields(BeanSerializerBase.java:772)
	at com.fasterxml.jackson.databind.ser.BeanSerializer.serialize(BeanSerializer.java:178)
	at com.fasterxml.jackson.databind.ser.impl.IndexedListSerializer.serializeContents(IndexedListSerializer.java:119)
	at com.fasterxml.jackson.databind.ser.impl.IndexedListSerializer.serialize(IndexedListSerializer.java:79)
	at com.fasterxml.jackson.databind.ser.impl.IndexedListSerializer.serialize(IndexedListSerializer.java:18)
	at com.fasterxml.jackson.databind.ser.BeanPropertyWriter.serializeAsField(BeanPropertyWriter.java:732)
	at com.fasterxml.jackson.databind.ser.std.BeanSerializerBase.serializeFields(BeanSerializerBase.java:772)
	at com.fasterxml.jackson.databind.ser.BeanSerializer.serialize(BeanSerializer.java:178)
	at com.fasterxml.jackson.databind.ser.BeanPropertyWriter.serializeAsField(BeanPropertyWriter.java:732)
	at com.fasterxml.jackson.databind.ser.std.BeanSerializerBase.serializeFields(BeanSerializerBase.java:772)
	at com.fasterxml.jackson.databind.ser.BeanSerializer.serialize(BeanSerializer.java:178)
	at com.fasterxml.jackson.databind.ser.impl.IndexedListSerializer.serializeContents(IndexedListSerializer.java:119)
	at com.fasterxml.jackson.databind.ser.impl.IndexedListSerializer.serialize(IndexedListSerializer.java:79)
	at com.fasterxml.jackson.databind.ser.impl.IndexedListSerializer.serialize(IndexedListSerializer.java:18)
	at com.fasterxml.jackson.databind.ser.BeanPropertyWriter.serializeAsField(BeanPropertyWriter.java:732)
	at com.fasterxml.jackson.databind.ser.std.BeanSerializerBase.serializeFields(BeanSerializerBase.java:772)
	at com.fasterxml.jackson.databind.ser.BeanSerializer.serialize(BeanSerializer.java:178)
	at com.fasterxml.jackson.databind.ser.BeanPropertyWriter.serializeAsField(BeanPropertyWriter.java:732)
	at com.fasterxml.jackson.databind.ser.std.BeanSerializerBase.serializeFields(BeanSerializerBase.java:772)
	at com.fasterxml.jackson.databind.ser.BeanSerializer.serialize(BeanSerializer.java:178)
	at com.fasterxml.jackson.databind.ser.impl.IndexedListSerializer.serializeContents(IndexedListSerializer.java:119)
	at com.fasterxml.jackson.databind.ser.impl.IndexedListSerializer.serialize(IndexedListSerializer.java:79)
	at com.fasterxml.jackson.databind.ser.impl.IndexedListSerializer.serialize(IndexedListSerializer.java:18)
	at com.fasterxml.jackson.databind.ser.BeanPropertyWriter.serializeAsField(BeanPropertyWriter.java:732)
	at com.fasterxml.jackson.databind.ser.std.BeanSerializerBase.serializeFields(BeanSerializerBase.java:772)
	at com.fasterxml.jackson.databind.ser.BeanSerializer.serialize(BeanSerializer.java:178)
	at com.fasterxml.jackson.databind.ser.BeanPropertyWriter.serializeAsField(BeanPropertyWriter.java:732)
	at com.fasterxml.jackson.databind.ser.std.BeanSerializerBase.serializeFields(BeanSerializerBase.java:772)
	at com.fasterxml.jackson.databind.ser.BeanSerializer.serialize(BeanSerializer.java:178)
	at com.fasterxml.jackson.databind.ser.impl.IndexedListSerializer.serializeContents(IndexedListSerializer.java:119)
	at com.fasterxml.jackson.databind.ser.impl.IndexedListSerializer.serialize(IndexedListSerializer.java:79)
	at com.fasterxml.jackson.databind.ser.impl.IndexedListSerializer.serialize(IndexedListSerializer.java:18)
	at com.fasterxml.jackson.databind.ser.BeanPropertyWriter.serializeAsField(BeanPropertyWriter.java:732)
	at com.fasterxml.jackson.databind.ser.std.BeanSerializerBase.serializeFields(BeanSerializerBase.java:772)
	at com.fasterxml.jackson.databind.ser.BeanSerializer.serialize(BeanSerializer.java:178)
	at com.fasterxml.jackson.databind.ser.BeanPropertyWriter.serializeAsField(BeanPropertyWriter.java:732)
	at com.fasterxml.jackson.databind.ser.std.BeanSerializerBase.serializeFields(BeanSerializerBase.java:772)
	at com.fasterxml.jackson.databind.ser.BeanSerializer.serialize(BeanSerializer.java:178)
	at com.fasterxml.jackson.databind.ser.impl.IndexedListSerializer.serializeContents(IndexedListSerializer.java:119)
	at com.fasterxml.jackson.databind.ser.impl.IndexedListSerializer.serialize(IndexedListSerializer.java:79)
	at com.fasterxml.jackson.databind.ser.impl.IndexedListSerializer.serialize(IndexedListSerializer.java:18)
	at com.fasterxml.jackson.databind.ser.BeanPropertyWriter.serializeAsField(BeanPropertyWriter.java:732)
	at com.fasterxml.jackson.databind.ser.std.BeanSerializerBase.serializeFields(BeanSerializerBase.java:772)
	at com.fasterxml.jackson.databind.ser.BeanSerializer.serialize(BeanSerializer.java:178)
	at com.fasterxml.jackson.databind.ser.BeanPropertyWriter.serializeAsField(BeanPropertyWriter.java:732)
	at com.fasterxml.jackson.databind.ser.std.BeanSerializerBase.serializeFields(BeanSerializerBase.java:772)
	at com.fasterxml.jackson.databind.ser.BeanSerializer.serialize(BeanSerializer.java:178)
	at com.fasterxml.jackson.databind.ser.impl.IndexedListSerializer.serializeContents(IndexedListSerializer.java:119)
	at com.fasterxml.jackson.databind.ser.impl.IndexedListSerializer.serialize(IndexedListSerializer.java:79)
	at com.fasterxml.jackson.databind.ser.impl.IndexedListSerializer.serialize(IndexedListSerializer.java:18)
	at com.fasterxml.jackson.databind.ser.BeanPropertyWriter.serializeAsField(BeanPropertyWriter.java:732)
	at com.fasterxml.jackson.databind.ser.std.BeanSerializerBase.serializeFields(BeanSerializerBase.java:772)
	at com.fasterxml.jackson.databind.ser.BeanSerializer.serialize(BeanSerializer.java:178)
	at com.fasterxml.jackson.databind.ser.BeanPropertyWriter.serializeAsField(BeanPropertyWriter.java:732)
	at com.fasterxml.jackson.databind.ser.std.BeanSerializerBase.serializeFields(BeanSerializerBase.java:772)
	at com.fasterxml.jackson.databind.ser.BeanSerializer.serialize(BeanSerializer.java:178)
	at com.fasterxml.jackson.databind.ser.impl.IndexedListSerializer.serializeContents(IndexedListSerializer.java:119)
	at com.fasterxml.jackson.databind.ser.impl.IndexedListSerializer.serialize(IndexedListSerializer.java:79)
	at com.fasterxml.jackson.databind.ser.impl.IndexedListSerializer.serialize(IndexedListSerializer.java:18)
	at com.fasterxml.jackson.databind.ser.BeanPropertyWriter.serializeAsField(BeanPropertyWriter.java:732)
	at com.fasterxml.jackson.databind.ser.std.BeanSerializerBase.serializeFields(BeanSerializerBase.java:772)
	at com.fasterxml.jackson.databind.ser.BeanSerializer.serialize(BeanSerializer.java:178)
	at com.fasterxml.jackson.databind.ser.BeanPropertyWriter.serializeAsField(BeanPropertyWriter.java:732)
	at com.fasterxml.jackson.databind.ser.std.BeanSerializerBase.serializeFields(BeanSerializerBase.java:772)
	at com.fasterxml.jackson.databind.ser.BeanSerializer.serialize(BeanSerializer.java:178)
	at com.fasterxml.jackson.databind.ser.impl.IndexedListSerializer.serializeContents(IndexedListSerializer.java:119)
	at com.fasterxml.jackson.databind.ser.impl.IndexedListSerializer.serialize(IndexedListSerializer.java:79)
	at com.fasterxml.jackson.databind.ser.impl.IndexedListSerializer.serialize(IndexedListSerializer.java:18)
	at com.fasterxml.jackson.databind.ser.BeanPropertyWriter.serializeAsField(BeanPropertyWriter.java:732)
	at com.fasterxml.jackson.databind.ser.std.BeanSerializerBase.serializeFields(BeanSerializerBase.java:772)
	at com.fasterxml.jackson.databind.ser.BeanSerializer.serialize(BeanSerializer.java:178)
	at com.fasterxml.jackson.databind.ser.BeanPropertyWriter.serializeAsField(BeanPropertyWriter.java:732)
	at com.fasterxml.jackson.databind.ser.std.BeanSerializerBase.serializeFields(BeanSerializerBase.java:772)
	at com.fasterxml.jackson.databind.ser.BeanSerializer.serialize(BeanSerializer.java:178)
	at com.fasterxml.jackson.databind.ser.impl.IndexedListSerializer.serializeContents(IndexedListSerializer.java:119)
	at com.fasterxml.jackson.databind.ser.impl.IndexedListSerializer.serialize(IndexedListSerializer.java:79)
	at com.fasterxml.jackson.databind.ser.impl.IndexedListSerializer.serialize(IndexedListSerializer.java:18)
	at com.fasterxml.jackson.databind.ser.BeanPropertyWriter.serializeAsField(BeanPropertyWriter.java:732)
	at com.fasterxml.jackson.databind.ser.std.BeanSerializerBase.serializeFields(BeanSerializerBase.java:772)
	at com.fasterxml.jackson.databind.ser.BeanSerializer.serialize(BeanSerializer.java:178)
	at com.fasterxml.jackson.databind.ser.BeanPropertyWriter.serializeAsField(BeanPropertyWriter.java:732)
	at com.fasterxml.jackson.databind.ser.std.BeanSerializerBase.serializeFields(BeanSerializerBase.java:772)
	at com.fasterxml.jackson.databind.ser.BeanSerializer.serialize(BeanSerializer.java:178)
	at com.fasterxml.jackson.databind.ser.impl.IndexedListSerializer.serializeContents(IndexedListSerializer.java:119)
	at com.fasterxml.jackson.databind.ser.impl.IndexedListSerializer.serialize(IndexedListSerializer.java:79)
	at com.fasterxml.jackson.databind.ser.impl.IndexedListSerializer.serialize(IndexedListSerializer.java:18)
	at com.fasterxml.jackson.databind.ser.BeanPropertyWriter.serializeAsField(BeanPropertyWriter.java:732)
	at com.fasterxml.jackson.databind.ser.std.BeanSerializerBase.serializeFields(BeanSerializerBase.java:772)
	at com.fasterxml.jackson.databind.ser.BeanSerializer.serialize(BeanSerializer.java:178)
	at com.fasterxml.jackson.databind.ser.BeanPropertyWriter.serializeAsField(BeanPropertyWriter.java:732)
	at com.fasterxml.jackson.databind.ser.std.BeanSerializerBase.serializeFields(BeanSerializerBase.java:772)
	at com.fasterxml.jackson.databind.ser.BeanSerializer.serialize(BeanSerializer.java:178)
	at com.fasterxml.jackson.databind.ser.impl.IndexedListSerializer.serializeContents(IndexedListSerializer.java:119)
	at com.fasterxml.jackson.databind.ser.impl.IndexedListSerializer.serialize(IndexedListSerializer.java:79)
	at com.fasterxml.jackson.databind.ser.impl.IndexedListSerializer.serialize(IndexedListSerializer.java:18)
	at com.fasterxml.jackson.databind.ser.BeanPropertyWriter.serializeAsField(BeanPropertyWriter.java:732)
	at com.fasterxml.jackson.databind.ser.std.BeanSerializerBase.serializeFields(BeanSerializerBase.java:772)
	at com.fasterxml.jackson.databind.ser.BeanSerializer.serialize(BeanSerializer.java:178)
	at com.fasterxml.jackson.databind.ser.BeanPropertyWriter.serializeAsField(BeanPropertyWriter.java:732)
	at com.fasterxml.jackson.databind.ser.std.BeanSerializerBase.serializeFields(BeanSerializerBase.java:772)
	at com.fasterxml.jackson.databind.ser.BeanSerializer.serialize(BeanSerializer.java:178)
	at com.fasterxml.jackson.databind.ser.impl.IndexedListSerializer.serializeContents(IndexedListSerializer.java:119)
	at com.fasterxml.jackson.databind.ser.impl.IndexedListSerializer.serialize(IndexedListSerializer.java:79)
	at com.fasterxml.jackson.databind.ser.impl.IndexedListSerializer.serialize(IndexedListSerializer.java:18)
	at com.fasterxml.jackson.databind.ser.BeanPropertyWriter.serializeAsField(BeanPropertyWriter.java:732)
	at com.fasterxml.jackson.databind.ser.std.BeanSerializerBase.serializeFields(BeanSerializerBase.java:772)
	at com.fasterxml.jackson.databind.ser.BeanSerializer.serialize(BeanSerializer.java:178)
	at com.fasterxml.jackson.databind.ser.BeanPropertyWriter.serializeAsField(BeanPropertyWriter.java:732)
	at com.fasterxml.jackson.databind.ser.std.BeanSerializerBase.serializeFields(BeanSerializerBase.java:772)
	at com.fasterxml.jackson.databind.ser.BeanSerializer.serialize(BeanSerializer.java:178)
	at com.fasterxml.jackson.databind.ser.impl.IndexedListSerializer.serializeContents(IndexedListSerializer.java:119)
	at com.fasterxml.jackson.databind.ser.impl.IndexedListSerializer.serialize(IndexedListSerializer.java:79)
	at com.fasterxml.jackson.databind.ser.impl.IndexedListSerializer.serialize(IndexedListSerializer.java:18)
	at com.fasterxml.jackson.databind.ser.BeanPropertyWriter.serializeAsField(BeanPropertyWriter.java:732)
	at com.fasterxml.jackson.databind.ser.std.BeanSerializerBase.serializeFields(BeanSerializerBase.java:772)
	at com.fasterxml.jackson.databind.ser.BeanSerializer.serialize(BeanSerializer.java:178)
	at com.fasterxml.jackson.databind.ser.BeanPropertyWriter.serializeAsField(BeanPropertyWriter.java:732)
	at com.fasterxml.jackson.databind.ser.std.BeanSerializerBase.serializeFields(BeanSerializerBase.java:772)
	at com.fasterxml.jackson.databind.ser.BeanSerializer.serialize(BeanSerializer.java:178)
	at com.fasterxml.jackson.databind.ser.impl.IndexedListSerializer.serializeContents(IndexedListSerializer.java:119)
	at com.fasterxml.jackson.databind.ser.impl.IndexedListSerializer.serialize(IndexedListSerializer.java:79)
	at com.fasterxml.jackson.databind.ser.impl.IndexedListSerializer.serialize(IndexedListSerializer.java:18)
	at com.fasterxml.jackson.databind.ser.BeanPropertyWriter.serializeAsField(BeanPropertyWriter.java:732)
	at com.fasterxml.jackson.databind.ser.std.BeanSerializerBase.serializeFields(BeanSerializerBase.java:772)
	at com.fasterxml.jackson.databind.ser.BeanSerializer.serialize(BeanSerializer.java:178)
	at com.fasterxml.jackson.databind.ser.BeanPropertyWriter.serializeAsField(BeanPropertyWriter.java:732)
	at com.fasterxml.jackson.databind.ser.std.BeanSerializerBase.serializeFields(BeanSerializerBase.java:772)
	at com.fasterxml.jackson.databind.ser.BeanSerializer.serialize(BeanSerializer.java:178)
	at com.fasterxml.jackson.databind.ser.impl.IndexedListSerializer.serializeContents(IndexedListSerializer.java:119)
	at com.fasterxml.jackson.databind.ser.impl.IndexedListSerializer.serialize(IndexedListSerializer.java:79)
	at com.fasterxml.jackson.databind.ser.impl.IndexedListSerializer.serialize(IndexedListSerializer.java:18)
	at com.fasterxml.jackson.databind.ser.BeanPropertyWriter.serializeAsField(BeanPropertyWriter.java:732)
	at com.fasterxml.jackson.databind.ser.std.BeanSerializerBase.serializeFields(BeanSerializerBase.java:772)
	at com.fasterxml.jackson.databind.ser.BeanSerializer.serialize(BeanSerializer.java:178)
	at com.fasterxml.jackson.databind.ser.BeanPropertyWriter.serializeAsField(BeanPropertyWriter.java:732)
	at com.fasterxml.jackson.databind.ser.std.BeanSerializerBase.serializeFields(BeanSerializerBase.java:772)
	at com.fasterxml.jackson.databind.ser.BeanSerializer.serialize(BeanSerializer.java:178)
	at com.fasterxml.jackson.databind.ser.impl.IndexedListSerializer.serializeContents(IndexedListSerializer.java:119)
	at com.fasterxml.jackson.databind.ser.impl.IndexedListSerializer.serialize(IndexedListSerializer.java:79)
	at com.fasterxml.jackson.databind.ser.impl.IndexedListSerializer.serialize(IndexedListSerializer.java:18)
	at com.fasterxml.jackson.databind.ser.BeanPropertyWriter.serializeAsField(BeanPropertyWriter.java:732)
	at com.fasterxml.jackson.databind.ser.std.BeanSerializerBase.serializeFields(BeanSerializerBase.java:772)
	at com.fasterxml.jackson.databind.ser.BeanSerializer.serialize(BeanSerializer.java:178)
	at com.fasterxml.jackson.databind.ser.BeanPropertyWriter.serializeAsField(BeanPropertyWriter.java:732)
	at com.fasterxml.jackson.databind.ser.std.BeanSerializerBase.serializeFields(BeanSerializerBase.java:772)
	at com.fasterxml.jackson.databind.ser.BeanSerializer.serialize(BeanSerializer.java:178)
	at com.fasterxml.jackson.databind.ser.impl.IndexedListSerializer.serializeContents(IndexedListSerializer.java:119)
	at com.fasterxml.jackson.databind.ser.impl.IndexedListSerializer.serialize(IndexedListSerializer.java:79)
	at com.fasterxml.jackson.databind.ser.impl.IndexedListSerializer.serialize(IndexedListSerializer.java:18)
	at com.fasterxml.jackson.databind.ser.BeanPropertyWriter.serializeAsField(BeanPropertyWriter.java:732)
	at com.fasterxml.jackson.databind.ser.std.BeanSerializerBase.serializeFields(BeanSerializerBase.java:772)
	at com.fasterxml.jackson.databind.ser.BeanSerializer.serialize(BeanSerializer.java:178)
	at com.fasterxml.jackson.databind.ser.BeanPropertyWriter.serializeAsField(BeanPropertyWriter.java:732)
	at com.fasterxml.jackson.databind.ser.std.BeanSerializerBase.serializeFields(BeanSerializerBase.java:772)
	at com.fasterxml.jackson.databind.ser.BeanSerializer.serialize(BeanSerializer.java:178)
	at com.fasterxml.jackson.databind.ser.impl.IndexedListSerializer.serializeContents(IndexedListSerializer.java:119)
	at com.fasterxml.jackson.databind.ser.impl.IndexedListSerializer.serialize(IndexedListSerializer.java:79)
	at com.fasterxml.jackson.databind.ser.impl.IndexedListSerializer.serialize(IndexedListSerializer.java:18)
	at com.fasterxml.jackson.databind.ser.BeanPropertyWriter.serializeAsField(BeanPropertyWriter.java:732)
	at com.fasterxml.jackson.databind.ser.std.BeanSerializerBase.serializeFields(BeanSerializerBase.java:772)
	at com.fasterxml.jackson.databind.ser.BeanSerializer.serialize(BeanSerializer.java:178)
	at com.fasterxml.jackson.databind.ser.BeanPropertyWriter.serializeAsField(BeanPropertyWriter.java:732)
	at com.fasterxml.jackson.databind.ser.std.BeanSerializerBase.serializeFields(BeanSerializerBase.java:772)
	at com.fasterxml.jackson.databind.ser.BeanSerializer.serialize(BeanSerializer.java:178)
	at com.fasterxml.jackson.databind.ser.impl.IndexedListSerializer.serializeContents(IndexedListSerializer.java:119)
	at com.fasterxml.jackson.databind.ser.impl.IndexedListSerializer.serialize(IndexedListSerializer.java:79)
	at com.fasterxml.jackson.databind.ser.impl.IndexedListSerializer.serialize(IndexedListSerializer.java:18)
	at com.fasterxml.jackson.databind.ser.BeanPropertyWriter.serializeAsField(BeanPropertyWriter.java:732)
	at com.fasterxml.jackson.databind.ser.std.BeanSerializerBase.serializeFields(BeanSerializerBase.java:772)
	at com.fasterxml.jackson.databind.ser.BeanSerializer.serialize(BeanSerializer.java:178)
	at com.fasterxml.jackson.databind.ser.BeanPropertyWriter.serializeAsField(BeanPropertyWriter.java:732)
	at com.fasterxml.jackson.databind.ser.std.BeanSerializerBase.serializeFields(BeanSerializerBase.java:772)
	at com.fasterxml.jackson.databind.ser.BeanSerializer.serialize(BeanSerializer.java:178)
	at com.fasterxml.jackson.databind.ser.impl.IndexedListSerializer.serializeContents(IndexedListSerializer.java:119)
	at com.fasterxml.jackson.databind.ser.impl.IndexedListSerializer.serialize(IndexedListSerializer.java:79)
	at com.fasterxml.jackson.databind.ser.impl.IndexedListSerializer.serialize(IndexedListSerializer.java:18)
	at com.fasterxml.jackson.databind.ser.BeanPropertyWriter.serializeAsField(BeanPropertyWriter.java:732)
	at com.fasterxml.jackson.databind.ser.std.BeanSerializerBase.serializeFields(BeanSerializerBase.java:772)
	at com.fasterxml.jackson.databind.ser.BeanSerializer.serialize(BeanSerializer.java:178)
	at com.fasterxml.jackson.databind.ser.BeanPropertyWriter.serializeAsField(BeanPropertyWriter.java:732)
	at com.fasterxml.jackson.databind.ser.std.BeanSerializerBase.serializeFields(BeanSerializerBase.java:772)
	at com.fasterxml.jackson.databind.ser.BeanSerializer.serialize(BeanSerializer.java:178)
	at com.fasterxml.jackson.databind.ser.impl.IndexedListSerializer.serializeContents(IndexedListSerializer.java:119)
	at com.fasterxml.jackson.databind.ser.impl.IndexedListSerializer.serialize(IndexedListSerializer.java:79)
	at com.fasterxml.jackson.databind.ser.impl.IndexedListSerializer.serialize(IndexedListSerializer.java:18)
	at com.fasterxml.jackson.databind.ser.BeanPropertyWriter.serializeAsField(BeanPropertyWriter.java:732)
	at com.fasterxml.jackson.databind.ser.std.BeanSerializerBase.serializeFields(BeanSerializerBase.java:772)
	at com.fasterxml.jackson.databind.ser.BeanSerializer.serialize(BeanSerializer.java:178)
	at com.fasterxml.jackson.databind.ser.BeanPropertyWriter.serializeAsField(BeanPropertyWriter.java:732)
	at com.fasterxml.jackson.databind.ser.std.BeanSerializerBase.serializeFields(BeanSerializerBase.java:772)
	at com.fasterxml.jackson.databind.ser.BeanSerializer.serialize(BeanSerializer.java:178)
	at com.fasterxml.jackson.databind.ser.impl.IndexedListSerializer.serializeContents(IndexedListSerializer.java:119)
	at com.fasterxml.jackson.databind.ser.impl.IndexedListSerializer.serialize(IndexedListSerializer.java:79)
	at com.fasterxml.jackson.databind.ser.impl.IndexedListSerializer.serialize(IndexedListSerializer.java:18)
	at com.fasterxml.jackson.databind.ser.BeanPropertyWriter.serializeAsField(BeanPropertyWriter.java:732)
	at com.fasterxml.jackson.databind.ser.std.BeanSerializerBase.serializeFields(BeanSerializerBase.java:772)
	at com.fasterxml.jackson.databind.ser.BeanSerializer.serialize(BeanSerializer.java:178)
	at com.fasterxml.jackson.databind.ser.BeanPropertyWriter.serializeAsField(BeanPropertyWriter.java:732)
	at com.fasterxml.jackson.databind.ser.std.BeanSerializerBase.serializeFields(BeanSerializerBase.java:772)
	at com.fasterxml.jackson.databind.ser.BeanSerializer.serialize(BeanSerializer.java:178)
	at com.fasterxml.jackson.databind.ser.impl.IndexedListSerializer.serializeContents(IndexedListSerializer.java:119)
	at com.fasterxml.jackson.databind.ser.impl.IndexedListSerializer.serialize(IndexedListSerializer.java:79)
	at com.fasterxml.jackson.databind.ser.impl.IndexedListSerializer.serialize(IndexedListSerializer.java:18)
	at com.fasterxml.jackson.databind.ser.BeanPropertyWriter.serializeAsField(BeanPropertyWriter.java:732)
	at com.fasterxml.jackson.databind.ser.std.BeanSerializerBase.serializeFields(BeanSerializerBase.java:772)
	at com.fasterxml.jackson.databind.ser.BeanSerializer.serialize(BeanSerializer.java:178)
	at com.fasterxml.jackson.databind.ser.BeanPropertyWriter.serializeAsField(BeanPropertyWriter.java:732)
	at com.fasterxml.jackson.databind.ser.std.BeanSerializerBase.serializeFields(BeanSerializerBase.java:772)
	at com.fasterxml.jackson.databind.ser.BeanSerializer.serialize(BeanSerializer.java:178)
	at com.fasterxml.jackson.databind.ser.impl.IndexedListSerializer.serializeContents(IndexedListSerializer.java:119)
	at com.fasterxml.jackson.databind.ser.impl.IndexedListSerializer.serialize(IndexedListSerializer.java:79)
	at com.fasterxml.jackson.databind.ser.impl.IndexedListSerializer.serialize(IndexedListSerializer.java:18)
	at com.fasterxml.jackson.databind.ser.BeanPropertyWriter.serializeAsField(BeanPropertyWriter.java:732)
	at com.fasterxml.jackson.databind.ser.std.BeanSerializerBase.serializeFields(BeanSerializerBase.java:772)
	at com.fasterxml.jackson.databind.ser.BeanSerializer.serialize(BeanSerializer.java:178)
	at com.fasterxml.jackson.databind.ser.BeanPropertyWriter.serializeAsField(BeanPropertyWriter.java:732)
	at com.fasterxml.jackson.databind.ser.std.BeanSerializerBase.serializeFields(BeanSerializerBase.java:772)
	at com.fasterxml.jackson.databind.ser.BeanSerializer.serialize(BeanSerializer.java:178)
	at com.fasterxml.jackson.databind.ser.impl.IndexedListSerializer.serializeContents(IndexedListSerializer.java:119)
	at com.fasterxml.jackson.databind.ser.impl.IndexedListSerializer.serialize(IndexedListSerializer.java:79)
	at com.fasterxml.jackson.databind.ser.impl.IndexedListSerializer.serialize(IndexedListSerializer.java:18)
	at com.fasterxml.jackson.databind.ser.BeanPropertyWriter.serializeAsField(BeanPropertyWriter.java:732)
	at com.fasterxml.jackson.databind.ser.std.BeanSerializerBase.serializeFields(BeanSerializerBase.java:772)
	at com.fasterxml.jackson.databind.ser.BeanSerializer.serialize(BeanSerializer.java:178)
	at com.fasterxml.jackson.databind.ser.BeanPropertyWriter.serializeAsField(BeanPropertyWriter.java:732)
	at com.fasterxml.jackson.databind.ser.std.BeanSerializerBase.serializeFields(BeanSerializerBase.java:772)
	at com.fasterxml.jackson.databind.ser.BeanSerializer.serialize(BeanSerializer.java:178)
	at com.fasterxml.jackson.databind.ser.impl.IndexedListSerializer.serializeContents(IndexedListSerializer.java:119)
	at com.fasterxml.jackson.databind.ser.impl.IndexedListSerializer.serialize(IndexedListSerializer.java:79)
	at com.fasterxml.jackson.databind.ser.impl.IndexedListSerializer.serialize(IndexedListSerializer.java:18)
	at com.fasterxml.jackson.databind.ser.BeanPropertyWriter.serializeAsField(BeanPropertyWriter.java:732)
	at com.fasterxml.jackson.databind.ser.std.BeanSerializerBase.serializeFields(BeanSerializerBase.java:772)
	at com.fasterxml.jackson.databind.ser.BeanSerializer.serialize(BeanSerializer.java:178)
	at com.fasterxml.jackson.databind.ser.BeanPropertyWriter.serializeAsField(BeanPropertyWriter.java:732)
	at com.fasterxml.jackson.databind.ser.std.BeanSerializerBase.serializeFields(BeanSerializerBase.java:772)
	at com.fasterxml.jackson.databind.ser.BeanSerializer.serialize(BeanSerializer.java:178)
	at com.fasterxml.jackson.databind.ser.impl.IndexedListSerializer.serializeContents(IndexedListSerializer.java:119)
	at com.fasterxml.jackson.databind.ser.impl.IndexedListSerializer.serialize(IndexedListSerializer.java:79)
	at com.fasterxml.jackson.databind.ser.impl.IndexedListSerializer.serialize(IndexedListSerializer.java:18)
	at com.fasterxml.jackson.databind.ser.BeanPropertyWriter.serializeAsField(BeanPropertyWriter.java:732)
	at com.fasterxml.jackson.databind.ser.std.BeanSerializerBase.serializeFields(BeanSerializerBase.java:772)
	at com.fasterxml.jackson.databind.ser.BeanSerializer.serialize(BeanSerializer.java:178)
	at com.fasterxml.jackson.databind.ser.BeanPropertyWriter.serializeAsField(BeanPropertyWriter.java:732)
	at com.fasterxml.jackson.databind.ser.std.BeanSerializerBase.serializeFields(BeanSerializerBase.java:772)
	at com.fasterxml.jackson.databind.ser.BeanSerializer.serialize(BeanSerializer.java:178)
	at com.fasterxml.jackson.databind.ser.impl.IndexedListSerializer.serializeContents(IndexedListSerializer.java:119)
	at com.fasterxml.jackson.databind.ser.impl.IndexedListSerializer.serialize(IndexedListSerializer.java:79)
	at com.fasterxml.jackson.databind.ser.impl.IndexedListSerializer.serialize(IndexedListSerializer.java:18)
	at com.fasterxml.jackson.databind.ser.BeanPropertyWriter.serializeAsField(BeanPropertyWriter.java:732)
	at com.fasterxml.jackson.databind.ser.std.BeanSerializerBase.serializeFields(BeanSerializerBase.java:772)
	at com.fasterxml.jackson.databind.ser.BeanSerializer.serialize(BeanSerializer.java:178)
	at com.fasterxml.jackson.databind.ser.BeanPropertyWriter.serializeAsField(BeanPropertyWriter.java:732)
	at com.fasterxml.jackson.databind.ser.std.BeanSerializerBase.serializeFields(BeanSerializerBase.java:772)
	at com.fasterxml.jackson.databind.ser.BeanSerializer.serialize(BeanSerializer.java:178)
	at com.fasterxml.jackson.databind.ser.impl.IndexedListSerializer.serializeContents(IndexedListSerializer.java:119)
	at com.fasterxml.jackson.databind.ser.impl.IndexedListSerializer.serialize(IndexedListSerializer.java:79)
	at com.fasterxml.jackson.databind.ser.impl.IndexedListSerializer.serialize(IndexedListSerializer.java:18)
	at com.fasterxml.jackson.databind.ser.BeanPropertyWriter.serializeAsField(BeanPropertyWriter.java:732)
	at com.fasterxml.jackson.databind.ser.std.BeanSerializerBase.serializeFields(BeanSerializerBase.java:772)
	at com.fasterxml.jackson.databind.ser.BeanSerializer.serialize(BeanSerializer.java:178)
	at com.fasterxml.jackson.databind.ser.BeanPropertyWriter.serializeAsField(BeanPropertyWriter.java:732)
	at com.fasterxml.jackson.databind.ser.std.BeanSerializerBase.serializeFields(BeanSerializerBase.java:772)
	at com.fasterxml.jackson.databind.ser.BeanSerializer.serialize(BeanSerializer.java:178)
	at com.fasterxml.jackson.databind.ser.impl.IndexedListSerializer.serializeContents(IndexedListSerializer.java:119)
	at com.fasterxml.jackson.databind.ser.impl.IndexedListSerializer.serialize(IndexedListSerializer.java:79)
	at com.fasterxml.jackson.databind.ser.impl.IndexedListSerializer.serialize(IndexedListSerializer.java:18)
	at com.fasterxml.jackson.databind.ser.BeanPropertyWriter.serializeAsField(BeanPropertyWriter.java:732)
	at com.fasterxml.jackson.databind.ser.std.BeanSerializerBase.serializeFields(BeanSerializerBase.java:772)
	at com.fasterxml.jackson.databind.ser.BeanSerializer.serialize(BeanSerializer.java:178)
	at com.fasterxml.jackson.databind.ser.BeanPropertyWriter.serializeAsField(BeanPropertyWriter.java:732)
	at com.fasterxml.jackson.databind.ser.std.BeanSerializerBase.serializeFields(BeanSerializerBase.java:772)
	at com.fasterxml.jackson.databind.ser.BeanSerializer.serialize(BeanSerializer.java:178)
	at com.fasterxml.jackson.databind.ser.impl.IndexedListSerializer.serializeContents(IndexedListSerializer.java:119)
	at com.fasterxml.jackson.databind.ser.impl.IndexedListSerializer.serialize(IndexedListSerializer.java:79)
	at com.fasterxml.jackson.databind.ser.impl.IndexedListSerializer.serialize(IndexedListSerializer.java:18)
	at com.fasterxml.jackson.databind.ser.BeanPropertyWriter.serializeAsField(BeanPropertyWriter.java:732)
	at com.fasterxml.jackson.databind.ser.std.BeanSerializerBase.serializeFields(BeanSerializerBase.java:772)
	at com.fasterxml.jackson.databind.ser.BeanSerializer.serialize(BeanSerializer.java:178)
	at com.fasterxml.jackson.databind.ser.BeanPropertyWriter.serializeAsField(BeanPropertyWriter.java:732)
	at com.fasterxml.jackson.databind.ser.std.BeanSerializerBase.serializeFields(BeanSerializerBase.java:772)
	at com.fasterxml.jackson.databind.ser.BeanSerializer.serialize(BeanSerializer.java:178)
	at com.fasterxml.jackson.databind.ser.impl.IndexedListSerializer.serializeContents(IndexedListSerializer.java:119)
	at com.fasterxml.jackson.databind.ser.impl.IndexedListSerializer.serialize(IndexedListSerializer.java:79)
	at com.fasterxml.jackson.databind.ser.impl.IndexedListSerializer.serialize(IndexedListSerializer.java:18)
	at com.fasterxml.jackson.databind.ser.BeanPropertyWriter.serializeAsField(BeanPropertyWriter.java:732)
	at com.fasterxml.jackson.databind.ser.std.BeanSerializerBase.serializeFields(BeanSerializerBase.java:772)
	at com.fasterxml.jackson.databind.ser.BeanSerializer.serialize(BeanSerializer.java:178)
	at com.fasterxml.jackson.databind.ser.BeanPropertyWriter.serializeAsField(BeanPropertyWriter.java:732)
	at com.fasterxml.jackson.databind.ser.std.BeanSerializerBase.serializeFields(BeanSerializerBase.java:772)
	at com.fasterxml.jackson.databind.ser.BeanSerializer.serialize(BeanSerializer.java:178)
	at com.fasterxml.jackson.databind.ser.impl.IndexedListSerializer.serializeContents(IndexedListSerializer.java:119)
	at com.fasterxml.jackson.databind.ser.impl.IndexedListSerializer.serialize(IndexedListSerializer.java:79)
	at com.fasterxml.jackson.databind.ser.impl.IndexedListSerializer.serialize(IndexedListSerializer.java:18)
	at com.fasterxml.jackson.databind.ser.BeanPropertyWriter.serializeAsField(BeanPropertyWriter.java:732)
	at com.fasterxml.jackson.databind.ser.std.BeanSerializerBase.serializeFields(BeanSerializerBase.java:772)
	at com.fasterxml.jackson.databind.ser.BeanSerializer.serialize(BeanSerializer.java:178)
	at com.fasterxml.jackson.databind.ser.BeanPropertyWriter.serializeAsField(BeanPropertyWriter.java:732)
	at com.fasterxml.jackson.databind.ser.std.BeanSerializerBase.serializeFields(BeanSerializerBase.java:772)
	at com.fasterxml.jackson.databind.ser.BeanSerializer.serialize(BeanSerializer.java:178)
	at com.fasterxml.jackson.databind.ser.impl.IndexedListSerializer.serializeContents(IndexedListSerializer.java:119)
	at com.fasterxml.jackson.databind.ser.impl.IndexedListSerializer.serialize(IndexedListSerializer.java:79)
	at com.fasterxml.jackson.databind.ser.impl.IndexedListSerializer.serialize(IndexedListSerializer.java:18)
	at com.fasterxml.jackson.databind.ser.BeanPropertyWriter.serializeAsField(BeanPropertyWriter.java:732)
	at com.fasterxml.jackson.databind.ser.std.BeanSerializerBase.serializeFields(BeanSerializerBase.java:772)
	at com.fasterxml.jackson.databind.ser.BeanSerializer.serialize(BeanSerializer.java:178)
	at com.fasterxml.jackson.databind.ser.BeanPropertyWriter.serializeAsField(BeanPropertyWriter.java:732)
	at com.fasterxml.jackson.databind.ser.std.BeanSerializerBase.serializeFields(BeanSerializerBase.java:772)
	at com.fasterxml.jackson.databind.ser.BeanSerializer.serialize(BeanSerializer.java:178)
	at com.fasterxml.jackson.databind.ser.impl.IndexedListSerializer.serializeContents(IndexedListSerializer.java:119)
	at com.fasterxml.jackson.databind.ser.impl.IndexedListSerializer.serialize(IndexedListSerializer.java:79)
	at com.fasterxml.jackson.databind.ser.impl.IndexedListSerializer.serialize(IndexedListSerializer.java:18)
	at com.fasterxml.jackson.databind.ser.BeanPropertyWriter.serializeAsField(BeanPropertyWriter.java:732)
	at com.fasterxml.jackson.databind.ser.std.BeanSerializerBase.serializeFields(BeanSerializerBase.java:772)
	at com.fasterxml.jackson.databind.ser.BeanSerializer.serialize(BeanSerializer.java:178)
	at com.fasterxml.jackson.databind.ser.BeanPropertyWriter.serializeAsField(BeanPropertyWriter.java:732)
	at com.fasterxml.jackson.databind.ser.std.BeanSerializerBase.serializeFields(BeanSerializerBase.java:772)
	at com.fasterxml.jackson.databind.ser.BeanSerializer.serialize(BeanSerializer.java:178)
	at com.fasterxml.jackson.databind.ser.impl.IndexedListSerializer.serializeContents(IndexedListSerializer.java:119)
	at com.fasterxml.jackson.databind.ser.impl.IndexedListSerializer.serialize(IndexedListSerializer.java:79)
	at com.fasterxml.jackson.databind.ser.impl.IndexedListSerializer.serialize(IndexedListSerializer.java:18)
	at com.fasterxml.jackson.databind.ser.BeanPropertyWriter.serializeAsField(BeanPropertyWriter.java:732)
	at com.fasterxml.jackson.databind.ser.std.BeanSerializerBase.serializeFields(BeanSerializerBase.java:772)
	at com.fasterxml.jackson.databind.ser.BeanSerializer.serialize(BeanSerializer.java:178)
	at com.fasterxml.jackson.databind.ser.BeanPropertyWriter.serializeAsField(BeanPropertyWriter.java:732)
	at com.fasterxml.jackson.databind.ser.std.BeanSerializerBase.serializeFields(BeanSerializerBase.java:772)
	at com.fasterxml.jackson.databind.ser.BeanSerializer.serialize(BeanSerializer.java:178)
	at com.fasterxml.jackson.databind.ser.impl.IndexedListSerializer.serializeContents(IndexedListSerializer.java:119)
	at com.fasterxml.jackson.databind.ser.impl.IndexedListSerializer.serialize(IndexedListSerializer.java:79)
	at com.fasterxml.jackson.databind.ser.impl.IndexedListSerializer.serialize(IndexedListSerializer.java:18)
	at com.fasterxml.jackson.databind.ser.BeanPropertyWriter.serializeAsField(BeanPropertyWriter.java:732)
	at com.fasterxml.jackson.databind.ser.std.BeanSerializerBase.serializeFields(BeanSerializerBase.java:772)
	at com.fasterxml.jackson.databind.ser.BeanSerializer.serialize(BeanSerializer.java:178)
	at com.fasterxml.jackson.databind.ser.BeanPropertyWriter.serializeAsField(BeanPropertyWriter.java:732)
	at com.fasterxml.jackson.databind.ser.std.BeanSerializerBase.serializeFields(BeanSerializerBase.java:772)
	at com.fasterxml.jackson.databind.ser.BeanSerializer.serialize(BeanSerializer.java:178)
	at com.fasterxml.jackson.databind.ser.impl.IndexedListSerializer.serializeContents(IndexedListSerializer.java:119)
	at com.fasterxml.jackson.databind.ser.impl.IndexedListSerializer.serialize(IndexedListSerializer.java:79)
	at com.fasterxml.jackson.databind.ser.impl.IndexedListSerializer.serialize(IndexedListSerializer.java:18)
	at com.fasterxml.jackson.databind.ser.BeanPropertyWriter.serializeAsField(BeanPropertyWriter.java:732)
	at com.fasterxml.jackson.databind.ser.std.BeanSerializerBase.serializeFields(BeanSerializerBase.java:772)
	at com.fasterxml.jackson.databind.ser.BeanSerializer.serialize(BeanSerializer.java:178)
	at com.fasterxml.jackson.databind.ser.BeanPropertyWriter.serializeAsField(BeanPropertyWriter.java:732)
	at com.fasterxml.jackson.databind.ser.std.BeanSerializerBase.serializeFields(BeanSerializerBase.java:772)
	at com.fasterxml.jackson.databind.ser.BeanSerializer.serialize(BeanSerializer.java:178)
	at com.fasterxml.jackson.databind.ser.impl.IndexedListSerializer.serializeContents(IndexedListSerializer.java:119)
	at com.fasterxml.jackson.databind.ser.impl.IndexedListSerializer.serialize(IndexedListSerializer.java:79)
	at com.fasterxml.jackson.databind.ser.impl.IndexedListSerializer.serialize(IndexedListSerializer.java:18)
	at com.fasterxml.jackson.databind.ser.BeanPropertyWriter.serializeAsField(BeanPropertyWriter.java:732)
	at com.fasterxml.jackson.databind.ser.std.BeanSerializerBase.serializeFields(BeanSerializerBase.java:772)
	at com.fasterxml.jackson.databind.ser.BeanSerializer.serialize(BeanSerializer.java:178)
	at com.fasterxml.jackson.databind.ser.BeanPropertyWriter.serializeAsField(BeanPropertyWriter.java:732)
	at com.fasterxml.jackson.databind.ser.std.BeanSerializerBase.serializeFields(BeanSerializerBase.java:772)
	at com.fasterxml.jackson.databind.ser.BeanSerializer.serialize(BeanSerializer.java:178)
	at com.fasterxml.jackson.databind.ser.impl.IndexedListSerializer.serializeContents(IndexedListSerializer.java:119)
	at com.fasterxml.jackson.databind.ser.impl.IndexedListSerializer.serialize(IndexedListSerializer.java:79)
	at com.fasterxml.jackson.databind.ser.impl.IndexedListSerializer.serialize(IndexedListSerializer.java:18)
	at com.fasterxml.jackson.databind.ser.BeanPropertyWriter.serializeAsField(BeanPropertyWriter.java:732)
	at com.fasterxml.jackson.databind.ser.std.BeanSerializerBase.serializeFields(BeanSerializerBase.java:772)
	at com.fasterxml.jackson.databind.ser.BeanSerializer.serialize(BeanSerializer.java:178)
	at com.fasterxml.jackson.databind.ser.BeanPropertyWriter.serializeAsField(BeanPropertyWriter.java:732)
	at com.fasterxml.jackson.databind.ser.std.BeanSerializerBase.serializeFields(BeanSerializerBase.java:772)
	at com.fasterxml.jackson.databind.ser.BeanSerializer.serialize(BeanSerializer.java:178)
	at com.fasterxml.jackson.databind.ser.impl.IndexedListSerializer.serializeContents(IndexedListSerializer.java:119)
	at com.fasterxml.jackson.databind.ser.impl.IndexedListSerializer.serialize(IndexedListSerializer.java:79)
	at com.fasterxml.jackson.databind.ser.impl.IndexedListSerializer.serialize(IndexedListSerializer.java:18)
	at com.fasterxml.jackson.databind.ser.BeanPropertyWriter.serializeAsField(BeanPropertyWriter.java:732)
]]></error>
  </testcase>
  <testcase name="getOrderById_WhenOrderDoesNotExist_ShouldReturn404" classname="com.example.ordermanagement.controller.OrderControllerTest" time="0.016">
    <error message="Request processing failed: java.lang.RuntimeException: Order not found" type="jakarta.servlet.ServletException"><![CDATA[jakarta.servlet.ServletException: Request processing failed: java.lang.RuntimeException: Order not found
	at org.springframework.web.servlet.FrameworkServlet.processRequest(FrameworkServlet.java:1022)
	at org.springframework.web.servlet.FrameworkServlet.doGet(FrameworkServlet.java:903)
	at jakarta.servlet.http.HttpServlet.service(HttpServlet.java:564)
	at org.springframework.web.servlet.FrameworkServlet.service(FrameworkServlet.java:885)
	at org.springframework.test.web.servlet.TestDispatcherServlet.service(TestDispatcherServlet.java:72)
	at jakarta.servlet.http.HttpServlet.service(HttpServlet.java:658)
	at org.springframework.mock.web.MockFilterChain$ServletFilterProxy.doFilter(MockFilterChain.java:165)
	at org.springframework.mock.web.MockFilterChain.doFilter(MockFilterChain.java:132)
	at org.springframework.web.filter.RequestContextFilter.doFilterInternal(RequestContextFilter.java:100)
	at org.springframework.web.filter.OncePerRequestFilter.doFilter(OncePerRequestFilter.java:116)
	at org.springframework.test.web.servlet.setup.MockMvcFilterDecorator.doFilter(MockMvcFilterDecorator.java:151)
	at org.springframework.mock.web.MockFilterChain.doFilter(MockFilterChain.java:132)
	at org.springframework.web.filter.FormContentFilter.doFilterInternal(FormContentFilter.java:93)
	at org.springframework.web.filter.OncePerRequestFilter.doFilter(OncePerRequestFilter.java:116)
	at org.springframework.test.web.servlet.setup.MockMvcFilterDecorator.doFilter(MockMvcFilterDecorator.java:151)
	at org.springframework.mock.web.MockFilterChain.doFilter(MockFilterChain.java:132)
	at org.springframework.web.filter.CharacterEncodingFilter.doFilterInternal(CharacterEncodingFilter.java:201)
	at org.springframework.web.filter.OncePerRequestFilter.doFilter(OncePerRequestFilter.java:116)
	at org.springframework.test.web.servlet.setup.MockMvcFilterDecorator.doFilter(MockMvcFilterDecorator.java:151)
	at org.springframework.mock.web.MockFilterChain.doFilter(MockFilterChain.java:132)
	at org.springframework.test.web.servlet.MockMvc.perform(MockMvc.java:201)
	at com.example.ordermanagement.controller.OrderControllerTest.getOrderById_WhenOrderDoesNotExist_ShouldReturn404(OrderControllerTest.java:83)
	at java.base/java.lang.reflect.Method.invoke(Method.java:569)
	at java.base/java.util.ArrayList.forEach(ArrayList.java:1511)
	at java.base/java.util.ArrayList.forEach(ArrayList.java:1511)
Caused by: java.lang.RuntimeException: Order not found
	at com.example.ordermanagement.service.OrderService.getOrderById(OrderService.java:26)
	at com.example.ordermanagement.controller.OrderController.getOrderById(OrderController.java:26)
	at java.base/jdk.internal.reflect.NativeMethodAccessorImpl.invoke0(Native Method)
	at java.base/jdk.internal.reflect.NativeMethodAccessorImpl.invoke(NativeMethodAccessorImpl.java:77)
	at java.base/jdk.internal.reflect.DelegatingMethodAccessorImpl.invoke(DelegatingMethodAccessorImpl.java:43)
	at java.base/java.lang.reflect.Method.invoke(Method.java:569)
	at org.springframework.web.method.support.InvocableHandlerMethod.doInvoke(InvocableHandlerMethod.java:259)
	at org.springframework.web.method.support.InvocableHandlerMethod.invokeForRequest(InvocableHandlerMethod.java:192)
	at org.springframework.web.servlet.mvc.method.annotation.ServletInvocableHandlerMethod.invokeAndHandle(ServletInvocableHandlerMethod.java:118)
	at org.springframework.web.servlet.mvc.method.annotation.RequestMappingHandlerAdapter.invokeHandlerMethod(RequestMappingHandlerAdapter.java:920)
	at org.springframework.web.servlet.mvc.method.annotation.RequestMappingHandlerAdapter.handleInternal(RequestMappingHandlerAdapter.java:830)
	at org.springframework.web.servlet.mvc.method.AbstractHandlerMethodAdapter.handle(AbstractHandlerMethodAdapter.java:87)
	at org.springframework.web.servlet.DispatcherServlet.doDispatch(DispatcherServlet.java:1089)
	at org.springframework.web.servlet.DispatcherServlet.doService(DispatcherServlet.java:979)
	at org.springframework.web.servlet.FrameworkServlet.processRequest(FrameworkServlet.java:1014)
	... 24 more
]]></error>
  </testcase>
</testsuite>